2025-12-17 09:20:00,461 [INFO] Activator:176 - 


2025-12-17 09:20:00,465 [INFO] Activator:177 - !SESSION log4j initialized
2025-12-17 09:20:07,593 [INFO] LogOutputStream:77 - [STDOUT_REDIRECT] 
2025-12-17 09:20:10,075 [INFO] ApplicationProperties:184 - Using Application install path: C:\ST\STM32CubeIDE_1.16.1\STM32CubeIDE\plugins\com.st.stm32cube.common.mx_6.15.0.202507011659
2025-12-17 09:20:10,101 [INFO] DbMcusXml:78 - Set database path to: C:\ST\STM32CubeIDE_1.16.1\STM32CubeIDE\plugins\com.st.stm32cube.common.mx_6.15.0.202507011659\\db\/mcu/
2025-12-17 09:20:10,101 [INFO] ApiDb:274 - Set plugin database path to: C:\ST\STM32CubeIDE_1.16.1\STM32CubeIDE\plugins\com.st.stm32cube.common.mx_6.15.0.202507011659\\db\/plugins/boardmanager/
2025-12-17 09:20:10,102 [WARN] ApiDb:259 - Overriding images path with different value:  => C:\ST\STM32CubeIDE_1.16.1\STM32CubeIDE\plugins\com.st.stm32cube.common.mx_6.15.0.202507011659\\db\/plugins/mcufinder/images/
2025-12-17 09:20:10,113 [INFO] ApiDb:250 - Set database path to: C:\Users\user\.stmcufinder\plugins\mcufinder//mcu/
2025-12-17 09:20:10,115 [INFO] DbMcusAds:125 - Set database path to: C:\Users\user\.stmcufinder\plugins\mcufinder//mcu/
2025-12-17 09:20:10,118 [INFO] CrossReferenceDbSqlite:203 - Set database path to: C:\Users\user\.stmcufinder\plugins\mcufinder//mcu/cs/
2025-12-17 09:20:10,304 [INFO] RulesReader:64 - Compatibility file has been processed (317 Rules)
2025-12-17 09:20:10,403 [INFO] DbMcusXml:78 - Set database path to: C:\ST\STM32CubeIDE_1.16.1\STM32CubeIDE\plugins\com.st.stm32cube.common.mx_6.15.0.202507011659\\db\/mcu/
2025-12-17 09:20:10,403 [INFO] ApiDb:274 - Set plugin database path to: C:\ST\STM32CubeIDE_1.16.1\STM32CubeIDE\plugins\com.st.stm32cube.common.mx_6.15.0.202507011659\\db\/plugins/boardmanager/
2025-12-17 09:20:10,403 [INFO] ApiDb:261 - Set plugin images path to: C:\ST\STM32CubeIDE_1.16.1\STM32CubeIDE\plugins\com.st.stm32cube.common.mx_6.15.0.202507011659\\db\/plugins/mcufinder/images/
2025-12-17 09:20:10,403 [WARN] DbFile:41 - Overriding database path with different value: C:\Users\user\.stmcufinder\plugins\mcufinder/ => C:\Users\user\.stmcufinder\plugins\mcufinder
2025-12-17 09:20:10,403 [INFO] ApiDb:250 - Set database path to: C:\Users\user\.stmcufinder\plugins\mcufinder//mcu/
2025-12-17 09:20:10,403 [WARN] DbFile:41 - Overriding database path with different value: C:\Users\user\.stmcufinder\plugins\mcufinder/ => C:\Users\user\.stmcufinder\plugins\mcufinder
2025-12-17 09:20:10,403 [INFO] DbMcusAds:125 - Set database path to: C:\Users\user\.stmcufinder\plugins\mcufinder//mcu/
2025-12-17 09:20:10,404 [WARN] DbFile:41 - Overriding database path with different value: C:\Users\user\.stmcufinder\plugins\mcufinder/ => C:\Users\user\.stmcufinder\plugins\mcufinder
2025-12-17 09:20:10,404 [WARN] DbFile:41 - Overriding database path with different value: C:\Users\user\.stmcufinder\plugins\mcufinder/ => C:\Users\user\.stmcufinder\plugins\mcufinder
2025-12-17 09:20:10,404 [INFO] CrossReferenceDbSqlite:203 - Set database path to: C:\Users\user\.stmcufinder\plugins\mcufinder//mcu/cs/
2025-12-17 09:20:10,485 [INFO] MainPanel:274 - HeapMemory: 268435456
2025-12-17 09:20:10,599 [INFO] DbMcusXml:78 - Set database path to: C:\ST\STM32CubeIDE_1.16.1\STM32CubeIDE\plugins\com.st.stm32cube.common.mx_6.15.0.202507011659\\db\/mcu/
2025-12-17 09:20:10,599 [INFO] ApiDb:274 - Set plugin database path to: C:\ST\STM32CubeIDE_1.16.1\STM32CubeIDE\plugins\com.st.stm32cube.common.mx_6.15.0.202507011659\\db\/plugins/boardmanager/
2025-12-17 09:20:10,600 [INFO] ApiDb:261 - Set plugin images path to: C:\ST\STM32CubeIDE_1.16.1\STM32CubeIDE\plugins\com.st.stm32cube.common.mx_6.15.0.202507011659\\db\/plugins/mcufinder/images/
2025-12-17 09:20:10,600 [WARN] DbFile:41 - Overriding database path with different value: C:\Users\user\.stmcufinder\plugins\mcufinder/ => C:\Users\user\.stmcufinder\plugins\mcufinder
2025-12-17 09:20:10,600 [INFO] ApiDb:250 - Set database path to: C:\Users\user\.stmcufinder\plugins\mcufinder//mcu/
2025-12-17 09:20:10,600 [WARN] DbFile:41 - Overriding database path with different value: C:\Users\user\.stmcufinder\plugins\mcufinder/ => C:\Users\user\.stmcufinder\plugins\mcufinder
2025-12-17 09:20:10,600 [INFO] DbMcusAds:125 - Set database path to: C:\Users\user\.stmcufinder\plugins\mcufinder//mcu/
2025-12-17 09:20:10,600 [WARN] DbFile:41 - Overriding database path with different value: C:\Users\user\.stmcufinder\plugins\mcufinder/ => C:\Users\user\.stmcufinder\plugins\mcufinder
2025-12-17 09:20:10,600 [WARN] DbFile:41 - Overriding database path with different value: C:\Users\user\.stmcufinder\plugins\mcufinder/ => C:\Users\user\.stmcufinder\plugins\mcufinder
2025-12-17 09:20:10,601 [INFO] CrossReferenceDbSqlite:203 - Set database path to: C:\Users\user\.stmcufinder\plugins\mcufinder//mcu/cs/
2025-12-17 09:20:10,618 [INFO] ApplicationProperties:184 - Using Application install path: C:\ST\STM32CubeIDE_1.16.1\STM32CubeIDE\plugins\com.st.stm32cube.common.mx_6.15.0.202507011659
2025-12-17 09:20:10,620 [INFO] PluginManage:196 - Search for loadable plugins [exclusion list=, ]
2025-12-17 09:20:10,622 [INFO] PluginManage:310 - Check plugin analytics
2025-12-17 09:20:10,837 [INFO] AnalyticsPlugin:253 - Accepted Software Licenses: STM32CubeMX.6.15.0
2025-12-17 09:20:10,837 [INFO] AnalyticsPlugin:255 - Accepted CMSIS Pack Licenses: 
2025-12-17 09:20:10,837 [INFO] AnalyticsPlugin:257 - Accepted Firmware Licenses: FW.L4.1.18.0
2025-12-17 09:20:10,840 [INFO] PluginManage:359 - Loaded plugin analytics (category:tool,tabindex:-1)
2025-12-17 09:20:10,840 [INFO] PluginManage:310 - Check plugin cadmodel
2025-12-17 09:20:10,847 [INFO] CADModel:105 - Init CAD model plugin
2025-12-17 09:20:10,848 [INFO] PluginManage:359 - Loaded plugin cadmodel (category:power,tabindex:5)
2025-12-17 09:20:10,848 [INFO] PluginManage:310 - Check plugin clock
2025-12-17 09:20:10,859 [INFO] PluginManage:359 - Loaded plugin clock (category:base,tabindex:2)
2025-12-17 09:20:10,859 [INFO] PluginManage:310 - Check plugin ddr
2025-12-17 09:20:10,862 [INFO] PluginManage:359 - Loaded plugin ddr (category:tool,tabindex:6)
2025-12-17 09:20:10,862 [INFO] PluginManage:310 - Check plugin filemanager
2025-12-17 09:20:11,019 [INFO] PluginManage:359 - Loaded plugin filemanager (category:base,tabindex:10)
2025-12-17 09:20:11,019 [INFO] PluginManage:310 - Check plugin ipmanager
2025-12-17 09:20:11,025 [INFO] PluginManage:359 - Loaded plugin ipmanager (category:base,tabindex:5)
2025-12-17 09:20:11,025 [INFO] PluginManage:310 - Check plugin lpbam
2025-12-17 09:20:11,033 [INFO] PluginManage:359 - Loaded plugin lpbam (category:base,tabindex:0)
2025-12-17 09:20:11,033 [INFO] PluginManage:310 - Check plugin memorymap
2025-12-17 09:20:11,047 [INFO] PluginManage:359 - Loaded plugin memorymap (category:base,tabindex:4)
2025-12-17 09:20:11,047 [INFO] PluginManage:310 - Check plugin pinoutandconfiguration
2025-12-17 09:20:11,057 [INFO] PluginManage:359 - Loaded plugin pinoutandconfiguration (category:base,tabindex:1)
2025-12-17 09:20:11,057 [INFO] PluginManage:310 - Check plugin pinoutconfig
2025-12-17 09:20:11,161 [WARN] SupportedApi:132 - Cannot load RTOS API schema: s4s-elt-must-match.1: The content of 'definitions' must match (annotation?, (simpleType | complexType)?, (unique | key | keyref)*)). A problem was found starting at: attribute.
2025-12-17 09:20:11,300 [INFO] PluginManage:359 - Loaded plugin pinoutconfig (category:base,tabindex:0)
2025-12-17 09:20:11,300 [INFO] PluginManage:310 - Check plugin power
2025-12-17 09:20:11,312 [INFO] PluginManage:359 - Loaded plugin power (category:power,tabindex:4)
2025-12-17 09:20:11,312 [INFO] PluginManage:310 - Check plugin projectmanager
2025-12-17 09:20:11,332 [INFO] PluginManage:359 - Loaded plugin projectmanager (category:projectmanager,tabindex:4)
2025-12-17 09:20:11,332 [INFO] PluginManage:310 - Check plugin rif
2025-12-17 09:20:11,345 [INFO] PluginManage:359 - Loaded plugin rif (category:base,tabindex:3)
2025-12-17 09:20:11,346 [INFO] PluginManage:310 - Check plugin thirdparty
2025-12-17 09:20:11,513 [WARN] IntegrityCheckThread:84 - waiting for thirdparty lock release [integrity check]
2025-12-17 09:20:11,513 [INFO] IntegrityCheckThread:86 - entering critical section [integrity check]
2025-12-17 09:20:11,513 [INFO] PluginManage:359 - Loaded plugin thirdparty (category:base,tabindex:-1)
2025-12-17 09:20:11,513 [INFO] PluginManage:310 - Check plugin tools
2025-12-17 09:20:11,514 [INFO] ThirdPartyUpdaterWithRetryManager:70 - Updater plugin not ready yet. [1/15]
2025-12-17 09:20:11,516 [INFO] PluginManage:359 - Loaded plugin tools (category:base,tabindex:7)
2025-12-17 09:20:11,517 [INFO] PluginManage:310 - Check plugin tutovideos
2025-12-17 09:20:11,775 [INFO] PluginManage:359 - Loaded plugin tutovideos (category:base,tabindex:-1)
2025-12-17 09:20:11,775 [INFO] PluginManage:310 - Check plugin updater
2025-12-17 09:20:11,805 [INFO] PluginManage:359 - Loaded plugin updater (category:base,tabindex:12)
2025-12-17 09:20:11,805 [INFO] PluginManage:310 - Check plugin userauth
2025-12-17 09:20:11,811 [INFO] UserAuth:118 - Init User Auth plugin
2025-12-17 09:20:11,812 [INFO] PluginManage:359 - Loaded plugin userauth (category:base,tabindex:14)
2025-12-17 09:20:11,813 [INFO] PluginManage:283 - PluginManage : Loaded plugins [18]
2025-12-17 09:20:12,024 [INFO] PinOutPanel:1589 - setPackage(No Configuration,No Configuration)
2025-12-17 09:20:12,108 [INFO] CADModel:165 - CPN selected for project level
2025-12-17 09:20:12,108 [INFO] CADModel:114 - Register for checkConnection events
2025-12-17 09:20:12,126 [INFO] IPUIPlugin:80 - create IPUIPlugin
2025-12-17 09:20:12,126 [INFO] PluginManager:220 - loadIPPluginJar : add adc
2025-12-17 09:20:12,129 [INFO] IPUIPlugin:80 - create IPUIPlugin
2025-12-17 09:20:12,129 [INFO] PluginManager:220 - loadIPPluginJar : add aes
2025-12-17 09:20:12,133 [INFO] IPUIPlugin:80 - create IPUIPlugin
2025-12-17 09:20:12,133 [INFO] PluginManager:220 - loadIPPluginJar : add can
2025-12-17 09:20:12,136 [INFO] IPUIPlugin:80 - create IPUIPlugin
2025-12-17 09:20:12,136 [INFO] PluginManager:220 - loadIPPluginJar : add comp
2025-12-17 09:20:12,138 [INFO] IPUIPlugin:80 - create IPUIPlugin
2025-12-17 09:20:12,139 [INFO] PluginManager:220 - loadIPPluginJar : add cryp
2025-12-17 09:20:12,142 [INFO] IPUIPlugin:80 - create IPUIPlugin
2025-12-17 09:20:12,142 [INFO] PluginManager:220 - loadIPPluginJar : add ddr_ctrl_phy
2025-12-17 09:20:12,145 [INFO] IPUIPlugin:80 - create IPUIPlugin
2025-12-17 09:20:12,145 [INFO] PluginManager:220 - loadIPPluginJar : add dfsdm
2025-12-17 09:20:12,150 [INFO] IPUIPlugin:80 - create IPUIPlugin
2025-12-17 09:20:12,150 [INFO] PluginManager:220 - loadIPPluginJar : add dma
2025-12-17 09:20:12,153 [INFO] IPUIPlugin:80 - create IPUIPlugin
2025-12-17 09:20:12,153 [INFO] PluginManager:220 - loadIPPluginJar : add dma3
2025-12-17 09:20:12,156 [INFO] IPUIPlugin:80 - create IPUIPlugin
2025-12-17 09:20:12,156 [INFO] PluginManager:220 - loadIPPluginJar : add extmemmanager
2025-12-17 09:20:12,158 [INFO] IPUIPlugin:80 - create IPUIPlugin
2025-12-17 09:20:12,158 [INFO] PluginManager:220 - loadIPPluginJar : add fatfs
2025-12-17 09:20:12,162 [INFO] IPUIPlugin:80 - create IPUIPlugin
2025-12-17 09:20:12,162 [INFO] PluginManager:220 - loadIPPluginJar : add fmc
2025-12-17 09:20:12,168 [INFO] IPUIPlugin:80 - create IPUIPlugin
2025-12-17 09:20:12,168 [INFO] PluginManager:220 - loadIPPluginJar : add freertos
2025-12-17 09:20:12,170 [INFO] IPUIPlugin:80 - create IPUIPlugin
2025-12-17 09:20:12,170 [INFO] PluginManager:220 - loadIPPluginJar : add genericplugin
2025-12-17 09:20:12,172 [INFO] IPUIPlugin:80 - create IPUIPlugin
2025-12-17 09:20:12,173 [INFO] PluginManager:220 - loadIPPluginJar : add gfxmmu
2025-12-17 09:20:12,177 [INFO] IPUIPlugin:80 - create IPUIPlugin
2025-12-17 09:20:12,177 [INFO] PluginManager:220 - loadIPPluginJar : add gic
2025-12-17 09:20:12,181 [INFO] IPUIPlugin:80 - create IPUIPlugin
2025-12-17 09:20:12,181 [INFO] PluginManager:220 - loadIPPluginJar : add gpio
2025-12-17 09:20:12,184 [INFO] IPUIPlugin:80 - create IPUIPlugin
2025-12-17 09:20:12,184 [INFO] PluginManager:220 - loadIPPluginJar : add gtzc
2025-12-17 09:20:12,186 [INFO] IPUIPlugin:80 - create IPUIPlugin
2025-12-17 09:20:12,187 [INFO] PluginManager:220 - loadIPPluginJar : add hash
2025-12-17 09:20:12,189 [INFO] IPUIPlugin:80 - create IPUIPlugin
2025-12-17 09:20:12,189 [INFO] PluginManager:220 - loadIPPluginJar : add i2c
2025-12-17 09:20:12,192 [INFO] IPUIPlugin:80 - create IPUIPlugin
2025-12-17 09:20:12,192 [INFO] PluginManager:220 - loadIPPluginJar : add i2s
2025-12-17 09:20:12,196 [INFO] IPUIPlugin:80 - create IPUIPlugin
2025-12-17 09:20:12,196 [INFO] PluginManager:220 - loadIPPluginJar : add i3c
2025-12-17 09:20:12,200 [INFO] IPUIPlugin:80 - create IPUIPlugin
2025-12-17 09:20:12,200 [INFO] PluginManager:220 - loadIPPluginJar : add ipddr
2025-12-17 09:20:12,205 [INFO] IPUIPlugin:80 - create IPUIPlugin
2025-12-17 09:20:12,206 [INFO] PluginManager:220 - loadIPPluginJar : add linkedlist
2025-12-17 09:20:12,209 [INFO] IPUIPlugin:80 - create IPUIPlugin
2025-12-17 09:20:12,209 [INFO] PluginManager:220 - loadIPPluginJar : add lorawan
2025-12-17 09:20:12,211 [INFO] IPUIPlugin:80 - create IPUIPlugin
2025-12-17 09:20:12,211 [INFO] PluginManager:220 - loadIPPluginJar : add ltdc
2025-12-17 09:20:12,217 [INFO] IPUIPlugin:80 - create IPUIPlugin
2025-12-17 09:20:12,218 [INFO] PluginManager:220 - loadIPPluginJar : add mdma
2025-12-17 09:20:12,221 [INFO] IPUIPlugin:80 - create IPUIPlugin
2025-12-17 09:20:12,221 [INFO] PluginManager:220 - loadIPPluginJar : add nvic
2025-12-17 09:20:12,225 [INFO] IPUIPlugin:80 - create IPUIPlugin
2025-12-17 09:20:12,225 [INFO] PluginManager:220 - loadIPPluginJar : add opamp
2025-12-17 09:20:12,229 [INFO] IPUIPlugin:80 - create IPUIPlugin
2025-12-17 09:20:12,229 [INFO] PluginManager:220 - loadIPPluginJar : add openamp
2025-12-17 09:20:12,233 [INFO] IPUIPlugin:80 - create IPUIPlugin
2025-12-17 09:20:12,233 [INFO] PluginManager:220 - loadIPPluginJar : add pdm2pcm
2025-12-17 09:20:12,240 [INFO] IPUIPlugin:80 - create IPUIPlugin
2025-12-17 09:20:12,243 [INFO] PluginManager:220 - loadIPPluginJar : add plateformsettings
2025-12-17 09:20:12,245 [INFO] IPUIPlugin:80 - create IPUIPlugin
2025-12-17 09:20:12,246 [INFO] PluginManager:220 - loadIPPluginJar : add quadspi
2025-12-17 09:20:12,248 [INFO] IPUIPlugin:80 - create IPUIPlugin
2025-12-17 09:20:12,249 [INFO] PluginManager:220 - loadIPPluginJar : add radio
2025-12-17 09:20:12,254 [INFO] IPUIPlugin:80 - create IPUIPlugin
2025-12-17 09:20:12,254 [INFO] PluginManager:220 - loadIPPluginJar : add resmgrutility
2025-12-17 09:20:12,261 [INFO] IPUIPlugin:80 - create IPUIPlugin
2025-12-17 09:20:12,261 [INFO] PluginManager:220 - loadIPPluginJar : add sai
2025-12-17 09:20:12,265 [INFO] IPUIPlugin:80 - create IPUIPlugin
2025-12-17 09:20:12,265 [INFO] PluginManager:220 - loadIPPluginJar : add spi
2025-12-17 09:20:12,272 [INFO] IPUIPlugin:80 - create IPUIPlugin
2025-12-17 09:20:12,272 [INFO] PluginManager:220 - loadIPPluginJar : add stm32_wpan
2025-12-17 09:20:12,274 [INFO] IPUIPlugin:80 - create IPUIPlugin
2025-12-17 09:20:12,275 [INFO] PluginManager:220 - loadIPPluginJar : add tim
2025-12-17 09:20:12,280 [INFO] IPUIPlugin:80 - create IPUIPlugin
2025-12-17 09:20:12,280 [INFO] PluginManager:220 - loadIPPluginJar : add touchsensing
2025-12-17 09:20:12,284 [INFO] IPUIPlugin:80 - create IPUIPlugin
2025-12-17 09:20:12,284 [INFO] PluginManager:220 - loadIPPluginJar : add tracer_emb
2025-12-17 09:20:12,286 [INFO] IPUIPlugin:80 - create IPUIPlugin
2025-12-17 09:20:12,286 [INFO] PluginManager:220 - loadIPPluginJar : add ts
2025-12-17 09:20:12,289 [INFO] IPUIPlugin:80 - create IPUIPlugin
2025-12-17 09:20:12,289 [INFO] PluginManager:220 - loadIPPluginJar : add tsc
2025-12-17 09:20:12,292 [INFO] IPUIPlugin:80 - create IPUIPlugin
2025-12-17 09:20:12,292 [INFO] PluginManager:220 - loadIPPluginJar : add ucpd
2025-12-17 09:20:12,294 [INFO] IPUIPlugin:80 - create IPUIPlugin
2025-12-17 09:20:12,294 [INFO] PluginManager:220 - loadIPPluginJar : add usart
2025-12-17 09:20:12,298 [INFO] IPUIPlugin:80 - create IPUIPlugin
2025-12-17 09:20:12,298 [INFO] PluginManager:220 - loadIPPluginJar : add usbx
2025-12-17 09:20:12,438 [FATAL] Updater:351 - Updater called before beeing initialized
2025-12-17 09:20:12,467 [INFO] RulesReader:64 - Compatibility file has been processed (317 Rules)
2025-12-17 09:20:12,479 [INFO] RulesReader:64 - Compatibility file has been processed (317 Rules)
2025-12-17 09:20:12,487 [INFO] CADModel:165 - CPN selected for project level
2025-12-17 09:20:12,488 [INFO] CADModel:114 - Register for checkConnection events
2025-12-17 09:20:12,488 [FATAL] Updater:351 - Updater called before beeing initialized
2025-12-17 09:20:12,488 [ERROR] CADModel:125 - Updater not yet initialized, retry later 
2025-12-17 09:20:12,637 [FATAL] Updater:351 - Updater called before beeing initialized
2025-12-17 09:20:12,639 [INFO] CADModel:165 - CPN selected for project level
2025-12-17 09:20:12,639 [INFO] CADModel:114 - Register for checkConnection events
2025-12-17 09:20:12,639 [FATAL] Updater:351 - Updater called before beeing initialized
2025-12-17 09:20:12,639 [ERROR] CADModel:125 - Updater not yet initialized, retry later 
2025-12-17 09:20:12,642 [FATAL] Updater:351 - Updater called before beeing initialized
2025-12-17 09:20:12,781 [FATAL] Updater:351 - Updater called before beeing initialized
2025-12-17 09:20:12,786 [INFO] DbMcusAds:53 - JSON generation date=Tue Nov 25 15:08:32 CET 2025 (1764079712835)
2025-12-17 09:20:12,786 [FATAL] Updater:351 - Updater called before beeing initialized
2025-12-17 09:20:12,834 [WARN] DetailPanel:346 - Failed to get advertising image, set to default
2025-12-17 09:20:12,919 [FATAL] Updater:351 - Updater called before beeing initialized
2025-12-17 09:20:12,921 [FATAL] Updater:351 - Updater called before beeing initialized
2025-12-17 09:20:12,921 [FATAL] Updater:351 - Updater called before beeing initialized
2025-12-17 09:20:12,921 [WARN] DetailPanel:346 - Failed to get advertising image, set to default
2025-12-17 09:20:12,922 [FATAL] Updater:351 - Updater called before beeing initialized
2025-12-17 09:20:13,042 [ERROR] Updater:1198 - MainUpdater not yet initialized. External WinMGr cannot be set.
2025-12-17 09:20:13,048 [INFO] Updater:1134 - Updater Version found : 6.15.0
2025-12-17 09:20:13,083 [INFO] ApplicationProperties:184 - Using Application install path: C:\ST\STM32CubeIDE_1.16.1\STM32CubeIDE\plugins\com.st.stm32cube.common.mx_6.15.0.202507011659
2025-12-17 09:20:14,514 [INFO] ThirdPartyUpdaterWithRetryManager:70 - Updater plugin not ready yet. [2/15]
2025-12-17 09:20:14,674 [ERROR] LogOutputStream:75 - [STDERR_REDIRECT] Dec 17, 2025 9:20:14 AM java.util.prefs.WindowsPreferences <init>
2025-12-17 09:20:14,679 [ERROR] LogOutputStream:75 - [STDERR_REDIRECT] WARNING: Could not open/create prefs root node Software\JavaSoft\Prefs at root 0xffffffff80000002. Windows RegCreateKeyEx(...) returned error code 5.
2025-12-17 09:20:14,680 [ERROR] LogOutputStream:75 - [STDERR_REDIRECT] 
2025-12-17 09:20:15,093 [INFO] MainUpdater:2872 - connection check result : 10
2025-12-17 09:20:15,093 [INFO] MainUpdater:3604 - Updater definition file requires update
2025-12-17 09:20:15,094 [INFO] MainUpdater:289 - Updater Check For Update Now.
2025-12-17 09:20:15,094 [INFO] MicroXplorer:498 - Change Database Version : DB.6.0.150
2025-12-17 09:20:15,103 [INFO] McuFinderGlobals:63 - Set McuFinder mode to 2 (CubeIDE integrated)
2025-12-17 09:20:15,103 [INFO] UserAuth:171 - activating auth plugin
2025-12-17 09:20:15,106 [INFO] UserAuth:487 - Internet connection configuration mode: 1
2025-12-17 09:20:15,131 [INFO] JxBrowserEngine:152 - Initiate JxBrowser Engine with user profile folder
2025-12-17 09:20:15,198 [INFO] ServerAccessManage:452 - Complete download http(s) 200
2025-12-17 09:20:15,199 [INFO] ServerAccessManage:509 - Download File updaters.zip
2025-12-17 09:20:15,334 [INFO] FileExtend:248 - Unzip File : updaters.zip
2025-12-17 09:20:15,334 [INFO] FileExtend:263 - Standard Zip Deflate
2025-12-17 09:20:16,734 [INFO] ServerAccessManage:452 - Complete download http(s) 200
2025-12-17 09:20:16,734 [INFO] ServerAccessManage:509 - Download File PacksControlFlags.xml
2025-12-17 09:20:16,821 [INFO] ServerAccessManage:452 - Complete download http(s) 200
2025-12-17 09:20:16,821 [INFO] ServerAccessManage:509 - Download File cubemx.pidx
2025-12-17 09:20:16,957 [INFO] LoadServerUpdatesThread:375 - End of LoadServerUpdate Thread
2025-12-17 09:20:17,149 [INFO] CheckServerUpdateThread:120 - End of CheckServer Thread
2025-12-17 09:20:17,836 [WARN] PackLoader:240 - Cannot read IP mode file for STMicroelectronics.FP-SNS-MOTENVWB1.1.4.0
2025-12-17 09:20:17,848 [WARN] PackLoader:240 - Cannot read IP mode file for STMicroelectronics.FP-ATR-ASTRA1.2.0.2
2025-12-17 09:20:17,860 [WARN] PackLoader:240 - Cannot read IP mode file for STMicroelectronics.X-CUBE-SMBUS.2.1.0
2025-12-17 09:20:17,866 [WARN] PackLoader:240 - Cannot read IP mode file for STMicroelectronics.X-CUBE-ST60.1.0.0
2025-12-17 09:20:17,909 [WARN] PackLoader:240 - Cannot read IP mode file for STMicroelectronics.X-CUBE-AZRTOS-F7.1.1.0
2025-12-17 09:20:17,920 [WARN] PackLoader:240 - Cannot read IP mode file for Cesanta.I-CUBE-Mongoose.7.19.0
2025-12-17 09:20:18,002 [WARN] PackLoader:240 - Cannot read IP mode file for STMicroelectronics.X-CUBE-MEMS1.11.0.0
2025-12-17 09:20:18,210 [WARN] PackLoader:240 - Cannot read IP mode file for STMicroelectronics.FP-SNS-MOTENV1.5.1.0
2025-12-17 09:20:18,220 [WARN] PackLoader:240 - Cannot read IP mode file for WES.I-CUBE-Cesium.1.4.0
2025-12-17 09:20:18,224 [WARN] PackLoader:240 - Cannot read IP mode file for STMicroelectronics.FP-SNS-FLIGHT1.5.0.2
2025-12-17 09:20:18,246 [WARN] PackLoader:240 - Cannot read IP mode file for Infineon.AIROC-Wi-Fi-Bluetooth-STM32.1.7.1
2025-12-17 09:20:18,273 [WARN] PackLoader:240 - Cannot read IP mode file for STMicroelectronics.X-CUBE-AZRTOS-H7.3.4.0
2025-12-17 09:20:18,293 [WARN] PackLoader:240 - Cannot read IP mode file for STMicroelectronics.X-CUBE-DISPLAY.3.0.0
2025-12-17 09:20:18,304 [WARN] PackLoader:240 - Cannot read IP mode file for STMicroelectronics.X-CUBE-BLE1.7.0.0
2025-12-17 09:20:18,312 [WARN] PackLoader:240 - Cannot read IP mode file for STMicroelectronics.X-CUBE-NFC10.1.0.0
2025-12-17 09:20:18,319 [WARN] PackLoader:240 - Cannot read IP mode file for STMicroelectronics.X-CUBE-ST60.1.1.0
2025-12-17 09:20:18,327 [WARN] PackLoader:240 - Cannot read IP mode file for emotas.I-CUBE-CANOPEN.1.3.0
2025-12-17 09:20:18,335 [WARN] PackLoader:240 - Cannot read IP mode file for STMicroelectronics.X-CUBE-GNSS1.7.1.0
2025-12-17 09:20:18,346 [WARN] PackLoader:240 - Cannot read IP mode file for STMicroelectronics.X-CUBE-BLEMGR.3.1.0
2025-12-17 09:20:18,357 [WARN] PackLoader:240 - Cannot read IP mode file for STMicroelectronics.FP-SNS-STBOX1.2.1.0
2025-12-17 09:20:18,366 [WARN] PackLoader:240 - Cannot read IP mode file for STMicroelectronics.FP-SNS-SMARTAG2.1.2.0
2025-12-17 09:20:18,371 [WARN] PackLoader:240 - Cannot read IP mode file for STMicroelectronics.FP-SNS-FLIGHT1.5.1.0
2025-12-17 09:20:18,384 [INFO] LogOutputStream:77 - [STDOUT_REDIRECT] 1 : Invalid condition id : UX_CORESTACK_Condition cause : null
2025-12-17 09:20:18,385 [INFO] LogOutputStream:77 - [STDOUT_REDIRECT] 1 : Invalid condition id : UX_CORESTACK_Condition cause : null
2025-12-17 09:20:18,387 [INFO] LogOutputStream:77 - [STDOUT_REDIRECT] 1 : Invalid condition id : UX_CORESTACK_Condition cause : null
2025-12-17 09:20:18,389 [INFO] LogOutputStream:77 - [STDOUT_REDIRECT] 1 : Invalid condition id : UX_CORESTACK_Condition cause : null
2025-12-17 09:20:18,390 [INFO] LogOutputStream:77 - [STDOUT_REDIRECT] 1 : Invalid condition id : UX_CORESTACK_Condition cause : null
2025-12-17 09:20:18,394 [WARN] PackLoader:240 - Cannot read IP mode file for STMicroelectronics.X-CUBE-AZRTOS-WL.2.0.0
2025-12-17 09:20:18,400 [WARN] PackLoader:240 - Cannot read IP mode file for STMicroelectronics.FP-SNS-MOTENV1.5.0.0
2025-12-17 09:20:18,431 [WARN] PackLoader:240 - Cannot read IP mode file for STMicroelectronics.X-CUBE-AZRTOS-H7RS.1.2.0
2025-12-17 09:20:18,440 [WARN] PackLoader:240 - Cannot read IP mode file for wolfSSL.I-CUBE-wolfMQTT.1.19.0
2025-12-17 09:20:18,447 [WARN] PackLoader:240 - Cannot read IP mode file for WES.I-CUBE-Cesium.1.3.0
2025-12-17 09:20:18,453 [WARN] PackLoader:240 - Cannot read IP mode file for STMicroelectronics.X-CUBE-BLE2.3.3.0
2025-12-17 09:20:18,477 [WARN] PackLoader:240 - Cannot read IP mode file for STMicroelectronics.X-CUBE-NFC9.1.0.0
2025-12-17 09:20:18,484 [WARN] PackLoader:240 - Cannot read IP mode file for wolfSSL.I-CUBE-wolfSSL.5.8.2
2025-12-17 09:20:18,488 [WARN] PackLoader:240 - Cannot read IP mode file for STMicroelectronics.X-CUBE-BLE1.7.1.0
2025-12-17 09:20:18,491 [WARN] PackLoader:240 - Cannot read IP mode file for wolfSSL.I-CUBE-wolfMQTT.1.19.2
2025-12-17 09:20:18,499 [WARN] PackLoader:240 - Cannot read IP mode file for STMicroelectronics.X-CUBE-TCPP.4.1.0
2025-12-17 09:20:18,507 [WARN] PackLoader:240 - Cannot read IP mode file for STMicroelectronics.X-CUBE-FREERTOS.1.4.0
2025-12-17 09:20:18,514 [WARN] PackLoader:240 - Cannot read IP mode file for STMicroelectronics.X-CUBE-EEPRMA1.5.2.0
2025-12-17 09:20:18,523 [WARN] PackLoader:240 - Cannot read IP mode file for STMicroelectronics.X-CUBE-ST67W61.1.1.0
2025-12-17 09:20:18,579 [WARN] PackLoader:240 - Cannot read IP mode file for STMicroelectronics.X-CUBE-MEMS1.12.0.0
2025-12-17 09:20:18,682 [WARN] PackLoader:240 - Cannot read IP mode file for STMicroelectronics.X-CUBE-AZRTOS-G0.1.1.0
2025-12-17 09:20:18,688 [WARN] PackLoader:240 - Cannot read IP mode file for STMicroelectronics.X-CUBE-SAFEA1.1.2.2
2025-12-17 09:20:18,694 [WARN] PackLoader:240 - Cannot read IP mode file for STMicroelectronics.X-CUBE-NFC4.3.0.0
2025-12-17 09:20:18,704 [WARN] PackLoader:240 - Cannot read IP mode file for EmbeddedOffice.I-CUBE-FS-RTOS.1.0.1
2025-12-17 09:20:18,710 [WARN] PackLoader:240 - Cannot read IP mode file for STMicroelectronics.X-CUBE-WB05N.2.0.0
2025-12-17 09:20:18,715 [WARN] PackLoader:240 - Cannot read IP mode file for wolfSSL.I-CUBE-wolfTPM.3.8.0
2025-12-17 09:20:18,720 [WARN] PackLoader:240 - Cannot read IP mode file for STMicroelectronics.X-CUBE-TCPP.4.2.0
2025-12-17 09:20:18,726 [WARN] PackLoader:240 - Cannot read IP mode file for RealThread.X-CUBE-RT-Thread_Nano.4.1.1
2025-12-17 09:20:18,731 [WARN] PackLoader:240 - Cannot read IP mode file for STMicroelectronics.FP-ATR-SIGFOX1.3.2.0
2025-12-17 09:20:18,735 [WARN] PackLoader:240 - Cannot read IP mode file for wolfSSL.I-CUBE-wolfSSL.5.7.2
2025-12-17 09:20:18,740 [WARN] PackLoader:240 - Cannot read IP mode file for STMicroelectronics.X-CUBE-EEPRMA1.5.1.0
2025-12-17 09:20:18,749 [WARN] PackLoader:240 - Cannot read IP mode file for ITTIA_DB.I-CUBE-ITTIADB.8.9.0
2025-12-17 09:20:18,755 [WARN] PackLoader:240 - Cannot read IP mode file for STMicroelectronics.X-CUBE-ST67W61.1.0.0
2025-12-17 09:20:18,764 [WARN] PackLoader:240 - Cannot read IP mode file for STMicroelectronics.X-CUBE-AI.10.2.0
2025-12-17 09:20:18,859 [WARN] PackLoader:240 - Cannot read IP mode file for SEGGER.I-CUBE-embOS.1.3.1
2025-12-17 09:20:18,889 [WARN] PackLoader:240 - Cannot read IP mode file for STMicroelectronics.X-CUBE-ALGOBUILD.1.4.0
2025-12-17 09:20:18,951 [WARN] PackLoader:240 - Cannot read IP mode file for STMicroelectronics.X-CUBE-MEMS1.11.3.0
2025-12-17 09:20:19,087 [WARN] PackLoader:240 - Cannot read IP mode file for STMicroelectronics.X-CUBE-PM33A1.1.0.0
2025-12-17 09:20:19,104 [WARN] PackLoader:240 - Cannot read IP mode file for STMicroelectronics.X-CUBE-AZRTOS-F4.1.1.0
2025-12-17 09:20:19,109 [WARN] PackLoader:240 - Cannot read IP mode file for STMicroelectronics.X-CUBE-ISPU.2.1.0
2025-12-17 09:20:19,121 [WARN] PackLoader:240 - Cannot read IP mode file for STMicroelectronics.X-CUBE-IPS.3.2.0
2025-12-17 09:20:19,131 [WARN] PackLoader:240 - Cannot read IP mode file for STMicroelectronics.X-CUBE-FREERTOS.1.2.0
2025-12-17 09:20:19,141 [WARN] PackLoader:240 - Cannot read IP mode file for STMicroelectronics.X-CUBE-NFC12.1.0.0
2025-12-17 09:20:19,164 [WARN] PackLoader:240 - Cannot read IP mode file for STMicroelectronics.X-CUBE-AZRTOS-L5.2.0.0
2025-12-17 09:20:19,174 [WARN] PackLoader:240 - Cannot read IP mode file for STMicroelectronics.X-CUBE-NFC6.3.1.0
2025-12-17 09:20:19,183 [WARN] PackLoader:240 - Cannot read IP mode file for STMicroelectronics.X-CUBE-DPower.1.2.0
2025-12-17 09:20:19,187 [WARN] PackLoader:240 - Cannot read IP mode file for STMicroelectronics.X-CUBE-AI.9.0.0
2025-12-17 09:20:19,193 [WARN] PackLoader:240 - Cannot read IP mode file for STMicroelectronics.X-CUBE-FREERTOS.1.3.1
2025-12-17 09:20:19,199 [WARN] PackLoader:240 - Cannot read IP mode file for STMicroelectronics.X-CUBE-NFC7.1.0.1
2025-12-17 09:20:19,204 [WARN] PackLoader:240 - Cannot read IP mode file for STMicroelectronics.X-CUBE-TOUCHGFX.4.26.0
2025-12-17 09:20:19,210 [WARN] PackLoader:240 - Cannot read IP mode file for STMicroelectronics.FP-SNS-STAIOTCFT.1.0.0
2025-12-17 09:20:19,216 [WARN] PackLoader:240 - Cannot read IP mode file for STMicroelectronics.X-CUBE-DPower.1.3.0
2025-12-17 09:20:19,237 [WARN] ConditionMgr:438 - getConditionDescription Invalid condition id : LAN8742 Phy interface Condition cause : null
2025-12-17 09:20:19,237 [WARN] PackLoader:240 - Cannot read IP mode file for STMicroelectronics.X-CUBE-AZRTOS-L4.2.0.0
2025-12-17 09:20:19,239 [WARN] ConditionMgr:1044 - genDependencies : Invalid condition id : LAN8742 Phy interface Condition cause : null
2025-12-17 09:20:19,239 [WARN] ConditionMgr:1044 - genDependencies : Invalid condition id : LAN8742 Phy interface Condition cause : null
2025-12-17 09:20:19,240 [WARN] ConditionMgr:1044 - genDependencies : Invalid condition id : LAN8742 Phy interface Condition cause : null
2025-12-17 09:20:19,250 [WARN] PackLoader:240 - Cannot read IP mode file for STMicroelectronics.X-CUBE-SFXS2LP1.4.0.0
2025-12-17 09:20:19,259 [ERROR] Engine:466 - STMicroelectronics.X-CUBE-AI.10.2.0: Software pack already exists
2025-12-17 09:20:19,280 [WARN] PackLoader:240 - Cannot read IP mode file for STMicroelectronics.X-CUBE-AZRTOS-H7.3.3.0
2025-12-17 09:20:19,292 [WARN] PackLoader:240 - Cannot read IP mode file for STMicroelectronics.X-CUBE-BLEMGR.4.1.0
2025-12-17 09:20:19,306 [WARN] ConditionMgr:438 - getConditionDescription Invalid condition id : UX DEVICE CLASS RTOS Condition cause : null
2025-12-17 09:20:19,306 [WARN] ConditionMgr:438 - getConditionDescription Invalid condition id : UX DEVICE CLASS RTOS Condition cause : null
2025-12-17 09:20:19,308 [WARN] PackLoader:240 - Cannot read IP mode file for STMicroelectronics.X-CUBE-AZRTOS-WB.2.0.0
2025-12-17 09:20:19,309 [WARN] ConditionMgr:1044 - genDependencies : Invalid condition id : UX DEVICE CLASS RTOS Condition cause : null
2025-12-17 09:20:19,309 [WARN] ConditionMgr:1044 - genDependencies : Invalid condition id : UX DEVICE CLASS RTOS Condition cause : null
2025-12-17 09:20:19,309 [WARN] ConditionMgr:1044 - genDependencies : Invalid condition id : UX DEVICE CLASS RTOS Condition cause : null
2025-12-17 09:20:19,309 [WARN] ConditionMgr:1044 - genDependencies : Invalid condition id : UX DEVICE CLASS RTOS Condition cause : null
2025-12-17 09:20:19,310 [WARN] ConditionMgr:1044 - genDependencies : Invalid condition id : UX DEVICE CLASS RTOS Condition cause : null
2025-12-17 09:20:19,314 [WARN] PackLoader:240 - Cannot read IP mode file for STMicroelectronics.X-CUBE-GNSS1.7.0.0
2025-12-17 09:20:19,319 [WARN] PackLoader:240 - Cannot read IP mode file for STMicroelectronics.X-CUBE-GNSS1.7.0.1
2025-12-17 09:20:19,324 [WARN] PackLoader:240 - Cannot read IP mode file for STMicroelectronics.FP-SNS-STBOX1.2.0.0
2025-12-17 09:20:19,330 [WARN] ConditionMgr:438 - getConditionDescription Invalid condition id : Cortex-A Device cause : null
2025-12-17 09:20:19,343 [WARN] ConditionMgr:1044 - genDependencies : Invalid condition id : Cortex-A Device cause : null
2025-12-17 09:20:19,343 [WARN] ConditionMgr:1044 - genDependencies : Invalid condition id : Cortex-A Device cause : null
2025-12-17 09:20:19,343 [WARN] ConditionMgr:1044 - genDependencies : Invalid condition id : Cortex-A Device cause : null
2025-12-17 09:20:19,353 [WARN] PackLoader:240 - Cannot read IP mode file for STMicroelectronics.X-CUBE-SUBG2.5.0.0
2025-12-17 09:20:19,371 [WARN] PackLoader:240 - Cannot read IP mode file for STMicroelectronics.X-CUBE-AZRTOS-H7RS.1.1.0
2025-12-17 09:20:19,375 [WARN] PackLoader:240 - Cannot read IP mode file for Cesanta.I-CUBE-Mongoose.7.13.0
2025-12-17 09:20:19,385 [WARN] PackLoader:240 - Cannot read IP mode file for STMicroelectronics.X-CUBE-AZRTOS-G4.2.0.0
2025-12-17 09:20:19,392 [WARN] PackLoader:240 - Cannot read IP mode file for wolfSSL.I-CUBE-wolfSSH.1.4.20
2025-12-17 09:20:19,397 [WARN] PackLoader:240 - Cannot read IP mode file for STMicroelectronics.X-CUBE-NFC7.2.0.0
2025-12-17 09:20:19,403 [WARN] PackLoader:240 - Cannot read IP mode file for STMicroelectronics.X-CUBE-ALS.1.0.2
2025-12-17 09:20:19,406 [WARN] PackLoader:240 - Cannot read IP mode file for STMicroelectronics.X-CUBE-TOUCHGFX.4.24.0
2025-12-17 09:20:19,413 [WARN] PackLoader:240 - Cannot read IP mode file for STMicroelectronics.X-CUBE-STSE01.1.0.0
2025-12-17 09:20:19,417 [WARN] PackLoader:240 - Cannot read IP mode file for wolfSSL.I-CUBE-wolfTPM.3.4.0
2025-12-17 09:20:19,434 [WARN] PackLoader:240 - Cannot read IP mode file for portGmbH.I-Cube-SoM-uGOAL.1.1.0
2025-12-17 09:20:19,459 [WARN] PackLoader:240 - Cannot read IP mode file for STMicroelectronics.X-CUBE-AZRTOS-H7RS.1.0.0
2025-12-17 09:20:19,466 [WARN] PackLoader:240 - Cannot read IP mode file for STMicroelectronics.FP-ATR-ASTRA1.2.0.0
2025-12-17 09:20:19,479 [WARN] PackLoader:240 - Cannot read IP mode file for STMicroelectronics.X-CUBE-TOF1.3.4.2
2025-12-17 09:20:19,507 [WARN] PackLoader:240 - Cannot read IP mode file for STMicroelectronics.X-CUBE-TOF1.3.4.3
2025-12-17 09:20:19,540 [WARN] PackLoader:240 - Cannot read IP mode file for Infineon.AIROC-Wi-Fi-Bluetooth-STM32.1.6.1
2025-12-17 09:20:19,558 [WARN] PackLoader:240 - Cannot read IP mode file for wolfSSL.I-CUBE-wolfSSH.1.4.17
2025-12-17 09:20:19,559 [INFO] ThirdParty:978 - Integrity check success = true
2025-12-17 09:20:19,559 [INFO] IntegrityCheckThread:100 - exiting critical section [integrity check]
2025-12-17 09:20:19,559 [INFO] IntegrityCheckThread:103 - End integrity checks thread
2025-12-17 09:20:20,044 [INFO] WebApp:169 - Instantiating new browser for Auth
2025-12-17 09:20:21,147 [ERROR] LogOutputStream:75 - [STDERR_REDIRECT] 
2025-12-17 09:20:30,195 [INFO] Activator:176 - 


2025-12-17 09:20:30,205 [INFO] Activator:177 - !SESSION log4j initialized
2025-12-17 09:20:32,876 [INFO] LogOutputStream:77 - [STDOUT_REDIRECT] 
2025-12-17 09:20:35,474 [INFO] ApplicationProperties:184 - Using Application install path: C:\ST\STM32CubeIDE_1.16.1\STM32CubeIDE\plugins\com.st.stm32cube.common.mx_6.15.0.202507011659
2025-12-17 09:20:35,496 [INFO] DbMcusXml:78 - Set database path to: C:\ST\STM32CubeIDE_1.16.1\STM32CubeIDE\plugins\com.st.stm32cube.common.mx_6.15.0.202507011659\\db\/mcu/
2025-12-17 09:20:35,497 [INFO] ApiDb:274 - Set plugin database path to: C:\ST\STM32CubeIDE_1.16.1\STM32CubeIDE\plugins\com.st.stm32cube.common.mx_6.15.0.202507011659\\db\/plugins/boardmanager/
2025-12-17 09:20:35,497 [WARN] ApiDb:259 - Overriding images path with different value:  => C:\ST\STM32CubeIDE_1.16.1\STM32CubeIDE\plugins\com.st.stm32cube.common.mx_6.15.0.202507011659\\db\/plugins/mcufinder/images/
2025-12-17 09:20:35,505 [INFO] ApiDb:250 - Set database path to: C:\Users\user\.stmcufinder\plugins\mcufinder//mcu/
2025-12-17 09:20:35,507 [INFO] DbMcusAds:125 - Set database path to: C:\Users\user\.stmcufinder\plugins\mcufinder//mcu/
2025-12-17 09:20:35,511 [INFO] CrossReferenceDbSqlite:203 - Set database path to: C:\Users\user\.stmcufinder\plugins\mcufinder//mcu/cs/
2025-12-17 09:20:35,670 [INFO] RulesReader:64 - Compatibility file has been processed (317 Rules)
2025-12-17 09:20:35,753 [INFO] DbMcusXml:78 - Set database path to: C:\ST\STM32CubeIDE_1.16.1\STM32CubeIDE\plugins\com.st.stm32cube.common.mx_6.15.0.202507011659\\db\/mcu/
2025-12-17 09:20:35,754 [INFO] ApiDb:274 - Set plugin database path to: C:\ST\STM32CubeIDE_1.16.1\STM32CubeIDE\plugins\com.st.stm32cube.common.mx_6.15.0.202507011659\\db\/plugins/boardmanager/
2025-12-17 09:20:35,754 [INFO] ApiDb:261 - Set plugin images path to: C:\ST\STM32CubeIDE_1.16.1\STM32CubeIDE\plugins\com.st.stm32cube.common.mx_6.15.0.202507011659\\db\/plugins/mcufinder/images/
2025-12-17 09:20:35,754 [WARN] DbFile:41 - Overriding database path with different value: C:\Users\user\.stmcufinder\plugins\mcufinder/ => C:\Users\user\.stmcufinder\plugins\mcufinder
2025-12-17 09:20:35,754 [INFO] ApiDb:250 - Set database path to: C:\Users\user\.stmcufinder\plugins\mcufinder//mcu/
2025-12-17 09:20:35,754 [WARN] DbFile:41 - Overriding database path with different value: C:\Users\user\.stmcufinder\plugins\mcufinder/ => C:\Users\user\.stmcufinder\plugins\mcufinder
2025-12-17 09:20:35,754 [INFO] DbMcusAds:125 - Set database path to: C:\Users\user\.stmcufinder\plugins\mcufinder//mcu/
2025-12-17 09:20:35,755 [WARN] DbFile:41 - Overriding database path with different value: C:\Users\user\.stmcufinder\plugins\mcufinder/ => C:\Users\user\.stmcufinder\plugins\mcufinder
2025-12-17 09:20:35,755 [WARN] DbFile:41 - Overriding database path with different value: C:\Users\user\.stmcufinder\plugins\mcufinder/ => C:\Users\user\.stmcufinder\plugins\mcufinder
2025-12-17 09:20:35,755 [INFO] CrossReferenceDbSqlite:203 - Set database path to: C:\Users\user\.stmcufinder\plugins\mcufinder//mcu/cs/
2025-12-17 09:20:35,839 [INFO] MainPanel:274 - HeapMemory: 268435456
2025-12-17 09:20:35,953 [INFO] DbMcusXml:78 - Set database path to: C:\ST\STM32CubeIDE_1.16.1\STM32CubeIDE\plugins\com.st.stm32cube.common.mx_6.15.0.202507011659\\db\/mcu/
2025-12-17 09:20:35,953 [INFO] ApiDb:274 - Set plugin database path to: C:\ST\STM32CubeIDE_1.16.1\STM32CubeIDE\plugins\com.st.stm32cube.common.mx_6.15.0.202507011659\\db\/plugins/boardmanager/
2025-12-17 09:20:35,954 [INFO] ApiDb:261 - Set plugin images path to: C:\ST\STM32CubeIDE_1.16.1\STM32CubeIDE\plugins\com.st.stm32cube.common.mx_6.15.0.202507011659\\db\/plugins/mcufinder/images/
2025-12-17 09:20:35,954 [WARN] DbFile:41 - Overriding database path with different value: C:\Users\user\.stmcufinder\plugins\mcufinder/ => C:\Users\user\.stmcufinder\plugins\mcufinder
2025-12-17 09:20:35,954 [INFO] ApiDb:250 - Set database path to: C:\Users\user\.stmcufinder\plugins\mcufinder//mcu/
2025-12-17 09:20:35,954 [WARN] DbFile:41 - Overriding database path with different value: C:\Users\user\.stmcufinder\plugins\mcufinder/ => C:\Users\user\.stmcufinder\plugins\mcufinder
2025-12-17 09:20:35,955 [INFO] DbMcusAds:125 - Set database path to: C:\Users\user\.stmcufinder\plugins\mcufinder//mcu/
2025-12-17 09:20:35,955 [WARN] DbFile:41 - Overriding database path with different value: C:\Users\user\.stmcufinder\plugins\mcufinder/ => C:\Users\user\.stmcufinder\plugins\mcufinder
2025-12-17 09:20:35,955 [WARN] DbFile:41 - Overriding database path with different value: C:\Users\user\.stmcufinder\plugins\mcufinder/ => C:\Users\user\.stmcufinder\plugins\mcufinder
2025-12-17 09:20:35,955 [INFO] CrossReferenceDbSqlite:203 - Set database path to: C:\Users\user\.stmcufinder\plugins\mcufinder//mcu/cs/
2025-12-17 09:20:35,973 [INFO] ApplicationProperties:184 - Using Application install path: C:\ST\STM32CubeIDE_1.16.1\STM32CubeIDE\plugins\com.st.stm32cube.common.mx_6.15.0.202507011659
2025-12-17 09:20:35,974 [INFO] PluginManage:196 - Search for loadable plugins [exclusion list=, ]
2025-12-17 09:20:35,975 [INFO] PluginManage:310 - Check plugin analytics
2025-12-17 09:20:36,251 [INFO] AnalyticsPlugin:253 - Accepted Software Licenses: STM32CubeMX.6.15.0
2025-12-17 09:20:36,251 [INFO] AnalyticsPlugin:255 - Accepted CMSIS Pack Licenses: 
2025-12-17 09:20:36,252 [INFO] AnalyticsPlugin:257 - Accepted Firmware Licenses: FW.L4.1.18.0
2025-12-17 09:20:36,256 [INFO] PluginManage:359 - Loaded plugin analytics (category:tool,tabindex:-1)
2025-12-17 09:20:36,256 [INFO] PluginManage:310 - Check plugin cadmodel
2025-12-17 09:20:36,262 [INFO] CADModel:105 - Init CAD model plugin
2025-12-17 09:20:36,262 [INFO] PluginManage:359 - Loaded plugin cadmodel (category:power,tabindex:5)
2025-12-17 09:20:36,262 [INFO] PluginManage:310 - Check plugin clock
2025-12-17 09:20:36,274 [INFO] PluginManage:359 - Loaded plugin clock (category:base,tabindex:2)
2025-12-17 09:20:36,275 [INFO] PluginManage:310 - Check plugin ddr
2025-12-17 09:20:36,277 [INFO] PluginManage:359 - Loaded plugin ddr (category:tool,tabindex:6)
2025-12-17 09:20:36,278 [INFO] PluginManage:310 - Check plugin filemanager
2025-12-17 09:20:36,453 [INFO] PluginManage:359 - Loaded plugin filemanager (category:base,tabindex:10)
2025-12-17 09:20:36,454 [INFO] PluginManage:310 - Check plugin ipmanager
2025-12-17 09:20:36,461 [INFO] PluginManage:359 - Loaded plugin ipmanager (category:base,tabindex:5)
2025-12-17 09:20:36,461 [INFO] PluginManage:310 - Check plugin lpbam
2025-12-17 09:20:36,486 [INFO] PluginManage:359 - Loaded plugin lpbam (category:base,tabindex:0)
2025-12-17 09:20:36,487 [INFO] PluginManage:310 - Check plugin memorymap
2025-12-17 09:20:36,501 [INFO] PluginManage:359 - Loaded plugin memorymap (category:base,tabindex:4)
2025-12-17 09:20:36,501 [INFO] PluginManage:310 - Check plugin pinoutandconfiguration
2025-12-17 09:20:36,509 [INFO] PluginManage:359 - Loaded plugin pinoutandconfiguration (category:base,tabindex:1)
2025-12-17 09:20:36,510 [INFO] PluginManage:310 - Check plugin pinoutconfig
2025-12-17 09:20:36,593 [WARN] SupportedApi:132 - Cannot load RTOS API schema: s4s-elt-must-match.1: The content of 'definitions' must match (annotation?, (simpleType | complexType)?, (unique | key | keyref)*)). A problem was found starting at: attribute.
2025-12-17 09:20:36,722 [INFO] PluginManage:359 - Loaded plugin pinoutconfig (category:base,tabindex:0)
2025-12-17 09:20:36,722 [INFO] PluginManage:310 - Check plugin power
2025-12-17 09:20:36,733 [INFO] PluginManage:359 - Loaded plugin power (category:power,tabindex:4)
2025-12-17 09:20:36,734 [INFO] PluginManage:310 - Check plugin projectmanager
2025-12-17 09:20:36,752 [INFO] PluginManage:359 - Loaded plugin projectmanager (category:projectmanager,tabindex:4)
2025-12-17 09:20:36,753 [INFO] PluginManage:310 - Check plugin rif
2025-12-17 09:20:36,760 [INFO] PluginManage:359 - Loaded plugin rif (category:base,tabindex:3)
2025-12-17 09:20:36,760 [INFO] PluginManage:310 - Check plugin thirdparty
2025-12-17 09:20:36,916 [INFO] PluginManage:359 - Loaded plugin thirdparty (category:base,tabindex:-1)
2025-12-17 09:20:36,916 [WARN] IntegrityCheckThread:84 - waiting for thirdparty lock release [integrity check]
2025-12-17 09:20:36,916 [INFO] PluginManage:310 - Check plugin tools
2025-12-17 09:20:36,916 [INFO] IntegrityCheckThread:86 - entering critical section [integrity check]
2025-12-17 09:20:36,917 [INFO] ThirdPartyUpdaterWithRetryManager:70 - Updater plugin not ready yet. [1/15]
2025-12-17 09:20:36,919 [INFO] PluginManage:359 - Loaded plugin tools (category:base,tabindex:7)
2025-12-17 09:20:36,919 [INFO] PluginManage:310 - Check plugin tutovideos
2025-12-17 09:20:37,195 [INFO] PluginManage:359 - Loaded plugin tutovideos (category:base,tabindex:-1)
2025-12-17 09:20:37,195 [INFO] PluginManage:310 - Check plugin updater
2025-12-17 09:20:37,217 [INFO] PluginManage:359 - Loaded plugin updater (category:base,tabindex:12)
2025-12-17 09:20:37,217 [INFO] PluginManage:310 - Check plugin userauth
2025-12-17 09:20:37,222 [INFO] UserAuth:118 - Init User Auth plugin
2025-12-17 09:20:37,223 [INFO] PluginManage:359 - Loaded plugin userauth (category:base,tabindex:14)
2025-12-17 09:20:37,224 [INFO] PluginManage:283 - PluginManage : Loaded plugins [18]
2025-12-17 09:20:37,412 [INFO] PinOutPanel:1589 - setPackage(No Configuration,No Configuration)
2025-12-17 09:20:37,497 [INFO] CADModel:165 - CPN selected for project level
2025-12-17 09:20:37,497 [INFO] CADModel:114 - Register for checkConnection events
2025-12-17 09:20:37,515 [INFO] IPUIPlugin:80 - create IPUIPlugin
2025-12-17 09:20:37,515 [INFO] PluginManager:220 - loadIPPluginJar : add adc
2025-12-17 09:20:37,518 [INFO] IPUIPlugin:80 - create IPUIPlugin
2025-12-17 09:20:37,518 [INFO] PluginManager:220 - loadIPPluginJar : add aes
2025-12-17 09:20:37,520 [INFO] IPUIPlugin:80 - create IPUIPlugin
2025-12-17 09:20:37,521 [INFO] PluginManager:220 - loadIPPluginJar : add can
2025-12-17 09:20:37,523 [INFO] IPUIPlugin:80 - create IPUIPlugin
2025-12-17 09:20:37,523 [INFO] PluginManager:220 - loadIPPluginJar : add comp
2025-12-17 09:20:37,525 [INFO] IPUIPlugin:80 - create IPUIPlugin
2025-12-17 09:20:37,525 [INFO] PluginManager:220 - loadIPPluginJar : add cryp
2025-12-17 09:20:37,528 [INFO] IPUIPlugin:80 - create IPUIPlugin
2025-12-17 09:20:37,528 [INFO] PluginManager:220 - loadIPPluginJar : add ddr_ctrl_phy
2025-12-17 09:20:37,530 [INFO] IPUIPlugin:80 - create IPUIPlugin
2025-12-17 09:20:37,531 [INFO] PluginManager:220 - loadIPPluginJar : add dfsdm
2025-12-17 09:20:37,536 [INFO] IPUIPlugin:80 - create IPUIPlugin
2025-12-17 09:20:37,536 [INFO] PluginManager:220 - loadIPPluginJar : add dma
2025-12-17 09:20:37,539 [INFO] IPUIPlugin:80 - create IPUIPlugin
2025-12-17 09:20:37,540 [INFO] PluginManager:220 - loadIPPluginJar : add dma3
2025-12-17 09:20:37,542 [INFO] IPUIPlugin:80 - create IPUIPlugin
2025-12-17 09:20:37,543 [INFO] PluginManager:220 - loadIPPluginJar : add extmemmanager
2025-12-17 09:20:37,544 [INFO] IPUIPlugin:80 - create IPUIPlugin
2025-12-17 09:20:37,544 [INFO] PluginManager:220 - loadIPPluginJar : add fatfs
2025-12-17 09:20:37,549 [INFO] IPUIPlugin:80 - create IPUIPlugin
2025-12-17 09:20:37,549 [INFO] PluginManager:220 - loadIPPluginJar : add fmc
2025-12-17 09:20:37,554 [INFO] IPUIPlugin:80 - create IPUIPlugin
2025-12-17 09:20:37,554 [INFO] PluginManager:220 - loadIPPluginJar : add freertos
2025-12-17 09:20:37,556 [INFO] IPUIPlugin:80 - create IPUIPlugin
2025-12-17 09:20:37,556 [INFO] PluginManager:220 - loadIPPluginJar : add genericplugin
2025-12-17 09:20:37,558 [INFO] IPUIPlugin:80 - create IPUIPlugin
2025-12-17 09:20:37,559 [INFO] PluginManager:220 - loadIPPluginJar : add gfxmmu
2025-12-17 09:20:37,563 [INFO] IPUIPlugin:80 - create IPUIPlugin
2025-12-17 09:20:37,563 [INFO] PluginManager:220 - loadIPPluginJar : add gic
2025-12-17 09:20:37,567 [INFO] IPUIPlugin:80 - create IPUIPlugin
2025-12-17 09:20:37,567 [INFO] PluginManager:220 - loadIPPluginJar : add gpio
2025-12-17 09:20:37,569 [INFO] IPUIPlugin:80 - create IPUIPlugin
2025-12-17 09:20:37,570 [INFO] PluginManager:220 - loadIPPluginJar : add gtzc
2025-12-17 09:20:37,572 [INFO] IPUIPlugin:80 - create IPUIPlugin
2025-12-17 09:20:37,573 [INFO] PluginManager:220 - loadIPPluginJar : add hash
2025-12-17 09:20:37,575 [INFO] IPUIPlugin:80 - create IPUIPlugin
2025-12-17 09:20:37,576 [INFO] PluginManager:220 - loadIPPluginJar : add i2c
2025-12-17 09:20:37,578 [INFO] IPUIPlugin:80 - create IPUIPlugin
2025-12-17 09:20:37,578 [INFO] PluginManager:220 - loadIPPluginJar : add i2s
2025-12-17 09:20:37,581 [INFO] IPUIPlugin:80 - create IPUIPlugin
2025-12-17 09:20:37,581 [INFO] PluginManager:220 - loadIPPluginJar : add i3c
2025-12-17 09:20:37,584 [INFO] IPUIPlugin:80 - create IPUIPlugin
2025-12-17 09:20:37,584 [INFO] PluginManager:220 - loadIPPluginJar : add ipddr
2025-12-17 09:20:37,590 [INFO] IPUIPlugin:80 - create IPUIPlugin
2025-12-17 09:20:37,590 [INFO] PluginManager:220 - loadIPPluginJar : add linkedlist
2025-12-17 09:20:37,593 [INFO] IPUIPlugin:80 - create IPUIPlugin
2025-12-17 09:20:37,593 [INFO] PluginManager:220 - loadIPPluginJar : add lorawan
2025-12-17 09:20:37,595 [INFO] IPUIPlugin:80 - create IPUIPlugin
2025-12-17 09:20:37,595 [INFO] PluginManager:220 - loadIPPluginJar : add ltdc
2025-12-17 09:20:37,600 [INFO] IPUIPlugin:80 - create IPUIPlugin
2025-12-17 09:20:37,600 [INFO] PluginManager:220 - loadIPPluginJar : add mdma
2025-12-17 09:20:37,604 [INFO] IPUIPlugin:80 - create IPUIPlugin
2025-12-17 09:20:37,604 [INFO] PluginManager:220 - loadIPPluginJar : add nvic
2025-12-17 09:20:37,607 [INFO] IPUIPlugin:80 - create IPUIPlugin
2025-12-17 09:20:37,607 [INFO] PluginManager:220 - loadIPPluginJar : add opamp
2025-12-17 09:20:37,610 [INFO] IPUIPlugin:80 - create IPUIPlugin
2025-12-17 09:20:37,610 [INFO] PluginManager:220 - loadIPPluginJar : add openamp
2025-12-17 09:20:37,613 [INFO] IPUIPlugin:80 - create IPUIPlugin
2025-12-17 09:20:37,613 [INFO] PluginManager:220 - loadIPPluginJar : add pdm2pcm
2025-12-17 09:20:37,618 [INFO] IPUIPlugin:80 - create IPUIPlugin
2025-12-17 09:20:37,622 [INFO] PluginManager:220 - loadIPPluginJar : add plateformsettings
2025-12-17 09:20:37,624 [INFO] IPUIPlugin:80 - create IPUIPlugin
2025-12-17 09:20:37,624 [INFO] PluginManager:220 - loadIPPluginJar : add quadspi
2025-12-17 09:20:37,626 [INFO] IPUIPlugin:80 - create IPUIPlugin
2025-12-17 09:20:37,627 [INFO] PluginManager:220 - loadIPPluginJar : add radio
2025-12-17 09:20:37,630 [INFO] IPUIPlugin:80 - create IPUIPlugin
2025-12-17 09:20:37,630 [INFO] PluginManager:220 - loadIPPluginJar : add resmgrutility
2025-12-17 09:20:37,633 [INFO] IPUIPlugin:80 - create IPUIPlugin
2025-12-17 09:20:37,633 [INFO] PluginManager:220 - loadIPPluginJar : add sai
2025-12-17 09:20:37,636 [INFO] IPUIPlugin:80 - create IPUIPlugin
2025-12-17 09:20:37,636 [INFO] PluginManager:220 - loadIPPluginJar : add spi
2025-12-17 09:20:37,642 [INFO] IPUIPlugin:80 - create IPUIPlugin
2025-12-17 09:20:37,642 [INFO] PluginManager:220 - loadIPPluginJar : add stm32_wpan
2025-12-17 09:20:37,644 [INFO] IPUIPlugin:80 - create IPUIPlugin
2025-12-17 09:20:37,644 [INFO] PluginManager:220 - loadIPPluginJar : add tim
2025-12-17 09:20:37,647 [INFO] IPUIPlugin:80 - create IPUIPlugin
2025-12-17 09:20:37,647 [INFO] PluginManager:220 - loadIPPluginJar : add touchsensing
2025-12-17 09:20:37,649 [INFO] IPUIPlugin:80 - create IPUIPlugin
2025-12-17 09:20:37,649 [INFO] PluginManager:220 - loadIPPluginJar : add tracer_emb
2025-12-17 09:20:37,652 [INFO] IPUIPlugin:80 - create IPUIPlugin
2025-12-17 09:20:37,652 [INFO] PluginManager:220 - loadIPPluginJar : add ts
2025-12-17 09:20:37,654 [INFO] IPUIPlugin:80 - create IPUIPlugin
2025-12-17 09:20:37,654 [INFO] PluginManager:220 - loadIPPluginJar : add tsc
2025-12-17 09:20:37,657 [INFO] IPUIPlugin:80 - create IPUIPlugin
2025-12-17 09:20:37,657 [INFO] PluginManager:220 - loadIPPluginJar : add ucpd
2025-12-17 09:20:37,660 [INFO] IPUIPlugin:80 - create IPUIPlugin
2025-12-17 09:20:37,660 [INFO] PluginManager:220 - loadIPPluginJar : add usart
2025-12-17 09:20:37,663 [INFO] IPUIPlugin:80 - create IPUIPlugin
2025-12-17 09:20:37,663 [INFO] PluginManager:220 - loadIPPluginJar : add usbx
2025-12-17 09:20:37,792 [FATAL] Updater:351 - Updater called before beeing initialized
2025-12-17 09:20:37,831 [INFO] RulesReader:64 - Compatibility file has been processed (317 Rules)
2025-12-17 09:20:37,841 [INFO] RulesReader:64 - Compatibility file has been processed (317 Rules)
2025-12-17 09:20:37,850 [INFO] CADModel:165 - CPN selected for project level
2025-12-17 09:20:37,850 [INFO] CADModel:114 - Register for checkConnection events
2025-12-17 09:20:37,850 [FATAL] Updater:351 - Updater called before beeing initialized
2025-12-17 09:20:37,850 [ERROR] CADModel:125 - Updater not yet initialized, retry later 
2025-12-17 09:20:37,967 [FATAL] Updater:351 - Updater called before beeing initialized
2025-12-17 09:20:37,968 [INFO] CADModel:165 - CPN selected for project level
2025-12-17 09:20:37,968 [INFO] CADModel:114 - Register for checkConnection events
2025-12-17 09:20:37,968 [FATAL] Updater:351 - Updater called before beeing initialized
2025-12-17 09:20:37,968 [ERROR] CADModel:125 - Updater not yet initialized, retry later 
2025-12-17 09:20:37,971 [FATAL] Updater:351 - Updater called before beeing initialized
2025-12-17 09:20:38,068 [FATAL] Updater:351 - Updater called before beeing initialized
2025-12-17 09:20:38,073 [INFO] DbMcusAds:53 - JSON generation date=Tue Nov 25 15:08:32 CET 2025 (1764079712835)
2025-12-17 09:20:38,073 [FATAL] Updater:351 - Updater called before beeing initialized
2025-12-17 09:20:38,104 [WARN] DetailPanel:346 - Failed to get advertising image, set to default
2025-12-17 09:20:38,191 [FATAL] Updater:351 - Updater called before beeing initialized
2025-12-17 09:20:38,193 [FATAL] Updater:351 - Updater called before beeing initialized
2025-12-17 09:20:38,193 [FATAL] Updater:351 - Updater called before beeing initialized
2025-12-17 09:20:38,193 [WARN] DetailPanel:346 - Failed to get advertising image, set to default
2025-12-17 09:20:38,194 [FATAL] Updater:351 - Updater called before beeing initialized
2025-12-17 09:20:38,264 [ERROR] Updater:1198 - MainUpdater not yet initialized. External WinMGr cannot be set.
2025-12-17 09:20:38,266 [INFO] Updater:1134 - Updater Version found : 6.15.0
2025-12-17 09:20:38,281 [INFO] ApplicationProperties:184 - Using Application install path: C:\ST\STM32CubeIDE_1.16.1\STM32CubeIDE\plugins\com.st.stm32cube.common.mx_6.15.0.202507011659
2025-12-17 09:20:39,853 [ERROR] LogOutputStream:75 - [STDERR_REDIRECT] Dec 17, 2025 9:20:39 AM java.util.prefs.WindowsPreferences <init>
2025-12-17 09:20:39,855 [ERROR] LogOutputStream:75 - [STDERR_REDIRECT] WARNING: Could not open/create prefs root node Software\JavaSoft\Prefs at root 0xffffffff80000002. Windows RegCreateKeyEx(...) returned error code 5.
2025-12-17 09:20:39,855 [ERROR] LogOutputStream:75 - [STDERR_REDIRECT] 
2025-12-17 09:20:39,918 [INFO] ThirdPartyUpdaterWithRetryManager:70 - Updater plugin not ready yet. [2/15]
2025-12-17 09:20:40,227 [INFO] MainUpdater:2872 - connection check result : 10
2025-12-17 09:20:40,228 [INFO] MainUpdater:289 - Updater Check For Update Now.
2025-12-17 09:20:40,228 [INFO] MicroXplorer:498 - Change Database Version : DB.6.0.150
2025-12-17 09:20:40,237 [INFO] McuFinderGlobals:63 - Set McuFinder mode to 2 (CubeIDE integrated)
2025-12-17 09:20:40,237 [INFO] UserAuth:171 - activating auth plugin
2025-12-17 09:20:40,240 [INFO] UserAuth:487 - Internet connection configuration mode: 1
2025-12-17 09:20:40,264 [INFO] JxBrowserEngine:152 - Initiate JxBrowser Engine with user profile folder
2025-12-17 09:20:40,442 [INFO] CheckServerUpdateThread:120 - End of CheckServer Thread
2025-12-17 09:20:40,970 [INFO] WebApp:169 - Instantiating new browser for Auth
2025-12-17 09:20:41,694 [INFO] WebApp:463 - Apply proxy settings
2025-12-17 09:20:41,694 [INFO] WebApp:548 - Chromium requires no authentication
2025-12-17 09:20:41,708 [INFO] WebApp:491 - Direct internet connection detected
2025-12-17 09:20:41,740 [INFO] WebApp:900 - Register for checkConnection events
2025-12-17 09:20:41,741 [INFO] WebApp:463 - Apply proxy settings
2025-12-17 09:20:41,741 [INFO] WebApp:548 - Chromium requires no authentication
2025-12-17 09:20:41,741 [INFO] WebApp:491 - Direct internet connection detected
2025-12-17 09:20:41,960 [INFO] WebApp:191 - Connection restablished
2025-12-17 09:20:41,971 [INFO] WebApp:225 - Starting web application
2025-12-17 09:20:41,971 [INFO] WebApp:593 - Web application path used C:\ST\STM32CubeIDE_1.16.1\STM32CubeIDE\plugins\com.st.stm32cube.common.mx_6.15.0.202507011659\db\plugins\mcufinder\reactClient1\index.html
2025-12-17 13:17:04,081 [INFO] Activator:176 - 


2025-12-17 13:17:04,085 [INFO] Activator:177 - !SESSION log4j initialized
2025-12-17 13:17:07,483 [INFO] LogOutputStream:77 - [STDOUT_REDIRECT] 
2025-12-17 13:17:10,396 [INFO] ApplicationProperties:184 - Using Application install path: C:\ST\STM32CubeIDE_1.16.1\STM32CubeIDE\plugins\com.st.stm32cube.common.mx_6.15.0.202507011659
2025-12-17 13:17:10,414 [INFO] DbMcusXml:78 - Set database path to: C:\ST\STM32CubeIDE_1.16.1\STM32CubeIDE\plugins\com.st.stm32cube.common.mx_6.15.0.202507011659\\db\/mcu/
2025-12-17 13:17:10,414 [INFO] ApiDb:274 - Set plugin database path to: C:\ST\STM32CubeIDE_1.16.1\STM32CubeIDE\plugins\com.st.stm32cube.common.mx_6.15.0.202507011659\\db\/plugins/boardmanager/
2025-12-17 13:17:10,415 [WARN] ApiDb:259 - Overriding images path with different value:  => C:\ST\STM32CubeIDE_1.16.1\STM32CubeIDE\plugins\com.st.stm32cube.common.mx_6.15.0.202507011659\\db\/plugins/mcufinder/images/
2025-12-17 13:17:10,423 [INFO] ApiDb:250 - Set database path to: C:\Users\user\.stmcufinder\plugins\mcufinder//mcu/
2025-12-17 13:17:10,424 [INFO] DbMcusAds:125 - Set database path to: C:\Users\user\.stmcufinder\plugins\mcufinder//mcu/
2025-12-17 13:17:10,426 [INFO] CrossReferenceDbSqlite:203 - Set database path to: C:\Users\user\.stmcufinder\plugins\mcufinder//mcu/cs/
2025-12-17 13:17:10,571 [INFO] RulesReader:64 - Compatibility file has been processed (317 Rules)
2025-12-17 13:17:10,672 [INFO] DbMcusXml:78 - Set database path to: C:\ST\STM32CubeIDE_1.16.1\STM32CubeIDE\plugins\com.st.stm32cube.common.mx_6.15.0.202507011659\\db\/mcu/
2025-12-17 13:17:10,672 [INFO] ApiDb:274 - Set plugin database path to: C:\ST\STM32CubeIDE_1.16.1\STM32CubeIDE\plugins\com.st.stm32cube.common.mx_6.15.0.202507011659\\db\/plugins/boardmanager/
2025-12-17 13:17:10,672 [INFO] ApiDb:261 - Set plugin images path to: C:\ST\STM32CubeIDE_1.16.1\STM32CubeIDE\plugins\com.st.stm32cube.common.mx_6.15.0.202507011659\\db\/plugins/mcufinder/images/
2025-12-17 13:17:10,673 [WARN] DbFile:41 - Overriding database path with different value: C:\Users\user\.stmcufinder\plugins\mcufinder/ => C:\Users\user\.stmcufinder\plugins\mcufinder
2025-12-17 13:17:10,673 [INFO] ApiDb:250 - Set database path to: C:\Users\user\.stmcufinder\plugins\mcufinder//mcu/
2025-12-17 13:17:10,673 [WARN] DbFile:41 - Overriding database path with different value: C:\Users\user\.stmcufinder\plugins\mcufinder/ => C:\Users\user\.stmcufinder\plugins\mcufinder
2025-12-17 13:17:10,673 [INFO] DbMcusAds:125 - Set database path to: C:\Users\user\.stmcufinder\plugins\mcufinder//mcu/
2025-12-17 13:17:10,673 [WARN] DbFile:41 - Overriding database path with different value: C:\Users\user\.stmcufinder\plugins\mcufinder/ => C:\Users\user\.stmcufinder\plugins\mcufinder
2025-12-17 13:17:10,673 [WARN] DbFile:41 - Overriding database path with different value: C:\Users\user\.stmcufinder\plugins\mcufinder/ => C:\Users\user\.stmcufinder\plugins\mcufinder
2025-12-17 13:17:10,674 [INFO] CrossReferenceDbSqlite:203 - Set database path to: C:\Users\user\.stmcufinder\plugins\mcufinder//mcu/cs/
2025-12-17 13:17:10,767 [INFO] MainPanel:274 - HeapMemory: 268435456
2025-12-17 13:17:10,882 [INFO] DbMcusXml:78 - Set database path to: C:\ST\STM32CubeIDE_1.16.1\STM32CubeIDE\plugins\com.st.stm32cube.common.mx_6.15.0.202507011659\\db\/mcu/
2025-12-17 13:17:10,882 [INFO] ApiDb:274 - Set plugin database path to: C:\ST\STM32CubeIDE_1.16.1\STM32CubeIDE\plugins\com.st.stm32cube.common.mx_6.15.0.202507011659\\db\/plugins/boardmanager/
2025-12-17 13:17:10,882 [INFO] ApiDb:261 - Set plugin images path to: C:\ST\STM32CubeIDE_1.16.1\STM32CubeIDE\plugins\com.st.stm32cube.common.mx_6.15.0.202507011659\\db\/plugins/mcufinder/images/
2025-12-17 13:17:10,883 [WARN] DbFile:41 - Overriding database path with different value: C:\Users\user\.stmcufinder\plugins\mcufinder/ => C:\Users\user\.stmcufinder\plugins\mcufinder
2025-12-17 13:17:10,883 [INFO] ApiDb:250 - Set database path to: C:\Users\user\.stmcufinder\plugins\mcufinder//mcu/
2025-12-17 13:17:10,883 [WARN] DbFile:41 - Overriding database path with different value: C:\Users\user\.stmcufinder\plugins\mcufinder/ => C:\Users\user\.stmcufinder\plugins\mcufinder
2025-12-17 13:17:10,883 [INFO] DbMcusAds:125 - Set database path to: C:\Users\user\.stmcufinder\plugins\mcufinder//mcu/
2025-12-17 13:17:10,883 [WARN] DbFile:41 - Overriding database path with different value: C:\Users\user\.stmcufinder\plugins\mcufinder/ => C:\Users\user\.stmcufinder\plugins\mcufinder
2025-12-17 13:17:10,883 [WARN] DbFile:41 - Overriding database path with different value: C:\Users\user\.stmcufinder\plugins\mcufinder/ => C:\Users\user\.stmcufinder\plugins\mcufinder
2025-12-17 13:17:10,883 [INFO] CrossReferenceDbSqlite:203 - Set database path to: C:\Users\user\.stmcufinder\plugins\mcufinder//mcu/cs/
2025-12-17 13:17:10,902 [INFO] ApplicationProperties:184 - Using Application install path: C:\ST\STM32CubeIDE_1.16.1\STM32CubeIDE\plugins\com.st.stm32cube.common.mx_6.15.0.202507011659
2025-12-17 13:17:10,903 [INFO] PluginManage:196 - Search for loadable plugins [exclusion list=, ]
2025-12-17 13:17:10,904 [INFO] PluginManage:310 - Check plugin analytics
2025-12-17 13:17:11,180 [INFO] AnalyticsPlugin:253 - Accepted Software Licenses: STM32CubeMX.6.15.0
2025-12-17 13:17:11,181 [INFO] AnalyticsPlugin:255 - Accepted CMSIS Pack Licenses: 
2025-12-17 13:17:11,182 [INFO] AnalyticsPlugin:257 - Accepted Firmware Licenses: FW.L4.1.18.0
2025-12-17 13:17:11,186 [INFO] PluginManage:359 - Loaded plugin analytics (category:tool,tabindex:-1)
2025-12-17 13:17:11,187 [INFO] PluginManage:310 - Check plugin cadmodel
2025-12-17 13:17:11,198 [INFO] CADModel:105 - Init CAD model plugin
2025-12-17 13:17:11,199 [INFO] PluginManage:359 - Loaded plugin cadmodel (category:power,tabindex:5)
2025-12-17 13:17:11,199 [INFO] PluginManage:310 - Check plugin clock
2025-12-17 13:17:11,213 [INFO] PluginManage:359 - Loaded plugin clock (category:base,tabindex:2)
2025-12-17 13:17:11,213 [INFO] PluginManage:310 - Check plugin ddr
2025-12-17 13:17:11,216 [INFO] PluginManage:359 - Loaded plugin ddr (category:tool,tabindex:6)
2025-12-17 13:17:11,216 [INFO] PluginManage:310 - Check plugin filemanager
2025-12-17 13:17:11,393 [INFO] PluginManage:359 - Loaded plugin filemanager (category:base,tabindex:10)
2025-12-17 13:17:11,393 [INFO] PluginManage:310 - Check plugin ipmanager
2025-12-17 13:17:11,400 [INFO] PluginManage:359 - Loaded plugin ipmanager (category:base,tabindex:5)
2025-12-17 13:17:11,400 [INFO] PluginManage:310 - Check plugin lpbam
2025-12-17 13:17:11,409 [INFO] PluginManage:359 - Loaded plugin lpbam (category:base,tabindex:0)
2025-12-17 13:17:11,410 [INFO] PluginManage:310 - Check plugin memorymap
2025-12-17 13:17:11,449 [INFO] PluginManage:359 - Loaded plugin memorymap (category:base,tabindex:4)
2025-12-17 13:17:11,450 [INFO] PluginManage:310 - Check plugin pinoutandconfiguration
2025-12-17 13:17:11,461 [INFO] PluginManage:359 - Loaded plugin pinoutandconfiguration (category:base,tabindex:1)
2025-12-17 13:17:11,461 [INFO] PluginManage:310 - Check plugin pinoutconfig
2025-12-17 13:17:11,632 [WARN] SupportedApi:132 - Cannot load RTOS API schema: s4s-elt-must-match.1: The content of 'definitions' must match (annotation?, (simpleType | complexType)?, (unique | key | keyref)*)). A problem was found starting at: attribute.
2025-12-17 13:17:11,849 [INFO] PluginManage:359 - Loaded plugin pinoutconfig (category:base,tabindex:0)
2025-12-17 13:17:11,849 [INFO] PluginManage:310 - Check plugin power
2025-12-17 13:17:11,863 [INFO] PluginManage:359 - Loaded plugin power (category:power,tabindex:4)
2025-12-17 13:17:11,864 [INFO] PluginManage:310 - Check plugin projectmanager
2025-12-17 13:17:11,887 [INFO] PluginManage:359 - Loaded plugin projectmanager (category:projectmanager,tabindex:4)
2025-12-17 13:17:11,887 [INFO] PluginManage:310 - Check plugin rif
2025-12-17 13:17:11,900 [INFO] PluginManage:359 - Loaded plugin rif (category:base,tabindex:3)
2025-12-17 13:17:11,900 [INFO] PluginManage:310 - Check plugin thirdparty
2025-12-17 13:17:12,095 [INFO] PluginManage:359 - Loaded plugin thirdparty (category:base,tabindex:-1)
2025-12-17 13:17:12,095 [INFO] PluginManage:310 - Check plugin tools
2025-12-17 13:17:12,095 [WARN] IntegrityCheckThread:84 - waiting for thirdparty lock release [integrity check]
2025-12-17 13:17:12,096 [INFO] IntegrityCheckThread:86 - entering critical section [integrity check]
2025-12-17 13:17:12,096 [INFO] ThirdPartyUpdaterWithRetryManager:70 - Updater plugin not ready yet. [1/15]
2025-12-17 13:17:12,098 [INFO] PluginManage:359 - Loaded plugin tools (category:base,tabindex:7)
2025-12-17 13:17:12,099 [INFO] PluginManage:310 - Check plugin tutovideos
2025-12-17 13:17:12,352 [INFO] PluginManage:359 - Loaded plugin tutovideos (category:base,tabindex:-1)
2025-12-17 13:17:12,352 [INFO] PluginManage:310 - Check plugin updater
2025-12-17 13:17:12,389 [INFO] PluginManage:359 - Loaded plugin updater (category:base,tabindex:12)
2025-12-17 13:17:12,389 [INFO] PluginManage:310 - Check plugin userauth
2025-12-17 13:17:12,395 [INFO] UserAuth:118 - Init User Auth plugin
2025-12-17 13:17:12,396 [INFO] PluginManage:359 - Loaded plugin userauth (category:base,tabindex:14)
2025-12-17 13:17:12,397 [INFO] PluginManage:283 - PluginManage : Loaded plugins [18]
2025-12-17 13:17:12,703 [INFO] PinOutPanel:1589 - setPackage(No Configuration,No Configuration)
2025-12-17 13:17:12,814 [INFO] CADModel:165 - CPN selected for project level
2025-12-17 13:17:12,814 [INFO] CADModel:114 - Register for checkConnection events
2025-12-17 13:17:12,834 [INFO] IPUIPlugin:80 - create IPUIPlugin
2025-12-17 13:17:12,834 [INFO] PluginManager:220 - loadIPPluginJar : add adc
2025-12-17 13:17:12,837 [INFO] IPUIPlugin:80 - create IPUIPlugin
2025-12-17 13:17:12,837 [INFO] PluginManager:220 - loadIPPluginJar : add aes
2025-12-17 13:17:12,841 [INFO] IPUIPlugin:80 - create IPUIPlugin
2025-12-17 13:17:12,841 [INFO] PluginManager:220 - loadIPPluginJar : add can
2025-12-17 13:17:12,843 [INFO] IPUIPlugin:80 - create IPUIPlugin
2025-12-17 13:17:12,844 [INFO] PluginManager:220 - loadIPPluginJar : add comp
2025-12-17 13:17:12,847 [INFO] IPUIPlugin:80 - create IPUIPlugin
2025-12-17 13:17:12,847 [INFO] PluginManager:220 - loadIPPluginJar : add cryp
2025-12-17 13:17:12,851 [INFO] IPUIPlugin:80 - create IPUIPlugin
2025-12-17 13:17:12,851 [INFO] PluginManager:220 - loadIPPluginJar : add ddr_ctrl_phy
2025-12-17 13:17:12,854 [INFO] IPUIPlugin:80 - create IPUIPlugin
2025-12-17 13:17:12,854 [INFO] PluginManager:220 - loadIPPluginJar : add dfsdm
2025-12-17 13:17:12,859 [INFO] IPUIPlugin:80 - create IPUIPlugin
2025-12-17 13:17:12,860 [INFO] PluginManager:220 - loadIPPluginJar : add dma
2025-12-17 13:17:12,863 [INFO] IPUIPlugin:80 - create IPUIPlugin
2025-12-17 13:17:12,863 [INFO] PluginManager:220 - loadIPPluginJar : add dma3
2025-12-17 13:17:12,866 [INFO] IPUIPlugin:80 - create IPUIPlugin
2025-12-17 13:17:12,867 [INFO] PluginManager:220 - loadIPPluginJar : add extmemmanager
2025-12-17 13:17:12,869 [INFO] IPUIPlugin:80 - create IPUIPlugin
2025-12-17 13:17:12,869 [INFO] PluginManager:220 - loadIPPluginJar : add fatfs
2025-12-17 13:17:12,873 [INFO] IPUIPlugin:80 - create IPUIPlugin
2025-12-17 13:17:12,873 [INFO] PluginManager:220 - loadIPPluginJar : add fmc
2025-12-17 13:17:12,880 [INFO] IPUIPlugin:80 - create IPUIPlugin
2025-12-17 13:17:12,880 [INFO] PluginManager:220 - loadIPPluginJar : add freertos
2025-12-17 13:17:12,883 [INFO] IPUIPlugin:80 - create IPUIPlugin
2025-12-17 13:17:12,883 [INFO] PluginManager:220 - loadIPPluginJar : add genericplugin
2025-12-17 13:17:12,886 [INFO] IPUIPlugin:80 - create IPUIPlugin
2025-12-17 13:17:12,886 [INFO] PluginManager:220 - loadIPPluginJar : add gfxmmu
2025-12-17 13:17:12,890 [INFO] IPUIPlugin:80 - create IPUIPlugin
2025-12-17 13:17:12,890 [INFO] PluginManager:220 - loadIPPluginJar : add gic
2025-12-17 13:17:12,895 [INFO] IPUIPlugin:80 - create IPUIPlugin
2025-12-17 13:17:12,895 [INFO] PluginManager:220 - loadIPPluginJar : add gpio
2025-12-17 13:17:12,897 [INFO] IPUIPlugin:80 - create IPUIPlugin
2025-12-17 13:17:12,898 [INFO] PluginManager:220 - loadIPPluginJar : add gtzc
2025-12-17 13:17:12,900 [INFO] IPUIPlugin:80 - create IPUIPlugin
2025-12-17 13:17:12,900 [INFO] PluginManager:220 - loadIPPluginJar : add hash
2025-12-17 13:17:12,903 [INFO] IPUIPlugin:80 - create IPUIPlugin
2025-12-17 13:17:12,903 [INFO] PluginManager:220 - loadIPPluginJar : add i2c
2025-12-17 13:17:12,906 [INFO] IPUIPlugin:80 - create IPUIPlugin
2025-12-17 13:17:12,906 [INFO] PluginManager:220 - loadIPPluginJar : add i2s
2025-12-17 13:17:12,909 [INFO] IPUIPlugin:80 - create IPUIPlugin
2025-12-17 13:17:12,909 [INFO] PluginManager:220 - loadIPPluginJar : add i3c
2025-12-17 13:17:12,915 [INFO] IPUIPlugin:80 - create IPUIPlugin
2025-12-17 13:17:12,915 [INFO] PluginManager:220 - loadIPPluginJar : add ipddr
2025-12-17 13:17:12,925 [INFO] IPUIPlugin:80 - create IPUIPlugin
2025-12-17 13:17:12,925 [INFO] PluginManager:220 - loadIPPluginJar : add linkedlist
2025-12-17 13:17:12,929 [INFO] IPUIPlugin:80 - create IPUIPlugin
2025-12-17 13:17:12,929 [INFO] PluginManager:220 - loadIPPluginJar : add lorawan
2025-12-17 13:17:12,931 [INFO] IPUIPlugin:80 - create IPUIPlugin
2025-12-17 13:17:12,931 [INFO] PluginManager:220 - loadIPPluginJar : add ltdc
2025-12-17 13:17:12,937 [INFO] IPUIPlugin:80 - create IPUIPlugin
2025-12-17 13:17:12,937 [INFO] PluginManager:220 - loadIPPluginJar : add mdma
2025-12-17 13:17:12,941 [INFO] IPUIPlugin:80 - create IPUIPlugin
2025-12-17 13:17:12,942 [INFO] PluginManager:220 - loadIPPluginJar : add nvic
2025-12-17 13:17:12,945 [INFO] IPUIPlugin:80 - create IPUIPlugin
2025-12-17 13:17:12,945 [INFO] PluginManager:220 - loadIPPluginJar : add opamp
2025-12-17 13:17:12,948 [INFO] IPUIPlugin:80 - create IPUIPlugin
2025-12-17 13:17:12,949 [INFO] PluginManager:220 - loadIPPluginJar : add openamp
2025-12-17 13:17:12,952 [INFO] IPUIPlugin:80 - create IPUIPlugin
2025-12-17 13:17:12,952 [INFO] PluginManager:220 - loadIPPluginJar : add pdm2pcm
2025-12-17 13:17:12,958 [INFO] IPUIPlugin:80 - create IPUIPlugin
2025-12-17 13:17:12,961 [INFO] PluginManager:220 - loadIPPluginJar : add plateformsettings
2025-12-17 13:17:12,963 [INFO] IPUIPlugin:80 - create IPUIPlugin
2025-12-17 13:17:12,963 [INFO] PluginManager:220 - loadIPPluginJar : add quadspi
2025-12-17 13:17:12,965 [INFO] IPUIPlugin:80 - create IPUIPlugin
2025-12-17 13:17:12,966 [INFO] PluginManager:220 - loadIPPluginJar : add radio
2025-12-17 13:17:12,971 [INFO] IPUIPlugin:80 - create IPUIPlugin
2025-12-17 13:17:12,971 [INFO] PluginManager:220 - loadIPPluginJar : add resmgrutility
2025-12-17 13:17:12,975 [INFO] IPUIPlugin:80 - create IPUIPlugin
2025-12-17 13:17:12,975 [INFO] PluginManager:220 - loadIPPluginJar : add sai
2025-12-17 13:17:12,978 [INFO] IPUIPlugin:80 - create IPUIPlugin
2025-12-17 13:17:12,978 [INFO] PluginManager:220 - loadIPPluginJar : add spi
2025-12-17 13:17:12,984 [INFO] IPUIPlugin:80 - create IPUIPlugin
2025-12-17 13:17:12,984 [INFO] PluginManager:220 - loadIPPluginJar : add stm32_wpan
2025-12-17 13:17:12,987 [INFO] IPUIPlugin:80 - create IPUIPlugin
2025-12-17 13:17:12,987 [INFO] PluginManager:220 - loadIPPluginJar : add tim
2025-12-17 13:17:12,991 [INFO] IPUIPlugin:80 - create IPUIPlugin
2025-12-17 13:17:12,991 [INFO] PluginManager:220 - loadIPPluginJar : add touchsensing
2025-12-17 13:17:12,993 [INFO] IPUIPlugin:80 - create IPUIPlugin
2025-12-17 13:17:12,993 [INFO] PluginManager:220 - loadIPPluginJar : add tracer_emb
2025-12-17 13:17:12,995 [INFO] IPUIPlugin:80 - create IPUIPlugin
2025-12-17 13:17:12,995 [INFO] PluginManager:220 - loadIPPluginJar : add ts
2025-12-17 13:17:12,997 [INFO] IPUIPlugin:80 - create IPUIPlugin
2025-12-17 13:17:12,998 [INFO] PluginManager:220 - loadIPPluginJar : add tsc
2025-12-17 13:17:13,000 [INFO] IPUIPlugin:80 - create IPUIPlugin
2025-12-17 13:17:13,000 [INFO] PluginManager:220 - loadIPPluginJar : add ucpd
2025-12-17 13:17:13,004 [INFO] IPUIPlugin:80 - create IPUIPlugin
2025-12-17 13:17:13,004 [INFO] PluginManager:220 - loadIPPluginJar : add usart
2025-12-17 13:17:13,008 [INFO] IPUIPlugin:80 - create IPUIPlugin
2025-12-17 13:17:13,008 [INFO] PluginManager:220 - loadIPPluginJar : add usbx
2025-12-17 13:17:13,151 [FATAL] Updater:351 - Updater called before beeing initialized
2025-12-17 13:17:13,188 [INFO] RulesReader:64 - Compatibility file has been processed (317 Rules)
2025-12-17 13:17:13,206 [INFO] RulesReader:64 - Compatibility file has been processed (317 Rules)
2025-12-17 13:17:13,216 [INFO] CADModel:165 - CPN selected for project level
2025-12-17 13:17:13,216 [INFO] CADModel:114 - Register for checkConnection events
2025-12-17 13:17:13,216 [FATAL] Updater:351 - Updater called before beeing initialized
2025-12-17 13:17:13,217 [ERROR] CADModel:125 - Updater not yet initialized, retry later 
2025-12-17 13:17:13,375 [FATAL] Updater:351 - Updater called before beeing initialized
2025-12-17 13:17:13,377 [INFO] CADModel:165 - CPN selected for project level
2025-12-17 13:17:13,377 [INFO] CADModel:114 - Register for checkConnection events
2025-12-17 13:17:13,377 [FATAL] Updater:351 - Updater called before beeing initialized
2025-12-17 13:17:13,377 [ERROR] CADModel:125 - Updater not yet initialized, retry later 
2025-12-17 13:17:13,380 [FATAL] Updater:351 - Updater called before beeing initialized
2025-12-17 13:17:13,523 [FATAL] Updater:351 - Updater called before beeing initialized
2025-12-17 13:17:13,529 [INFO] DbMcusAds:53 - JSON generation date=Tue Nov 25 15:08:32 CET 2025 (1764079712835)
2025-12-17 13:17:13,529 [FATAL] Updater:351 - Updater called before beeing initialized
2025-12-17 13:17:13,572 [WARN] DetailPanel:346 - Failed to get advertising image, set to default
2025-12-17 13:17:13,666 [FATAL] Updater:351 - Updater called before beeing initialized
2025-12-17 13:17:13,667 [FATAL] Updater:351 - Updater called before beeing initialized
2025-12-17 13:17:13,667 [FATAL] Updater:351 - Updater called before beeing initialized
2025-12-17 13:17:13,668 [WARN] DetailPanel:346 - Failed to get advertising image, set to default
2025-12-17 13:17:13,669 [FATAL] Updater:351 - Updater called before beeing initialized
2025-12-17 13:17:13,725 [ERROR] Updater:1198 - MainUpdater not yet initialized. External WinMGr cannot be set.
2025-12-17 13:17:13,727 [INFO] Updater:1134 - Updater Version found : 6.15.0
2025-12-17 13:17:13,747 [INFO] ApplicationProperties:184 - Using Application install path: C:\ST\STM32CubeIDE_1.16.1\STM32CubeIDE\plugins\com.st.stm32cube.common.mx_6.15.0.202507011659
2025-12-17 13:17:15,099 [INFO] ThirdPartyUpdaterWithRetryManager:70 - Updater plugin not ready yet. [2/15]
2025-12-17 13:17:15,329 [ERROR] LogOutputStream:75 - [STDERR_REDIRECT] Dec 17, 2025 1:17:15 PM java.util.prefs.WindowsPreferences <init>
2025-12-17 13:17:15,331 [ERROR] LogOutputStream:75 - [STDERR_REDIRECT] WARNING: Could not open/create prefs root node Software\JavaSoft\Prefs at root 0xffffffff80000002. Windows RegCreateKeyEx(...) returned error code 5.
2025-12-17 13:17:15,331 [ERROR] LogOutputStream:75 - [STDERR_REDIRECT] 
2025-12-17 13:17:15,696 [INFO] MainUpdater:2872 - connection check result : 10
2025-12-17 13:17:15,698 [INFO] MainUpdater:289 - Updater Check For Update Now.
2025-12-17 13:17:15,699 [INFO] MicroXplorer:498 - Change Database Version : DB.6.0.150
2025-12-17 13:17:15,707 [INFO] McuFinderGlobals:63 - Set McuFinder mode to 2 (CubeIDE integrated)
2025-12-17 13:17:15,707 [INFO] UserAuth:171 - activating auth plugin
2025-12-17 13:17:15,712 [INFO] UserAuth:487 - Internet connection configuration mode: 1
2025-12-17 13:17:15,744 [INFO] JxBrowserEngine:152 - Initiate JxBrowser Engine with user profile folder
2025-12-17 13:17:15,950 [INFO] CheckServerUpdateThread:120 - End of CheckServer Thread
2025-12-17 13:17:17,022 [INFO] WebApp:169 - Instantiating new browser for Auth
2025-12-17 13:17:17,959 [INFO] WebApp:463 - Apply proxy settings
2025-12-17 13:17:17,959 [INFO] WebApp:548 - Chromium requires no authentication
2025-12-17 13:17:17,974 [INFO] WebApp:491 - Direct internet connection detected
2025-12-17 13:17:18,011 [INFO] WebApp:900 - Register for checkConnection events
2025-12-17 13:17:18,011 [INFO] WebApp:463 - Apply proxy settings
2025-12-17 13:17:18,011 [INFO] WebApp:548 - Chromium requires no authentication
2025-12-17 13:17:18,012 [INFO] WebApp:491 - Direct internet connection detected
2025-12-17 13:17:18,265 [INFO] WebApp:191 - Connection restablished
2025-12-17 13:17:18,325 [INFO] WebApp:225 - Starting web application
2025-12-17 13:17:18,325 [INFO] WebApp:593 - Web application path used C:\ST\STM32CubeIDE_1.16.1\STM32CubeIDE\plugins\com.st.stm32cube.common.mx_6.15.0.202507011659\db\plugins\mcufinder\reactClient1\index.html
2025-12-17 13:17:18,355 [WARN] PackLoader:240 - Cannot read IP mode file for STMicroelectronics.FP-SNS-MOTENVWB1.1.4.0
2025-12-17 13:17:18,369 [WARN] PackLoader:240 - Cannot read IP mode file for STMicroelectronics.FP-ATR-ASTRA1.2.0.2
2025-12-17 13:17:18,381 [WARN] PackLoader:240 - Cannot read IP mode file for STMicroelectronics.X-CUBE-SMBUS.2.1.0
2025-12-17 13:17:18,389 [WARN] PackLoader:240 - Cannot read IP mode file for STMicroelectronics.X-CUBE-ST60.1.0.0
2025-12-17 13:17:18,462 [WARN] PackLoader:240 - Cannot read IP mode file for STMicroelectronics.X-CUBE-AZRTOS-F7.1.1.0
2025-12-17 13:17:18,476 [WARN] PackLoader:240 - Cannot read IP mode file for Cesanta.I-CUBE-Mongoose.7.19.0
2025-12-17 13:17:18,622 [WARN] PackLoader:240 - Cannot read IP mode file for STMicroelectronics.X-CUBE-MEMS1.11.0.0
2025-12-17 13:17:18,909 [WARN] PackLoader:240 - Cannot read IP mode file for STMicroelectronics.FP-SNS-MOTENV1.5.1.0
2025-12-17 13:17:18,924 [WARN] PackLoader:240 - Cannot read IP mode file for WES.I-CUBE-Cesium.1.4.0
2025-12-17 13:17:18,929 [WARN] PackLoader:240 - Cannot read IP mode file for STMicroelectronics.FP-SNS-FLIGHT1.5.0.2
2025-12-17 13:17:18,967 [WARN] PackLoader:240 - Cannot read IP mode file for Infineon.AIROC-Wi-Fi-Bluetooth-STM32.1.7.1
2025-12-17 13:17:19,018 [WARN] PackLoader:240 - Cannot read IP mode file for STMicroelectronics.X-CUBE-AZRTOS-H7.3.4.0
2025-12-17 13:17:19,043 [WARN] PackLoader:240 - Cannot read IP mode file for STMicroelectronics.X-CUBE-DISPLAY.3.0.0
2025-12-17 13:17:19,092 [WARN] PackLoader:240 - Cannot read IP mode file for STMicroelectronics.X-CUBE-BLE1.7.0.0
2025-12-17 13:17:19,104 [WARN] PackLoader:240 - Cannot read IP mode file for STMicroelectronics.X-CUBE-NFC10.1.0.0
2025-12-17 13:17:19,114 [WARN] PackLoader:240 - Cannot read IP mode file for STMicroelectronics.X-CUBE-ST60.1.1.0
2025-12-17 13:17:19,125 [WARN] PackLoader:240 - Cannot read IP mode file for emotas.I-CUBE-CANOPEN.1.3.0
2025-12-17 13:17:19,133 [WARN] PackLoader:240 - Cannot read IP mode file for STMicroelectronics.X-CUBE-GNSS1.7.1.0
2025-12-17 13:17:19,155 [WARN] PackLoader:240 - Cannot read IP mode file for STMicroelectronics.X-CUBE-BLEMGR.3.1.0
2025-12-17 13:17:19,174 [WARN] PackLoader:240 - Cannot read IP mode file for STMicroelectronics.FP-SNS-STBOX1.2.1.0
2025-12-17 13:17:19,186 [WARN] PackLoader:240 - Cannot read IP mode file for STMicroelectronics.FP-SNS-SMARTAG2.1.2.0
2025-12-17 13:17:19,193 [WARN] PackLoader:240 - Cannot read IP mode file for STMicroelectronics.FP-SNS-FLIGHT1.5.1.0
2025-12-17 13:17:19,206 [INFO] LogOutputStream:77 - [STDOUT_REDIRECT] 1 : Invalid condition id : UX_CORESTACK_Condition cause : null
2025-12-17 13:17:19,207 [INFO] LogOutputStream:77 - [STDOUT_REDIRECT] 1 : Invalid condition id : UX_CORESTACK_Condition cause : null
2025-12-17 13:17:19,210 [INFO] LogOutputStream:77 - [STDOUT_REDIRECT] 1 : Invalid condition id : UX_CORESTACK_Condition cause : null
2025-12-17 13:17:19,213 [INFO] LogOutputStream:77 - [STDOUT_REDIRECT] 1 : Invalid condition id : UX_CORESTACK_Condition cause : null
2025-12-17 13:17:19,215 [INFO] LogOutputStream:77 - [STDOUT_REDIRECT] 1 : Invalid condition id : UX_CORESTACK_Condition cause : null
2025-12-17 13:17:19,220 [WARN] PackLoader:240 - Cannot read IP mode file for STMicroelectronics.X-CUBE-AZRTOS-WL.2.0.0
2025-12-17 13:17:19,227 [WARN] PackLoader:240 - Cannot read IP mode file for STMicroelectronics.FP-SNS-MOTENV1.5.0.0
2025-12-17 13:17:19,258 [WARN] PackLoader:240 - Cannot read IP mode file for STMicroelectronics.X-CUBE-AZRTOS-H7RS.1.2.0
2025-12-17 13:17:19,268 [WARN] PackLoader:240 - Cannot read IP mode file for wolfSSL.I-CUBE-wolfMQTT.1.19.0
2025-12-17 13:17:19,276 [WARN] PackLoader:240 - Cannot read IP mode file for WES.I-CUBE-Cesium.1.3.0
2025-12-17 13:17:19,282 [WARN] PackLoader:240 - Cannot read IP mode file for STMicroelectronics.X-CUBE-BLE2.3.3.0
2025-12-17 13:17:19,316 [WARN] PackLoader:240 - Cannot read IP mode file for STMicroelectronics.X-CUBE-NFC9.1.0.0
2025-12-17 13:17:19,325 [WARN] PackLoader:240 - Cannot read IP mode file for wolfSSL.I-CUBE-wolfSSL.5.8.2
2025-12-17 13:17:19,333 [WARN] PackLoader:240 - Cannot read IP mode file for STMicroelectronics.X-CUBE-BLE1.7.1.0
2025-12-17 13:17:19,338 [WARN] PackLoader:240 - Cannot read IP mode file for wolfSSL.I-CUBE-wolfMQTT.1.19.2
2025-12-17 13:17:19,347 [WARN] PackLoader:240 - Cannot read IP mode file for STMicroelectronics.X-CUBE-TCPP.4.1.0
2025-12-17 13:17:19,357 [WARN] PackLoader:240 - Cannot read IP mode file for STMicroelectronics.X-CUBE-FREERTOS.1.4.0
2025-12-17 13:17:19,364 [WARN] PackLoader:240 - Cannot read IP mode file for STMicroelectronics.X-CUBE-EEPRMA1.5.2.0
2025-12-17 13:17:19,375 [WARN] PackLoader:240 - Cannot read IP mode file for STMicroelectronics.X-CUBE-ST67W61.1.1.0
2025-12-17 13:17:19,447 [WARN] PackLoader:240 - Cannot read IP mode file for STMicroelectronics.X-CUBE-MEMS1.12.0.0
2025-12-17 13:17:19,563 [WARN] PackLoader:240 - Cannot read IP mode file for STMicroelectronics.X-CUBE-AZRTOS-G0.1.1.0
2025-12-17 13:17:19,574 [WARN] PackLoader:240 - Cannot read IP mode file for STMicroelectronics.X-CUBE-SAFEA1.1.2.2
2025-12-17 13:17:19,580 [WARN] PackLoader:240 - Cannot read IP mode file for STMicroelectronics.X-CUBE-NFC4.3.0.0
2025-12-17 13:17:19,589 [WARN] PackLoader:240 - Cannot read IP mode file for EmbeddedOffice.I-CUBE-FS-RTOS.1.0.1
2025-12-17 13:17:19,594 [WARN] PackLoader:240 - Cannot read IP mode file for STMicroelectronics.X-CUBE-WB05N.2.0.0
2025-12-17 13:17:19,599 [WARN] PackLoader:240 - Cannot read IP mode file for wolfSSL.I-CUBE-wolfTPM.3.8.0
2025-12-17 13:17:19,606 [WARN] PackLoader:240 - Cannot read IP mode file for STMicroelectronics.X-CUBE-TCPP.4.2.0
2025-12-17 13:17:19,613 [WARN] PackLoader:240 - Cannot read IP mode file for RealThread.X-CUBE-RT-Thread_Nano.4.1.1
2025-12-17 13:17:19,617 [WARN] PackLoader:240 - Cannot read IP mode file for STMicroelectronics.FP-ATR-SIGFOX1.3.2.0
2025-12-17 13:17:19,622 [WARN] PackLoader:240 - Cannot read IP mode file for wolfSSL.I-CUBE-wolfSSL.5.7.2
2025-12-17 13:17:19,628 [WARN] PackLoader:240 - Cannot read IP mode file for STMicroelectronics.X-CUBE-EEPRMA1.5.1.0
2025-12-17 13:17:19,638 [WARN] PackLoader:240 - Cannot read IP mode file for ITTIA_DB.I-CUBE-ITTIADB.8.9.0
2025-12-17 13:17:19,644 [WARN] PackLoader:240 - Cannot read IP mode file for STMicroelectronics.X-CUBE-ST67W61.1.0.0
2025-12-17 13:17:19,655 [WARN] PackLoader:240 - Cannot read IP mode file for STMicroelectronics.X-CUBE-AI.10.2.0
2025-12-17 13:17:19,829 [WARN] PackLoader:240 - Cannot read IP mode file for SEGGER.I-CUBE-embOS.1.3.1
2025-12-17 13:17:19,928 [WARN] PackLoader:240 - Cannot read IP mode file for STMicroelectronics.X-CUBE-ALGOBUILD.1.4.0
2025-12-17 13:17:20,027 [WARN] PackLoader:240 - Cannot read IP mode file for STMicroelectronics.X-CUBE-MEMS1.11.3.0
2025-12-17 13:17:20,211 [WARN] PackLoader:240 - Cannot read IP mode file for STMicroelectronics.X-CUBE-PM33A1.1.0.0
2025-12-17 13:17:20,233 [WARN] PackLoader:240 - Cannot read IP mode file for STMicroelectronics.X-CUBE-AZRTOS-F4.1.1.0
2025-12-17 13:17:20,248 [WARN] PackLoader:240 - Cannot read IP mode file for STMicroelectronics.X-CUBE-ISPU.2.1.0
2025-12-17 13:17:20,270 [WARN] PackLoader:240 - Cannot read IP mode file for STMicroelectronics.X-CUBE-IPS.3.2.0
2025-12-17 13:17:20,283 [WARN] PackLoader:240 - Cannot read IP mode file for STMicroelectronics.X-CUBE-FREERTOS.1.2.0
2025-12-17 13:17:20,292 [WARN] PackLoader:240 - Cannot read IP mode file for STMicroelectronics.X-CUBE-NFC12.1.0.0
2025-12-17 13:17:20,322 [WARN] PackLoader:240 - Cannot read IP mode file for STMicroelectronics.X-CUBE-AZRTOS-L5.2.0.0
2025-12-17 13:17:20,334 [WARN] PackLoader:240 - Cannot read IP mode file for STMicroelectronics.X-CUBE-NFC6.3.1.0
2025-12-17 13:17:20,344 [WARN] PackLoader:240 - Cannot read IP mode file for STMicroelectronics.X-CUBE-DPower.1.2.0
2025-12-17 13:17:20,358 [WARN] PackLoader:240 - Cannot read IP mode file for STMicroelectronics.X-CUBE-AI.9.0.0
2025-12-17 13:17:20,366 [WARN] PackLoader:240 - Cannot read IP mode file for STMicroelectronics.X-CUBE-FREERTOS.1.3.1
2025-12-17 13:17:20,372 [WARN] PackLoader:240 - Cannot read IP mode file for STMicroelectronics.X-CUBE-NFC7.1.0.1
2025-12-17 13:17:20,378 [WARN] PackLoader:240 - Cannot read IP mode file for STMicroelectronics.X-CUBE-TOUCHGFX.4.26.0
2025-12-17 13:17:20,384 [WARN] PackLoader:240 - Cannot read IP mode file for STMicroelectronics.FP-SNS-STAIOTCFT.1.0.0
2025-12-17 13:17:20,391 [WARN] PackLoader:240 - Cannot read IP mode file for STMicroelectronics.X-CUBE-DPower.1.3.0
2025-12-17 13:17:20,420 [WARN] ConditionMgr:438 - getConditionDescription Invalid condition id : LAN8742 Phy interface Condition cause : null
2025-12-17 13:17:20,421 [WARN] PackLoader:240 - Cannot read IP mode file for STMicroelectronics.X-CUBE-AZRTOS-L4.2.0.0
2025-12-17 13:17:20,422 [WARN] ConditionMgr:1044 - genDependencies : Invalid condition id : LAN8742 Phy interface Condition cause : null
2025-12-17 13:17:20,423 [WARN] ConditionMgr:1044 - genDependencies : Invalid condition id : LAN8742 Phy interface Condition cause : null
2025-12-17 13:17:20,423 [WARN] ConditionMgr:1044 - genDependencies : Invalid condition id : LAN8742 Phy interface Condition cause : null
2025-12-17 13:17:20,432 [WARN] PackLoader:240 - Cannot read IP mode file for STMicroelectronics.X-CUBE-SFXS2LP1.4.0.0
2025-12-17 13:17:20,441 [ERROR] Engine:466 - STMicroelectronics.X-CUBE-AI.10.2.0: Software pack already exists
2025-12-17 13:17:20,467 [WARN] PackLoader:240 - Cannot read IP mode file for STMicroelectronics.X-CUBE-AZRTOS-H7.3.3.0
2025-12-17 13:17:20,487 [WARN] PackLoader:240 - Cannot read IP mode file for STMicroelectronics.X-CUBE-BLEMGR.4.1.0
2025-12-17 13:17:20,508 [WARN] ConditionMgr:438 - getConditionDescription Invalid condition id : UX DEVICE CLASS RTOS Condition cause : null
2025-12-17 13:17:20,508 [WARN] ConditionMgr:438 - getConditionDescription Invalid condition id : UX DEVICE CLASS RTOS Condition cause : null
2025-12-17 13:17:20,510 [WARN] PackLoader:240 - Cannot read IP mode file for STMicroelectronics.X-CUBE-AZRTOS-WB.2.0.0
2025-12-17 13:17:20,511 [WARN] ConditionMgr:1044 - genDependencies : Invalid condition id : UX DEVICE CLASS RTOS Condition cause : null
2025-12-17 13:17:20,511 [WARN] ConditionMgr:1044 - genDependencies : Invalid condition id : UX DEVICE CLASS RTOS Condition cause : null
2025-12-17 13:17:20,511 [WARN] ConditionMgr:1044 - genDependencies : Invalid condition id : UX DEVICE CLASS RTOS Condition cause : null
2025-12-17 13:17:20,512 [WARN] ConditionMgr:1044 - genDependencies : Invalid condition id : UX DEVICE CLASS RTOS Condition cause : null
2025-12-17 13:17:20,512 [WARN] ConditionMgr:1044 - genDependencies : Invalid condition id : UX DEVICE CLASS RTOS Condition cause : null
2025-12-17 13:17:20,516 [WARN] PackLoader:240 - Cannot read IP mode file for STMicroelectronics.X-CUBE-GNSS1.7.0.0
2025-12-17 13:17:20,523 [WARN] PackLoader:240 - Cannot read IP mode file for STMicroelectronics.X-CUBE-GNSS1.7.0.1
2025-12-17 13:17:20,529 [WARN] PackLoader:240 - Cannot read IP mode file for STMicroelectronics.FP-SNS-STBOX1.2.0.0
2025-12-17 13:17:20,537 [WARN] ConditionMgr:438 - getConditionDescription Invalid condition id : Cortex-A Device cause : null
2025-12-17 13:17:20,546 [WARN] ConditionMgr:1044 - genDependencies : Invalid condition id : Cortex-A Device cause : null
2025-12-17 13:17:20,546 [WARN] ConditionMgr:1044 - genDependencies : Invalid condition id : Cortex-A Device cause : null
2025-12-17 13:17:20,546 [WARN] ConditionMgr:1044 - genDependencies : Invalid condition id : Cortex-A Device cause : null
2025-12-17 13:17:20,558 [WARN] PackLoader:240 - Cannot read IP mode file for STMicroelectronics.X-CUBE-SUBG2.5.0.0
2025-12-17 13:17:20,595 [WARN] PackLoader:240 - Cannot read IP mode file for STMicroelectronics.X-CUBE-AZRTOS-H7RS.1.1.0
2025-12-17 13:17:20,606 [WARN] PackLoader:240 - Cannot read IP mode file for Cesanta.I-CUBE-Mongoose.7.13.0
2025-12-17 13:17:20,626 [WARN] PackLoader:240 - Cannot read IP mode file for STMicroelectronics.X-CUBE-AZRTOS-G4.2.0.0
2025-12-17 13:17:20,633 [WARN] PackLoader:240 - Cannot read IP mode file for wolfSSL.I-CUBE-wolfSSH.1.4.20
2025-12-17 13:17:20,640 [WARN] PackLoader:240 - Cannot read IP mode file for STMicroelectronics.X-CUBE-NFC7.2.0.0
2025-12-17 13:17:20,645 [WARN] PackLoader:240 - Cannot read IP mode file for STMicroelectronics.X-CUBE-ALS.1.0.2
2025-12-17 13:17:20,651 [WARN] PackLoader:240 - Cannot read IP mode file for STMicroelectronics.X-CUBE-TOUCHGFX.4.24.0
2025-12-17 13:17:20,659 [WARN] PackLoader:240 - Cannot read IP mode file for STMicroelectronics.X-CUBE-STSE01.1.0.0
2025-12-17 13:17:20,664 [WARN] PackLoader:240 - Cannot read IP mode file for wolfSSL.I-CUBE-wolfTPM.3.4.0
2025-12-17 13:17:20,671 [WARN] PackLoader:240 - Cannot read IP mode file for portGmbH.I-Cube-SoM-uGOAL.1.1.0
2025-12-17 13:17:20,689 [WARN] PackLoader:240 - Cannot read IP mode file for STMicroelectronics.X-CUBE-AZRTOS-H7RS.1.0.0
2025-12-17 13:17:20,704 [WARN] PackLoader:240 - Cannot read IP mode file for STMicroelectronics.FP-ATR-ASTRA1.2.0.0
2025-12-17 13:17:20,714 [WARN] PackLoader:240 - Cannot read IP mode file for STMicroelectronics.X-CUBE-TOF1.3.4.2
2025-12-17 13:17:20,745 [WARN] PackLoader:240 - Cannot read IP mode file for STMicroelectronics.X-CUBE-TOF1.3.4.3
2025-12-17 13:17:20,777 [WARN] PackLoader:240 - Cannot read IP mode file for Infineon.AIROC-Wi-Fi-Bluetooth-STM32.1.6.1
2025-12-17 13:17:20,782 [WARN] PackLoader:240 - Cannot read IP mode file for wolfSSL.I-CUBE-wolfSSH.1.4.17
2025-12-17 13:17:20,783 [INFO] ThirdParty:978 - Integrity check success = true
2025-12-17 13:17:20,783 [INFO] IntegrityCheckThread:100 - exiting critical section [integrity check]
2025-12-17 13:17:20,783 [INFO] IntegrityCheckThread:103 - End integrity checks thread
2025-12-17 13:24:15,091 [ERROR] LogOutputStream:75 - [STDERR_REDIRECT] 
