2025-12-05 09:10:24,750 [INFO] Activator:176 - 


2025-12-05 09:10:24,755 [INFO] Activator:177 - !SESSION log4j initialized
2025-12-05 09:10:31,559 [INFO] LogOutputStream:77 - [STDOUT_REDIRECT] 
2025-12-05 09:10:34,135 [INFO] ApplicationProperties:184 - Using Application install path: C:\ST\STM32CubeIDE_1.16.1\STM32CubeIDE\plugins\com.st.stm32cube.common.mx_6.15.0.202507011659
2025-12-05 09:10:34,164 [INFO] DbMcusXml:78 - Set database path to: C:\ST\STM32CubeIDE_1.16.1\STM32CubeIDE\plugins\com.st.stm32cube.common.mx_6.15.0.202507011659\\db\/mcu/
2025-12-05 09:10:34,164 [INFO] ApiDb:274 - Set plugin database path to: C:\ST\STM32CubeIDE_1.16.1\STM32CubeIDE\plugins\com.st.stm32cube.common.mx_6.15.0.202507011659\\db\/plugins/boardmanager/
2025-12-05 09:10:34,165 [WARN] ApiDb:259 - Overriding images path with different value:  => C:\ST\STM32CubeIDE_1.16.1\STM32CubeIDE\plugins\com.st.stm32cube.common.mx_6.15.0.202507011659\\db\/plugins/mcufinder/images/
2025-12-05 09:10:34,189 [INFO] ApiDb:250 - Set database path to: C:\Users\user\.stmcufinder\plugins\mcufinder//mcu/
2025-12-05 09:10:34,191 [INFO] DbMcusAds:125 - Set database path to: C:\Users\user\.stmcufinder\plugins\mcufinder//mcu/
2025-12-05 09:10:34,195 [INFO] CrossReferenceDbSqlite:203 - Set database path to: C:\Users\user\.stmcufinder\plugins\mcufinder//mcu/cs/
2025-12-05 09:10:34,395 [INFO] RulesReader:64 - Compatibility file has been processed (317 Rules)
2025-12-05 09:10:34,516 [INFO] DbMcusXml:78 - Set database path to: C:\ST\STM32CubeIDE_1.16.1\STM32CubeIDE\plugins\com.st.stm32cube.common.mx_6.15.0.202507011659\\db\/mcu/
2025-12-05 09:10:34,516 [INFO] ApiDb:274 - Set plugin database path to: C:\ST\STM32CubeIDE_1.16.1\STM32CubeIDE\plugins\com.st.stm32cube.common.mx_6.15.0.202507011659\\db\/plugins/boardmanager/
2025-12-05 09:10:34,516 [INFO] ApiDb:261 - Set plugin images path to: C:\ST\STM32CubeIDE_1.16.1\STM32CubeIDE\plugins\com.st.stm32cube.common.mx_6.15.0.202507011659\\db\/plugins/mcufinder/images/
2025-12-05 09:10:34,516 [WARN] DbFile:41 - Overriding database path with different value: C:\Users\user\.stmcufinder\plugins\mcufinder/ => C:\Users\user\.stmcufinder\plugins\mcufinder
2025-12-05 09:10:34,516 [INFO] ApiDb:250 - Set database path to: C:\Users\user\.stmcufinder\plugins\mcufinder//mcu/
2025-12-05 09:10:34,517 [WARN] DbFile:41 - Overriding database path with different value: C:\Users\user\.stmcufinder\plugins\mcufinder/ => C:\Users\user\.stmcufinder\plugins\mcufinder
2025-12-05 09:10:34,517 [INFO] DbMcusAds:125 - Set database path to: C:\Users\user\.stmcufinder\plugins\mcufinder//mcu/
2025-12-05 09:10:34,517 [WARN] DbFile:41 - Overriding database path with different value: C:\Users\user\.stmcufinder\plugins\mcufinder/ => C:\Users\user\.stmcufinder\plugins\mcufinder
2025-12-05 09:10:34,517 [WARN] DbFile:41 - Overriding database path with different value: C:\Users\user\.stmcufinder\plugins\mcufinder/ => C:\Users\user\.stmcufinder\plugins\mcufinder
2025-12-05 09:10:34,517 [INFO] CrossReferenceDbSqlite:203 - Set database path to: C:\Users\user\.stmcufinder\plugins\mcufinder//mcu/cs/
2025-12-05 09:10:34,622 [INFO] MainPanel:274 - HeapMemory: 268435456
2025-12-05 09:10:34,788 [INFO] DbMcusXml:78 - Set database path to: C:\ST\STM32CubeIDE_1.16.1\STM32CubeIDE\plugins\com.st.stm32cube.common.mx_6.15.0.202507011659\\db\/mcu/
2025-12-05 09:10:34,789 [INFO] ApiDb:274 - Set plugin database path to: C:\ST\STM32CubeIDE_1.16.1\STM32CubeIDE\plugins\com.st.stm32cube.common.mx_6.15.0.202507011659\\db\/plugins/boardmanager/
2025-12-05 09:10:34,789 [INFO] ApiDb:261 - Set plugin images path to: C:\ST\STM32CubeIDE_1.16.1\STM32CubeIDE\plugins\com.st.stm32cube.common.mx_6.15.0.202507011659\\db\/plugins/mcufinder/images/
2025-12-05 09:10:34,789 [WARN] DbFile:41 - Overriding database path with different value: C:\Users\user\.stmcufinder\plugins\mcufinder/ => C:\Users\user\.stmcufinder\plugins\mcufinder
2025-12-05 09:10:34,789 [INFO] ApiDb:250 - Set database path to: C:\Users\user\.stmcufinder\plugins\mcufinder//mcu/
2025-12-05 09:10:34,790 [WARN] DbFile:41 - Overriding database path with different value: C:\Users\user\.stmcufinder\plugins\mcufinder/ => C:\Users\user\.stmcufinder\plugins\mcufinder
2025-12-05 09:10:34,790 [INFO] DbMcusAds:125 - Set database path to: C:\Users\user\.stmcufinder\plugins\mcufinder//mcu/
2025-12-05 09:10:34,790 [WARN] DbFile:41 - Overriding database path with different value: C:\Users\user\.stmcufinder\plugins\mcufinder/ => C:\Users\user\.stmcufinder\plugins\mcufinder
2025-12-05 09:10:34,790 [WARN] DbFile:41 - Overriding database path with different value: C:\Users\user\.stmcufinder\plugins\mcufinder/ => C:\Users\user\.stmcufinder\plugins\mcufinder
2025-12-05 09:10:34,790 [INFO] CrossReferenceDbSqlite:203 - Set database path to: C:\Users\user\.stmcufinder\plugins\mcufinder//mcu/cs/
2025-12-05 09:10:34,822 [INFO] ApplicationProperties:184 - Using Application install path: C:\ST\STM32CubeIDE_1.16.1\STM32CubeIDE\plugins\com.st.stm32cube.common.mx_6.15.0.202507011659
2025-12-05 09:10:34,824 [INFO] PluginManage:196 - Search for loadable plugins [exclusion list=, ]
2025-12-05 09:10:34,826 [INFO] PluginManage:310 - Check plugin analytics
2025-12-05 09:10:35,104 [INFO] AnalyticsPlugin:253 - Accepted Software Licenses: STM32CubeMX.6.15.0
2025-12-05 09:10:35,104 [INFO] AnalyticsPlugin:255 - Accepted CMSIS Pack Licenses: 
2025-12-05 09:10:35,105 [INFO] AnalyticsPlugin:257 - Accepted Firmware Licenses: FW.L4.1.18.0
2025-12-05 09:10:35,108 [INFO] PluginManage:359 - Loaded plugin analytics (category:tool,tabindex:-1)
2025-12-05 09:10:35,109 [INFO] PluginManage:310 - Check plugin cadmodel
2025-12-05 09:10:35,117 [INFO] CADModel:105 - Init CAD model plugin
2025-12-05 09:10:35,117 [INFO] PluginManage:359 - Loaded plugin cadmodel (category:power,tabindex:5)
2025-12-05 09:10:35,118 [INFO] PluginManage:310 - Check plugin clock
2025-12-05 09:10:35,134 [INFO] PluginManage:359 - Loaded plugin clock (category:base,tabindex:2)
2025-12-05 09:10:35,134 [INFO] PluginManage:310 - Check plugin ddr
2025-12-05 09:10:35,138 [INFO] PluginManage:359 - Loaded plugin ddr (category:tool,tabindex:6)
2025-12-05 09:10:35,138 [INFO] PluginManage:310 - Check plugin filemanager
2025-12-05 09:10:35,381 [INFO] PluginManage:359 - Loaded plugin filemanager (category:base,tabindex:10)
2025-12-05 09:10:35,381 [INFO] PluginManage:310 - Check plugin ipmanager
2025-12-05 09:10:35,391 [INFO] PluginManage:359 - Loaded plugin ipmanager (category:base,tabindex:5)
2025-12-05 09:10:35,391 [INFO] PluginManage:310 - Check plugin lpbam
2025-12-05 09:10:35,405 [INFO] PluginManage:359 - Loaded plugin lpbam (category:base,tabindex:0)
2025-12-05 09:10:35,405 [INFO] PluginManage:310 - Check plugin memorymap
2025-12-05 09:10:35,427 [INFO] PluginManage:359 - Loaded plugin memorymap (category:base,tabindex:4)
2025-12-05 09:10:35,427 [INFO] PluginManage:310 - Check plugin pinoutandconfiguration
2025-12-05 09:10:35,443 [INFO] PluginManage:359 - Loaded plugin pinoutandconfiguration (category:base,tabindex:1)
2025-12-05 09:10:35,443 [INFO] PluginManage:310 - Check plugin pinoutconfig
2025-12-05 09:10:35,601 [WARN] SupportedApi:132 - Cannot load RTOS API schema: s4s-elt-must-match.1: The content of 'definitions' must match (annotation?, (simpleType | complexType)?, (unique | key | keyref)*)). A problem was found starting at: attribute.
2025-12-05 09:10:35,784 [INFO] PluginManage:359 - Loaded plugin pinoutconfig (category:base,tabindex:0)
2025-12-05 09:10:35,784 [INFO] PluginManage:310 - Check plugin power
2025-12-05 09:10:35,798 [INFO] PluginManage:359 - Loaded plugin power (category:power,tabindex:4)
2025-12-05 09:10:35,798 [INFO] PluginManage:310 - Check plugin projectmanager
2025-12-05 09:10:35,821 [INFO] PluginManage:359 - Loaded plugin projectmanager (category:projectmanager,tabindex:4)
2025-12-05 09:10:35,822 [INFO] PluginManage:310 - Check plugin rif
2025-12-05 09:10:35,837 [INFO] PluginManage:359 - Loaded plugin rif (category:base,tabindex:3)
2025-12-05 09:10:35,838 [INFO] PluginManage:310 - Check plugin thirdparty
2025-12-05 09:10:36,052 [INFO] PluginManage:359 - Loaded plugin thirdparty (category:base,tabindex:-1)
2025-12-05 09:10:36,052 [WARN] IntegrityCheckThread:84 - waiting for thirdparty lock release [integrity check]
2025-12-05 09:10:36,053 [INFO] PluginManage:310 - Check plugin tools
2025-12-05 09:10:36,053 [INFO] IntegrityCheckThread:86 - entering critical section [integrity check]
2025-12-05 09:10:36,053 [INFO] ThirdPartyUpdaterWithRetryManager:70 - Updater plugin not ready yet. [1/15]
2025-12-05 09:10:36,057 [INFO] PluginManage:359 - Loaded plugin tools (category:base,tabindex:7)
2025-12-05 09:10:36,057 [INFO] PluginManage:310 - Check plugin tutovideos
2025-12-05 09:10:36,332 [INFO] PluginManage:359 - Loaded plugin tutovideos (category:base,tabindex:-1)
2025-12-05 09:10:36,332 [INFO] PluginManage:310 - Check plugin updater
2025-12-05 09:10:36,365 [INFO] PluginManage:359 - Loaded plugin updater (category:base,tabindex:12)
2025-12-05 09:10:36,365 [INFO] PluginManage:310 - Check plugin userauth
2025-12-05 09:10:36,370 [INFO] UserAuth:118 - Init User Auth plugin
2025-12-05 09:10:36,371 [INFO] PluginManage:359 - Loaded plugin userauth (category:base,tabindex:14)
2025-12-05 09:10:36,372 [INFO] PluginManage:283 - PluginManage : Loaded plugins [18]
2025-12-05 09:10:36,613 [INFO] PinOutPanel:1589 - setPackage(No Configuration,No Configuration)
2025-12-05 09:10:36,712 [INFO] CADModel:165 - CPN selected for project level
2025-12-05 09:10:36,712 [INFO] CADModel:114 - Register for checkConnection events
2025-12-05 09:10:36,730 [INFO] IPUIPlugin:80 - create IPUIPlugin
2025-12-05 09:10:36,731 [INFO] PluginManager:220 - loadIPPluginJar : add adc
2025-12-05 09:10:36,733 [INFO] IPUIPlugin:80 - create IPUIPlugin
2025-12-05 09:10:36,734 [INFO] PluginManager:220 - loadIPPluginJar : add aes
2025-12-05 09:10:36,737 [INFO] IPUIPlugin:80 - create IPUIPlugin
2025-12-05 09:10:36,737 [INFO] PluginManager:220 - loadIPPluginJar : add can
2025-12-05 09:10:36,739 [INFO] IPUIPlugin:80 - create IPUIPlugin
2025-12-05 09:10:36,739 [INFO] PluginManager:220 - loadIPPluginJar : add comp
2025-12-05 09:10:36,742 [INFO] IPUIPlugin:80 - create IPUIPlugin
2025-12-05 09:10:36,742 [INFO] PluginManager:220 - loadIPPluginJar : add cryp
2025-12-05 09:10:36,745 [INFO] IPUIPlugin:80 - create IPUIPlugin
2025-12-05 09:10:36,745 [INFO] PluginManager:220 - loadIPPluginJar : add ddr_ctrl_phy
2025-12-05 09:10:36,748 [INFO] IPUIPlugin:80 - create IPUIPlugin
2025-12-05 09:10:36,748 [INFO] PluginManager:220 - loadIPPluginJar : add dfsdm
2025-12-05 09:10:36,753 [INFO] IPUIPlugin:80 - create IPUIPlugin
2025-12-05 09:10:36,753 [INFO] PluginManager:220 - loadIPPluginJar : add dma
2025-12-05 09:10:36,756 [INFO] IPUIPlugin:80 - create IPUIPlugin
2025-12-05 09:10:36,756 [INFO] PluginManager:220 - loadIPPluginJar : add dma3
2025-12-05 09:10:36,759 [INFO] IPUIPlugin:80 - create IPUIPlugin
2025-12-05 09:10:36,759 [INFO] PluginManager:220 - loadIPPluginJar : add extmemmanager
2025-12-05 09:10:36,761 [INFO] IPUIPlugin:80 - create IPUIPlugin
2025-12-05 09:10:36,761 [INFO] PluginManager:220 - loadIPPluginJar : add fatfs
2025-12-05 09:10:36,766 [INFO] IPUIPlugin:80 - create IPUIPlugin
2025-12-05 09:10:36,766 [INFO] PluginManager:220 - loadIPPluginJar : add fmc
2025-12-05 09:10:36,772 [INFO] IPUIPlugin:80 - create IPUIPlugin
2025-12-05 09:10:36,773 [INFO] PluginManager:220 - loadIPPluginJar : add freertos
2025-12-05 09:10:36,774 [INFO] IPUIPlugin:80 - create IPUIPlugin
2025-12-05 09:10:36,774 [INFO] PluginManager:220 - loadIPPluginJar : add genericplugin
2025-12-05 09:10:36,777 [INFO] IPUIPlugin:80 - create IPUIPlugin
2025-12-05 09:10:36,777 [INFO] PluginManager:220 - loadIPPluginJar : add gfxmmu
2025-12-05 09:10:36,782 [INFO] IPUIPlugin:80 - create IPUIPlugin
2025-12-05 09:10:36,782 [INFO] PluginManager:220 - loadIPPluginJar : add gic
2025-12-05 09:10:36,787 [INFO] IPUIPlugin:80 - create IPUIPlugin
2025-12-05 09:10:36,787 [INFO] PluginManager:220 - loadIPPluginJar : add gpio
2025-12-05 09:10:36,791 [INFO] IPUIPlugin:80 - create IPUIPlugin
2025-12-05 09:10:36,791 [INFO] PluginManager:220 - loadIPPluginJar : add gtzc
2025-12-05 09:10:36,794 [INFO] IPUIPlugin:80 - create IPUIPlugin
2025-12-05 09:10:36,795 [INFO] PluginManager:220 - loadIPPluginJar : add hash
2025-12-05 09:10:36,798 [INFO] IPUIPlugin:80 - create IPUIPlugin
2025-12-05 09:10:36,798 [INFO] PluginManager:220 - loadIPPluginJar : add i2c
2025-12-05 09:10:36,801 [INFO] IPUIPlugin:80 - create IPUIPlugin
2025-12-05 09:10:36,801 [INFO] PluginManager:220 - loadIPPluginJar : add i2s
2025-12-05 09:10:36,805 [INFO] IPUIPlugin:80 - create IPUIPlugin
2025-12-05 09:10:36,806 [INFO] PluginManager:220 - loadIPPluginJar : add i3c
2025-12-05 09:10:36,810 [INFO] IPUIPlugin:80 - create IPUIPlugin
2025-12-05 09:10:36,810 [INFO] PluginManager:220 - loadIPPluginJar : add ipddr
2025-12-05 09:10:36,818 [INFO] IPUIPlugin:80 - create IPUIPlugin
2025-12-05 09:10:36,818 [INFO] PluginManager:220 - loadIPPluginJar : add linkedlist
2025-12-05 09:10:36,822 [INFO] IPUIPlugin:80 - create IPUIPlugin
2025-12-05 09:10:36,822 [INFO] PluginManager:220 - loadIPPluginJar : add lorawan
2025-12-05 09:10:36,824 [INFO] IPUIPlugin:80 - create IPUIPlugin
2025-12-05 09:10:36,825 [INFO] PluginManager:220 - loadIPPluginJar : add ltdc
2025-12-05 09:10:36,830 [INFO] IPUIPlugin:80 - create IPUIPlugin
2025-12-05 09:10:36,830 [INFO] PluginManager:220 - loadIPPluginJar : add mdma
2025-12-05 09:10:36,834 [INFO] IPUIPlugin:80 - create IPUIPlugin
2025-12-05 09:10:36,835 [INFO] PluginManager:220 - loadIPPluginJar : add nvic
2025-12-05 09:10:36,838 [INFO] IPUIPlugin:80 - create IPUIPlugin
2025-12-05 09:10:36,838 [INFO] PluginManager:220 - loadIPPluginJar : add opamp
2025-12-05 09:10:36,842 [INFO] IPUIPlugin:80 - create IPUIPlugin
2025-12-05 09:10:36,842 [INFO] PluginManager:220 - loadIPPluginJar : add openamp
2025-12-05 09:10:36,846 [INFO] IPUIPlugin:80 - create IPUIPlugin
2025-12-05 09:10:36,846 [INFO] PluginManager:220 - loadIPPluginJar : add pdm2pcm
2025-12-05 09:10:36,852 [INFO] IPUIPlugin:80 - create IPUIPlugin
2025-12-05 09:10:36,855 [INFO] PluginManager:220 - loadIPPluginJar : add plateformsettings
2025-12-05 09:10:36,857 [INFO] IPUIPlugin:80 - create IPUIPlugin
2025-12-05 09:10:36,857 [INFO] PluginManager:220 - loadIPPluginJar : add quadspi
2025-12-05 09:10:36,860 [INFO] IPUIPlugin:80 - create IPUIPlugin
2025-12-05 09:10:36,860 [INFO] PluginManager:220 - loadIPPluginJar : add radio
2025-12-05 09:10:36,865 [INFO] IPUIPlugin:80 - create IPUIPlugin
2025-12-05 09:10:36,865 [INFO] PluginManager:220 - loadIPPluginJar : add resmgrutility
2025-12-05 09:10:36,868 [INFO] IPUIPlugin:80 - create IPUIPlugin
2025-12-05 09:10:36,868 [INFO] PluginManager:220 - loadIPPluginJar : add sai
2025-12-05 09:10:36,871 [INFO] IPUIPlugin:80 - create IPUIPlugin
2025-12-05 09:10:36,872 [INFO] PluginManager:220 - loadIPPluginJar : add spi
2025-12-05 09:10:36,880 [INFO] IPUIPlugin:80 - create IPUIPlugin
2025-12-05 09:10:36,880 [INFO] PluginManager:220 - loadIPPluginJar : add stm32_wpan
2025-12-05 09:10:36,882 [INFO] IPUIPlugin:80 - create IPUIPlugin
2025-12-05 09:10:36,882 [INFO] PluginManager:220 - loadIPPluginJar : add tim
2025-12-05 09:10:36,887 [INFO] IPUIPlugin:80 - create IPUIPlugin
2025-12-05 09:10:36,887 [INFO] PluginManager:220 - loadIPPluginJar : add touchsensing
2025-12-05 09:10:36,890 [INFO] IPUIPlugin:80 - create IPUIPlugin
2025-12-05 09:10:36,890 [INFO] PluginManager:220 - loadIPPluginJar : add tracer_emb
2025-12-05 09:10:36,893 [INFO] IPUIPlugin:80 - create IPUIPlugin
2025-12-05 09:10:36,893 [INFO] PluginManager:220 - loadIPPluginJar : add ts
2025-12-05 09:10:36,895 [INFO] IPUIPlugin:80 - create IPUIPlugin
2025-12-05 09:10:36,896 [INFO] PluginManager:220 - loadIPPluginJar : add tsc
2025-12-05 09:10:36,898 [INFO] IPUIPlugin:80 - create IPUIPlugin
2025-12-05 09:10:36,898 [INFO] PluginManager:220 - loadIPPluginJar : add ucpd
2025-12-05 09:10:36,901 [INFO] IPUIPlugin:80 - create IPUIPlugin
2025-12-05 09:10:36,901 [INFO] PluginManager:220 - loadIPPluginJar : add usart
2025-12-05 09:10:36,905 [INFO] IPUIPlugin:80 - create IPUIPlugin
2025-12-05 09:10:36,906 [INFO] PluginManager:220 - loadIPPluginJar : add usbx
2025-12-05 09:10:37,044 [FATAL] Updater:351 - Updater called before beeing initialized
2025-12-05 09:10:37,072 [INFO] RulesReader:64 - Compatibility file has been processed (317 Rules)
2025-12-05 09:10:37,088 [INFO] RulesReader:64 - Compatibility file has been processed (317 Rules)
2025-12-05 09:10:37,097 [INFO] CADModel:165 - CPN selected for project level
2025-12-05 09:10:37,097 [INFO] CADModel:114 - Register for checkConnection events
2025-12-05 09:10:37,097 [FATAL] Updater:351 - Updater called before beeing initialized
2025-12-05 09:10:37,097 [ERROR] CADModel:125 - Updater not yet initialized, retry later 
2025-12-05 09:10:37,267 [FATAL] Updater:351 - Updater called before beeing initialized
2025-12-05 09:10:37,270 [INFO] CADModel:165 - CPN selected for project level
2025-12-05 09:10:37,270 [INFO] CADModel:114 - Register for checkConnection events
2025-12-05 09:10:37,270 [FATAL] Updater:351 - Updater called before beeing initialized
2025-12-05 09:10:37,270 [ERROR] CADModel:125 - Updater not yet initialized, retry later 
2025-12-05 09:10:37,274 [FATAL] Updater:351 - Updater called before beeing initialized
2025-12-05 09:10:37,434 [FATAL] Updater:351 - Updater called before beeing initialized
2025-12-05 09:10:37,440 [INFO] DbMcusAds:53 - JSON generation date=Tue Nov 25 15:08:32 CET 2025 (1764079712835)
2025-12-05 09:10:37,440 [FATAL] Updater:351 - Updater called before beeing initialized
2025-12-05 09:10:37,487 [WARN] DetailPanel:346 - Failed to get advertising image, set to default
2025-12-05 09:10:37,576 [FATAL] Updater:351 - Updater called before beeing initialized
2025-12-05 09:10:37,577 [FATAL] Updater:351 - Updater called before beeing initialized
2025-12-05 09:10:37,577 [FATAL] Updater:351 - Updater called before beeing initialized
2025-12-05 09:10:37,577 [WARN] DetailPanel:346 - Failed to get advertising image, set to default
2025-12-05 09:10:37,578 [FATAL] Updater:351 - Updater called before beeing initialized
2025-12-05 09:10:37,678 [ERROR] Updater:1198 - MainUpdater not yet initialized. External WinMGr cannot be set.
2025-12-05 09:10:37,680 [INFO] Updater:1134 - Updater Version found : 6.15.0
2025-12-05 09:10:37,696 [INFO] ApplicationProperties:184 - Using Application install path: C:\ST\STM32CubeIDE_1.16.1\STM32CubeIDE\plugins\com.st.stm32cube.common.mx_6.15.0.202507011659
2025-12-05 09:10:39,055 [INFO] ThirdPartyUpdaterWithRetryManager:70 - Updater plugin not ready yet. [2/15]
2025-12-05 09:10:39,280 [ERROR] LogOutputStream:75 - [STDERR_REDIRECT] Dec 05, 2025 9:10:39 AM java.util.prefs.WindowsPreferences <init>
2025-12-05 09:10:39,281 [ERROR] LogOutputStream:75 - [STDERR_REDIRECT] WARNING: Could not open/create prefs root node Software\JavaSoft\Prefs at root 0xffffffff80000002. Windows RegCreateKeyEx(...) returned error code 5.
2025-12-05 09:10:39,281 [ERROR] LogOutputStream:75 - [STDERR_REDIRECT] 
2025-12-05 09:10:39,669 [INFO] MainUpdater:2872 - connection check result : 10
2025-12-05 09:10:39,670 [INFO] MainUpdater:289 - Updater Check For Update Now.
2025-12-05 09:10:39,670 [INFO] MicroXplorer:498 - Change Database Version : DB.6.0.150
2025-12-05 09:10:39,677 [INFO] McuFinderGlobals:63 - Set McuFinder mode to 2 (CubeIDE integrated)
2025-12-05 09:10:39,678 [INFO] UserAuth:171 - activating auth plugin
2025-12-05 09:10:39,681 [INFO] UserAuth:487 - Internet connection configuration mode: 1
2025-12-05 09:10:39,707 [INFO] JxBrowserEngine:152 - Initiate JxBrowser Engine with user profile folder
2025-12-05 09:10:39,902 [INFO] CheckServerUpdateThread:120 - End of CheckServer Thread
2025-12-05 09:10:42,341 [INFO] WebApp:169 - Instantiating new browser for Auth
2025-12-05 09:10:42,550 [WARN] PackLoader:240 - Cannot read IP mode file for STMicroelectronics.FP-SNS-MOTENVWB1.1.4.0
2025-12-05 09:10:42,565 [WARN] PackLoader:240 - Cannot read IP mode file for STMicroelectronics.FP-ATR-ASTRA1.2.0.2
2025-12-05 09:10:42,581 [WARN] PackLoader:240 - Cannot read IP mode file for STMicroelectronics.X-CUBE-SMBUS.2.1.0
2025-12-05 09:10:42,590 [WARN] PackLoader:240 - Cannot read IP mode file for STMicroelectronics.X-CUBE-ST60.1.0.0
2025-12-05 09:10:42,651 [WARN] PackLoader:240 - Cannot read IP mode file for STMicroelectronics.X-CUBE-AZRTOS-F7.1.1.0
2025-12-05 09:10:42,666 [WARN] PackLoader:240 - Cannot read IP mode file for Cesanta.I-CUBE-Mongoose.7.19.0
2025-12-05 09:10:42,764 [WARN] PackLoader:240 - Cannot read IP mode file for STMicroelectronics.X-CUBE-MEMS1.11.0.0
2025-12-05 09:10:43,008 [WARN] PackLoader:240 - Cannot read IP mode file for STMicroelectronics.FP-SNS-MOTENV1.5.1.0
2025-12-05 09:10:43,020 [WARN] PackLoader:240 - Cannot read IP mode file for WES.I-CUBE-Cesium.1.4.0
2025-12-05 09:10:43,024 [WARN] PackLoader:240 - Cannot read IP mode file for STMicroelectronics.FP-SNS-FLIGHT1.5.0.2
2025-12-05 09:10:43,064 [WARN] PackLoader:240 - Cannot read IP mode file for Infineon.AIROC-Wi-Fi-Bluetooth-STM32.1.7.1
2025-12-05 09:10:43,105 [WARN] PackLoader:240 - Cannot read IP mode file for STMicroelectronics.X-CUBE-AZRTOS-H7.3.4.0
2025-12-05 09:10:43,119 [WARN] PackLoader:240 - Cannot read IP mode file for STMicroelectronics.X-CUBE-DISPLAY.3.0.0
2025-12-05 09:10:43,133 [WARN] PackLoader:240 - Cannot read IP mode file for STMicroelectronics.X-CUBE-BLE1.7.0.0
2025-12-05 09:10:43,143 [WARN] PackLoader:240 - Cannot read IP mode file for STMicroelectronics.X-CUBE-NFC10.1.0.0
2025-12-05 09:10:43,153 [WARN] PackLoader:240 - Cannot read IP mode file for STMicroelectronics.X-CUBE-ST60.1.1.0
2025-12-05 09:10:43,166 [WARN] PackLoader:240 - Cannot read IP mode file for emotas.I-CUBE-CANOPEN.1.3.0
2025-12-05 09:10:43,174 [WARN] PackLoader:240 - Cannot read IP mode file for STMicroelectronics.X-CUBE-GNSS1.7.1.0
2025-12-05 09:10:43,191 [WARN] PackLoader:240 - Cannot read IP mode file for STMicroelectronics.X-CUBE-BLEMGR.3.1.0
2025-12-05 09:10:43,204 [WARN] PackLoader:240 - Cannot read IP mode file for STMicroelectronics.FP-SNS-STBOX1.2.1.0
2025-12-05 09:10:43,212 [WARN] PackLoader:240 - Cannot read IP mode file for STMicroelectronics.FP-SNS-SMARTAG2.1.2.0
2025-12-05 09:10:43,217 [WARN] PackLoader:240 - Cannot read IP mode file for STMicroelectronics.FP-SNS-FLIGHT1.5.1.0
2025-12-05 09:10:43,228 [INFO] LogOutputStream:77 - [STDOUT_REDIRECT] 1 : Invalid condition id : UX_CORESTACK_Condition cause : null
2025-12-05 09:10:43,229 [INFO] LogOutputStream:77 - [STDOUT_REDIRECT] 1 : Invalid condition id : UX_CORESTACK_Condition cause : null
2025-12-05 09:10:43,231 [INFO] LogOutputStream:77 - [STDOUT_REDIRECT] 1 : Invalid condition id : UX_CORESTACK_Condition cause : null
2025-12-05 09:10:43,233 [INFO] LogOutputStream:77 - [STDOUT_REDIRECT] 1 : Invalid condition id : UX_CORESTACK_Condition cause : null
2025-12-05 09:10:43,244 [INFO] LogOutputStream:77 - [STDOUT_REDIRECT] 1 : Invalid condition id : UX_CORESTACK_Condition cause : null
2025-12-05 09:10:43,249 [WARN] PackLoader:240 - Cannot read IP mode file for STMicroelectronics.X-CUBE-AZRTOS-WL.2.0.0
2025-12-05 09:10:43,255 [WARN] PackLoader:240 - Cannot read IP mode file for STMicroelectronics.FP-SNS-MOTENV1.5.0.0
2025-12-05 09:10:43,280 [WARN] PackLoader:240 - Cannot read IP mode file for STMicroelectronics.X-CUBE-AZRTOS-H7RS.1.2.0
2025-12-05 09:10:43,287 [WARN] PackLoader:240 - Cannot read IP mode file for wolfSSL.I-CUBE-wolfMQTT.1.19.0
2025-12-05 09:10:43,292 [WARN] PackLoader:240 - Cannot read IP mode file for WES.I-CUBE-Cesium.1.3.0
2025-12-05 09:10:43,298 [WARN] PackLoader:240 - Cannot read IP mode file for STMicroelectronics.X-CUBE-BLE2.3.3.0
2025-12-05 09:10:43,322 [WARN] PackLoader:240 - Cannot read IP mode file for STMicroelectronics.X-CUBE-NFC9.1.0.0
2025-12-05 09:10:43,329 [WARN] PackLoader:240 - Cannot read IP mode file for wolfSSL.I-CUBE-wolfSSL.5.8.2
2025-12-05 09:10:43,334 [WARN] PackLoader:240 - Cannot read IP mode file for STMicroelectronics.X-CUBE-BLE1.7.1.0
2025-12-05 09:10:43,337 [WARN] PackLoader:240 - Cannot read IP mode file for wolfSSL.I-CUBE-wolfMQTT.1.19.2
2025-12-05 09:10:43,343 [WARN] PackLoader:240 - Cannot read IP mode file for STMicroelectronics.X-CUBE-TCPP.4.1.0
2025-12-05 09:10:43,350 [WARN] PackLoader:240 - Cannot read IP mode file for STMicroelectronics.X-CUBE-FREERTOS.1.4.0
2025-12-05 09:10:43,356 [WARN] PackLoader:240 - Cannot read IP mode file for STMicroelectronics.X-CUBE-EEPRMA1.5.2.0
2025-12-05 09:10:43,365 [WARN] PackLoader:240 - Cannot read IP mode file for STMicroelectronics.X-CUBE-ST67W61.1.1.0
2025-12-05 09:10:43,416 [WARN] PackLoader:240 - Cannot read IP mode file for STMicroelectronics.X-CUBE-MEMS1.12.0.0
2025-12-05 09:10:43,589 [WARN] PackLoader:240 - Cannot read IP mode file for STMicroelectronics.X-CUBE-AZRTOS-G0.1.1.0
2025-12-05 09:10:43,603 [WARN] PackLoader:240 - Cannot read IP mode file for STMicroelectronics.X-CUBE-SAFEA1.1.2.2
2025-12-05 09:10:43,611 [WARN] PackLoader:240 - Cannot read IP mode file for STMicroelectronics.X-CUBE-NFC4.3.0.0
2025-12-05 09:10:43,626 [WARN] PackLoader:240 - Cannot read IP mode file for EmbeddedOffice.I-CUBE-FS-RTOS.1.0.1
2025-12-05 09:10:43,637 [INFO] WebApp:463 - Apply proxy settings
2025-12-05 09:10:43,637 [WARN] PackLoader:240 - Cannot read IP mode file for STMicroelectronics.X-CUBE-WB05N.2.0.0
2025-12-05 09:10:43,637 [INFO] WebApp:548 - Chromium requires no authentication
2025-12-05 09:10:43,643 [WARN] PackLoader:240 - Cannot read IP mode file for wolfSSL.I-CUBE-wolfTPM.3.8.0
2025-12-05 09:10:43,650 [WARN] PackLoader:240 - Cannot read IP mode file for STMicroelectronics.X-CUBE-TCPP.4.2.0
2025-12-05 09:10:43,656 [INFO] WebApp:491 - Direct internet connection detected
2025-12-05 09:10:43,664 [WARN] PackLoader:240 - Cannot read IP mode file for RealThread.X-CUBE-RT-Thread_Nano.4.1.1
2025-12-05 09:10:43,680 [WARN] PackLoader:240 - Cannot read IP mode file for STMicroelectronics.FP-ATR-SIGFOX1.3.2.0
2025-12-05 09:10:43,690 [WARN] PackLoader:240 - Cannot read IP mode file for wolfSSL.I-CUBE-wolfSSL.5.7.2
2025-12-05 09:10:43,699 [WARN] PackLoader:240 - Cannot read IP mode file for STMicroelectronics.X-CUBE-EEPRMA1.5.1.0
2025-12-05 09:10:43,710 [WARN] PackLoader:240 - Cannot read IP mode file for ITTIA_DB.I-CUBE-ITTIADB.8.9.0
2025-12-05 09:10:43,717 [WARN] PackLoader:240 - Cannot read IP mode file for STMicroelectronics.X-CUBE-ST67W61.1.0.0
2025-12-05 09:10:43,754 [WARN] PackLoader:240 - Cannot read IP mode file for STMicroelectronics.X-CUBE-AI.10.2.0
2025-12-05 09:10:43,817 [INFO] WebApp:900 - Register for checkConnection events
2025-12-05 09:10:43,817 [INFO] WebApp:463 - Apply proxy settings
2025-12-05 09:10:43,817 [INFO] WebApp:548 - Chromium requires no authentication
2025-12-05 09:10:43,818 [INFO] WebApp:491 - Direct internet connection detected
2025-12-05 09:10:43,945 [INFO] WebApp:191 - Connection restablished
2025-12-05 09:10:43,949 [WARN] PackLoader:240 - Cannot read IP mode file for SEGGER.I-CUBE-embOS.1.3.1
2025-12-05 09:10:44,014 [WARN] PackLoader:240 - Cannot read IP mode file for STMicroelectronics.X-CUBE-ALGOBUILD.1.4.0
2025-12-05 09:10:44,105 [WARN] PackLoader:240 - Cannot read IP mode file for STMicroelectronics.X-CUBE-MEMS1.11.3.0
2025-12-05 09:10:44,343 [WARN] PackLoader:240 - Cannot read IP mode file for STMicroelectronics.X-CUBE-PM33A1.1.0.0
2025-12-05 09:10:44,365 [WARN] PackLoader:240 - Cannot read IP mode file for STMicroelectronics.X-CUBE-AZRTOS-F4.1.1.0
2025-12-05 09:10:44,374 [WARN] PackLoader:240 - Cannot read IP mode file for STMicroelectronics.X-CUBE-ISPU.2.1.0
2025-12-05 09:10:44,391 [WARN] PackLoader:240 - Cannot read IP mode file for STMicroelectronics.X-CUBE-IPS.3.2.0
2025-12-05 09:10:44,405 [WARN] PackLoader:240 - Cannot read IP mode file for STMicroelectronics.X-CUBE-FREERTOS.1.2.0
2025-12-05 09:10:44,414 [WARN] PackLoader:240 - Cannot read IP mode file for STMicroelectronics.X-CUBE-NFC12.1.0.0
2025-12-05 09:10:44,441 [WARN] PackLoader:240 - Cannot read IP mode file for STMicroelectronics.X-CUBE-AZRTOS-L5.2.0.0
2025-12-05 09:10:44,454 [WARN] PackLoader:240 - Cannot read IP mode file for STMicroelectronics.X-CUBE-NFC6.3.1.0
2025-12-05 09:10:44,463 [WARN] PackLoader:240 - Cannot read IP mode file for STMicroelectronics.X-CUBE-DPower.1.2.0
2025-12-05 09:10:44,467 [WARN] PackLoader:240 - Cannot read IP mode file for STMicroelectronics.X-CUBE-AI.9.0.0
2025-12-05 09:10:44,474 [WARN] PackLoader:240 - Cannot read IP mode file for STMicroelectronics.X-CUBE-FREERTOS.1.3.1
2025-12-05 09:10:44,480 [WARN] PackLoader:240 - Cannot read IP mode file for STMicroelectronics.X-CUBE-NFC7.1.0.1
2025-12-05 09:10:44,488 [WARN] PackLoader:240 - Cannot read IP mode file for STMicroelectronics.X-CUBE-TOUCHGFX.4.26.0
2025-12-05 09:10:44,495 [WARN] PackLoader:240 - Cannot read IP mode file for STMicroelectronics.FP-SNS-STAIOTCFT.1.0.0
2025-12-05 09:10:44,500 [WARN] PackLoader:240 - Cannot read IP mode file for STMicroelectronics.X-CUBE-DPower.1.3.0
2025-12-05 09:10:44,506 [INFO] WebApp:225 - Starting web application
2025-12-05 09:10:44,506 [INFO] WebApp:593 - Web application path used C:\ST\STM32CubeIDE_1.16.1\STM32CubeIDE\plugins\com.st.stm32cube.common.mx_6.15.0.202507011659\db\plugins\mcufinder\reactClient1\index.html
2025-12-05 09:10:44,529 [WARN] ConditionMgr:438 - getConditionDescription Invalid condition id : LAN8742 Phy interface Condition cause : null
2025-12-05 09:10:44,531 [WARN] PackLoader:240 - Cannot read IP mode file for STMicroelectronics.X-CUBE-AZRTOS-L4.2.0.0
2025-12-05 09:10:44,546 [WARN] ConditionMgr:1044 - genDependencies : Invalid condition id : LAN8742 Phy interface Condition cause : null
2025-12-05 09:10:44,547 [WARN] ConditionMgr:1044 - genDependencies : Invalid condition id : LAN8742 Phy interface Condition cause : null
2025-12-05 09:10:44,547 [WARN] ConditionMgr:1044 - genDependencies : Invalid condition id : LAN8742 Phy interface Condition cause : null
2025-12-05 09:10:44,557 [WARN] PackLoader:240 - Cannot read IP mode file for STMicroelectronics.X-CUBE-SFXS2LP1.4.0.0
2025-12-05 09:10:44,563 [ERROR] Engine:466 - STMicroelectronics.X-CUBE-AI.10.2.0: Software pack already exists
2025-12-05 09:10:44,586 [WARN] PackLoader:240 - Cannot read IP mode file for STMicroelectronics.X-CUBE-AZRTOS-H7.3.3.0
2025-12-05 09:10:44,610 [WARN] PackLoader:240 - Cannot read IP mode file for STMicroelectronics.X-CUBE-BLEMGR.4.1.0
2025-12-05 09:10:44,632 [WARN] ConditionMgr:438 - getConditionDescription Invalid condition id : UX DEVICE CLASS RTOS Condition cause : null
2025-12-05 09:10:44,632 [WARN] ConditionMgr:438 - getConditionDescription Invalid condition id : UX DEVICE CLASS RTOS Condition cause : null
2025-12-05 09:10:44,635 [WARN] PackLoader:240 - Cannot read IP mode file for STMicroelectronics.X-CUBE-AZRTOS-WB.2.0.0
2025-12-05 09:10:44,636 [WARN] ConditionMgr:1044 - genDependencies : Invalid condition id : UX DEVICE CLASS RTOS Condition cause : null
2025-12-05 09:10:44,637 [WARN] ConditionMgr:1044 - genDependencies : Invalid condition id : UX DEVICE CLASS RTOS Condition cause : null
2025-12-05 09:10:44,638 [WARN] ConditionMgr:1044 - genDependencies : Invalid condition id : UX DEVICE CLASS RTOS Condition cause : null
2025-12-05 09:10:44,638 [WARN] ConditionMgr:1044 - genDependencies : Invalid condition id : UX DEVICE CLASS RTOS Condition cause : null
2025-12-05 09:10:44,638 [WARN] ConditionMgr:1044 - genDependencies : Invalid condition id : UX DEVICE CLASS RTOS Condition cause : null
2025-12-05 09:10:44,645 [WARN] PackLoader:240 - Cannot read IP mode file for STMicroelectronics.X-CUBE-GNSS1.7.0.0
2025-12-05 09:10:44,654 [WARN] PackLoader:240 - Cannot read IP mode file for STMicroelectronics.X-CUBE-GNSS1.7.0.1
2025-12-05 09:10:44,661 [WARN] PackLoader:240 - Cannot read IP mode file for STMicroelectronics.FP-SNS-STBOX1.2.0.0
2025-12-05 09:10:44,668 [WARN] ConditionMgr:438 - getConditionDescription Invalid condition id : Cortex-A Device cause : null
2025-12-05 09:10:44,679 [WARN] ConditionMgr:1044 - genDependencies : Invalid condition id : Cortex-A Device cause : null
2025-12-05 09:10:44,679 [WARN] ConditionMgr:1044 - genDependencies : Invalid condition id : Cortex-A Device cause : null
2025-12-05 09:10:44,679 [WARN] ConditionMgr:1044 - genDependencies : Invalid condition id : Cortex-A Device cause : null
2025-12-05 09:10:44,691 [WARN] PackLoader:240 - Cannot read IP mode file for STMicroelectronics.X-CUBE-SUBG2.5.0.0
2025-12-05 09:10:44,720 [WARN] PackLoader:240 - Cannot read IP mode file for STMicroelectronics.X-CUBE-AZRTOS-H7RS.1.1.0
2025-12-05 09:10:44,744 [WARN] PackLoader:240 - Cannot read IP mode file for Cesanta.I-CUBE-Mongoose.7.13.0
2025-12-05 09:10:44,762 [WARN] PackLoader:240 - Cannot read IP mode file for STMicroelectronics.X-CUBE-AZRTOS-G4.2.0.0
2025-12-05 09:10:44,768 [WARN] PackLoader:240 - Cannot read IP mode file for wolfSSL.I-CUBE-wolfSSH.1.4.20
2025-12-05 09:10:44,772 [WARN] PackLoader:240 - Cannot read IP mode file for STMicroelectronics.X-CUBE-NFC7.2.0.0
2025-12-05 09:10:44,777 [WARN] PackLoader:240 - Cannot read IP mode file for STMicroelectronics.X-CUBE-ALS.1.0.2
2025-12-05 09:10:44,781 [WARN] PackLoader:240 - Cannot read IP mode file for STMicroelectronics.X-CUBE-TOUCHGFX.4.24.0
2025-12-05 09:10:44,789 [WARN] PackLoader:240 - Cannot read IP mode file for STMicroelectronics.X-CUBE-STSE01.1.0.0
2025-12-05 09:10:44,794 [WARN] PackLoader:240 - Cannot read IP mode file for wolfSSL.I-CUBE-wolfTPM.3.4.0
2025-12-05 09:10:44,801 [WARN] PackLoader:240 - Cannot read IP mode file for portGmbH.I-Cube-SoM-uGOAL.1.1.0
2025-12-05 09:10:44,823 [WARN] PackLoader:240 - Cannot read IP mode file for STMicroelectronics.X-CUBE-AZRTOS-H7RS.1.0.0
2025-12-05 09:10:44,831 [WARN] PackLoader:240 - Cannot read IP mode file for STMicroelectronics.FP-ATR-ASTRA1.2.0.0
2025-12-05 09:10:44,848 [WARN] PackLoader:240 - Cannot read IP mode file for STMicroelectronics.X-CUBE-TOF1.3.4.2
2025-12-05 09:10:44,871 [WARN] PackLoader:240 - Cannot read IP mode file for STMicroelectronics.X-CUBE-TOF1.3.4.3
2025-12-05 09:10:44,901 [WARN] PackLoader:240 - Cannot read IP mode file for Infineon.AIROC-Wi-Fi-Bluetooth-STM32.1.6.1
2025-12-05 09:10:44,909 [WARN] PackLoader:240 - Cannot read IP mode file for wolfSSL.I-CUBE-wolfSSH.1.4.17
2025-12-05 09:10:44,910 [INFO] ThirdParty:978 - Integrity check success = true
2025-12-05 09:10:44,910 [INFO] IntegrityCheckThread:100 - exiting critical section [integrity check]
2025-12-05 09:10:44,910 [INFO] IntegrityCheckThread:103 - End integrity checks thread
2025-12-05 11:19:28,587 [ERROR] LogOutputStream:75 - [STDERR_REDIRECT] 
2025-12-05 14:54:21,555 [INFO] Activator:176 - 


2025-12-05 14:54:21,557 [INFO] Activator:177 - !SESSION log4j initialized
2025-12-05 14:54:30,576 [INFO] LogOutputStream:77 - [STDOUT_REDIRECT] 
2025-12-05 14:54:33,610 [INFO] ApplicationProperties:184 - Using Application install path: C:\ST\STM32CubeIDE_1.16.1\STM32CubeIDE\plugins\com.st.stm32cube.common.mx_6.15.0.202507011659
2025-12-05 14:54:33,629 [INFO] DbMcusXml:78 - Set database path to: C:\ST\STM32CubeIDE_1.16.1\STM32CubeIDE\plugins\com.st.stm32cube.common.mx_6.15.0.202507011659\\db\/mcu/
2025-12-05 14:54:33,629 [INFO] ApiDb:274 - Set plugin database path to: C:\ST\STM32CubeIDE_1.16.1\STM32CubeIDE\plugins\com.st.stm32cube.common.mx_6.15.0.202507011659\\db\/plugins/boardmanager/
2025-12-05 14:54:33,630 [WARN] ApiDb:259 - Overriding images path with different value:  => C:\ST\STM32CubeIDE_1.16.1\STM32CubeIDE\plugins\com.st.stm32cube.common.mx_6.15.0.202507011659\\db\/plugins/mcufinder/images/
2025-12-05 14:54:33,639 [INFO] ApiDb:250 - Set database path to: C:\Users\user\.stmcufinder\plugins\mcufinder//mcu/
2025-12-05 14:54:33,640 [INFO] DbMcusAds:125 - Set database path to: C:\Users\user\.stmcufinder\plugins\mcufinder//mcu/
2025-12-05 14:54:33,642 [INFO] CrossReferenceDbSqlite:203 - Set database path to: C:\Users\user\.stmcufinder\plugins\mcufinder//mcu/cs/
2025-12-05 14:54:33,779 [INFO] RulesReader:64 - Compatibility file has been processed (317 Rules)
2025-12-05 14:54:33,865 [INFO] DbMcusXml:78 - Set database path to: C:\ST\STM32CubeIDE_1.16.1\STM32CubeIDE\plugins\com.st.stm32cube.common.mx_6.15.0.202507011659\\db\/mcu/
2025-12-05 14:54:33,865 [INFO] ApiDb:274 - Set plugin database path to: C:\ST\STM32CubeIDE_1.16.1\STM32CubeIDE\plugins\com.st.stm32cube.common.mx_6.15.0.202507011659\\db\/plugins/boardmanager/
2025-12-05 14:54:33,865 [INFO] ApiDb:261 - Set plugin images path to: C:\ST\STM32CubeIDE_1.16.1\STM32CubeIDE\plugins\com.st.stm32cube.common.mx_6.15.0.202507011659\\db\/plugins/mcufinder/images/
2025-12-05 14:54:33,865 [WARN] DbFile:41 - Overriding database path with different value: C:\Users\user\.stmcufinder\plugins\mcufinder/ => C:\Users\user\.stmcufinder\plugins\mcufinder
2025-12-05 14:54:33,866 [INFO] ApiDb:250 - Set database path to: C:\Users\user\.stmcufinder\plugins\mcufinder//mcu/
2025-12-05 14:54:33,866 [WARN] DbFile:41 - Overriding database path with different value: C:\Users\user\.stmcufinder\plugins\mcufinder/ => C:\Users\user\.stmcufinder\plugins\mcufinder
2025-12-05 14:54:33,866 [INFO] DbMcusAds:125 - Set database path to: C:\Users\user\.stmcufinder\plugins\mcufinder//mcu/
2025-12-05 14:54:33,866 [WARN] DbFile:41 - Overriding database path with different value: C:\Users\user\.stmcufinder\plugins\mcufinder/ => C:\Users\user\.stmcufinder\plugins\mcufinder
2025-12-05 14:54:33,866 [WARN] DbFile:41 - Overriding database path with different value: C:\Users\user\.stmcufinder\plugins\mcufinder/ => C:\Users\user\.stmcufinder\plugins\mcufinder
2025-12-05 14:54:33,866 [INFO] CrossReferenceDbSqlite:203 - Set database path to: C:\Users\user\.stmcufinder\plugins\mcufinder//mcu/cs/
2025-12-05 14:54:33,950 [INFO] MainPanel:274 - HeapMemory: 268435456
2025-12-05 14:54:34,077 [INFO] DbMcusXml:78 - Set database path to: C:\ST\STM32CubeIDE_1.16.1\STM32CubeIDE\plugins\com.st.stm32cube.common.mx_6.15.0.202507011659\\db\/mcu/
2025-12-05 14:54:34,077 [INFO] ApiDb:274 - Set plugin database path to: C:\ST\STM32CubeIDE_1.16.1\STM32CubeIDE\plugins\com.st.stm32cube.common.mx_6.15.0.202507011659\\db\/plugins/boardmanager/
2025-12-05 14:54:34,077 [INFO] ApiDb:261 - Set plugin images path to: C:\ST\STM32CubeIDE_1.16.1\STM32CubeIDE\plugins\com.st.stm32cube.common.mx_6.15.0.202507011659\\db\/plugins/mcufinder/images/
2025-12-05 14:54:34,077 [WARN] DbFile:41 - Overriding database path with different value: C:\Users\user\.stmcufinder\plugins\mcufinder/ => C:\Users\user\.stmcufinder\plugins\mcufinder
2025-12-05 14:54:34,077 [INFO] ApiDb:250 - Set database path to: C:\Users\user\.stmcufinder\plugins\mcufinder//mcu/
2025-12-05 14:54:34,077 [WARN] DbFile:41 - Overriding database path with different value: C:\Users\user\.stmcufinder\plugins\mcufinder/ => C:\Users\user\.stmcufinder\plugins\mcufinder
2025-12-05 14:54:34,077 [INFO] DbMcusAds:125 - Set database path to: C:\Users\user\.stmcufinder\plugins\mcufinder//mcu/
2025-12-05 14:54:34,077 [WARN] DbFile:41 - Overriding database path with different value: C:\Users\user\.stmcufinder\plugins\mcufinder/ => C:\Users\user\.stmcufinder\plugins\mcufinder
2025-12-05 14:54:34,078 [WARN] DbFile:41 - Overriding database path with different value: C:\Users\user\.stmcufinder\plugins\mcufinder/ => C:\Users\user\.stmcufinder\plugins\mcufinder
2025-12-05 14:54:34,078 [INFO] CrossReferenceDbSqlite:203 - Set database path to: C:\Users\user\.stmcufinder\plugins\mcufinder//mcu/cs/
2025-12-05 14:54:34,096 [INFO] ApplicationProperties:184 - Using Application install path: C:\ST\STM32CubeIDE_1.16.1\STM32CubeIDE\plugins\com.st.stm32cube.common.mx_6.15.0.202507011659
2025-12-05 14:54:34,097 [INFO] PluginManage:196 - Search for loadable plugins [exclusion list=, ]
2025-12-05 14:54:34,099 [INFO] PluginManage:310 - Check plugin analytics
2025-12-05 14:54:34,358 [INFO] AnalyticsPlugin:253 - Accepted Software Licenses: STM32CubeMX.6.15.0
2025-12-05 14:54:34,358 [INFO] AnalyticsPlugin:255 - Accepted CMSIS Pack Licenses: 
2025-12-05 14:54:34,359 [INFO] AnalyticsPlugin:257 - Accepted Firmware Licenses: FW.L4.1.18.0
2025-12-05 14:54:34,362 [INFO] PluginManage:359 - Loaded plugin analytics (category:tool,tabindex:-1)
2025-12-05 14:54:34,363 [INFO] PluginManage:310 - Check plugin cadmodel
2025-12-05 14:54:34,369 [INFO] CADModel:105 - Init CAD model plugin
2025-12-05 14:54:34,369 [INFO] PluginManage:359 - Loaded plugin cadmodel (category:power,tabindex:5)
2025-12-05 14:54:34,370 [INFO] PluginManage:310 - Check plugin clock
2025-12-05 14:54:34,383 [INFO] PluginManage:359 - Loaded plugin clock (category:base,tabindex:2)
2025-12-05 14:54:34,383 [INFO] PluginManage:310 - Check plugin ddr
2025-12-05 14:54:34,386 [INFO] PluginManage:359 - Loaded plugin ddr (category:tool,tabindex:6)
2025-12-05 14:54:34,387 [INFO] PluginManage:310 - Check plugin filemanager
2025-12-05 14:54:34,561 [INFO] PluginManage:359 - Loaded plugin filemanager (category:base,tabindex:10)
2025-12-05 14:54:34,562 [INFO] PluginManage:310 - Check plugin ipmanager
2025-12-05 14:54:34,570 [INFO] PluginManage:359 - Loaded plugin ipmanager (category:base,tabindex:5)
2025-12-05 14:54:34,571 [INFO] PluginManage:310 - Check plugin lpbam
2025-12-05 14:54:34,582 [INFO] PluginManage:359 - Loaded plugin lpbam (category:base,tabindex:0)
2025-12-05 14:54:34,582 [INFO] PluginManage:310 - Check plugin memorymap
2025-12-05 14:54:34,597 [INFO] PluginManage:359 - Loaded plugin memorymap (category:base,tabindex:4)
2025-12-05 14:54:34,597 [INFO] PluginManage:310 - Check plugin pinoutandconfiguration
2025-12-05 14:54:34,608 [INFO] PluginManage:359 - Loaded plugin pinoutandconfiguration (category:base,tabindex:1)
2025-12-05 14:54:34,608 [INFO] PluginManage:310 - Check plugin pinoutconfig
2025-12-05 14:54:34,713 [WARN] SupportedApi:132 - Cannot load RTOS API schema: s4s-elt-must-match.1: The content of 'definitions' must match (annotation?, (simpleType | complexType)?, (unique | key | keyref)*)). A problem was found starting at: attribute.
2025-12-05 14:54:34,895 [INFO] PluginManage:359 - Loaded plugin pinoutconfig (category:base,tabindex:0)
2025-12-05 14:54:34,895 [INFO] PluginManage:310 - Check plugin power
2025-12-05 14:54:34,909 [INFO] PluginManage:359 - Loaded plugin power (category:power,tabindex:4)
2025-12-05 14:54:34,909 [INFO] PluginManage:310 - Check plugin projectmanager
2025-12-05 14:54:34,938 [INFO] PluginManage:359 - Loaded plugin projectmanager (category:projectmanager,tabindex:4)
2025-12-05 14:54:34,939 [INFO] PluginManage:310 - Check plugin rif
2025-12-05 14:54:34,953 [INFO] PluginManage:359 - Loaded plugin rif (category:base,tabindex:3)
2025-12-05 14:54:34,953 [INFO] PluginManage:310 - Check plugin thirdparty
2025-12-05 14:54:35,176 [INFO] PluginManage:359 - Loaded plugin thirdparty (category:base,tabindex:-1)
2025-12-05 14:54:35,176 [WARN] IntegrityCheckThread:84 - waiting for thirdparty lock release [integrity check]
2025-12-05 14:54:35,176 [INFO] PluginManage:310 - Check plugin tools
2025-12-05 14:54:35,177 [INFO] IntegrityCheckThread:86 - entering critical section [integrity check]
2025-12-05 14:54:35,177 [INFO] ThirdPartyUpdaterWithRetryManager:70 - Updater plugin not ready yet. [1/15]
2025-12-05 14:54:35,180 [INFO] PluginManage:359 - Loaded plugin tools (category:base,tabindex:7)
2025-12-05 14:54:35,180 [INFO] PluginManage:310 - Check plugin tutovideos
2025-12-05 14:54:35,523 [INFO] PluginManage:359 - Loaded plugin tutovideos (category:base,tabindex:-1)
2025-12-05 14:54:35,523 [INFO] PluginManage:310 - Check plugin updater
2025-12-05 14:54:35,562 [INFO] PluginManage:359 - Loaded plugin updater (category:base,tabindex:12)
2025-12-05 14:54:35,562 [INFO] PluginManage:310 - Check plugin userauth
2025-12-05 14:54:35,567 [INFO] UserAuth:118 - Init User Auth plugin
2025-12-05 14:54:35,569 [INFO] PluginManage:359 - Loaded plugin userauth (category:base,tabindex:14)
2025-12-05 14:54:35,569 [INFO] PluginManage:283 - PluginManage : Loaded plugins [18]
2025-12-05 14:54:35,931 [INFO] PinOutPanel:1589 - setPackage(No Configuration,No Configuration)
2025-12-05 14:54:36,055 [INFO] CADModel:165 - CPN selected for project level
2025-12-05 14:54:36,055 [INFO] CADModel:114 - Register for checkConnection events
2025-12-05 14:54:36,080 [INFO] IPUIPlugin:80 - create IPUIPlugin
2025-12-05 14:54:36,080 [INFO] PluginManager:220 - loadIPPluginJar : add adc
2025-12-05 14:54:36,084 [INFO] IPUIPlugin:80 - create IPUIPlugin
2025-12-05 14:54:36,085 [INFO] PluginManager:220 - loadIPPluginJar : add aes
2025-12-05 14:54:36,089 [INFO] IPUIPlugin:80 - create IPUIPlugin
2025-12-05 14:54:36,089 [INFO] PluginManager:220 - loadIPPluginJar : add can
2025-12-05 14:54:36,092 [INFO] IPUIPlugin:80 - create IPUIPlugin
2025-12-05 14:54:36,092 [INFO] PluginManager:220 - loadIPPluginJar : add comp
2025-12-05 14:54:36,096 [INFO] IPUIPlugin:80 - create IPUIPlugin
2025-12-05 14:54:36,096 [INFO] PluginManager:220 - loadIPPluginJar : add cryp
2025-12-05 14:54:36,100 [INFO] IPUIPlugin:80 - create IPUIPlugin
2025-12-05 14:54:36,100 [INFO] PluginManager:220 - loadIPPluginJar : add ddr_ctrl_phy
2025-12-05 14:54:36,104 [INFO] IPUIPlugin:80 - create IPUIPlugin
2025-12-05 14:54:36,104 [INFO] PluginManager:220 - loadIPPluginJar : add dfsdm
2025-12-05 14:54:36,112 [INFO] IPUIPlugin:80 - create IPUIPlugin
2025-12-05 14:54:36,113 [INFO] PluginManager:220 - loadIPPluginJar : add dma
2025-12-05 14:54:36,117 [INFO] IPUIPlugin:80 - create IPUIPlugin
2025-12-05 14:54:36,117 [INFO] PluginManager:220 - loadIPPluginJar : add dma3
2025-12-05 14:54:36,121 [INFO] IPUIPlugin:80 - create IPUIPlugin
2025-12-05 14:54:36,122 [INFO] PluginManager:220 - loadIPPluginJar : add extmemmanager
2025-12-05 14:54:36,124 [INFO] IPUIPlugin:80 - create IPUIPlugin
2025-12-05 14:54:36,125 [INFO] PluginManager:220 - loadIPPluginJar : add fatfs
2025-12-05 14:54:36,131 [INFO] IPUIPlugin:80 - create IPUIPlugin
2025-12-05 14:54:36,131 [INFO] PluginManager:220 - loadIPPluginJar : add fmc
2025-12-05 14:54:36,140 [INFO] IPUIPlugin:80 - create IPUIPlugin
2025-12-05 14:54:36,140 [INFO] PluginManager:220 - loadIPPluginJar : add freertos
2025-12-05 14:54:36,142 [INFO] IPUIPlugin:80 - create IPUIPlugin
2025-12-05 14:54:36,142 [INFO] PluginManager:220 - loadIPPluginJar : add genericplugin
2025-12-05 14:54:36,146 [INFO] IPUIPlugin:80 - create IPUIPlugin
2025-12-05 14:54:36,146 [INFO] PluginManager:220 - loadIPPluginJar : add gfxmmu
2025-12-05 14:54:36,152 [INFO] IPUIPlugin:80 - create IPUIPlugin
2025-12-05 14:54:36,152 [INFO] PluginManager:220 - loadIPPluginJar : add gic
2025-12-05 14:54:36,157 [INFO] IPUIPlugin:80 - create IPUIPlugin
2025-12-05 14:54:36,158 [INFO] PluginManager:220 - loadIPPluginJar : add gpio
2025-12-05 14:54:36,162 [INFO] IPUIPlugin:80 - create IPUIPlugin
2025-12-05 14:54:36,162 [INFO] PluginManager:220 - loadIPPluginJar : add gtzc
2025-12-05 14:54:36,166 [INFO] IPUIPlugin:80 - create IPUIPlugin
2025-12-05 14:54:36,166 [INFO] PluginManager:220 - loadIPPluginJar : add hash
2025-12-05 14:54:36,170 [INFO] IPUIPlugin:80 - create IPUIPlugin
2025-12-05 14:54:36,171 [INFO] PluginManager:220 - loadIPPluginJar : add i2c
2025-12-05 14:54:36,175 [INFO] IPUIPlugin:80 - create IPUIPlugin
2025-12-05 14:54:36,175 [INFO] PluginManager:220 - loadIPPluginJar : add i2s
2025-12-05 14:54:36,179 [INFO] IPUIPlugin:80 - create IPUIPlugin
2025-12-05 14:54:36,179 [INFO] PluginManager:220 - loadIPPluginJar : add i3c
2025-12-05 14:54:36,184 [INFO] IPUIPlugin:80 - create IPUIPlugin
2025-12-05 14:54:36,185 [INFO] PluginManager:220 - loadIPPluginJar : add ipddr
2025-12-05 14:54:36,194 [INFO] IPUIPlugin:80 - create IPUIPlugin
2025-12-05 14:54:36,195 [INFO] PluginManager:220 - loadIPPluginJar : add linkedlist
2025-12-05 14:54:36,199 [INFO] IPUIPlugin:80 - create IPUIPlugin
2025-12-05 14:54:36,199 [INFO] PluginManager:220 - loadIPPluginJar : add lorawan
2025-12-05 14:54:36,201 [INFO] IPUIPlugin:80 - create IPUIPlugin
2025-12-05 14:54:36,202 [INFO] PluginManager:220 - loadIPPluginJar : add ltdc
2025-12-05 14:54:36,209 [INFO] IPUIPlugin:80 - create IPUIPlugin
2025-12-05 14:54:36,209 [INFO] PluginManager:220 - loadIPPluginJar : add mdma
2025-12-05 14:54:36,215 [INFO] IPUIPlugin:80 - create IPUIPlugin
2025-12-05 14:54:36,215 [INFO] PluginManager:220 - loadIPPluginJar : add nvic
2025-12-05 14:54:36,219 [INFO] IPUIPlugin:80 - create IPUIPlugin
2025-12-05 14:54:36,219 [INFO] PluginManager:220 - loadIPPluginJar : add opamp
2025-12-05 14:54:36,224 [INFO] IPUIPlugin:80 - create IPUIPlugin
2025-12-05 14:54:36,224 [INFO] PluginManager:220 - loadIPPluginJar : add openamp
2025-12-05 14:54:36,229 [INFO] IPUIPlugin:80 - create IPUIPlugin
2025-12-05 14:54:36,229 [INFO] PluginManager:220 - loadIPPluginJar : add pdm2pcm
2025-12-05 14:54:36,237 [INFO] IPUIPlugin:80 - create IPUIPlugin
2025-12-05 14:54:36,240 [INFO] PluginManager:220 - loadIPPluginJar : add plateformsettings
2025-12-05 14:54:36,243 [INFO] IPUIPlugin:80 - create IPUIPlugin
2025-12-05 14:54:36,243 [INFO] PluginManager:220 - loadIPPluginJar : add quadspi
2025-12-05 14:54:36,246 [INFO] IPUIPlugin:80 - create IPUIPlugin
2025-12-05 14:54:36,247 [INFO] PluginManager:220 - loadIPPluginJar : add radio
2025-12-05 14:54:36,253 [INFO] IPUIPlugin:80 - create IPUIPlugin
2025-12-05 14:54:36,253 [INFO] PluginManager:220 - loadIPPluginJar : add resmgrutility
2025-12-05 14:54:36,258 [INFO] IPUIPlugin:80 - create IPUIPlugin
2025-12-05 14:54:36,258 [INFO] PluginManager:220 - loadIPPluginJar : add sai
2025-12-05 14:54:36,261 [INFO] IPUIPlugin:80 - create IPUIPlugin
2025-12-05 14:54:36,262 [INFO] PluginManager:220 - loadIPPluginJar : add spi
2025-12-05 14:54:36,271 [INFO] IPUIPlugin:80 - create IPUIPlugin
2025-12-05 14:54:36,271 [INFO] PluginManager:220 - loadIPPluginJar : add stm32_wpan
2025-12-05 14:54:36,274 [INFO] IPUIPlugin:80 - create IPUIPlugin
2025-12-05 14:54:36,274 [INFO] PluginManager:220 - loadIPPluginJar : add tim
2025-12-05 14:54:36,279 [INFO] IPUIPlugin:80 - create IPUIPlugin
2025-12-05 14:54:36,279 [INFO] PluginManager:220 - loadIPPluginJar : add touchsensing
2025-12-05 14:54:36,282 [INFO] IPUIPlugin:80 - create IPUIPlugin
2025-12-05 14:54:36,283 [INFO] PluginManager:220 - loadIPPluginJar : add tracer_emb
2025-12-05 14:54:36,286 [INFO] IPUIPlugin:80 - create IPUIPlugin
2025-12-05 14:54:36,286 [INFO] PluginManager:220 - loadIPPluginJar : add ts
2025-12-05 14:54:36,289 [INFO] IPUIPlugin:80 - create IPUIPlugin
2025-12-05 14:54:36,289 [INFO] PluginManager:220 - loadIPPluginJar : add tsc
2025-12-05 14:54:36,292 [INFO] IPUIPlugin:80 - create IPUIPlugin
2025-12-05 14:54:36,292 [INFO] PluginManager:220 - loadIPPluginJar : add ucpd
2025-12-05 14:54:36,296 [INFO] IPUIPlugin:80 - create IPUIPlugin
2025-12-05 14:54:36,296 [INFO] PluginManager:220 - loadIPPluginJar : add usart
2025-12-05 14:54:36,301 [INFO] IPUIPlugin:80 - create IPUIPlugin
2025-12-05 14:54:36,301 [INFO] PluginManager:220 - loadIPPluginJar : add usbx
2025-12-05 14:54:36,462 [FATAL] Updater:351 - Updater called before beeing initialized
2025-12-05 14:54:36,507 [INFO] RulesReader:64 - Compatibility file has been processed (317 Rules)
2025-12-05 14:54:36,527 [INFO] RulesReader:64 - Compatibility file has been processed (317 Rules)
2025-12-05 14:54:36,538 [INFO] CADModel:165 - CPN selected for project level
2025-12-05 14:54:36,538 [INFO] CADModel:114 - Register for checkConnection events
2025-12-05 14:54:36,538 [FATAL] Updater:351 - Updater called before beeing initialized
2025-12-05 14:54:36,538 [ERROR] CADModel:125 - Updater not yet initialized, retry later 
2025-12-05 14:54:36,744 [FATAL] Updater:351 - Updater called before beeing initialized
2025-12-05 14:54:36,747 [INFO] CADModel:165 - CPN selected for project level
2025-12-05 14:54:36,747 [INFO] CADModel:114 - Register for checkConnection events
2025-12-05 14:54:36,747 [FATAL] Updater:351 - Updater called before beeing initialized
2025-12-05 14:54:36,747 [ERROR] CADModel:125 - Updater not yet initialized, retry later 
2025-12-05 14:54:36,751 [FATAL] Updater:351 - Updater called before beeing initialized
2025-12-05 14:54:36,915 [FATAL] Updater:351 - Updater called before beeing initialized
2025-12-05 14:54:36,923 [INFO] DbMcusAds:53 - JSON generation date=Tue Nov 25 15:08:32 CET 2025 (1764079712835)
2025-12-05 14:54:36,924 [FATAL] Updater:351 - Updater called before beeing initialized
2025-12-05 14:54:36,984 [WARN] DetailPanel:346 - Failed to get advertising image, set to default
2025-12-05 14:54:37,127 [FATAL] Updater:351 - Updater called before beeing initialized
2025-12-05 14:54:37,129 [FATAL] Updater:351 - Updater called before beeing initialized
2025-12-05 14:54:37,129 [FATAL] Updater:351 - Updater called before beeing initialized
2025-12-05 14:54:37,129 [WARN] DetailPanel:346 - Failed to get advertising image, set to default
2025-12-05 14:54:37,130 [FATAL] Updater:351 - Updater called before beeing initialized
2025-12-05 14:54:37,454 [ERROR] Updater:1198 - MainUpdater not yet initialized. External WinMGr cannot be set.
2025-12-05 14:54:37,457 [INFO] Updater:1134 - Updater Version found : 6.15.0
2025-12-05 14:54:37,485 [INFO] ApplicationProperties:184 - Using Application install path: C:\ST\STM32CubeIDE_1.16.1\STM32CubeIDE\plugins\com.st.stm32cube.common.mx_6.15.0.202507011659
2025-12-05 14:54:38,178 [INFO] ThirdPartyUpdaterWithRetryManager:70 - Updater plugin not ready yet. [2/15]
2025-12-05 14:54:39,192 [ERROR] LogOutputStream:75 - [STDERR_REDIRECT] Dec 05, 2025 2:54:39 PM java.util.prefs.WindowsPreferences <init>
2025-12-05 14:54:39,195 [ERROR] LogOutputStream:75 - [STDERR_REDIRECT] WARNING: Could not open/create prefs root node Software\JavaSoft\Prefs at root 0xffffffff80000002. Windows RegCreateKeyEx(...) returned error code 5.
2025-12-05 14:54:39,196 [ERROR] LogOutputStream:75 - [STDERR_REDIRECT] 
2025-12-05 14:54:39,740 [INFO] MainUpdater:2872 - connection check result : 10
2025-12-05 14:54:39,741 [INFO] MainUpdater:289 - Updater Check For Update Now.
2025-12-05 14:54:39,741 [INFO] MicroXplorer:498 - Change Database Version : DB.6.0.150
2025-12-05 14:54:39,749 [INFO] McuFinderGlobals:63 - Set McuFinder mode to 2 (CubeIDE integrated)
2025-12-05 14:54:39,750 [INFO] UserAuth:171 - activating auth plugin
2025-12-05 14:54:39,822 [INFO] UserAuth:487 - Internet connection configuration mode: 1
2025-12-05 14:54:39,858 [INFO] JxBrowserEngine:152 - Initiate JxBrowser Engine with user profile folder
2025-12-05 14:54:40,049 [INFO] CheckServerUpdateThread:120 - End of CheckServer Thread
2025-12-05 14:54:41,720 [WARN] PackLoader:240 - Cannot read IP mode file for STMicroelectronics.FP-SNS-MOTENVWB1.1.4.0
2025-12-05 14:54:41,855 [WARN] PackLoader:240 - Cannot read IP mode file for STMicroelectronics.FP-ATR-ASTRA1.2.0.2
2025-12-05 14:54:41,868 [WARN] PackLoader:240 - Cannot read IP mode file for STMicroelectronics.X-CUBE-SMBUS.2.1.0
2025-12-05 14:54:41,883 [WARN] PackLoader:240 - Cannot read IP mode file for STMicroelectronics.X-CUBE-ST60.1.0.0
2025-12-05 14:54:41,937 [WARN] PackLoader:240 - Cannot read IP mode file for STMicroelectronics.X-CUBE-AZRTOS-F7.1.1.0
2025-12-05 14:54:41,948 [WARN] PackLoader:240 - Cannot read IP mode file for Cesanta.I-CUBE-Mongoose.7.19.0
2025-12-05 14:54:42,080 [WARN] PackLoader:240 - Cannot read IP mode file for STMicroelectronics.X-CUBE-MEMS1.11.0.0
2025-12-05 14:54:42,431 [WARN] PackLoader:240 - Cannot read IP mode file for STMicroelectronics.FP-SNS-MOTENV1.5.1.0
2025-12-05 14:54:42,443 [WARN] PackLoader:240 - Cannot read IP mode file for WES.I-CUBE-Cesium.1.4.0
2025-12-05 14:54:42,449 [WARN] PackLoader:240 - Cannot read IP mode file for STMicroelectronics.FP-SNS-FLIGHT1.5.0.2
2025-12-05 14:54:42,488 [WARN] PackLoader:240 - Cannot read IP mode file for Infineon.AIROC-Wi-Fi-Bluetooth-STM32.1.7.1
2025-12-05 14:54:42,532 [WARN] PackLoader:240 - Cannot read IP mode file for STMicroelectronics.X-CUBE-AZRTOS-H7.3.4.0
2025-12-05 14:54:42,563 [WARN] PackLoader:240 - Cannot read IP mode file for STMicroelectronics.X-CUBE-DISPLAY.3.0.0
2025-12-05 14:54:42,577 [WARN] PackLoader:240 - Cannot read IP mode file for STMicroelectronics.X-CUBE-BLE1.7.0.0
2025-12-05 14:54:42,591 [WARN] PackLoader:240 - Cannot read IP mode file for STMicroelectronics.X-CUBE-NFC10.1.0.0
2025-12-05 14:54:42,603 [WARN] PackLoader:240 - Cannot read IP mode file for STMicroelectronics.X-CUBE-ST60.1.1.0
2025-12-05 14:54:42,612 [WARN] PackLoader:240 - Cannot read IP mode file for emotas.I-CUBE-CANOPEN.1.3.0
2025-12-05 14:54:42,628 [WARN] PackLoader:240 - Cannot read IP mode file for STMicroelectronics.X-CUBE-GNSS1.7.1.0
2025-12-05 14:54:42,642 [WARN] PackLoader:240 - Cannot read IP mode file for STMicroelectronics.X-CUBE-BLEMGR.3.1.0
2025-12-05 14:54:42,658 [WARN] PackLoader:240 - Cannot read IP mode file for STMicroelectronics.FP-SNS-STBOX1.2.1.0
2025-12-05 14:54:42,668 [WARN] PackLoader:240 - Cannot read IP mode file for STMicroelectronics.FP-SNS-SMARTAG2.1.2.0
2025-12-05 14:54:42,674 [WARN] PackLoader:240 - Cannot read IP mode file for STMicroelectronics.FP-SNS-FLIGHT1.5.1.0
2025-12-05 14:54:42,687 [INFO] LogOutputStream:77 - [STDOUT_REDIRECT] 1 : Invalid condition id : UX_CORESTACK_Condition cause : null
2025-12-05 14:54:42,688 [INFO] LogOutputStream:77 - [STDOUT_REDIRECT] 1 : Invalid condition id : UX_CORESTACK_Condition cause : null
2025-12-05 14:54:42,690 [INFO] LogOutputStream:77 - [STDOUT_REDIRECT] 1 : Invalid condition id : UX_CORESTACK_Condition cause : null
2025-12-05 14:54:42,692 [INFO] LogOutputStream:77 - [STDOUT_REDIRECT] 1 : Invalid condition id : UX_CORESTACK_Condition cause : null
2025-12-05 14:54:42,694 [INFO] LogOutputStream:77 - [STDOUT_REDIRECT] 1 : Invalid condition id : UX_CORESTACK_Condition cause : null
2025-12-05 14:54:42,698 [WARN] PackLoader:240 - Cannot read IP mode file for STMicroelectronics.X-CUBE-AZRTOS-WL.2.0.0
2025-12-05 14:54:42,703 [WARN] PackLoader:240 - Cannot read IP mode file for STMicroelectronics.FP-SNS-MOTENV1.5.0.0
2025-12-05 14:54:42,732 [WARN] PackLoader:240 - Cannot read IP mode file for STMicroelectronics.X-CUBE-AZRTOS-H7RS.1.2.0
2025-12-05 14:54:42,740 [WARN] PackLoader:240 - Cannot read IP mode file for wolfSSL.I-CUBE-wolfMQTT.1.19.0
2025-12-05 14:54:42,746 [WARN] PackLoader:240 - Cannot read IP mode file for WES.I-CUBE-Cesium.1.3.0
2025-12-05 14:54:42,752 [WARN] PackLoader:240 - Cannot read IP mode file for STMicroelectronics.X-CUBE-BLE2.3.3.0
2025-12-05 14:54:42,845 [WARN] PackLoader:240 - Cannot read IP mode file for STMicroelectronics.X-CUBE-NFC9.1.0.0
2025-12-05 14:54:42,860 [WARN] PackLoader:240 - Cannot read IP mode file for wolfSSL.I-CUBE-wolfSSL.5.8.2
2025-12-05 14:54:42,867 [WARN] PackLoader:240 - Cannot read IP mode file for STMicroelectronics.X-CUBE-BLE1.7.1.0
2025-12-05 14:54:42,872 [WARN] PackLoader:240 - Cannot read IP mode file for wolfSSL.I-CUBE-wolfMQTT.1.19.2
2025-12-05 14:54:42,878 [WARN] PackLoader:240 - Cannot read IP mode file for STMicroelectronics.X-CUBE-TCPP.4.1.0
2025-12-05 14:54:42,886 [WARN] PackLoader:240 - Cannot read IP mode file for STMicroelectronics.X-CUBE-FREERTOS.1.4.0
2025-12-05 14:54:42,895 [WARN] PackLoader:240 - Cannot read IP mode file for STMicroelectronics.X-CUBE-EEPRMA1.5.2.0
2025-12-05 14:54:42,906 [WARN] PackLoader:240 - Cannot read IP mode file for STMicroelectronics.X-CUBE-ST67W61.1.1.0
2025-12-05 14:54:42,997 [WARN] PackLoader:240 - Cannot read IP mode file for STMicroelectronics.X-CUBE-MEMS1.12.0.0
2025-12-05 14:54:43,126 [WARN] PackLoader:240 - Cannot read IP mode file for STMicroelectronics.X-CUBE-AZRTOS-G0.1.1.0
2025-12-05 14:54:43,138 [WARN] PackLoader:240 - Cannot read IP mode file for STMicroelectronics.X-CUBE-SAFEA1.1.2.2
2025-12-05 14:54:43,147 [WARN] PackLoader:240 - Cannot read IP mode file for STMicroelectronics.X-CUBE-NFC4.3.0.0
2025-12-05 14:54:43,159 [WARN] PackLoader:240 - Cannot read IP mode file for EmbeddedOffice.I-CUBE-FS-RTOS.1.0.1
2025-12-05 14:54:43,167 [WARN] PackLoader:240 - Cannot read IP mode file for STMicroelectronics.X-CUBE-WB05N.2.0.0
2025-12-05 14:54:43,173 [WARN] PackLoader:240 - Cannot read IP mode file for wolfSSL.I-CUBE-wolfTPM.3.8.0
2025-12-05 14:54:43,180 [WARN] PackLoader:240 - Cannot read IP mode file for STMicroelectronics.X-CUBE-TCPP.4.2.0
2025-12-05 14:54:43,189 [WARN] PackLoader:240 - Cannot read IP mode file for RealThread.X-CUBE-RT-Thread_Nano.4.1.1
2025-12-05 14:54:43,195 [WARN] PackLoader:240 - Cannot read IP mode file for STMicroelectronics.FP-ATR-SIGFOX1.3.2.0
2025-12-05 14:54:43,199 [WARN] PackLoader:240 - Cannot read IP mode file for wolfSSL.I-CUBE-wolfSSL.5.7.2
2025-12-05 14:54:43,219 [WARN] PackLoader:240 - Cannot read IP mode file for STMicroelectronics.X-CUBE-EEPRMA1.5.1.0
2025-12-05 14:54:43,229 [WARN] PackLoader:240 - Cannot read IP mode file for ITTIA_DB.I-CUBE-ITTIADB.8.9.0
2025-12-05 14:54:43,240 [WARN] PackLoader:240 - Cannot read IP mode file for STMicroelectronics.X-CUBE-ST67W61.1.0.0
2025-12-05 14:54:43,248 [WARN] PackLoader:240 - Cannot read IP mode file for STMicroelectronics.X-CUBE-AI.10.2.0
2025-12-05 14:54:43,386 [WARN] PackLoader:240 - Cannot read IP mode file for SEGGER.I-CUBE-embOS.1.3.1
2025-12-05 14:54:43,451 [WARN] PackLoader:240 - Cannot read IP mode file for STMicroelectronics.X-CUBE-ALGOBUILD.1.4.0
2025-12-05 14:54:43,535 [WARN] PackLoader:240 - Cannot read IP mode file for STMicroelectronics.X-CUBE-MEMS1.11.3.0
2025-12-05 14:54:43,761 [WARN] PackLoader:240 - Cannot read IP mode file for STMicroelectronics.X-CUBE-PM33A1.1.0.0
2025-12-05 14:54:43,790 [WARN] PackLoader:240 - Cannot read IP mode file for STMicroelectronics.X-CUBE-AZRTOS-F4.1.1.0
2025-12-05 14:54:43,798 [WARN] PackLoader:240 - Cannot read IP mode file for STMicroelectronics.X-CUBE-ISPU.2.1.0
2025-12-05 14:54:43,812 [WARN] PackLoader:240 - Cannot read IP mode file for STMicroelectronics.X-CUBE-IPS.3.2.0
2025-12-05 14:54:43,825 [WARN] PackLoader:240 - Cannot read IP mode file for STMicroelectronics.X-CUBE-FREERTOS.1.2.0
2025-12-05 14:54:43,836 [WARN] PackLoader:240 - Cannot read IP mode file for STMicroelectronics.X-CUBE-NFC12.1.0.0
2025-12-05 14:54:43,867 [WARN] PackLoader:240 - Cannot read IP mode file for STMicroelectronics.X-CUBE-AZRTOS-L5.2.0.0
2025-12-05 14:54:43,880 [WARN] PackLoader:240 - Cannot read IP mode file for STMicroelectronics.X-CUBE-NFC6.3.1.0
2025-12-05 14:54:43,889 [WARN] PackLoader:240 - Cannot read IP mode file for STMicroelectronics.X-CUBE-DPower.1.2.0
2025-12-05 14:54:43,894 [WARN] PackLoader:240 - Cannot read IP mode file for STMicroelectronics.X-CUBE-AI.9.0.0
2025-12-05 14:54:43,900 [WARN] PackLoader:240 - Cannot read IP mode file for STMicroelectronics.X-CUBE-FREERTOS.1.3.1
2025-12-05 14:54:43,907 [WARN] PackLoader:240 - Cannot read IP mode file for STMicroelectronics.X-CUBE-NFC7.1.0.1
2025-12-05 14:54:43,914 [WARN] PackLoader:240 - Cannot read IP mode file for STMicroelectronics.X-CUBE-TOUCHGFX.4.26.0
2025-12-05 14:54:43,920 [WARN] PackLoader:240 - Cannot read IP mode file for STMicroelectronics.FP-SNS-STAIOTCFT.1.0.0
2025-12-05 14:54:43,927 [WARN] PackLoader:240 - Cannot read IP mode file for STMicroelectronics.X-CUBE-DPower.1.3.0
2025-12-05 14:54:43,952 [WARN] ConditionMgr:438 - getConditionDescription Invalid condition id : LAN8742 Phy interface Condition cause : null
2025-12-05 14:54:43,953 [WARN] PackLoader:240 - Cannot read IP mode file for STMicroelectronics.X-CUBE-AZRTOS-L4.2.0.0
2025-12-05 14:54:43,955 [WARN] ConditionMgr:1044 - genDependencies : Invalid condition id : LAN8742 Phy interface Condition cause : null
2025-12-05 14:54:43,956 [WARN] ConditionMgr:1044 - genDependencies : Invalid condition id : LAN8742 Phy interface Condition cause : null
2025-12-05 14:54:43,956 [WARN] ConditionMgr:1044 - genDependencies : Invalid condition id : LAN8742 Phy interface Condition cause : null
2025-12-05 14:54:43,970 [WARN] PackLoader:240 - Cannot read IP mode file for STMicroelectronics.X-CUBE-SFXS2LP1.4.0.0
2025-12-05 14:54:43,979 [ERROR] Engine:466 - STMicroelectronics.X-CUBE-AI.10.2.0: Software pack already exists
2025-12-05 14:54:44,009 [WARN] PackLoader:240 - Cannot read IP mode file for STMicroelectronics.X-CUBE-AZRTOS-H7.3.3.0
2025-12-05 14:54:44,025 [WARN] PackLoader:240 - Cannot read IP mode file for STMicroelectronics.X-CUBE-BLEMGR.4.1.0
2025-12-05 14:54:44,047 [WARN] ConditionMgr:438 - getConditionDescription Invalid condition id : UX DEVICE CLASS RTOS Condition cause : null
2025-12-05 14:54:44,047 [WARN] ConditionMgr:438 - getConditionDescription Invalid condition id : UX DEVICE CLASS RTOS Condition cause : null
2025-12-05 14:54:44,050 [WARN] PackLoader:240 - Cannot read IP mode file for STMicroelectronics.X-CUBE-AZRTOS-WB.2.0.0
2025-12-05 14:54:44,051 [WARN] ConditionMgr:1044 - genDependencies : Invalid condition id : UX DEVICE CLASS RTOS Condition cause : null
2025-12-05 14:54:44,051 [WARN] ConditionMgr:1044 - genDependencies : Invalid condition id : UX DEVICE CLASS RTOS Condition cause : null
2025-12-05 14:54:44,052 [WARN] ConditionMgr:1044 - genDependencies : Invalid condition id : UX DEVICE CLASS RTOS Condition cause : null
2025-12-05 14:54:44,052 [WARN] ConditionMgr:1044 - genDependencies : Invalid condition id : UX DEVICE CLASS RTOS Condition cause : null
2025-12-05 14:54:44,052 [WARN] ConditionMgr:1044 - genDependencies : Invalid condition id : UX DEVICE CLASS RTOS Condition cause : null
2025-12-05 14:54:44,060 [WARN] PackLoader:240 - Cannot read IP mode file for STMicroelectronics.X-CUBE-GNSS1.7.0.0
2025-12-05 14:54:44,070 [WARN] PackLoader:240 - Cannot read IP mode file for STMicroelectronics.X-CUBE-GNSS1.7.0.1
2025-12-05 14:54:44,094 [WARN] PackLoader:240 - Cannot read IP mode file for STMicroelectronics.FP-SNS-STBOX1.2.0.0
2025-12-05 14:54:44,103 [WARN] ConditionMgr:438 - getConditionDescription Invalid condition id : Cortex-A Device cause : null
2025-12-05 14:54:44,132 [WARN] ConditionMgr:1044 - genDependencies : Invalid condition id : Cortex-A Device cause : null
2025-12-05 14:54:44,133 [WARN] ConditionMgr:1044 - genDependencies : Invalid condition id : Cortex-A Device cause : null
2025-12-05 14:54:44,133 [WARN] ConditionMgr:1044 - genDependencies : Invalid condition id : Cortex-A Device cause : null
2025-12-05 14:54:44,146 [WARN] PackLoader:240 - Cannot read IP mode file for STMicroelectronics.X-CUBE-SUBG2.5.0.0
2025-12-05 14:54:44,175 [WARN] PackLoader:240 - Cannot read IP mode file for STMicroelectronics.X-CUBE-AZRTOS-H7RS.1.1.0
2025-12-05 14:54:44,182 [WARN] PackLoader:240 - Cannot read IP mode file for Cesanta.I-CUBE-Mongoose.7.13.0
2025-12-05 14:54:44,200 [WARN] PackLoader:240 - Cannot read IP mode file for STMicroelectronics.X-CUBE-AZRTOS-G4.2.0.0
2025-12-05 14:54:44,207 [WARN] PackLoader:240 - Cannot read IP mode file for wolfSSL.I-CUBE-wolfSSH.1.4.20
2025-12-05 14:54:44,240 [WARN] PackLoader:240 - Cannot read IP mode file for STMicroelectronics.X-CUBE-NFC7.2.0.0
2025-12-05 14:54:44,249 [WARN] PackLoader:240 - Cannot read IP mode file for STMicroelectronics.X-CUBE-ALS.1.0.2
2025-12-05 14:54:44,257 [WARN] PackLoader:240 - Cannot read IP mode file for STMicroelectronics.X-CUBE-TOUCHGFX.4.24.0
2025-12-05 14:54:44,268 [WARN] PackLoader:240 - Cannot read IP mode file for STMicroelectronics.X-CUBE-STSE01.1.0.0
2025-12-05 14:54:44,273 [WARN] PackLoader:240 - Cannot read IP mode file for wolfSSL.I-CUBE-wolfTPM.3.4.0
2025-12-05 14:54:44,279 [WARN] PackLoader:240 - Cannot read IP mode file for portGmbH.I-Cube-SoM-uGOAL.1.1.0
2025-12-05 14:54:44,300 [WARN] PackLoader:240 - Cannot read IP mode file for STMicroelectronics.X-CUBE-AZRTOS-H7RS.1.0.0
2025-12-05 14:54:44,306 [WARN] PackLoader:240 - Cannot read IP mode file for STMicroelectronics.FP-ATR-ASTRA1.2.0.0
2025-12-05 14:54:44,319 [WARN] PackLoader:240 - Cannot read IP mode file for STMicroelectronics.X-CUBE-TOF1.3.4.2
2025-12-05 14:54:44,346 [WARN] PackLoader:240 - Cannot read IP mode file for STMicroelectronics.X-CUBE-TOF1.3.4.3
2025-12-05 14:54:44,378 [WARN] PackLoader:240 - Cannot read IP mode file for Infineon.AIROC-Wi-Fi-Bluetooth-STM32.1.6.1
2025-12-05 14:54:44,387 [WARN] PackLoader:240 - Cannot read IP mode file for wolfSSL.I-CUBE-wolfSSH.1.4.17
2025-12-05 14:54:44,387 [INFO] ThirdParty:978 - Integrity check success = true
2025-12-05 14:54:44,388 [INFO] IntegrityCheckThread:100 - exiting critical section [integrity check]
2025-12-05 14:54:44,388 [INFO] IntegrityCheckThread:103 - End integrity checks thread
2025-12-05 14:54:45,659 [INFO] WebApp:169 - Instantiating new browser for Auth
2025-12-05 14:54:46,685 [INFO] WebApp:463 - Apply proxy settings
2025-12-05 14:54:46,686 [INFO] WebApp:548 - Chromium requires no authentication
2025-12-05 14:54:46,706 [INFO] WebApp:491 - Direct internet connection detected
2025-12-05 14:54:46,754 [INFO] WebApp:900 - Register for checkConnection events
2025-12-05 14:54:46,754 [INFO] WebApp:463 - Apply proxy settings
2025-12-05 14:54:46,754 [INFO] WebApp:548 - Chromium requires no authentication
2025-12-05 14:54:46,755 [INFO] WebApp:491 - Direct internet connection detected
2025-12-05 14:54:47,065 [INFO] WebApp:225 - Starting web application
2025-12-05 14:54:47,065 [INFO] WebApp:593 - Web application path used C:\ST\STM32CubeIDE_1.16.1\STM32CubeIDE\plugins\com.st.stm32cube.common.mx_6.15.0.202507011659\db\plugins\mcufinder\reactClient1\index.html
2025-12-05 14:54:47,072 [INFO] WebApp:191 - Connection restablished
2025-12-05 16:07:34,500 [INFO] WebApp:403 - JxBrowser engine has been closed 
