2026-01-05 08:00:40,444 [INFO] Activator:176 - 


2026-01-05 08:00:40,449 [INFO] Activator:177 - !SESSION log4j initialized
2026-01-05 08:00:49,248 [INFO] LogOutputStream:77 - [STDOUT_REDIRECT] 
2026-01-05 08:00:52,930 [INFO] ApplicationProperties:184 - Using Application install path: C:\ST\STM32CubeIDE_1.16.1\STM32CubeIDE\plugins\com.st.stm32cube.common.mx_6.15.0.202507011659
2026-01-05 08:00:52,957 [INFO] DbMcusXml:78 - Set database path to: C:\ST\STM32CubeIDE_1.16.1\STM32CubeIDE\plugins\com.st.stm32cube.common.mx_6.15.0.202507011659\\db\/mcu/
2026-01-05 08:00:52,957 [INFO] ApiDb:274 - Set plugin database path to: C:\ST\STM32CubeIDE_1.16.1\STM32CubeIDE\plugins\com.st.stm32cube.common.mx_6.15.0.202507011659\\db\/plugins/boardmanager/
2026-01-05 08:00:52,957 [WARN] ApiDb:259 - Overriding images path with different value:  => C:\ST\STM32CubeIDE_1.16.1\STM32CubeIDE\plugins\com.st.stm32cube.common.mx_6.15.0.202507011659\\db\/plugins/mcufinder/images/
2026-01-05 08:00:52,969 [INFO] ApiDb:250 - Set database path to: C:\Users\user\.stmcufinder\plugins\mcufinder//mcu/
2026-01-05 08:00:52,971 [INFO] DbMcusAds:125 - Set database path to: C:\Users\user\.stmcufinder\plugins\mcufinder//mcu/
2026-01-05 08:00:52,974 [INFO] CrossReferenceDbSqlite:203 - Set database path to: C:\Users\user\.stmcufinder\plugins\mcufinder//mcu/cs/
2026-01-05 08:00:53,155 [INFO] RulesReader:64 - Compatibility file has been processed (317 Rules)
2026-01-05 08:00:53,248 [INFO] DbMcusXml:78 - Set database path to: C:\ST\STM32CubeIDE_1.16.1\STM32CubeIDE\plugins\com.st.stm32cube.common.mx_6.15.0.202507011659\\db\/mcu/
2026-01-05 08:00:53,248 [INFO] ApiDb:274 - Set plugin database path to: C:\ST\STM32CubeIDE_1.16.1\STM32CubeIDE\plugins\com.st.stm32cube.common.mx_6.15.0.202507011659\\db\/plugins/boardmanager/
2026-01-05 08:00:53,248 [INFO] ApiDb:261 - Set plugin images path to: C:\ST\STM32CubeIDE_1.16.1\STM32CubeIDE\plugins\com.st.stm32cube.common.mx_6.15.0.202507011659\\db\/plugins/mcufinder/images/
2026-01-05 08:00:53,248 [WARN] DbFile:41 - Overriding database path with different value: C:\Users\user\.stmcufinder\plugins\mcufinder/ => C:\Users\user\.stmcufinder\plugins\mcufinder
2026-01-05 08:00:53,248 [INFO] ApiDb:250 - Set database path to: C:\Users\user\.stmcufinder\plugins\mcufinder//mcu/
2026-01-05 08:00:53,249 [WARN] DbFile:41 - Overriding database path with different value: C:\Users\user\.stmcufinder\plugins\mcufinder/ => C:\Users\user\.stmcufinder\plugins\mcufinder
2026-01-05 08:00:53,249 [INFO] DbMcusAds:125 - Set database path to: C:\Users\user\.stmcufinder\plugins\mcufinder//mcu/
2026-01-05 08:00:53,249 [WARN] DbFile:41 - Overriding database path with different value: C:\Users\user\.stmcufinder\plugins\mcufinder/ => C:\Users\user\.stmcufinder\plugins\mcufinder
2026-01-05 08:00:53,249 [WARN] DbFile:41 - Overriding database path with different value: C:\Users\user\.stmcufinder\plugins\mcufinder/ => C:\Users\user\.stmcufinder\plugins\mcufinder
2026-01-05 08:00:53,249 [INFO] CrossReferenceDbSqlite:203 - Set database path to: C:\Users\user\.stmcufinder\plugins\mcufinder//mcu/cs/
2026-01-05 08:00:53,340 [INFO] MainPanel:274 - HeapMemory: 268435456
2026-01-05 08:00:53,481 [INFO] DbMcusXml:78 - Set database path to: C:\ST\STM32CubeIDE_1.16.1\STM32CubeIDE\plugins\com.st.stm32cube.common.mx_6.15.0.202507011659\\db\/mcu/
2026-01-05 08:00:53,481 [INFO] ApiDb:274 - Set plugin database path to: C:\ST\STM32CubeIDE_1.16.1\STM32CubeIDE\plugins\com.st.stm32cube.common.mx_6.15.0.202507011659\\db\/plugins/boardmanager/
2026-01-05 08:00:53,481 [INFO] ApiDb:261 - Set plugin images path to: C:\ST\STM32CubeIDE_1.16.1\STM32CubeIDE\plugins\com.st.stm32cube.common.mx_6.15.0.202507011659\\db\/plugins/mcufinder/images/
2026-01-05 08:00:53,482 [WARN] DbFile:41 - Overriding database path with different value: C:\Users\user\.stmcufinder\plugins\mcufinder/ => C:\Users\user\.stmcufinder\plugins\mcufinder
2026-01-05 08:00:53,482 [INFO] ApiDb:250 - Set database path to: C:\Users\user\.stmcufinder\plugins\mcufinder//mcu/
2026-01-05 08:00:53,482 [WARN] DbFile:41 - Overriding database path with different value: C:\Users\user\.stmcufinder\plugins\mcufinder/ => C:\Users\user\.stmcufinder\plugins\mcufinder
2026-01-05 08:00:53,482 [INFO] DbMcusAds:125 - Set database path to: C:\Users\user\.stmcufinder\plugins\mcufinder//mcu/
2026-01-05 08:00:53,483 [WARN] DbFile:41 - Overriding database path with different value: C:\Users\user\.stmcufinder\plugins\mcufinder/ => C:\Users\user\.stmcufinder\plugins\mcufinder
2026-01-05 08:00:53,483 [WARN] DbFile:41 - Overriding database path with different value: C:\Users\user\.stmcufinder\plugins\mcufinder/ => C:\Users\user\.stmcufinder\plugins\mcufinder
2026-01-05 08:00:53,483 [INFO] CrossReferenceDbSqlite:203 - Set database path to: C:\Users\user\.stmcufinder\plugins\mcufinder//mcu/cs/
2026-01-05 08:00:53,509 [INFO] ApplicationProperties:184 - Using Application install path: C:\ST\STM32CubeIDE_1.16.1\STM32CubeIDE\plugins\com.st.stm32cube.common.mx_6.15.0.202507011659
2026-01-05 08:00:53,511 [INFO] PluginManage:196 - Search for loadable plugins [exclusion list=, ]
2026-01-05 08:00:53,513 [INFO] PluginManage:310 - Check plugin analytics
2026-01-05 08:00:53,788 [INFO] AnalyticsPlugin:253 - Accepted Software Licenses: STM32CubeMX.6.15.0
2026-01-05 08:00:53,789 [INFO] AnalyticsPlugin:255 - Accepted CMSIS Pack Licenses: 
2026-01-05 08:00:53,789 [INFO] AnalyticsPlugin:257 - Accepted Firmware Licenses: FW.L4.1.18.0
2026-01-05 08:00:53,792 [INFO] PluginManage:359 - Loaded plugin analytics (category:tool,tabindex:-1)
2026-01-05 08:00:53,793 [INFO] PluginManage:310 - Check plugin cadmodel
2026-01-05 08:00:53,799 [INFO] CADModel:105 - Init CAD model plugin
2026-01-05 08:00:53,799 [INFO] PluginManage:359 - Loaded plugin cadmodel (category:power,tabindex:5)
2026-01-05 08:00:53,800 [INFO] PluginManage:310 - Check plugin clock
2026-01-05 08:00:53,813 [INFO] PluginManage:359 - Loaded plugin clock (category:base,tabindex:2)
2026-01-05 08:00:53,813 [INFO] PluginManage:310 - Check plugin ddr
2026-01-05 08:00:53,816 [INFO] PluginManage:359 - Loaded plugin ddr (category:tool,tabindex:6)
2026-01-05 08:00:53,817 [INFO] PluginManage:310 - Check plugin filemanager
2026-01-05 08:00:54,034 [INFO] PluginManage:359 - Loaded plugin filemanager (category:base,tabindex:10)
2026-01-05 08:00:54,035 [INFO] PluginManage:310 - Check plugin ipmanager
2026-01-05 08:00:54,043 [INFO] PluginManage:359 - Loaded plugin ipmanager (category:base,tabindex:5)
2026-01-05 08:00:54,043 [INFO] PluginManage:310 - Check plugin lpbam
2026-01-05 08:00:54,052 [INFO] PluginManage:359 - Loaded plugin lpbam (category:base,tabindex:0)
2026-01-05 08:00:54,052 [INFO] PluginManage:310 - Check plugin memorymap
2026-01-05 08:00:54,068 [INFO] PluginManage:359 - Loaded plugin memorymap (category:base,tabindex:4)
2026-01-05 08:00:54,068 [INFO] PluginManage:310 - Check plugin pinoutandconfiguration
2026-01-05 08:00:54,077 [INFO] PluginManage:359 - Loaded plugin pinoutandconfiguration (category:base,tabindex:1)
2026-01-05 08:00:54,077 [INFO] PluginManage:310 - Check plugin pinoutconfig
2026-01-05 08:00:54,180 [WARN] SupportedApi:132 - Cannot load RTOS API schema: s4s-elt-must-match.1: The content of 'definitions' must match (annotation?, (simpleType | complexType)?, (unique | key | keyref)*)). A problem was found starting at: attribute.
2026-01-05 08:00:54,380 [INFO] PluginManage:359 - Loaded plugin pinoutconfig (category:base,tabindex:0)
2026-01-05 08:00:54,380 [INFO] PluginManage:310 - Check plugin power
2026-01-05 08:00:54,395 [INFO] PluginManage:359 - Loaded plugin power (category:power,tabindex:4)
2026-01-05 08:00:54,396 [INFO] PluginManage:310 - Check plugin projectmanager
2026-01-05 08:00:54,421 [INFO] PluginManage:359 - Loaded plugin projectmanager (category:projectmanager,tabindex:4)
2026-01-05 08:00:54,421 [INFO] PluginManage:310 - Check plugin rif
2026-01-05 08:00:54,435 [INFO] PluginManage:359 - Loaded plugin rif (category:base,tabindex:3)
2026-01-05 08:00:54,435 [INFO] PluginManage:310 - Check plugin thirdparty
2026-01-05 08:00:54,635 [INFO] PluginManage:359 - Loaded plugin thirdparty (category:base,tabindex:-1)
2026-01-05 08:00:54,635 [WARN] IntegrityCheckThread:84 - waiting for thirdparty lock release [integrity check]
2026-01-05 08:00:54,635 [INFO] IntegrityCheckThread:86 - entering critical section [integrity check]
2026-01-05 08:00:54,635 [INFO] PluginManage:310 - Check plugin tools
2026-01-05 08:00:54,636 [INFO] ThirdPartyUpdaterWithRetryManager:70 - Updater plugin not ready yet. [1/15]
2026-01-05 08:00:54,639 [INFO] PluginManage:359 - Loaded plugin tools (category:base,tabindex:7)
2026-01-05 08:00:54,640 [INFO] PluginManage:310 - Check plugin tutovideos
2026-01-05 08:00:54,925 [INFO] PluginManage:359 - Loaded plugin tutovideos (category:base,tabindex:-1)
2026-01-05 08:00:54,925 [INFO] PluginManage:310 - Check plugin updater
2026-01-05 08:00:54,964 [INFO] PluginManage:359 - Loaded plugin updater (category:base,tabindex:12)
2026-01-05 08:00:54,964 [INFO] PluginManage:310 - Check plugin userauth
2026-01-05 08:00:54,969 [INFO] UserAuth:118 - Init User Auth plugin
2026-01-05 08:00:54,970 [INFO] PluginManage:359 - Loaded plugin userauth (category:base,tabindex:14)
2026-01-05 08:00:54,971 [INFO] PluginManage:283 - PluginManage : Loaded plugins [18]
2026-01-05 08:00:55,258 [INFO] PinOutPanel:1589 - setPackage(No Configuration,No Configuration)
2026-01-05 08:00:55,367 [INFO] CADModel:165 - CPN selected for project level
2026-01-05 08:00:55,367 [INFO] CADModel:114 - Register for checkConnection events
2026-01-05 08:00:55,393 [INFO] IPUIPlugin:80 - create IPUIPlugin
2026-01-05 08:00:55,393 [INFO] PluginManager:220 - loadIPPluginJar : add adc
2026-01-05 08:00:55,397 [INFO] IPUIPlugin:80 - create IPUIPlugin
2026-01-05 08:00:55,397 [INFO] PluginManager:220 - loadIPPluginJar : add aes
2026-01-05 08:00:55,402 [INFO] IPUIPlugin:80 - create IPUIPlugin
2026-01-05 08:00:55,402 [INFO] PluginManager:220 - loadIPPluginJar : add can
2026-01-05 08:00:55,405 [INFO] IPUIPlugin:80 - create IPUIPlugin
2026-01-05 08:00:55,405 [INFO] PluginManager:220 - loadIPPluginJar : add comp
2026-01-05 08:00:55,409 [INFO] IPUIPlugin:80 - create IPUIPlugin
2026-01-05 08:00:55,409 [INFO] PluginManager:220 - loadIPPluginJar : add cryp
2026-01-05 08:00:55,413 [INFO] IPUIPlugin:80 - create IPUIPlugin
2026-01-05 08:00:55,413 [INFO] PluginManager:220 - loadIPPluginJar : add ddr_ctrl_phy
2026-01-05 08:00:55,417 [INFO] IPUIPlugin:80 - create IPUIPlugin
2026-01-05 08:00:55,417 [INFO] PluginManager:220 - loadIPPluginJar : add dfsdm
2026-01-05 08:00:55,423 [INFO] IPUIPlugin:80 - create IPUIPlugin
2026-01-05 08:00:55,424 [INFO] PluginManager:220 - loadIPPluginJar : add dma
2026-01-05 08:00:55,427 [INFO] IPUIPlugin:80 - create IPUIPlugin
2026-01-05 08:00:55,428 [INFO] PluginManager:220 - loadIPPluginJar : add dma3
2026-01-05 08:00:55,432 [INFO] IPUIPlugin:80 - create IPUIPlugin
2026-01-05 08:00:55,432 [INFO] PluginManager:220 - loadIPPluginJar : add extmemmanager
2026-01-05 08:00:55,435 [INFO] IPUIPlugin:80 - create IPUIPlugin
2026-01-05 08:00:55,435 [INFO] PluginManager:220 - loadIPPluginJar : add fatfs
2026-01-05 08:00:55,442 [INFO] IPUIPlugin:80 - create IPUIPlugin
2026-01-05 08:00:55,442 [INFO] PluginManager:220 - loadIPPluginJar : add fmc
2026-01-05 08:00:55,452 [INFO] IPUIPlugin:80 - create IPUIPlugin
2026-01-05 08:00:55,453 [INFO] PluginManager:220 - loadIPPluginJar : add freertos
2026-01-05 08:00:55,455 [INFO] IPUIPlugin:80 - create IPUIPlugin
2026-01-05 08:00:55,455 [INFO] PluginManager:220 - loadIPPluginJar : add genericplugin
2026-01-05 08:00:55,459 [INFO] IPUIPlugin:80 - create IPUIPlugin
2026-01-05 08:00:55,459 [INFO] PluginManager:220 - loadIPPluginJar : add gfxmmu
2026-01-05 08:00:55,467 [INFO] IPUIPlugin:80 - create IPUIPlugin
2026-01-05 08:00:55,467 [INFO] PluginManager:220 - loadIPPluginJar : add gic
2026-01-05 08:00:55,473 [INFO] IPUIPlugin:80 - create IPUIPlugin
2026-01-05 08:00:55,474 [INFO] PluginManager:220 - loadIPPluginJar : add gpio
2026-01-05 08:00:55,478 [INFO] IPUIPlugin:80 - create IPUIPlugin
2026-01-05 08:00:55,478 [INFO] PluginManager:220 - loadIPPluginJar : add gtzc
2026-01-05 08:00:55,482 [INFO] IPUIPlugin:80 - create IPUIPlugin
2026-01-05 08:00:55,482 [INFO] PluginManager:220 - loadIPPluginJar : add hash
2026-01-05 08:00:55,487 [INFO] IPUIPlugin:80 - create IPUIPlugin
2026-01-05 08:00:55,487 [INFO] PluginManager:220 - loadIPPluginJar : add i2c
2026-01-05 08:00:55,491 [INFO] IPUIPlugin:80 - create IPUIPlugin
2026-01-05 08:00:55,491 [INFO] PluginManager:220 - loadIPPluginJar : add i2s
2026-01-05 08:00:55,496 [INFO] IPUIPlugin:80 - create IPUIPlugin
2026-01-05 08:00:55,496 [INFO] PluginManager:220 - loadIPPluginJar : add i3c
2026-01-05 08:00:55,501 [INFO] IPUIPlugin:80 - create IPUIPlugin
2026-01-05 08:00:55,501 [INFO] PluginManager:220 - loadIPPluginJar : add ipddr
2026-01-05 08:00:55,511 [INFO] IPUIPlugin:80 - create IPUIPlugin
2026-01-05 08:00:55,511 [INFO] PluginManager:220 - loadIPPluginJar : add linkedlist
2026-01-05 08:00:55,516 [INFO] IPUIPlugin:80 - create IPUIPlugin
2026-01-05 08:00:55,516 [INFO] PluginManager:220 - loadIPPluginJar : add lorawan
2026-01-05 08:00:55,518 [INFO] IPUIPlugin:80 - create IPUIPlugin
2026-01-05 08:00:55,518 [INFO] PluginManager:220 - loadIPPluginJar : add ltdc
2026-01-05 08:00:55,526 [INFO] IPUIPlugin:80 - create IPUIPlugin
2026-01-05 08:00:55,527 [INFO] PluginManager:220 - loadIPPluginJar : add mdma
2026-01-05 08:00:55,534 [INFO] IPUIPlugin:80 - create IPUIPlugin
2026-01-05 08:00:55,535 [INFO] PluginManager:220 - loadIPPluginJar : add nvic
2026-01-05 08:00:55,539 [INFO] IPUIPlugin:80 - create IPUIPlugin
2026-01-05 08:00:55,539 [INFO] PluginManager:220 - loadIPPluginJar : add opamp
2026-01-05 08:00:55,543 [INFO] IPUIPlugin:80 - create IPUIPlugin
2026-01-05 08:00:55,544 [INFO] PluginManager:220 - loadIPPluginJar : add openamp
2026-01-05 08:00:55,548 [INFO] IPUIPlugin:80 - create IPUIPlugin
2026-01-05 08:00:55,548 [INFO] PluginManager:220 - loadIPPluginJar : add pdm2pcm
2026-01-05 08:00:55,557 [INFO] IPUIPlugin:80 - create IPUIPlugin
2026-01-05 08:00:55,561 [INFO] PluginManager:220 - loadIPPluginJar : add plateformsettings
2026-01-05 08:00:55,563 [INFO] IPUIPlugin:80 - create IPUIPlugin
2026-01-05 08:00:55,563 [INFO] PluginManager:220 - loadIPPluginJar : add quadspi
2026-01-05 08:00:55,566 [INFO] IPUIPlugin:80 - create IPUIPlugin
2026-01-05 08:00:55,567 [INFO] PluginManager:220 - loadIPPluginJar : add radio
2026-01-05 08:00:55,573 [INFO] IPUIPlugin:80 - create IPUIPlugin
2026-01-05 08:00:55,573 [INFO] PluginManager:220 - loadIPPluginJar : add resmgrutility
2026-01-05 08:00:55,577 [INFO] IPUIPlugin:80 - create IPUIPlugin
2026-01-05 08:00:55,577 [INFO] PluginManager:220 - loadIPPluginJar : add sai
2026-01-05 08:00:55,580 [INFO] IPUIPlugin:80 - create IPUIPlugin
2026-01-05 08:00:55,580 [INFO] PluginManager:220 - loadIPPluginJar : add spi
2026-01-05 08:00:55,588 [INFO] IPUIPlugin:80 - create IPUIPlugin
2026-01-05 08:00:55,588 [INFO] PluginManager:220 - loadIPPluginJar : add stm32_wpan
2026-01-05 08:00:55,591 [INFO] IPUIPlugin:80 - create IPUIPlugin
2026-01-05 08:00:55,591 [INFO] PluginManager:220 - loadIPPluginJar : add tim
2026-01-05 08:00:55,597 [INFO] IPUIPlugin:80 - create IPUIPlugin
2026-01-05 08:00:55,597 [INFO] PluginManager:220 - loadIPPluginJar : add touchsensing
2026-01-05 08:00:55,600 [INFO] IPUIPlugin:80 - create IPUIPlugin
2026-01-05 08:00:55,600 [INFO] PluginManager:220 - loadIPPluginJar : add tracer_emb
2026-01-05 08:00:55,603 [INFO] IPUIPlugin:80 - create IPUIPlugin
2026-01-05 08:00:55,603 [INFO] PluginManager:220 - loadIPPluginJar : add ts
2026-01-05 08:00:55,606 [INFO] IPUIPlugin:80 - create IPUIPlugin
2026-01-05 08:00:55,606 [INFO] PluginManager:220 - loadIPPluginJar : add tsc
2026-01-05 08:00:55,609 [INFO] IPUIPlugin:80 - create IPUIPlugin
2026-01-05 08:00:55,609 [INFO] PluginManager:220 - loadIPPluginJar : add ucpd
2026-01-05 08:00:55,614 [INFO] IPUIPlugin:80 - create IPUIPlugin
2026-01-05 08:00:55,614 [INFO] PluginManager:220 - loadIPPluginJar : add usart
2026-01-05 08:00:55,619 [INFO] IPUIPlugin:80 - create IPUIPlugin
2026-01-05 08:00:55,620 [INFO] PluginManager:220 - loadIPPluginJar : add usbx
2026-01-05 08:00:55,784 [FATAL] Updater:351 - Updater called before beeing initialized
2026-01-05 08:00:55,830 [INFO] RulesReader:64 - Compatibility file has been processed (317 Rules)
2026-01-05 08:00:55,847 [INFO] RulesReader:64 - Compatibility file has been processed (317 Rules)
2026-01-05 08:00:55,859 [INFO] CADModel:165 - CPN selected for project level
2026-01-05 08:00:55,860 [INFO] CADModel:114 - Register for checkConnection events
2026-01-05 08:00:55,860 [FATAL] Updater:351 - Updater called before beeing initialized
2026-01-05 08:00:55,860 [ERROR] CADModel:125 - Updater not yet initialized, retry later 
2026-01-05 08:00:56,047 [FATAL] Updater:351 - Updater called before beeing initialized
2026-01-05 08:00:56,049 [INFO] CADModel:165 - CPN selected for project level
2026-01-05 08:00:56,049 [INFO] CADModel:114 - Register for checkConnection events
2026-01-05 08:00:56,049 [FATAL] Updater:351 - Updater called before beeing initialized
2026-01-05 08:00:56,049 [ERROR] CADModel:125 - Updater not yet initialized, retry later 
2026-01-05 08:00:56,052 [FATAL] Updater:351 - Updater called before beeing initialized
2026-01-05 08:00:56,224 [FATAL] Updater:351 - Updater called before beeing initialized
2026-01-05 08:00:56,230 [INFO] DbMcusAds:53 - JSON generation date=Tue Dec 16 00:11:46 CET 2025 (1765840306612)
2026-01-05 08:00:56,231 [FATAL] Updater:351 - Updater called before beeing initialized
2026-01-05 08:00:56,339 [WARN] DetailPanel:346 - Failed to get advertising image, set to default
2026-01-05 08:00:56,490 [FATAL] Updater:351 - Updater called before beeing initialized
2026-01-05 08:00:56,497 [FATAL] Updater:351 - Updater called before beeing initialized
2026-01-05 08:00:56,497 [FATAL] Updater:351 - Updater called before beeing initialized
2026-01-05 08:00:56,497 [WARN] DetailPanel:346 - Failed to get advertising image, set to default
2026-01-05 08:00:56,498 [FATAL] Updater:351 - Updater called before beeing initialized
2026-01-05 08:00:56,769 [ERROR] Updater:1198 - MainUpdater not yet initialized. External WinMGr cannot be set.
2026-01-05 08:00:56,772 [INFO] Updater:1134 - Updater Version found : 6.15.0
2026-01-05 08:00:56,802 [INFO] ApplicationProperties:184 - Using Application install path: C:\ST\STM32CubeIDE_1.16.1\STM32CubeIDE\plugins\com.st.stm32cube.common.mx_6.15.0.202507011659
2026-01-05 08:00:57,638 [INFO] ThirdPartyUpdaterWithRetryManager:70 - Updater plugin not ready yet. [2/15]
2026-01-05 08:00:58,391 [ERROR] LogOutputStream:75 - [STDERR_REDIRECT] Jan 05, 2026 8:00:58 AM java.util.prefs.WindowsPreferences <init>
2026-01-05 08:00:58,393 [ERROR] LogOutputStream:75 - [STDERR_REDIRECT] WARNING: Could not open/create prefs root node Software\JavaSoft\Prefs at root 0xffffffff80000002. Windows RegCreateKeyEx(...) returned error code 5.
2026-01-05 08:00:58,393 [ERROR] LogOutputStream:75 - [STDERR_REDIRECT] 
2026-01-05 08:00:59,086 [INFO] MainUpdater:2872 - connection check result : 10
2026-01-05 08:00:59,086 [INFO] MainUpdater:3604 - Updater definition file requires update
2026-01-05 08:00:59,087 [INFO] MainUpdater:289 - Updater Check For Update Now.
2026-01-05 08:00:59,087 [INFO] MicroXplorer:498 - Change Database Version : DB.6.0.150
2026-01-05 08:00:59,141 [INFO] McuFinderGlobals:63 - Set McuFinder mode to 2 (CubeIDE integrated)
2026-01-05 08:00:59,141 [INFO] UserAuth:171 - activating auth plugin
2026-01-05 08:00:59,144 [INFO] UserAuth:487 - Internet connection configuration mode: 1
2026-01-05 08:00:59,166 [INFO] JxBrowserEngine:152 - Initiate JxBrowser Engine with user profile folder
2026-01-05 08:00:59,195 [INFO] ServerAccessManage:452 - Complete download http(s) 200
2026-01-05 08:00:59,196 [INFO] ServerAccessManage:509 - Download File updaters.zip
2026-01-05 08:00:59,302 [INFO] FileExtend:248 - Unzip File : updaters.zip
2026-01-05 08:00:59,302 [INFO] FileExtend:263 - Standard Zip Deflate
2026-01-05 08:01:00,638 [WARN] MainUpdater:1193 - Updater busy. Cannot search thirdparties
2026-01-05 08:01:00,638 [INFO] ThirdPartyUpdaterWithRetryManager:96 - Updater plugin is busy. [1/15]
2026-01-05 08:01:00,752 [INFO] ServerAccessManage:452 - Complete download http(s) 200
2026-01-05 08:01:00,753 [INFO] ServerAccessManage:509 - Download File PacksControlFlags.xml
2026-01-05 08:01:00,846 [INFO] ServerAccessManage:452 - Complete download http(s) 200
2026-01-05 08:01:00,847 [INFO] ServerAccessManage:509 - Download File cubemx.pidx
2026-01-05 08:01:01,001 [INFO] LoadServerUpdatesThread:375 - End of LoadServerUpdate Thread
2026-01-05 08:01:01,213 [INFO] CheckServerUpdateThread:120 - End of CheckServer Thread
2026-01-05 08:01:03,116 [INFO] WebApp:169 - Instantiating new browser for Auth
2026-01-05 08:01:04,038 [WARN] PackLoader:240 - Cannot read IP mode file for STMicroelectronics.FP-SNS-MOTENVWB1.1.4.0
2026-01-05 08:01:04,050 [WARN] PackLoader:240 - Cannot read IP mode file for STMicroelectronics.FP-ATR-ASTRA1.2.0.2
2026-01-05 08:01:04,065 [WARN] PackLoader:240 - Cannot read IP mode file for STMicroelectronics.X-CUBE-SMBUS.2.1.0
2026-01-05 08:01:04,073 [WARN] PackLoader:240 - Cannot read IP mode file for STMicroelectronics.X-CUBE-ST60.1.0.0
2026-01-05 08:01:04,118 [WARN] PackLoader:240 - Cannot read IP mode file for STMicroelectronics.X-CUBE-AZRTOS-F7.1.1.0
2026-01-05 08:01:04,130 [WARN] PackLoader:240 - Cannot read IP mode file for Cesanta.I-CUBE-Mongoose.7.19.0
2026-01-05 08:01:04,249 [WARN] PackLoader:240 - Cannot read IP mode file for STMicroelectronics.X-CUBE-MEMS1.11.0.0
2026-01-05 08:01:04,369 [INFO] WebApp:463 - Apply proxy settings
2026-01-05 08:01:04,369 [INFO] WebApp:548 - Chromium requires no authentication
2026-01-05 08:01:04,393 [INFO] WebApp:491 - Direct internet connection detected
2026-01-05 08:01:04,450 [INFO] WebApp:900 - Register for checkConnection events
2026-01-05 08:01:04,451 [INFO] WebApp:463 - Apply proxy settings
2026-01-05 08:01:04,451 [INFO] WebApp:548 - Chromium requires no authentication
2026-01-05 08:01:04,451 [INFO] WebApp:491 - Direct internet connection detected
2026-01-05 08:01:04,516 [WARN] PackLoader:240 - Cannot read IP mode file for STMicroelectronics.FP-SNS-MOTENV1.5.1.0
2026-01-05 08:01:04,528 [WARN] PackLoader:240 - Cannot read IP mode file for WES.I-CUBE-Cesium.1.4.0
2026-01-05 08:01:04,533 [WARN] PackLoader:240 - Cannot read IP mode file for STMicroelectronics.FP-SNS-FLIGHT1.5.0.2
2026-01-05 08:01:04,566 [WARN] PackLoader:240 - Cannot read IP mode file for Infineon.AIROC-Wi-Fi-Bluetooth-STM32.1.7.1
2026-01-05 08:01:04,607 [WARN] PackLoader:240 - Cannot read IP mode file for STMicroelectronics.X-CUBE-AZRTOS-H7.3.4.0
2026-01-05 08:01:04,621 [WARN] PackLoader:240 - Cannot read IP mode file for STMicroelectronics.X-CUBE-DISPLAY.3.0.0
2026-01-05 08:01:04,633 [WARN] PackLoader:240 - Cannot read IP mode file for STMicroelectronics.X-CUBE-BLE1.7.0.0
2026-01-05 08:01:04,644 [WARN] PackLoader:240 - Cannot read IP mode file for STMicroelectronics.X-CUBE-NFC10.1.0.0
2026-01-05 08:01:04,652 [WARN] PackLoader:240 - Cannot read IP mode file for STMicroelectronics.X-CUBE-ST60.1.1.0
2026-01-05 08:01:04,661 [WARN] PackLoader:240 - Cannot read IP mode file for emotas.I-CUBE-CANOPEN.1.3.0
2026-01-05 08:01:04,669 [WARN] PackLoader:240 - Cannot read IP mode file for STMicroelectronics.X-CUBE-GNSS1.7.1.0
2026-01-05 08:01:04,691 [WARN] PackLoader:240 - Cannot read IP mode file for STMicroelectronics.X-CUBE-BLEMGR.3.1.0
2026-01-05 08:01:04,704 [WARN] PackLoader:240 - Cannot read IP mode file for STMicroelectronics.FP-SNS-STBOX1.2.1.0
2026-01-05 08:01:04,712 [WARN] PackLoader:240 - Cannot read IP mode file for STMicroelectronics.FP-SNS-SMARTAG2.1.2.0
2026-01-05 08:01:04,716 [WARN] PackLoader:240 - Cannot read IP mode file for STMicroelectronics.FP-SNS-FLIGHT1.5.1.0
2026-01-05 08:01:04,727 [INFO] LogOutputStream:77 - [STDOUT_REDIRECT] 1 : Invalid condition id : UX_CORESTACK_Condition cause : null
2026-01-05 08:01:04,728 [INFO] LogOutputStream:77 - [STDOUT_REDIRECT] 1 : Invalid condition id : UX_CORESTACK_Condition cause : null
2026-01-05 08:01:04,730 [INFO] LogOutputStream:77 - [STDOUT_REDIRECT] 1 : Invalid condition id : UX_CORESTACK_Condition cause : null
2026-01-05 08:01:04,732 [INFO] LogOutputStream:77 - [STDOUT_REDIRECT] 1 : Invalid condition id : UX_CORESTACK_Condition cause : null
2026-01-05 08:01:04,734 [INFO] LogOutputStream:77 - [STDOUT_REDIRECT] 1 : Invalid condition id : UX_CORESTACK_Condition cause : null
2026-01-05 08:01:04,738 [WARN] PackLoader:240 - Cannot read IP mode file for STMicroelectronics.X-CUBE-AZRTOS-WL.2.0.0
2026-01-05 08:01:04,744 [WARN] PackLoader:240 - Cannot read IP mode file for STMicroelectronics.FP-SNS-MOTENV1.5.0.0
2026-01-05 08:01:04,771 [WARN] PackLoader:240 - Cannot read IP mode file for STMicroelectronics.X-CUBE-AZRTOS-H7RS.1.2.0
2026-01-05 08:01:04,782 [WARN] PackLoader:240 - Cannot read IP mode file for wolfSSL.I-CUBE-wolfMQTT.1.19.0
2026-01-05 08:01:04,785 [INFO] WebApp:191 - Connection restablished
2026-01-05 08:01:04,787 [WARN] PackLoader:240 - Cannot read IP mode file for WES.I-CUBE-Cesium.1.3.0
2026-01-05 08:01:04,794 [WARN] PackLoader:240 - Cannot read IP mode file for STMicroelectronics.X-CUBE-BLE2.3.3.0
2026-01-05 08:01:04,874 [INFO] WebApp:225 - Starting web application
2026-01-05 08:01:04,874 [INFO] WebApp:593 - Web application path used C:\ST\STM32CubeIDE_1.16.1\STM32CubeIDE\plugins\com.st.stm32cube.common.mx_6.15.0.202507011659\db\plugins\mcufinder\reactClient1\index.html
2026-01-05 08:01:04,903 [WARN] PackLoader:240 - Cannot read IP mode file for STMicroelectronics.X-CUBE-NFC9.1.0.0
2026-01-05 08:01:04,910 [WARN] PackLoader:240 - Cannot read IP mode file for wolfSSL.I-CUBE-wolfSSL.5.8.2
2026-01-05 08:01:04,917 [WARN] PackLoader:240 - Cannot read IP mode file for STMicroelectronics.X-CUBE-BLE1.7.1.0
2026-01-05 08:01:04,921 [WARN] PackLoader:240 - Cannot read IP mode file for wolfSSL.I-CUBE-wolfMQTT.1.19.2
2026-01-05 08:01:04,928 [WARN] PackLoader:240 - Cannot read IP mode file for STMicroelectronics.X-CUBE-TCPP.4.1.0
2026-01-05 08:01:04,937 [WARN] PackLoader:240 - Cannot read IP mode file for STMicroelectronics.X-CUBE-FREERTOS.1.4.0
2026-01-05 08:01:04,946 [WARN] PackLoader:240 - Cannot read IP mode file for STMicroelectronics.X-CUBE-EEPRMA1.5.2.0
2026-01-05 08:01:04,957 [WARN] PackLoader:240 - Cannot read IP mode file for STMicroelectronics.X-CUBE-ST67W61.1.1.0
2026-01-05 08:01:05,048 [WARN] PackLoader:240 - Cannot read IP mode file for STMicroelectronics.X-CUBE-MEMS1.12.0.0
2026-01-05 08:01:05,234 [WARN] PackLoader:240 - Cannot read IP mode file for STMicroelectronics.X-CUBE-AZRTOS-G0.1.1.0
2026-01-05 08:01:05,244 [WARN] PackLoader:240 - Cannot read IP mode file for STMicroelectronics.X-CUBE-SAFEA1.1.2.2
2026-01-05 08:01:05,252 [WARN] PackLoader:240 - Cannot read IP mode file for STMicroelectronics.X-CUBE-NFC4.3.0.0
2026-01-05 08:01:05,264 [WARN] PackLoader:240 - Cannot read IP mode file for EmbeddedOffice.I-CUBE-FS-RTOS.1.0.1
2026-01-05 08:01:05,271 [WARN] PackLoader:240 - Cannot read IP mode file for STMicroelectronics.X-CUBE-WB05N.2.0.0
2026-01-05 08:01:05,276 [WARN] PackLoader:240 - Cannot read IP mode file for wolfSSL.I-CUBE-wolfTPM.3.8.0
2026-01-05 08:01:05,282 [WARN] PackLoader:240 - Cannot read IP mode file for STMicroelectronics.X-CUBE-TCPP.4.2.0
2026-01-05 08:01:05,289 [WARN] PackLoader:240 - Cannot read IP mode file for RealThread.X-CUBE-RT-Thread_Nano.4.1.1
2026-01-05 08:01:05,294 [WARN] PackLoader:240 - Cannot read IP mode file for STMicroelectronics.FP-ATR-SIGFOX1.3.2.0
2026-01-05 08:01:05,299 [WARN] PackLoader:240 - Cannot read IP mode file for wolfSSL.I-CUBE-wolfSSL.5.7.2
2026-01-05 08:01:05,304 [WARN] PackLoader:240 - Cannot read IP mode file for STMicroelectronics.X-CUBE-EEPRMA1.5.1.0
2026-01-05 08:01:05,323 [WARN] PackLoader:240 - Cannot read IP mode file for ITTIA_DB.I-CUBE-ITTIADB.8.9.0
2026-01-05 08:01:05,330 [WARN] PackLoader:240 - Cannot read IP mode file for STMicroelectronics.X-CUBE-ST67W61.1.0.0
2026-01-05 08:01:05,339 [WARN] PackLoader:240 - Cannot read IP mode file for STMicroelectronics.X-CUBE-AI.10.2.0
2026-01-05 08:01:05,524 [WARN] PackLoader:240 - Cannot read IP mode file for SEGGER.I-CUBE-embOS.1.3.1
2026-01-05 08:01:05,577 [WARN] PackLoader:240 - Cannot read IP mode file for STMicroelectronics.X-CUBE-ALGOBUILD.1.4.0
2026-01-05 08:01:05,641 [WARN] PackLoader:240 - Cannot read IP mode file for STMicroelectronics.X-CUBE-MEMS1.11.3.0
2026-01-05 08:01:05,808 [WARN] PackLoader:240 - Cannot read IP mode file for STMicroelectronics.X-CUBE-PM33A1.1.0.0
2026-01-05 08:01:05,829 [WARN] PackLoader:240 - Cannot read IP mode file for STMicroelectronics.X-CUBE-AZRTOS-F4.1.1.0
2026-01-05 08:01:05,836 [WARN] PackLoader:240 - Cannot read IP mode file for STMicroelectronics.X-CUBE-ISPU.2.1.0
2026-01-05 08:01:05,849 [WARN] PackLoader:240 - Cannot read IP mode file for STMicroelectronics.X-CUBE-IPS.3.2.0
2026-01-05 08:01:05,860 [WARN] PackLoader:240 - Cannot read IP mode file for STMicroelectronics.X-CUBE-FREERTOS.1.2.0
2026-01-05 08:01:05,868 [WARN] PackLoader:240 - Cannot read IP mode file for STMicroelectronics.X-CUBE-NFC12.1.0.0
2026-01-05 08:01:05,893 [WARN] PackLoader:240 - Cannot read IP mode file for STMicroelectronics.X-CUBE-AZRTOS-L5.2.0.0
2026-01-05 08:01:05,905 [WARN] PackLoader:240 - Cannot read IP mode file for STMicroelectronics.X-CUBE-NFC6.3.1.0
2026-01-05 08:01:05,913 [WARN] PackLoader:240 - Cannot read IP mode file for STMicroelectronics.X-CUBE-DPower.1.2.0
2026-01-05 08:01:05,918 [WARN] PackLoader:240 - Cannot read IP mode file for STMicroelectronics.X-CUBE-AI.9.0.0
2026-01-05 08:01:05,924 [WARN] PackLoader:240 - Cannot read IP mode file for STMicroelectronics.X-CUBE-FREERTOS.1.3.1
2026-01-05 08:01:05,930 [WARN] PackLoader:240 - Cannot read IP mode file for STMicroelectronics.X-CUBE-NFC7.1.0.1
2026-01-05 08:01:05,936 [WARN] PackLoader:240 - Cannot read IP mode file for STMicroelectronics.X-CUBE-TOUCHGFX.4.26.0
2026-01-05 08:01:05,942 [WARN] PackLoader:240 - Cannot read IP mode file for STMicroelectronics.FP-SNS-STAIOTCFT.1.0.0
2026-01-05 08:01:05,948 [WARN] PackLoader:240 - Cannot read IP mode file for STMicroelectronics.X-CUBE-DPower.1.3.0
2026-01-05 08:01:05,970 [WARN] ConditionMgr:438 - getConditionDescription Invalid condition id : LAN8742 Phy interface Condition cause : null
2026-01-05 08:01:05,971 [WARN] PackLoader:240 - Cannot read IP mode file for STMicroelectronics.X-CUBE-AZRTOS-L4.2.0.0
2026-01-05 08:01:05,973 [WARN] ConditionMgr:1044 - genDependencies : Invalid condition id : LAN8742 Phy interface Condition cause : null
2026-01-05 08:01:05,973 [WARN] ConditionMgr:1044 - genDependencies : Invalid condition id : LAN8742 Phy interface Condition cause : null
2026-01-05 08:01:05,974 [WARN] ConditionMgr:1044 - genDependencies : Invalid condition id : LAN8742 Phy interface Condition cause : null
2026-01-05 08:01:05,986 [WARN] PackLoader:240 - Cannot read IP mode file for STMicroelectronics.X-CUBE-SFXS2LP1.4.0.0
2026-01-05 08:01:05,994 [ERROR] Engine:466 - STMicroelectronics.X-CUBE-AI.10.2.0: Software pack already exists
2026-01-05 08:01:06,016 [WARN] PackLoader:240 - Cannot read IP mode file for STMicroelectronics.X-CUBE-AZRTOS-H7.3.3.0
2026-01-05 08:01:06,031 [WARN] PackLoader:240 - Cannot read IP mode file for STMicroelectronics.X-CUBE-BLEMGR.4.1.0
2026-01-05 08:01:06,050 [WARN] ConditionMgr:438 - getConditionDescription Invalid condition id : UX DEVICE CLASS RTOS Condition cause : null
2026-01-05 08:01:06,050 [WARN] ConditionMgr:438 - getConditionDescription Invalid condition id : UX DEVICE CLASS RTOS Condition cause : null
2026-01-05 08:01:06,052 [WARN] PackLoader:240 - Cannot read IP mode file for STMicroelectronics.X-CUBE-AZRTOS-WB.2.0.0
2026-01-05 08:01:06,053 [WARN] ConditionMgr:1044 - genDependencies : Invalid condition id : UX DEVICE CLASS RTOS Condition cause : null
2026-01-05 08:01:06,053 [WARN] ConditionMgr:1044 - genDependencies : Invalid condition id : UX DEVICE CLASS RTOS Condition cause : null
2026-01-05 08:01:06,053 [WARN] ConditionMgr:1044 - genDependencies : Invalid condition id : UX DEVICE CLASS RTOS Condition cause : null
2026-01-05 08:01:06,054 [WARN] ConditionMgr:1044 - genDependencies : Invalid condition id : UX DEVICE CLASS RTOS Condition cause : null
2026-01-05 08:01:06,054 [WARN] ConditionMgr:1044 - genDependencies : Invalid condition id : UX DEVICE CLASS RTOS Condition cause : null
2026-01-05 08:01:06,060 [WARN] PackLoader:240 - Cannot read IP mode file for STMicroelectronics.X-CUBE-GNSS1.7.0.0
2026-01-05 08:01:06,068 [WARN] PackLoader:240 - Cannot read IP mode file for STMicroelectronics.X-CUBE-GNSS1.7.0.1
2026-01-05 08:01:06,074 [WARN] PackLoader:240 - Cannot read IP mode file for STMicroelectronics.FP-SNS-STBOX1.2.0.0
2026-01-05 08:01:06,084 [WARN] ConditionMgr:438 - getConditionDescription Invalid condition id : Cortex-A Device cause : null
2026-01-05 08:01:06,103 [WARN] ConditionMgr:1044 - genDependencies : Invalid condition id : Cortex-A Device cause : null
2026-01-05 08:01:06,103 [WARN] ConditionMgr:1044 - genDependencies : Invalid condition id : Cortex-A Device cause : null
2026-01-05 08:01:06,103 [WARN] ConditionMgr:1044 - genDependencies : Invalid condition id : Cortex-A Device cause : null
2026-01-05 08:01:06,114 [WARN] PackLoader:240 - Cannot read IP mode file for STMicroelectronics.X-CUBE-SUBG2.5.0.0
2026-01-05 08:01:06,152 [WARN] PackLoader:240 - Cannot read IP mode file for STMicroelectronics.X-CUBE-AZRTOS-H7RS.1.1.0
2026-01-05 08:01:06,158 [WARN] PackLoader:240 - Cannot read IP mode file for Cesanta.I-CUBE-Mongoose.7.13.0
2026-01-05 08:01:06,174 [WARN] PackLoader:240 - Cannot read IP mode file for STMicroelectronics.X-CUBE-AZRTOS-G4.2.0.0
2026-01-05 08:01:06,180 [WARN] PackLoader:240 - Cannot read IP mode file for wolfSSL.I-CUBE-wolfSSH.1.4.20
2026-01-05 08:01:06,184 [WARN] PackLoader:240 - Cannot read IP mode file for STMicroelectronics.X-CUBE-NFC7.2.0.0
2026-01-05 08:01:06,189 [WARN] PackLoader:240 - Cannot read IP mode file for STMicroelectronics.X-CUBE-ALS.1.0.2
2026-01-05 08:01:06,193 [WARN] PackLoader:240 - Cannot read IP mode file for STMicroelectronics.X-CUBE-TOUCHGFX.4.24.0
2026-01-05 08:01:06,200 [WARN] PackLoader:240 - Cannot read IP mode file for STMicroelectronics.X-CUBE-STSE01.1.0.0
2026-01-05 08:01:06,214 [WARN] PackLoader:240 - Cannot read IP mode file for wolfSSL.I-CUBE-wolfTPM.3.4.0
2026-01-05 08:01:06,234 [WARN] PackLoader:240 - Cannot read IP mode file for portGmbH.I-Cube-SoM-uGOAL.1.1.0
2026-01-05 08:01:06,253 [WARN] PackLoader:240 - Cannot read IP mode file for STMicroelectronics.X-CUBE-AZRTOS-H7RS.1.0.0
2026-01-05 08:01:06,261 [WARN] PackLoader:240 - Cannot read IP mode file for STMicroelectronics.FP-ATR-ASTRA1.2.0.0
2026-01-05 08:01:06,273 [WARN] PackLoader:240 - Cannot read IP mode file for STMicroelectronics.X-CUBE-TOF1.3.4.2
2026-01-05 08:01:06,295 [WARN] PackLoader:240 - Cannot read IP mode file for STMicroelectronics.X-CUBE-TOF1.3.4.3
2026-01-05 08:01:06,327 [WARN] PackLoader:240 - Cannot read IP mode file for Infineon.AIROC-Wi-Fi-Bluetooth-STM32.1.6.1
2026-01-05 08:01:06,334 [WARN] PackLoader:240 - Cannot read IP mode file for wolfSSL.I-CUBE-wolfSSH.1.4.17
2026-01-05 08:01:06,338 [INFO] ThirdParty:978 - Integrity check success = true
2026-01-05 08:01:06,338 [INFO] IntegrityCheckThread:100 - exiting critical section [integrity check]
2026-01-05 08:01:06,338 [INFO] IntegrityCheckThread:103 - End integrity checks thread
2026-01-05 08:01:26,793 [ERROR] LogOutputStream:75 - [STDERR_REDIRECT] 
