2025-11-28 13:19:42,649 [INFO] Activator:176 - 


2025-11-28 13:19:42,649 [INFO] Activator:177 - !SESSION log4j initialized
2025-11-28 13:19:49,131 [INFO] LogOutputStream:77 - [STDOUT_REDIRECT] 
2025-11-28 13:19:51,573 [INFO] ApplicationProperties:184 - Using Application install path: C:\ST\STM32CubeIDE_1.16.1\STM32CubeIDE\plugins\com.st.stm32cube.common.mx_6.15.0.202507011659
2025-11-28 13:19:51,595 [INFO] DbMcusXml:78 - Set database path to: C:\ST\STM32CubeIDE_1.16.1\STM32CubeIDE\plugins\com.st.stm32cube.common.mx_6.15.0.202507011659\\db\/mcu/
2025-11-28 13:19:51,596 [INFO] ApiDb:274 - Set plugin database path to: C:\ST\STM32CubeIDE_1.16.1\STM32CubeIDE\plugins\com.st.stm32cube.common.mx_6.15.0.202507011659\\db\/plugins/boardmanager/
2025-11-28 13:19:51,596 [WARN] ApiDb:259 - Overriding images path with different value:  => C:\ST\STM32CubeIDE_1.16.1\STM32CubeIDE\plugins\com.st.stm32cube.common.mx_6.15.0.202507011659\\db\/plugins/mcufinder/images/
2025-11-28 13:19:51,605 [INFO] ApiDb:250 - Set database path to: C:\Users\user\.stmcufinder\plugins\mcufinder//mcu/
2025-11-28 13:19:51,606 [INFO] DbMcusAds:125 - Set database path to: C:\Users\user\.stmcufinder\plugins\mcufinder//mcu/
2025-11-28 13:19:51,608 [INFO] CrossReferenceDbSqlite:203 - Set database path to: C:\Users\user\.stmcufinder\plugins\mcufinder//mcu/cs/
2025-11-28 13:19:51,722 [INFO] RulesReader:64 - Compatibility file has been processed (317 Rules)
2025-11-28 13:19:51,802 [INFO] DbMcusXml:78 - Set database path to: C:\ST\STM32CubeIDE_1.16.1\STM32CubeIDE\plugins\com.st.stm32cube.common.mx_6.15.0.202507011659\\db\/mcu/
2025-11-28 13:19:51,802 [INFO] ApiDb:274 - Set plugin database path to: C:\ST\STM32CubeIDE_1.16.1\STM32CubeIDE\plugins\com.st.stm32cube.common.mx_6.15.0.202507011659\\db\/plugins/boardmanager/
2025-11-28 13:19:51,803 [INFO] ApiDb:261 - Set plugin images path to: C:\ST\STM32CubeIDE_1.16.1\STM32CubeIDE\plugins\com.st.stm32cube.common.mx_6.15.0.202507011659\\db\/plugins/mcufinder/images/
2025-11-28 13:19:51,803 [WARN] DbFile:41 - Overriding database path with different value: C:\Users\user\.stmcufinder\plugins\mcufinder/ => C:\Users\user\.stmcufinder\plugins\mcufinder
2025-11-28 13:19:51,803 [INFO] ApiDb:250 - Set database path to: C:\Users\user\.stmcufinder\plugins\mcufinder//mcu/
2025-11-28 13:19:51,803 [WARN] DbFile:41 - Overriding database path with different value: C:\Users\user\.stmcufinder\plugins\mcufinder/ => C:\Users\user\.stmcufinder\plugins\mcufinder
2025-11-28 13:19:51,803 [INFO] DbMcusAds:125 - Set database path to: C:\Users\user\.stmcufinder\plugins\mcufinder//mcu/
2025-11-28 13:19:51,803 [WARN] DbFile:41 - Overriding database path with different value: C:\Users\user\.stmcufinder\plugins\mcufinder/ => C:\Users\user\.stmcufinder\plugins\mcufinder
2025-11-28 13:19:51,803 [WARN] DbFile:41 - Overriding database path with different value: C:\Users\user\.stmcufinder\plugins\mcufinder/ => C:\Users\user\.stmcufinder\plugins\mcufinder
2025-11-28 13:19:51,803 [INFO] CrossReferenceDbSqlite:203 - Set database path to: C:\Users\user\.stmcufinder\plugins\mcufinder//mcu/cs/
2025-11-28 13:19:51,879 [INFO] MainPanel:274 - HeapMemory: 268435456
2025-11-28 13:19:51,985 [INFO] DbMcusXml:78 - Set database path to: C:\ST\STM32CubeIDE_1.16.1\STM32CubeIDE\plugins\com.st.stm32cube.common.mx_6.15.0.202507011659\\db\/mcu/
2025-11-28 13:19:51,985 [INFO] ApiDb:274 - Set plugin database path to: C:\ST\STM32CubeIDE_1.16.1\STM32CubeIDE\plugins\com.st.stm32cube.common.mx_6.15.0.202507011659\\db\/plugins/boardmanager/
2025-11-28 13:19:51,985 [INFO] ApiDb:261 - Set plugin images path to: C:\ST\STM32CubeIDE_1.16.1\STM32CubeIDE\plugins\com.st.stm32cube.common.mx_6.15.0.202507011659\\db\/plugins/mcufinder/images/
2025-11-28 13:19:51,986 [WARN] DbFile:41 - Overriding database path with different value: C:\Users\user\.stmcufinder\plugins\mcufinder/ => C:\Users\user\.stmcufinder\plugins\mcufinder
2025-11-28 13:19:51,986 [INFO] ApiDb:250 - Set database path to: C:\Users\user\.stmcufinder\plugins\mcufinder//mcu/
2025-11-28 13:19:51,986 [WARN] DbFile:41 - Overriding database path with different value: C:\Users\user\.stmcufinder\plugins\mcufinder/ => C:\Users\user\.stmcufinder\plugins\mcufinder
2025-11-28 13:19:51,986 [INFO] DbMcusAds:125 - Set database path to: C:\Users\user\.stmcufinder\plugins\mcufinder//mcu/
2025-11-28 13:19:51,986 [WARN] DbFile:41 - Overriding database path with different value: C:\Users\user\.stmcufinder\plugins\mcufinder/ => C:\Users\user\.stmcufinder\plugins\mcufinder
2025-11-28 13:19:51,986 [WARN] DbFile:41 - Overriding database path with different value: C:\Users\user\.stmcufinder\plugins\mcufinder/ => C:\Users\user\.stmcufinder\plugins\mcufinder
2025-11-28 13:19:51,986 [INFO] CrossReferenceDbSqlite:203 - Set database path to: C:\Users\user\.stmcufinder\plugins\mcufinder//mcu/cs/
2025-11-28 13:19:52,006 [INFO] ApplicationProperties:184 - Using Application install path: C:\ST\STM32CubeIDE_1.16.1\STM32CubeIDE\plugins\com.st.stm32cube.common.mx_6.15.0.202507011659
2025-11-28 13:19:52,009 [INFO] PluginManage:196 - Search for loadable plugins [exclusion list=, ]
2025-11-28 13:19:52,011 [INFO] PluginManage:310 - Check plugin analytics
2025-11-28 13:19:52,230 [INFO] AnalyticsPlugin:253 - Accepted Software Licenses: STM32CubeMX.6.15.0
2025-11-28 13:19:52,230 [INFO] AnalyticsPlugin:255 - Accepted CMSIS Pack Licenses: 
2025-11-28 13:19:52,230 [INFO] AnalyticsPlugin:257 - Accepted Firmware Licenses: FW.L4.1.18.0
2025-11-28 13:19:52,233 [INFO] PluginManage:359 - Loaded plugin analytics (category:tool,tabindex:-1)
2025-11-28 13:19:52,233 [INFO] PluginManage:310 - Check plugin cadmodel
2025-11-28 13:19:52,240 [INFO] CADModel:105 - Init CAD model plugin
2025-11-28 13:19:52,241 [INFO] PluginManage:359 - Loaded plugin cadmodel (category:power,tabindex:5)
2025-11-28 13:19:52,241 [INFO] PluginManage:310 - Check plugin clock
2025-11-28 13:19:52,251 [INFO] PluginManage:359 - Loaded plugin clock (category:base,tabindex:2)
2025-11-28 13:19:52,251 [INFO] PluginManage:310 - Check plugin ddr
2025-11-28 13:19:52,254 [INFO] PluginManage:359 - Loaded plugin ddr (category:tool,tabindex:6)
2025-11-28 13:19:52,254 [INFO] PluginManage:310 - Check plugin filemanager
2025-11-28 13:19:52,401 [INFO] PluginManage:359 - Loaded plugin filemanager (category:base,tabindex:10)
2025-11-28 13:19:52,402 [INFO] PluginManage:310 - Check plugin ipmanager
2025-11-28 13:19:52,408 [INFO] PluginManage:359 - Loaded plugin ipmanager (category:base,tabindex:5)
2025-11-28 13:19:52,408 [INFO] PluginManage:310 - Check plugin lpbam
2025-11-28 13:19:52,416 [INFO] PluginManage:359 - Loaded plugin lpbam (category:base,tabindex:0)
2025-11-28 13:19:52,416 [INFO] PluginManage:310 - Check plugin memorymap
2025-11-28 13:19:52,433 [INFO] PluginManage:359 - Loaded plugin memorymap (category:base,tabindex:4)
2025-11-28 13:19:52,433 [INFO] PluginManage:310 - Check plugin pinoutandconfiguration
2025-11-28 13:19:52,442 [INFO] PluginManage:359 - Loaded plugin pinoutandconfiguration (category:base,tabindex:1)
2025-11-28 13:19:52,442 [INFO] PluginManage:310 - Check plugin pinoutconfig
2025-11-28 13:19:52,537 [WARN] SupportedApi:132 - Cannot load RTOS API schema: s4s-elt-must-match.1: The content of 'definitions' must match (annotation?, (simpleType | complexType)?, (unique | key | keyref)*)). A problem was found starting at: attribute.
2025-11-28 13:19:52,702 [INFO] PluginManage:359 - Loaded plugin pinoutconfig (category:base,tabindex:0)
2025-11-28 13:19:52,703 [INFO] PluginManage:310 - Check plugin power
2025-11-28 13:19:52,716 [INFO] PluginManage:359 - Loaded plugin power (category:power,tabindex:4)
2025-11-28 13:19:52,716 [INFO] PluginManage:310 - Check plugin projectmanager
2025-11-28 13:19:52,732 [INFO] PluginManage:359 - Loaded plugin projectmanager (category:projectmanager,tabindex:4)
2025-11-28 13:19:52,732 [INFO] PluginManage:310 - Check plugin rif
2025-11-28 13:19:52,746 [INFO] PluginManage:359 - Loaded plugin rif (category:base,tabindex:3)
2025-11-28 13:19:52,746 [INFO] PluginManage:310 - Check plugin thirdparty
2025-11-28 13:19:52,900 [INFO] PluginManage:359 - Loaded plugin thirdparty (category:base,tabindex:-1)
2025-11-28 13:19:52,900 [WARN] IntegrityCheckThread:84 - waiting for thirdparty lock release [integrity check]
2025-11-28 13:19:52,901 [INFO] PluginManage:310 - Check plugin tools
2025-11-28 13:19:52,901 [INFO] IntegrityCheckThread:86 - entering critical section [integrity check]
2025-11-28 13:19:52,901 [INFO] ThirdPartyUpdaterWithRetryManager:70 - Updater plugin not ready yet. [1/15]
2025-11-28 13:19:52,904 [INFO] PluginManage:359 - Loaded plugin tools (category:base,tabindex:7)
2025-11-28 13:19:52,905 [INFO] PluginManage:310 - Check plugin tutovideos
2025-11-28 13:19:53,116 [INFO] PluginManage:359 - Loaded plugin tutovideos (category:base,tabindex:-1)
2025-11-28 13:19:53,116 [INFO] PluginManage:310 - Check plugin updater
2025-11-28 13:19:53,135 [INFO] PluginManage:359 - Loaded plugin updater (category:base,tabindex:12)
2025-11-28 13:19:53,136 [INFO] PluginManage:310 - Check plugin userauth
2025-11-28 13:19:53,142 [INFO] UserAuth:118 - Init User Auth plugin
2025-11-28 13:19:53,142 [INFO] PluginManage:359 - Loaded plugin userauth (category:base,tabindex:14)
2025-11-28 13:19:53,143 [INFO] PluginManage:283 - PluginManage : Loaded plugins [18]
2025-11-28 13:19:53,359 [INFO] PinOutPanel:1589 - setPackage(No Configuration,No Configuration)
2025-11-28 13:19:53,439 [INFO] CADModel:165 - CPN selected for project level
2025-11-28 13:19:53,439 [INFO] CADModel:114 - Register for checkConnection events
2025-11-28 13:19:53,457 [INFO] IPUIPlugin:80 - create IPUIPlugin
2025-11-28 13:19:53,458 [INFO] PluginManager:220 - loadIPPluginJar : add adc
2025-11-28 13:19:53,461 [INFO] IPUIPlugin:80 - create IPUIPlugin
2025-11-28 13:19:53,461 [INFO] PluginManager:220 - loadIPPluginJar : add aes
2025-11-28 13:19:53,464 [INFO] IPUIPlugin:80 - create IPUIPlugin
2025-11-28 13:19:53,464 [INFO] PluginManager:220 - loadIPPluginJar : add can
2025-11-28 13:19:53,466 [INFO] IPUIPlugin:80 - create IPUIPlugin
2025-11-28 13:19:53,466 [INFO] PluginManager:220 - loadIPPluginJar : add comp
2025-11-28 13:19:53,470 [INFO] IPUIPlugin:80 - create IPUIPlugin
2025-11-28 13:19:53,470 [INFO] PluginManager:220 - loadIPPluginJar : add cryp
2025-11-28 13:19:53,474 [INFO] IPUIPlugin:80 - create IPUIPlugin
2025-11-28 13:19:53,474 [INFO] PluginManager:220 - loadIPPluginJar : add ddr_ctrl_phy
2025-11-28 13:19:53,477 [INFO] IPUIPlugin:80 - create IPUIPlugin
2025-11-28 13:19:53,477 [INFO] PluginManager:220 - loadIPPluginJar : add dfsdm
2025-11-28 13:19:53,483 [INFO] IPUIPlugin:80 - create IPUIPlugin
2025-11-28 13:19:53,484 [INFO] PluginManager:220 - loadIPPluginJar : add dma
2025-11-28 13:19:53,488 [INFO] IPUIPlugin:80 - create IPUIPlugin
2025-11-28 13:19:53,488 [INFO] PluginManager:220 - loadIPPluginJar : add dma3
2025-11-28 13:19:53,492 [INFO] IPUIPlugin:80 - create IPUIPlugin
2025-11-28 13:19:53,492 [INFO] PluginManager:220 - loadIPPluginJar : add extmemmanager
2025-11-28 13:19:53,494 [INFO] IPUIPlugin:80 - create IPUIPlugin
2025-11-28 13:19:53,495 [INFO] PluginManager:220 - loadIPPluginJar : add fatfs
2025-11-28 13:19:53,499 [INFO] IPUIPlugin:80 - create IPUIPlugin
2025-11-28 13:19:53,499 [INFO] PluginManager:220 - loadIPPluginJar : add fmc
2025-11-28 13:19:53,505 [INFO] IPUIPlugin:80 - create IPUIPlugin
2025-11-28 13:19:53,506 [INFO] PluginManager:220 - loadIPPluginJar : add freertos
2025-11-28 13:19:53,508 [INFO] IPUIPlugin:80 - create IPUIPlugin
2025-11-28 13:19:53,508 [INFO] PluginManager:220 - loadIPPluginJar : add genericplugin
2025-11-28 13:19:53,511 [INFO] IPUIPlugin:80 - create IPUIPlugin
2025-11-28 13:19:53,511 [INFO] PluginManager:220 - loadIPPluginJar : add gfxmmu
2025-11-28 13:19:53,515 [INFO] IPUIPlugin:80 - create IPUIPlugin
2025-11-28 13:19:53,516 [INFO] PluginManager:220 - loadIPPluginJar : add gic
2025-11-28 13:19:53,520 [INFO] IPUIPlugin:80 - create IPUIPlugin
2025-11-28 13:19:53,520 [INFO] PluginManager:220 - loadIPPluginJar : add gpio
2025-11-28 13:19:53,523 [INFO] IPUIPlugin:80 - create IPUIPlugin
2025-11-28 13:19:53,523 [INFO] PluginManager:220 - loadIPPluginJar : add gtzc
2025-11-28 13:19:53,526 [INFO] IPUIPlugin:80 - create IPUIPlugin
2025-11-28 13:19:53,526 [INFO] PluginManager:220 - loadIPPluginJar : add hash
2025-11-28 13:19:53,529 [INFO] IPUIPlugin:80 - create IPUIPlugin
2025-11-28 13:19:53,529 [INFO] PluginManager:220 - loadIPPluginJar : add i2c
2025-11-28 13:19:53,532 [INFO] IPUIPlugin:80 - create IPUIPlugin
2025-11-28 13:19:53,532 [INFO] PluginManager:220 - loadIPPluginJar : add i2s
2025-11-28 13:19:53,535 [INFO] IPUIPlugin:80 - create IPUIPlugin
2025-11-28 13:19:53,535 [INFO] PluginManager:220 - loadIPPluginJar : add i3c
2025-11-28 13:19:53,539 [INFO] IPUIPlugin:80 - create IPUIPlugin
2025-11-28 13:19:53,539 [INFO] PluginManager:220 - loadIPPluginJar : add ipddr
2025-11-28 13:19:53,545 [INFO] IPUIPlugin:80 - create IPUIPlugin
2025-11-28 13:19:53,546 [INFO] PluginManager:220 - loadIPPluginJar : add linkedlist
2025-11-28 13:19:53,549 [INFO] IPUIPlugin:80 - create IPUIPlugin
2025-11-28 13:19:53,549 [INFO] PluginManager:220 - loadIPPluginJar : add lorawan
2025-11-28 13:19:53,551 [INFO] IPUIPlugin:80 - create IPUIPlugin
2025-11-28 13:19:53,551 [INFO] PluginManager:220 - loadIPPluginJar : add ltdc
2025-11-28 13:19:53,557 [INFO] IPUIPlugin:80 - create IPUIPlugin
2025-11-28 13:19:53,557 [INFO] PluginManager:220 - loadIPPluginJar : add mdma
2025-11-28 13:19:53,560 [INFO] IPUIPlugin:80 - create IPUIPlugin
2025-11-28 13:19:53,561 [INFO] PluginManager:220 - loadIPPluginJar : add nvic
2025-11-28 13:19:53,563 [INFO] IPUIPlugin:80 - create IPUIPlugin
2025-11-28 13:19:53,564 [INFO] PluginManager:220 - loadIPPluginJar : add opamp
2025-11-28 13:19:53,567 [INFO] IPUIPlugin:80 - create IPUIPlugin
2025-11-28 13:19:53,567 [INFO] PluginManager:220 - loadIPPluginJar : add openamp
2025-11-28 13:19:53,570 [INFO] IPUIPlugin:80 - create IPUIPlugin
2025-11-28 13:19:53,570 [INFO] PluginManager:220 - loadIPPluginJar : add pdm2pcm
2025-11-28 13:19:53,576 [INFO] IPUIPlugin:80 - create IPUIPlugin
2025-11-28 13:19:53,578 [INFO] PluginManager:220 - loadIPPluginJar : add plateformsettings
2025-11-28 13:19:53,580 [INFO] IPUIPlugin:80 - create IPUIPlugin
2025-11-28 13:19:53,581 [INFO] PluginManager:220 - loadIPPluginJar : add quadspi
2025-11-28 13:19:53,583 [INFO] IPUIPlugin:80 - create IPUIPlugin
2025-11-28 13:19:53,583 [INFO] PluginManager:220 - loadIPPluginJar : add radio
2025-11-28 13:19:53,588 [INFO] IPUIPlugin:80 - create IPUIPlugin
2025-11-28 13:19:53,588 [INFO] PluginManager:220 - loadIPPluginJar : add resmgrutility
2025-11-28 13:19:53,592 [INFO] IPUIPlugin:80 - create IPUIPlugin
2025-11-28 13:19:53,592 [INFO] PluginManager:220 - loadIPPluginJar : add sai
2025-11-28 13:19:53,595 [INFO] IPUIPlugin:80 - create IPUIPlugin
2025-11-28 13:19:53,595 [INFO] PluginManager:220 - loadIPPluginJar : add spi
2025-11-28 13:19:53,601 [INFO] IPUIPlugin:80 - create IPUIPlugin
2025-11-28 13:19:53,601 [INFO] PluginManager:220 - loadIPPluginJar : add stm32_wpan
2025-11-28 13:19:53,603 [INFO] IPUIPlugin:80 - create IPUIPlugin
2025-11-28 13:19:53,604 [INFO] PluginManager:220 - loadIPPluginJar : add tim
2025-11-28 13:19:53,607 [INFO] IPUIPlugin:80 - create IPUIPlugin
2025-11-28 13:19:53,607 [INFO] PluginManager:220 - loadIPPluginJar : add touchsensing
2025-11-28 13:19:53,610 [INFO] IPUIPlugin:80 - create IPUIPlugin
2025-11-28 13:19:53,610 [INFO] PluginManager:220 - loadIPPluginJar : add tracer_emb
2025-11-28 13:19:53,612 [INFO] IPUIPlugin:80 - create IPUIPlugin
2025-11-28 13:19:53,612 [INFO] PluginManager:220 - loadIPPluginJar : add ts
2025-11-28 13:19:53,614 [INFO] IPUIPlugin:80 - create IPUIPlugin
2025-11-28 13:19:53,614 [INFO] PluginManager:220 - loadIPPluginJar : add tsc
2025-11-28 13:19:53,616 [INFO] IPUIPlugin:80 - create IPUIPlugin
2025-11-28 13:19:53,616 [INFO] PluginManager:220 - loadIPPluginJar : add ucpd
2025-11-28 13:19:53,619 [INFO] IPUIPlugin:80 - create IPUIPlugin
2025-11-28 13:19:53,619 [INFO] PluginManager:220 - loadIPPluginJar : add usart
2025-11-28 13:19:53,623 [INFO] IPUIPlugin:80 - create IPUIPlugin
2025-11-28 13:19:53,623 [INFO] PluginManager:220 - loadIPPluginJar : add usbx
2025-11-28 13:19:53,748 [FATAL] Updater:351 - Updater called before beeing initialized
2025-11-28 13:19:53,823 [INFO] RulesReader:64 - Compatibility file has been processed (317 Rules)
2025-11-28 13:19:53,835 [INFO] RulesReader:64 - Compatibility file has been processed (317 Rules)
2025-11-28 13:19:53,843 [INFO] CADModel:165 - CPN selected for project level
2025-11-28 13:19:53,843 [INFO] CADModel:114 - Register for checkConnection events
2025-11-28 13:19:53,844 [FATAL] Updater:351 - Updater called before beeing initialized
2025-11-28 13:19:53,844 [ERROR] CADModel:125 - Updater not yet initialized, retry later 
2025-11-28 13:19:53,977 [FATAL] Updater:351 - Updater called before beeing initialized
2025-11-28 13:19:53,979 [INFO] CADModel:165 - CPN selected for project level
2025-11-28 13:19:53,979 [INFO] CADModel:114 - Register for checkConnection events
2025-11-28 13:19:53,979 [FATAL] Updater:351 - Updater called before beeing initialized
2025-11-28 13:19:53,979 [ERROR] CADModel:125 - Updater not yet initialized, retry later 
2025-11-28 13:19:53,982 [FATAL] Updater:351 - Updater called before beeing initialized
2025-11-28 13:19:54,098 [FATAL] Updater:351 - Updater called before beeing initialized
2025-11-28 13:19:54,103 [INFO] DbMcusAds:53 - JSON generation date=Tue Nov 25 15:08:32 CET 2025 (1764079712287)
2025-11-28 13:19:54,103 [FATAL] Updater:351 - Updater called before beeing initialized
2025-11-28 13:19:54,140 [WARN] DetailPanel:346 - Failed to get advertising image, set to default
2025-11-28 13:19:54,237 [FATAL] Updater:351 - Updater called before beeing initialized
2025-11-28 13:19:54,238 [FATAL] Updater:351 - Updater called before beeing initialized
2025-11-28 13:19:54,238 [FATAL] Updater:351 - Updater called before beeing initialized
2025-11-28 13:19:54,238 [WARN] DetailPanel:346 - Failed to get advertising image, set to default
2025-11-28 13:19:54,239 [FATAL] Updater:351 - Updater called before beeing initialized
2025-11-28 13:19:54,326 [ERROR] Updater:1198 - MainUpdater not yet initialized. External WinMGr cannot be set.
2025-11-28 13:19:54,332 [INFO] Updater:1134 - Updater Version found : 6.15.0
2025-11-28 13:19:54,366 [INFO] ApplicationProperties:184 - Using Application install path: C:\ST\STM32CubeIDE_1.16.1\STM32CubeIDE\plugins\com.st.stm32cube.common.mx_6.15.0.202507011659
2025-11-28 13:19:55,902 [INFO] ThirdPartyUpdaterWithRetryManager:70 - Updater plugin not ready yet. [2/15]
2025-11-28 13:19:55,944 [ERROR] LogOutputStream:75 - [STDERR_REDIRECT] Nov 28, 2025 1:19:55 PM java.util.prefs.WindowsPreferences <init>
2025-11-28 13:19:55,946 [ERROR] LogOutputStream:75 - [STDERR_REDIRECT] WARNING: Could not open/create prefs root node Software\JavaSoft\Prefs at root 0xffffffff80000002. Windows RegCreateKeyEx(...) returned error code 5.
2025-11-28 13:19:55,946 [ERROR] LogOutputStream:75 - [STDERR_REDIRECT] 
2025-11-28 13:19:56,305 [INFO] MainUpdater:2872 - connection check result : 10
2025-11-28 13:19:56,306 [INFO] MainUpdater:289 - Updater Check For Update Now.
2025-11-28 13:19:56,306 [INFO] MicroXplorer:498 - Change Database Version : DB.6.0.150
2025-11-28 13:19:56,336 [INFO] McuFinderGlobals:63 - Set McuFinder mode to 2 (CubeIDE integrated)
2025-11-28 13:19:56,337 [INFO] UserAuth:171 - activating auth plugin
2025-11-28 13:19:56,340 [INFO] UserAuth:487 - Internet connection configuration mode: 1
2025-11-28 13:19:56,369 [INFO] JxBrowserEngine:152 - Initiate JxBrowser Engine with user profile folder
2025-11-28 13:19:56,528 [INFO] CheckServerUpdateThread:120 - End of CheckServer Thread
2025-11-28 13:19:59,164 [INFO] WebApp:169 - Instantiating new browser for Auth
2025-11-28 13:19:59,353 [WARN] PackLoader:240 - Cannot read IP mode file for STMicroelectronics.FP-SNS-MOTENVWB1.1.4.0
2025-11-28 13:19:59,368 [WARN] PackLoader:240 - Cannot read IP mode file for STMicroelectronics.FP-ATR-ASTRA1.2.0.2
2025-11-28 13:19:59,382 [WARN] PackLoader:240 - Cannot read IP mode file for STMicroelectronics.X-CUBE-SMBUS.2.1.0
2025-11-28 13:19:59,392 [WARN] PackLoader:240 - Cannot read IP mode file for STMicroelectronics.X-CUBE-ST60.1.0.0
2025-11-28 13:19:59,440 [WARN] PackLoader:240 - Cannot read IP mode file for STMicroelectronics.X-CUBE-AZRTOS-F7.1.1.0
2025-11-28 13:19:59,451 [WARN] PackLoader:240 - Cannot read IP mode file for Cesanta.I-CUBE-Mongoose.7.19.0
2025-11-28 13:19:59,525 [WARN] PackLoader:240 - Cannot read IP mode file for STMicroelectronics.X-CUBE-MEMS1.11.0.0
2025-11-28 13:19:59,796 [WARN] PackLoader:240 - Cannot read IP mode file for STMicroelectronics.FP-SNS-MOTENV1.5.1.0
2025-11-28 13:19:59,808 [WARN] PackLoader:240 - Cannot read IP mode file for WES.I-CUBE-Cesium.1.4.0
2025-11-28 13:19:59,813 [WARN] PackLoader:240 - Cannot read IP mode file for STMicroelectronics.FP-SNS-FLIGHT1.5.0.2
2025-11-28 13:19:59,836 [WARN] PackLoader:240 - Cannot read IP mode file for Infineon.AIROC-Wi-Fi-Bluetooth-STM32.1.7.1
2025-11-28 13:19:59,869 [WARN] PackLoader:240 - Cannot read IP mode file for STMicroelectronics.X-CUBE-AZRTOS-H7.3.4.0
2025-11-28 13:19:59,882 [WARN] PackLoader:240 - Cannot read IP mode file for STMicroelectronics.X-CUBE-DISPLAY.3.0.0
2025-11-28 13:19:59,890 [WARN] PackLoader:240 - Cannot read IP mode file for STMicroelectronics.X-CUBE-BLE1.7.0.0
2025-11-28 13:19:59,898 [WARN] PackLoader:240 - Cannot read IP mode file for STMicroelectronics.X-CUBE-NFC10.1.0.0
2025-11-28 13:19:59,905 [WARN] PackLoader:240 - Cannot read IP mode file for STMicroelectronics.X-CUBE-ST60.1.1.0
2025-11-28 13:19:59,913 [WARN] PackLoader:240 - Cannot read IP mode file for emotas.I-CUBE-CANOPEN.1.3.0
2025-11-28 13:19:59,921 [WARN] PackLoader:240 - Cannot read IP mode file for STMicroelectronics.X-CUBE-GNSS1.7.1.0
2025-11-28 13:19:59,932 [WARN] PackLoader:240 - Cannot read IP mode file for STMicroelectronics.X-CUBE-BLEMGR.3.1.0
2025-11-28 13:19:59,951 [WARN] PackLoader:240 - Cannot read IP mode file for STMicroelectronics.FP-SNS-STBOX1.2.1.0
2025-11-28 13:19:59,959 [WARN] PackLoader:240 - Cannot read IP mode file for STMicroelectronics.FP-SNS-SMARTAG2.1.2.0
2025-11-28 13:19:59,965 [WARN] PackLoader:240 - Cannot read IP mode file for STMicroelectronics.FP-SNS-FLIGHT1.5.1.0
2025-11-28 13:19:59,977 [INFO] LogOutputStream:77 - [STDOUT_REDIRECT] 1 : Invalid condition id : UX_CORESTACK_Condition cause : null
2025-11-28 13:19:59,978 [INFO] LogOutputStream:77 - [STDOUT_REDIRECT] 1 : Invalid condition id : UX_CORESTACK_Condition cause : null
2025-11-28 13:19:59,980 [INFO] LogOutputStream:77 - [STDOUT_REDIRECT] 1 : Invalid condition id : UX_CORESTACK_Condition cause : null
2025-11-28 13:19:59,981 [INFO] LogOutputStream:77 - [STDOUT_REDIRECT] 1 : Invalid condition id : UX_CORESTACK_Condition cause : null
2025-11-28 13:19:59,983 [INFO] LogOutputStream:77 - [STDOUT_REDIRECT] 1 : Invalid condition id : UX_CORESTACK_Condition cause : null
2025-11-28 13:19:59,987 [WARN] PackLoader:240 - Cannot read IP mode file for STMicroelectronics.X-CUBE-AZRTOS-WL.2.0.0
2025-11-28 13:19:59,993 [WARN] PackLoader:240 - Cannot read IP mode file for STMicroelectronics.FP-SNS-MOTENV1.5.0.0
2025-11-28 13:20:00,018 [WARN] PackLoader:240 - Cannot read IP mode file for STMicroelectronics.X-CUBE-AZRTOS-H7RS.1.2.0
2025-11-28 13:20:00,027 [WARN] PackLoader:240 - Cannot read IP mode file for wolfSSL.I-CUBE-wolfMQTT.1.19.0
2025-11-28 13:20:00,032 [WARN] PackLoader:240 - Cannot read IP mode file for WES.I-CUBE-Cesium.1.3.0
2025-11-28 13:20:00,038 [WARN] PackLoader:240 - Cannot read IP mode file for STMicroelectronics.X-CUBE-BLE2.3.3.0
2025-11-28 13:20:00,065 [WARN] PackLoader:240 - Cannot read IP mode file for STMicroelectronics.X-CUBE-NFC9.1.0.0
2025-11-28 13:20:00,071 [WARN] PackLoader:240 - Cannot read IP mode file for wolfSSL.I-CUBE-wolfSSL.5.8.2
2025-11-28 13:20:00,076 [WARN] PackLoader:240 - Cannot read IP mode file for STMicroelectronics.X-CUBE-BLE1.7.1.0
2025-11-28 13:20:00,079 [WARN] PackLoader:240 - Cannot read IP mode file for wolfSSL.I-CUBE-wolfMQTT.1.19.2
2025-11-28 13:20:00,085 [WARN] PackLoader:240 - Cannot read IP mode file for STMicroelectronics.X-CUBE-TCPP.4.1.0
2025-11-28 13:20:00,092 [WARN] PackLoader:240 - Cannot read IP mode file for STMicroelectronics.X-CUBE-FREERTOS.1.4.0
2025-11-28 13:20:00,100 [WARN] PackLoader:240 - Cannot read IP mode file for STMicroelectronics.X-CUBE-EEPRMA1.5.2.0
2025-11-28 13:20:00,109 [WARN] PackLoader:240 - Cannot read IP mode file for STMicroelectronics.X-CUBE-ST67W61.1.1.0
2025-11-28 13:20:00,143 [WARN] PackLoader:240 - Cannot read IP mode file for STMicroelectronics.X-CUBE-MEMS1.12.0.0
2025-11-28 13:20:00,241 [WARN] PackLoader:240 - Cannot read IP mode file for STMicroelectronics.X-CUBE-AZRTOS-G0.1.1.0
2025-11-28 13:20:00,250 [WARN] PackLoader:240 - Cannot read IP mode file for STMicroelectronics.X-CUBE-SAFEA1.1.2.2
2025-11-28 13:20:00,257 [WARN] PackLoader:240 - Cannot read IP mode file for STMicroelectronics.X-CUBE-NFC4.3.0.0
2025-11-28 13:20:00,266 [WARN] PackLoader:240 - Cannot read IP mode file for EmbeddedOffice.I-CUBE-FS-RTOS.1.0.1
2025-11-28 13:20:00,273 [WARN] PackLoader:240 - Cannot read IP mode file for STMicroelectronics.X-CUBE-WB05N.2.0.0
2025-11-28 13:20:00,279 [WARN] PackLoader:240 - Cannot read IP mode file for wolfSSL.I-CUBE-wolfTPM.3.8.0
2025-11-28 13:20:00,286 [WARN] PackLoader:240 - Cannot read IP mode file for STMicroelectronics.X-CUBE-TCPP.4.2.0
2025-11-28 13:20:00,296 [WARN] PackLoader:240 - Cannot read IP mode file for RealThread.X-CUBE-RT-Thread_Nano.4.1.1
2025-11-28 13:20:00,301 [WARN] PackLoader:240 - Cannot read IP mode file for STMicroelectronics.FP-ATR-SIGFOX1.3.2.0
2025-11-28 13:20:00,307 [WARN] PackLoader:240 - Cannot read IP mode file for wolfSSL.I-CUBE-wolfSSL.5.7.2
2025-11-28 13:20:00,313 [WARN] PackLoader:240 - Cannot read IP mode file for STMicroelectronics.X-CUBE-EEPRMA1.5.1.0
2025-11-28 13:20:00,336 [WARN] PackLoader:240 - Cannot read IP mode file for ITTIA_DB.I-CUBE-ITTIADB.8.9.0
2025-11-28 13:20:00,345 [WARN] PackLoader:240 - Cannot read IP mode file for STMicroelectronics.X-CUBE-ST67W61.1.0.0
2025-11-28 13:20:00,365 [WARN] PackLoader:240 - Cannot read IP mode file for STMicroelectronics.X-CUBE-AI.10.2.0
2025-11-28 13:20:00,500 [WARN] PackLoader:240 - Cannot read IP mode file for SEGGER.I-CUBE-embOS.1.3.1
2025-11-28 13:20:00,511 [INFO] WebApp:463 - Apply proxy settings
2025-11-28 13:20:00,512 [INFO] WebApp:548 - Chromium requires no authentication
2025-11-28 13:20:00,534 [INFO] WebApp:491 - Direct internet connection detected
2025-11-28 13:20:00,560 [WARN] PackLoader:240 - Cannot read IP mode file for STMicroelectronics.X-CUBE-ALGOBUILD.1.4.0
2025-11-28 13:20:00,584 [INFO] WebApp:900 - Register for checkConnection events
2025-11-28 13:20:00,584 [INFO] WebApp:463 - Apply proxy settings
2025-11-28 13:20:00,584 [INFO] WebApp:548 - Chromium requires no authentication
2025-11-28 13:20:00,585 [INFO] WebApp:491 - Direct internet connection detected
2025-11-28 13:20:00,649 [WARN] PackLoader:240 - Cannot read IP mode file for STMicroelectronics.X-CUBE-MEMS1.11.3.0
2025-11-28 13:20:00,855 [WARN] PackLoader:240 - Cannot read IP mode file for STMicroelectronics.X-CUBE-PM33A1.1.0.0
2025-11-28 13:20:00,877 [WARN] PackLoader:240 - Cannot read IP mode file for STMicroelectronics.X-CUBE-AZRTOS-F4.1.1.0
2025-11-28 13:20:00,885 [WARN] PackLoader:240 - Cannot read IP mode file for STMicroelectronics.X-CUBE-ISPU.2.1.0
2025-11-28 13:20:00,899 [WARN] PackLoader:240 - Cannot read IP mode file for STMicroelectronics.X-CUBE-IPS.3.2.0
2025-11-28 13:20:00,910 [WARN] PackLoader:240 - Cannot read IP mode file for STMicroelectronics.X-CUBE-FREERTOS.1.2.0
2025-11-28 13:20:00,918 [WARN] PackLoader:240 - Cannot read IP mode file for STMicroelectronics.X-CUBE-NFC12.1.0.0
2025-11-28 13:20:00,919 [INFO] WebApp:191 - Connection restablished
2025-11-28 13:20:00,948 [WARN] PackLoader:240 - Cannot read IP mode file for STMicroelectronics.X-CUBE-AZRTOS-L5.2.0.0
2025-11-28 13:20:00,959 [WARN] PackLoader:240 - Cannot read IP mode file for STMicroelectronics.X-CUBE-NFC6.3.1.0
2025-11-28 13:20:00,969 [WARN] PackLoader:240 - Cannot read IP mode file for STMicroelectronics.X-CUBE-DPower.1.2.0
2025-11-28 13:20:00,973 [WARN] PackLoader:240 - Cannot read IP mode file for STMicroelectronics.X-CUBE-AI.9.0.0
2025-11-28 13:20:00,980 [WARN] PackLoader:240 - Cannot read IP mode file for STMicroelectronics.X-CUBE-FREERTOS.1.3.1
2025-11-28 13:20:00,985 [WARN] PackLoader:240 - Cannot read IP mode file for STMicroelectronics.X-CUBE-NFC7.1.0.1
2025-11-28 13:20:00,992 [WARN] PackLoader:240 - Cannot read IP mode file for STMicroelectronics.X-CUBE-TOUCHGFX.4.26.0
2025-11-28 13:20:00,997 [WARN] PackLoader:240 - Cannot read IP mode file for STMicroelectronics.FP-SNS-STAIOTCFT.1.0.0
2025-11-28 13:20:01,002 [WARN] PackLoader:240 - Cannot read IP mode file for STMicroelectronics.X-CUBE-DPower.1.3.0
2025-11-28 13:20:01,024 [WARN] ConditionMgr:438 - getConditionDescription Invalid condition id : LAN8742 Phy interface Condition cause : null
2025-11-28 13:20:01,025 [WARN] PackLoader:240 - Cannot read IP mode file for STMicroelectronics.X-CUBE-AZRTOS-L4.2.0.0
2025-11-28 13:20:01,026 [WARN] ConditionMgr:1044 - genDependencies : Invalid condition id : LAN8742 Phy interface Condition cause : null
2025-11-28 13:20:01,027 [WARN] ConditionMgr:1044 - genDependencies : Invalid condition id : LAN8742 Phy interface Condition cause : null
2025-11-28 13:20:01,027 [WARN] ConditionMgr:1044 - genDependencies : Invalid condition id : LAN8742 Phy interface Condition cause : null
2025-11-28 13:20:01,037 [WARN] PackLoader:240 - Cannot read IP mode file for STMicroelectronics.X-CUBE-SFXS2LP1.4.0.0
2025-11-28 13:20:01,044 [ERROR] Engine:466 - STMicroelectronics.X-CUBE-AI.10.2.0: Software pack already exists
2025-11-28 13:20:01,052 [INFO] WebApp:225 - Starting web application
2025-11-28 13:20:01,052 [INFO] WebApp:593 - Web application path used C:\ST\STM32CubeIDE_1.16.1\STM32CubeIDE\plugins\com.st.stm32cube.common.mx_6.15.0.202507011659\db\plugins\mcufinder\reactClient1\index.html
2025-11-28 13:20:01,097 [WARN] PackLoader:240 - Cannot read IP mode file for STMicroelectronics.X-CUBE-AZRTOS-H7.3.3.0
2025-11-28 13:20:01,114 [WARN] PackLoader:240 - Cannot read IP mode file for STMicroelectronics.X-CUBE-BLEMGR.4.1.0
2025-11-28 13:20:01,135 [WARN] ConditionMgr:438 - getConditionDescription Invalid condition id : UX DEVICE CLASS RTOS Condition cause : null
2025-11-28 13:20:01,135 [WARN] ConditionMgr:438 - getConditionDescription Invalid condition id : UX DEVICE CLASS RTOS Condition cause : null
2025-11-28 13:20:01,138 [WARN] PackLoader:240 - Cannot read IP mode file for STMicroelectronics.X-CUBE-AZRTOS-WB.2.0.0
2025-11-28 13:20:01,138 [WARN] ConditionMgr:1044 - genDependencies : Invalid condition id : UX DEVICE CLASS RTOS Condition cause : null
2025-11-28 13:20:01,139 [WARN] ConditionMgr:1044 - genDependencies : Invalid condition id : UX DEVICE CLASS RTOS Condition cause : null
2025-11-28 13:20:01,139 [WARN] ConditionMgr:1044 - genDependencies : Invalid condition id : UX DEVICE CLASS RTOS Condition cause : null
2025-11-28 13:20:01,140 [WARN] ConditionMgr:1044 - genDependencies : Invalid condition id : UX DEVICE CLASS RTOS Condition cause : null
2025-11-28 13:20:01,140 [WARN] ConditionMgr:1044 - genDependencies : Invalid condition id : UX DEVICE CLASS RTOS Condition cause : null
2025-11-28 13:20:01,147 [WARN] PackLoader:240 - Cannot read IP mode file for STMicroelectronics.X-CUBE-GNSS1.7.0.0
2025-11-28 13:20:01,153 [WARN] PackLoader:240 - Cannot read IP mode file for STMicroelectronics.X-CUBE-GNSS1.7.0.1
2025-11-28 13:20:01,160 [WARN] PackLoader:240 - Cannot read IP mode file for STMicroelectronics.FP-SNS-STBOX1.2.0.0
2025-11-28 13:20:01,168 [WARN] ConditionMgr:438 - getConditionDescription Invalid condition id : Cortex-A Device cause : null
2025-11-28 13:20:01,292 [WARN] ConditionMgr:1044 - genDependencies : Invalid condition id : Cortex-A Device cause : null
2025-11-28 13:20:01,292 [WARN] ConditionMgr:1044 - genDependencies : Invalid condition id : Cortex-A Device cause : null
2025-11-28 13:20:01,292 [WARN] ConditionMgr:1044 - genDependencies : Invalid condition id : Cortex-A Device cause : null
2025-11-28 13:20:01,304 [WARN] PackLoader:240 - Cannot read IP mode file for STMicroelectronics.X-CUBE-SUBG2.5.0.0
2025-11-28 13:20:01,329 [WARN] PackLoader:240 - Cannot read IP mode file for STMicroelectronics.X-CUBE-AZRTOS-H7RS.1.1.0
2025-11-28 13:20:01,336 [WARN] PackLoader:240 - Cannot read IP mode file for Cesanta.I-CUBE-Mongoose.7.13.0
2025-11-28 13:20:01,353 [WARN] PackLoader:240 - Cannot read IP mode file for STMicroelectronics.X-CUBE-AZRTOS-G4.2.0.0
2025-11-28 13:20:01,359 [WARN] PackLoader:240 - Cannot read IP mode file for wolfSSL.I-CUBE-wolfSSH.1.4.20
2025-11-28 13:20:01,364 [WARN] PackLoader:240 - Cannot read IP mode file for STMicroelectronics.X-CUBE-NFC7.2.0.0
2025-11-28 13:20:01,369 [WARN] PackLoader:240 - Cannot read IP mode file for STMicroelectronics.X-CUBE-ALS.1.0.2
2025-11-28 13:20:01,373 [WARN] PackLoader:240 - Cannot read IP mode file for STMicroelectronics.X-CUBE-TOUCHGFX.4.24.0
2025-11-28 13:20:01,380 [WARN] PackLoader:240 - Cannot read IP mode file for STMicroelectronics.X-CUBE-STSE01.1.0.0
2025-11-28 13:20:01,404 [WARN] PackLoader:240 - Cannot read IP mode file for wolfSSL.I-CUBE-wolfTPM.3.4.0
2025-11-28 13:20:01,411 [WARN] PackLoader:240 - Cannot read IP mode file for portGmbH.I-Cube-SoM-uGOAL.1.1.0
2025-11-28 13:20:01,430 [WARN] PackLoader:240 - Cannot read IP mode file for STMicroelectronics.X-CUBE-AZRTOS-H7RS.1.0.0
2025-11-28 13:20:01,436 [WARN] PackLoader:240 - Cannot read IP mode file for STMicroelectronics.FP-ATR-ASTRA1.2.0.0
2025-11-28 13:20:01,448 [WARN] PackLoader:240 - Cannot read IP mode file for STMicroelectronics.X-CUBE-TOF1.3.4.2
2025-11-28 13:20:01,473 [WARN] PackLoader:240 - Cannot read IP mode file for STMicroelectronics.X-CUBE-TOF1.3.4.3
2025-11-28 13:20:01,515 [WARN] PackLoader:240 - Cannot read IP mode file for Infineon.AIROC-Wi-Fi-Bluetooth-STM32.1.6.1
2025-11-28 13:20:01,532 [WARN] PackLoader:240 - Cannot read IP mode file for wolfSSL.I-CUBE-wolfSSH.1.4.17
2025-11-28 13:20:01,532 [INFO] ThirdParty:978 - Integrity check success = true
2025-11-28 13:20:01,532 [INFO] IntegrityCheckThread:100 - exiting critical section [integrity check]
2025-11-28 13:20:01,533 [INFO] IntegrityCheckThread:103 - End integrity checks thread
2025-11-28 14:00:04,417 [ERROR] LogOutputStream:75 - [STDERR_REDIRECT] SLF4J: Failed to load class "org.slf4j.impl.StaticLoggerBinder".
2025-11-28 14:00:04,420 [ERROR] LogOutputStream:75 - [STDERR_REDIRECT] SLF4J: Defaulting to no-operation (NOP) logger implementation
2025-11-28 14:00:04,422 [ERROR] LogOutputStream:75 - [STDERR_REDIRECT] SLF4J: See http://www.slf4j.org/codes.html#StaticLoggerBinder for further details.
2025-11-28 14:42:11,393 [INFO] Activator:176 - 


2025-11-28 14:42:11,395 [INFO] Activator:177 - !SESSION log4j initialized
2025-11-28 14:42:17,787 [INFO] LogOutputStream:77 - [STDOUT_REDIRECT] 
2025-11-28 14:42:19,109 [INFO] ApplicationProperties:184 - Using Application install path: C:\ST\STM32CubeIDE_1.16.1\STM32CubeIDE\plugins\com.st.stm32cube.common.mx_6.15.0.202507011659
2025-11-28 14:42:19,124 [INFO] DbMcusXml:78 - Set database path to: C:\ST\STM32CubeIDE_1.16.1\STM32CubeIDE\plugins\com.st.stm32cube.common.mx_6.15.0.202507011659\\db\/mcu/
2025-11-28 14:42:19,124 [INFO] ApiDb:274 - Set plugin database path to: C:\ST\STM32CubeIDE_1.16.1\STM32CubeIDE\plugins\com.st.stm32cube.common.mx_6.15.0.202507011659\\db\/plugins/boardmanager/
2025-11-28 14:42:19,124 [WARN] ApiDb:259 - Overriding images path with different value:  => C:\ST\STM32CubeIDE_1.16.1\STM32CubeIDE\plugins\com.st.stm32cube.common.mx_6.15.0.202507011659\\db\/plugins/mcufinder/images/
2025-11-28 14:42:19,129 [INFO] ApiDb:250 - Set database path to: C:\Users\user\.stmcufinder\plugins\mcufinder//mcu/
2025-11-28 14:42:19,130 [INFO] DbMcusAds:125 - Set database path to: C:\Users\user\.stmcufinder\plugins\mcufinder//mcu/
2025-11-28 14:42:19,132 [INFO] CrossReferenceDbSqlite:203 - Set database path to: C:\Users\user\.stmcufinder\plugins\mcufinder//mcu/cs/
2025-11-28 14:42:19,246 [INFO] RulesReader:64 - Compatibility file has been processed (317 Rules)
2025-11-28 14:42:19,329 [INFO] DbMcusXml:78 - Set database path to: C:\ST\STM32CubeIDE_1.16.1\STM32CubeIDE\plugins\com.st.stm32cube.common.mx_6.15.0.202507011659\\db\/mcu/
2025-11-28 14:42:19,330 [INFO] ApiDb:274 - Set plugin database path to: C:\ST\STM32CubeIDE_1.16.1\STM32CubeIDE\plugins\com.st.stm32cube.common.mx_6.15.0.202507011659\\db\/plugins/boardmanager/
2025-11-28 14:42:19,330 [INFO] ApiDb:261 - Set plugin images path to: C:\ST\STM32CubeIDE_1.16.1\STM32CubeIDE\plugins\com.st.stm32cube.common.mx_6.15.0.202507011659\\db\/plugins/mcufinder/images/
2025-11-28 14:42:19,330 [WARN] DbFile:41 - Overriding database path with different value: C:\Users\user\.stmcufinder\plugins\mcufinder/ => C:\Users\user\.stmcufinder\plugins\mcufinder
2025-11-28 14:42:19,330 [INFO] ApiDb:250 - Set database path to: C:\Users\user\.stmcufinder\plugins\mcufinder//mcu/
2025-11-28 14:42:19,330 [WARN] DbFile:41 - Overriding database path with different value: C:\Users\user\.stmcufinder\plugins\mcufinder/ => C:\Users\user\.stmcufinder\plugins\mcufinder
2025-11-28 14:42:19,330 [INFO] DbMcusAds:125 - Set database path to: C:\Users\user\.stmcufinder\plugins\mcufinder//mcu/
2025-11-28 14:42:19,330 [WARN] DbFile:41 - Overriding database path with different value: C:\Users\user\.stmcufinder\plugins\mcufinder/ => C:\Users\user\.stmcufinder\plugins\mcufinder
2025-11-28 14:42:19,330 [WARN] DbFile:41 - Overriding database path with different value: C:\Users\user\.stmcufinder\plugins\mcufinder/ => C:\Users\user\.stmcufinder\plugins\mcufinder
2025-11-28 14:42:19,331 [INFO] CrossReferenceDbSqlite:203 - Set database path to: C:\Users\user\.stmcufinder\plugins\mcufinder//mcu/cs/
2025-11-28 14:42:19,396 [INFO] MainPanel:274 - HeapMemory: 268435456
2025-11-28 14:42:19,509 [INFO] DbMcusXml:78 - Set database path to: C:\ST\STM32CubeIDE_1.16.1\STM32CubeIDE\plugins\com.st.stm32cube.common.mx_6.15.0.202507011659\\db\/mcu/
2025-11-28 14:42:19,509 [INFO] ApiDb:274 - Set plugin database path to: C:\ST\STM32CubeIDE_1.16.1\STM32CubeIDE\plugins\com.st.stm32cube.common.mx_6.15.0.202507011659\\db\/plugins/boardmanager/
2025-11-28 14:42:19,510 [INFO] ApiDb:261 - Set plugin images path to: C:\ST\STM32CubeIDE_1.16.1\STM32CubeIDE\plugins\com.st.stm32cube.common.mx_6.15.0.202507011659\\db\/plugins/mcufinder/images/
2025-11-28 14:42:19,510 [WARN] DbFile:41 - Overriding database path with different value: C:\Users\user\.stmcufinder\plugins\mcufinder/ => C:\Users\user\.stmcufinder\plugins\mcufinder
2025-11-28 14:42:19,510 [INFO] ApiDb:250 - Set database path to: C:\Users\user\.stmcufinder\plugins\mcufinder//mcu/
2025-11-28 14:42:19,510 [WARN] DbFile:41 - Overriding database path with different value: C:\Users\user\.stmcufinder\plugins\mcufinder/ => C:\Users\user\.stmcufinder\plugins\mcufinder
2025-11-28 14:42:19,510 [INFO] DbMcusAds:125 - Set database path to: C:\Users\user\.stmcufinder\plugins\mcufinder//mcu/
2025-11-28 14:42:19,510 [WARN] DbFile:41 - Overriding database path with different value: C:\Users\user\.stmcufinder\plugins\mcufinder/ => C:\Users\user\.stmcufinder\plugins\mcufinder
2025-11-28 14:42:19,511 [WARN] DbFile:41 - Overriding database path with different value: C:\Users\user\.stmcufinder\plugins\mcufinder/ => C:\Users\user\.stmcufinder\plugins\mcufinder
2025-11-28 14:42:19,511 [INFO] CrossReferenceDbSqlite:203 - Set database path to: C:\Users\user\.stmcufinder\plugins\mcufinder//mcu/cs/
2025-11-28 14:42:19,529 [INFO] ApplicationProperties:184 - Using Application install path: C:\ST\STM32CubeIDE_1.16.1\STM32CubeIDE\plugins\com.st.stm32cube.common.mx_6.15.0.202507011659
2025-11-28 14:42:19,530 [INFO] PluginManage:196 - Search for loadable plugins [exclusion list=, ]
2025-11-28 14:42:19,531 [INFO] PluginManage:310 - Check plugin analytics
2025-11-28 14:42:19,753 [INFO] AnalyticsPlugin:253 - Accepted Software Licenses: STM32CubeMX.6.15.0
2025-11-28 14:42:19,753 [INFO] AnalyticsPlugin:255 - Accepted CMSIS Pack Licenses: 
2025-11-28 14:42:19,754 [INFO] AnalyticsPlugin:257 - Accepted Firmware Licenses: FW.L4.1.18.0
2025-11-28 14:42:19,757 [INFO] PluginManage:359 - Loaded plugin analytics (category:tool,tabindex:-1)
2025-11-28 14:42:19,757 [INFO] PluginManage:310 - Check plugin cadmodel
2025-11-28 14:42:19,761 [INFO] CADModel:105 - Init CAD model plugin
2025-11-28 14:42:19,762 [INFO] PluginManage:359 - Loaded plugin cadmodel (category:power,tabindex:5)
2025-11-28 14:42:19,762 [INFO] PluginManage:310 - Check plugin clock
2025-11-28 14:42:19,770 [INFO] PluginManage:359 - Loaded plugin clock (category:base,tabindex:2)
2025-11-28 14:42:19,771 [INFO] PluginManage:310 - Check plugin ddr
2025-11-28 14:42:19,773 [INFO] PluginManage:359 - Loaded plugin ddr (category:tool,tabindex:6)
2025-11-28 14:42:19,774 [INFO] PluginManage:310 - Check plugin filemanager
2025-11-28 14:42:19,925 [INFO] PluginManage:359 - Loaded plugin filemanager (category:base,tabindex:10)
2025-11-28 14:42:19,925 [INFO] PluginManage:310 - Check plugin ipmanager
2025-11-28 14:42:19,930 [INFO] PluginManage:359 - Loaded plugin ipmanager (category:base,tabindex:5)
2025-11-28 14:42:19,931 [INFO] PluginManage:310 - Check plugin lpbam
2025-11-28 14:42:19,938 [INFO] PluginManage:359 - Loaded plugin lpbam (category:base,tabindex:0)
2025-11-28 14:42:19,938 [INFO] PluginManage:310 - Check plugin memorymap
2025-11-28 14:42:19,954 [INFO] PluginManage:359 - Loaded plugin memorymap (category:base,tabindex:4)
2025-11-28 14:42:19,954 [INFO] PluginManage:310 - Check plugin pinoutandconfiguration
2025-11-28 14:42:19,966 [INFO] PluginManage:359 - Loaded plugin pinoutandconfiguration (category:base,tabindex:1)
2025-11-28 14:42:19,966 [INFO] PluginManage:310 - Check plugin pinoutconfig
2025-11-28 14:42:20,057 [WARN] SupportedApi:132 - Cannot load RTOS API schema: s4s-elt-must-match.1: The content of 'definitions' must match (annotation?, (simpleType | complexType)?, (unique | key | keyref)*)). A problem was found starting at: attribute.
2025-11-28 14:42:20,241 [INFO] PluginManage:359 - Loaded plugin pinoutconfig (category:base,tabindex:0)
2025-11-28 14:42:20,241 [INFO] PluginManage:310 - Check plugin power
2025-11-28 14:42:20,251 [INFO] PluginManage:359 - Loaded plugin power (category:power,tabindex:4)
2025-11-28 14:42:20,252 [INFO] PluginManage:310 - Check plugin projectmanager
2025-11-28 14:42:20,271 [INFO] PluginManage:359 - Loaded plugin projectmanager (category:projectmanager,tabindex:4)
2025-11-28 14:42:20,271 [INFO] PluginManage:310 - Check plugin rif
2025-11-28 14:42:20,280 [INFO] PluginManage:359 - Loaded plugin rif (category:base,tabindex:3)
2025-11-28 14:42:20,280 [INFO] PluginManage:310 - Check plugin thirdparty
2025-11-28 14:42:20,422 [INFO] PluginManage:359 - Loaded plugin thirdparty (category:base,tabindex:-1)
2025-11-28 14:42:20,422 [WARN] IntegrityCheckThread:84 - waiting for thirdparty lock release [integrity check]
2025-11-28 14:42:20,423 [INFO] PluginManage:310 - Check plugin tools
2025-11-28 14:42:20,423 [INFO] IntegrityCheckThread:86 - entering critical section [integrity check]
2025-11-28 14:42:20,423 [INFO] ThirdPartyUpdaterWithRetryManager:70 - Updater plugin not ready yet. [1/15]
2025-11-28 14:42:20,426 [INFO] PluginManage:359 - Loaded plugin tools (category:base,tabindex:7)
2025-11-28 14:42:20,426 [INFO] PluginManage:310 - Check plugin tutovideos
2025-11-28 14:42:20,671 [INFO] PluginManage:359 - Loaded plugin tutovideos (category:base,tabindex:-1)
2025-11-28 14:42:20,671 [INFO] PluginManage:310 - Check plugin updater
2025-11-28 14:42:20,694 [INFO] PluginManage:359 - Loaded plugin updater (category:base,tabindex:12)
2025-11-28 14:42:20,694 [INFO] PluginManage:310 - Check plugin userauth
2025-11-28 14:42:20,698 [INFO] UserAuth:118 - Init User Auth plugin
2025-11-28 14:42:20,699 [INFO] PluginManage:359 - Loaded plugin userauth (category:base,tabindex:14)
2025-11-28 14:42:20,700 [INFO] PluginManage:283 - PluginManage : Loaded plugins [18]
2025-11-28 14:42:20,915 [INFO] PinOutPanel:1589 - setPackage(No Configuration,No Configuration)
2025-11-28 14:42:21,019 [INFO] CADModel:165 - CPN selected for project level
2025-11-28 14:42:21,019 [INFO] CADModel:114 - Register for checkConnection events
2025-11-28 14:42:21,037 [INFO] IPUIPlugin:80 - create IPUIPlugin
2025-11-28 14:42:21,038 [INFO] PluginManager:220 - loadIPPluginJar : add adc
2025-11-28 14:42:21,040 [INFO] IPUIPlugin:80 - create IPUIPlugin
2025-11-28 14:42:21,041 [INFO] PluginManager:220 - loadIPPluginJar : add aes
2025-11-28 14:42:21,044 [INFO] IPUIPlugin:80 - create IPUIPlugin
2025-11-28 14:42:21,044 [INFO] PluginManager:220 - loadIPPluginJar : add can
2025-11-28 14:42:21,046 [INFO] IPUIPlugin:80 - create IPUIPlugin
2025-11-28 14:42:21,046 [INFO] PluginManager:220 - loadIPPluginJar : add comp
2025-11-28 14:42:21,049 [INFO] IPUIPlugin:80 - create IPUIPlugin
2025-11-28 14:42:21,049 [INFO] PluginManager:220 - loadIPPluginJar : add cryp
2025-11-28 14:42:21,052 [INFO] IPUIPlugin:80 - create IPUIPlugin
2025-11-28 14:42:21,052 [INFO] PluginManager:220 - loadIPPluginJar : add ddr_ctrl_phy
2025-11-28 14:42:21,055 [INFO] IPUIPlugin:80 - create IPUIPlugin
2025-11-28 14:42:21,055 [INFO] PluginManager:220 - loadIPPluginJar : add dfsdm
2025-11-28 14:42:21,061 [INFO] IPUIPlugin:80 - create IPUIPlugin
2025-11-28 14:42:21,061 [INFO] PluginManager:220 - loadIPPluginJar : add dma
2025-11-28 14:42:21,064 [INFO] IPUIPlugin:80 - create IPUIPlugin
2025-11-28 14:42:21,064 [INFO] PluginManager:220 - loadIPPluginJar : add dma3
2025-11-28 14:42:21,067 [INFO] IPUIPlugin:80 - create IPUIPlugin
2025-11-28 14:42:21,067 [INFO] PluginManager:220 - loadIPPluginJar : add extmemmanager
2025-11-28 14:42:21,069 [INFO] IPUIPlugin:80 - create IPUIPlugin
2025-11-28 14:42:21,070 [INFO] PluginManager:220 - loadIPPluginJar : add fatfs
2025-11-28 14:42:21,074 [INFO] IPUIPlugin:80 - create IPUIPlugin
2025-11-28 14:42:21,074 [INFO] PluginManager:220 - loadIPPluginJar : add fmc
2025-11-28 14:42:21,079 [INFO] IPUIPlugin:80 - create IPUIPlugin
2025-11-28 14:42:21,080 [INFO] PluginManager:220 - loadIPPluginJar : add freertos
2025-11-28 14:42:21,081 [INFO] IPUIPlugin:80 - create IPUIPlugin
2025-11-28 14:42:21,081 [INFO] PluginManager:220 - loadIPPluginJar : add genericplugin
2025-11-28 14:42:21,083 [INFO] IPUIPlugin:80 - create IPUIPlugin
2025-11-28 14:42:21,083 [INFO] PluginManager:220 - loadIPPluginJar : add gfxmmu
2025-11-28 14:42:21,088 [INFO] IPUIPlugin:80 - create IPUIPlugin
2025-11-28 14:42:21,088 [INFO] PluginManager:220 - loadIPPluginJar : add gic
2025-11-28 14:42:21,093 [INFO] IPUIPlugin:80 - create IPUIPlugin
2025-11-28 14:42:21,093 [INFO] PluginManager:220 - loadIPPluginJar : add gpio
2025-11-28 14:42:21,095 [INFO] IPUIPlugin:80 - create IPUIPlugin
2025-11-28 14:42:21,096 [INFO] PluginManager:220 - loadIPPluginJar : add gtzc
2025-11-28 14:42:21,098 [INFO] IPUIPlugin:80 - create IPUIPlugin
2025-11-28 14:42:21,098 [INFO] PluginManager:220 - loadIPPluginJar : add hash
2025-11-28 14:42:21,101 [INFO] IPUIPlugin:80 - create IPUIPlugin
2025-11-28 14:42:21,101 [INFO] PluginManager:220 - loadIPPluginJar : add i2c
2025-11-28 14:42:21,104 [INFO] IPUIPlugin:80 - create IPUIPlugin
2025-11-28 14:42:21,104 [INFO] PluginManager:220 - loadIPPluginJar : add i2s
2025-11-28 14:42:21,107 [INFO] IPUIPlugin:80 - create IPUIPlugin
2025-11-28 14:42:21,107 [INFO] PluginManager:220 - loadIPPluginJar : add i3c
2025-11-28 14:42:21,111 [INFO] IPUIPlugin:80 - create IPUIPlugin
2025-11-28 14:42:21,111 [INFO] PluginManager:220 - loadIPPluginJar : add ipddr
2025-11-28 14:42:21,118 [INFO] IPUIPlugin:80 - create IPUIPlugin
2025-11-28 14:42:21,118 [INFO] PluginManager:220 - loadIPPluginJar : add linkedlist
2025-11-28 14:42:21,121 [INFO] IPUIPlugin:80 - create IPUIPlugin
2025-11-28 14:42:21,121 [INFO] PluginManager:220 - loadIPPluginJar : add lorawan
2025-11-28 14:42:21,123 [INFO] IPUIPlugin:80 - create IPUIPlugin
2025-11-28 14:42:21,123 [INFO] PluginManager:220 - loadIPPluginJar : add ltdc
2025-11-28 14:42:21,129 [INFO] IPUIPlugin:80 - create IPUIPlugin
2025-11-28 14:42:21,129 [INFO] PluginManager:220 - loadIPPluginJar : add mdma
2025-11-28 14:42:21,133 [INFO] IPUIPlugin:80 - create IPUIPlugin
2025-11-28 14:42:21,133 [INFO] PluginManager:220 - loadIPPluginJar : add nvic
2025-11-28 14:42:21,135 [INFO] IPUIPlugin:80 - create IPUIPlugin
2025-11-28 14:42:21,136 [INFO] PluginManager:220 - loadIPPluginJar : add opamp
2025-11-28 14:42:21,139 [INFO] IPUIPlugin:80 - create IPUIPlugin
2025-11-28 14:42:21,139 [INFO] PluginManager:220 - loadIPPluginJar : add openamp
2025-11-28 14:42:21,142 [INFO] IPUIPlugin:80 - create IPUIPlugin
2025-11-28 14:42:21,142 [INFO] PluginManager:220 - loadIPPluginJar : add pdm2pcm
2025-11-28 14:42:21,148 [INFO] IPUIPlugin:80 - create IPUIPlugin
2025-11-28 14:42:21,151 [INFO] PluginManager:220 - loadIPPluginJar : add plateformsettings
2025-11-28 14:42:21,153 [INFO] IPUIPlugin:80 - create IPUIPlugin
2025-11-28 14:42:21,154 [INFO] PluginManager:220 - loadIPPluginJar : add quadspi
2025-11-28 14:42:21,155 [INFO] IPUIPlugin:80 - create IPUIPlugin
2025-11-28 14:42:21,156 [INFO] PluginManager:220 - loadIPPluginJar : add radio
2025-11-28 14:42:21,159 [INFO] IPUIPlugin:80 - create IPUIPlugin
2025-11-28 14:42:21,159 [INFO] PluginManager:220 - loadIPPluginJar : add resmgrutility
2025-11-28 14:42:21,163 [INFO] IPUIPlugin:80 - create IPUIPlugin
2025-11-28 14:42:21,163 [INFO] PluginManager:220 - loadIPPluginJar : add sai
2025-11-28 14:42:21,166 [INFO] IPUIPlugin:80 - create IPUIPlugin
2025-11-28 14:42:21,166 [INFO] PluginManager:220 - loadIPPluginJar : add spi
2025-11-28 14:42:21,172 [INFO] IPUIPlugin:80 - create IPUIPlugin
2025-11-28 14:42:21,172 [INFO] PluginManager:220 - loadIPPluginJar : add stm32_wpan
2025-11-28 14:42:21,174 [INFO] IPUIPlugin:80 - create IPUIPlugin
2025-11-28 14:42:21,175 [INFO] PluginManager:220 - loadIPPluginJar : add tim
2025-11-28 14:42:21,178 [INFO] IPUIPlugin:80 - create IPUIPlugin
2025-11-28 14:42:21,178 [INFO] PluginManager:220 - loadIPPluginJar : add touchsensing
2025-11-28 14:42:21,181 [INFO] IPUIPlugin:80 - create IPUIPlugin
2025-11-28 14:42:21,181 [INFO] PluginManager:220 - loadIPPluginJar : add tracer_emb
2025-11-28 14:42:21,183 [INFO] IPUIPlugin:80 - create IPUIPlugin
2025-11-28 14:42:21,183 [INFO] PluginManager:220 - loadIPPluginJar : add ts
2025-11-28 14:42:21,185 [INFO] IPUIPlugin:80 - create IPUIPlugin
2025-11-28 14:42:21,185 [INFO] PluginManager:220 - loadIPPluginJar : add tsc
2025-11-28 14:42:21,187 [INFO] IPUIPlugin:80 - create IPUIPlugin
2025-11-28 14:42:21,187 [INFO] PluginManager:220 - loadIPPluginJar : add ucpd
2025-11-28 14:42:21,190 [INFO] IPUIPlugin:80 - create IPUIPlugin
2025-11-28 14:42:21,190 [INFO] PluginManager:220 - loadIPPluginJar : add usart
2025-11-28 14:42:21,193 [INFO] IPUIPlugin:80 - create IPUIPlugin
2025-11-28 14:42:21,193 [INFO] PluginManager:220 - loadIPPluginJar : add usbx
2025-11-28 14:42:21,325 [FATAL] Updater:351 - Updater called before beeing initialized
2025-11-28 14:42:21,398 [INFO] RulesReader:64 - Compatibility file has been processed (317 Rules)
2025-11-28 14:42:21,413 [INFO] RulesReader:64 - Compatibility file has been processed (317 Rules)
2025-11-28 14:42:21,421 [INFO] CADModel:165 - CPN selected for project level
2025-11-28 14:42:21,421 [INFO] CADModel:114 - Register for checkConnection events
2025-11-28 14:42:21,421 [FATAL] Updater:351 - Updater called before beeing initialized
2025-11-28 14:42:21,421 [ERROR] CADModel:125 - Updater not yet initialized, retry later 
2025-11-28 14:42:21,559 [FATAL] Updater:351 - Updater called before beeing initialized
2025-11-28 14:42:21,561 [INFO] CADModel:165 - CPN selected for project level
2025-11-28 14:42:21,561 [INFO] CADModel:114 - Register for checkConnection events
2025-11-28 14:42:21,561 [FATAL] Updater:351 - Updater called before beeing initialized
2025-11-28 14:42:21,561 [ERROR] CADModel:125 - Updater not yet initialized, retry later 
2025-11-28 14:42:21,564 [FATAL] Updater:351 - Updater called before beeing initialized
2025-11-28 14:42:21,668 [FATAL] Updater:351 - Updater called before beeing initialized
2025-11-28 14:42:21,672 [INFO] DbMcusAds:53 - JSON generation date=Tue Nov 25 15:08:32 CET 2025 (1764079712287)
2025-11-28 14:42:21,672 [FATAL] Updater:351 - Updater called before beeing initialized
2025-11-28 14:42:21,706 [WARN] DetailPanel:346 - Failed to get advertising image, set to default
2025-11-28 14:42:21,786 [FATAL] Updater:351 - Updater called before beeing initialized
2025-11-28 14:42:21,788 [FATAL] Updater:351 - Updater called before beeing initialized
2025-11-28 14:42:21,788 [FATAL] Updater:351 - Updater called before beeing initialized
2025-11-28 14:42:21,788 [WARN] DetailPanel:346 - Failed to get advertising image, set to default
2025-11-28 14:42:21,789 [FATAL] Updater:351 - Updater called before beeing initialized
2025-11-28 14:42:21,837 [ERROR] Updater:1198 - MainUpdater not yet initialized. External WinMGr cannot be set.
2025-11-28 14:42:21,839 [INFO] Updater:1134 - Updater Version found : 6.15.0
2025-11-28 14:42:21,853 [INFO] ApplicationProperties:184 - Using Application install path: C:\ST\STM32CubeIDE_1.16.1\STM32CubeIDE\plugins\com.st.stm32cube.common.mx_6.15.0.202507011659
2025-11-28 14:42:23,425 [INFO] ThirdPartyUpdaterWithRetryManager:70 - Updater plugin not ready yet. [2/15]
2025-11-28 14:42:23,427 [ERROR] LogOutputStream:75 - [STDERR_REDIRECT] Nov 28, 2025 2:42:23 PM java.util.prefs.WindowsPreferences <init>
2025-11-28 14:42:23,429 [ERROR] LogOutputStream:75 - [STDERR_REDIRECT] WARNING: Could not open/create prefs root node Software\JavaSoft\Prefs at root 0xffffffff80000002. Windows RegCreateKeyEx(...) returned error code 5.
2025-11-28 14:42:23,429 [ERROR] LogOutputStream:75 - [STDERR_REDIRECT] 
2025-11-28 14:42:23,855 [INFO] MainUpdater:2872 - connection check result : 10
2025-11-28 14:42:23,856 [INFO] MainUpdater:289 - Updater Check For Update Now.
2025-11-28 14:42:23,856 [INFO] MicroXplorer:498 - Change Database Version : DB.6.0.150
2025-11-28 14:42:23,864 [INFO] McuFinderGlobals:63 - Set McuFinder mode to 2 (CubeIDE integrated)
2025-11-28 14:42:23,864 [INFO] UserAuth:171 - activating auth plugin
2025-11-28 14:42:23,881 [INFO] UserAuth:487 - Internet connection configuration mode: 1
2025-11-28 14:42:23,911 [INFO] JxBrowserEngine:152 - Initiate JxBrowser Engine with user profile folder
2025-11-28 14:42:24,071 [INFO] CheckServerUpdateThread:120 - End of CheckServer Thread
2025-11-28 14:42:24,946 [INFO] WebApp:169 - Instantiating new browser for Auth
2025-11-28 14:42:25,760 [INFO] WebApp:463 - Apply proxy settings
2025-11-28 14:42:25,761 [INFO] WebApp:548 - Chromium requires no authentication
2025-11-28 14:42:25,778 [INFO] WebApp:491 - Direct internet connection detected
2025-11-28 14:42:25,855 [INFO] WebApp:900 - Register for checkConnection events
2025-11-28 14:42:25,855 [INFO] WebApp:463 - Apply proxy settings
2025-11-28 14:42:25,855 [INFO] WebApp:548 - Chromium requires no authentication
2025-11-28 14:42:25,856 [INFO] WebApp:491 - Direct internet connection detected
2025-11-28 14:42:26,015 [INFO] WebApp:191 - Connection restablished
2025-11-28 14:42:26,131 [INFO] WebApp:225 - Starting web application
2025-11-28 14:42:26,132 [INFO] WebApp:593 - Web application path used C:\ST\STM32CubeIDE_1.16.1\STM32CubeIDE\plugins\com.st.stm32cube.common.mx_6.15.0.202507011659\db\plugins\mcufinder\reactClient1\index.html
2025-11-28 14:42:26,681 [WARN] PackLoader:240 - Cannot read IP mode file for STMicroelectronics.FP-SNS-MOTENVWB1.1.4.0
2025-11-28 14:42:26,693 [WARN] PackLoader:240 - Cannot read IP mode file for STMicroelectronics.FP-ATR-ASTRA1.2.0.2
2025-11-28 14:42:26,705 [WARN] PackLoader:240 - Cannot read IP mode file for STMicroelectronics.X-CUBE-SMBUS.2.1.0
2025-11-28 14:42:26,713 [WARN] PackLoader:240 - Cannot read IP mode file for STMicroelectronics.X-CUBE-ST60.1.0.0
2025-11-28 14:42:26,756 [WARN] PackLoader:240 - Cannot read IP mode file for STMicroelectronics.X-CUBE-AZRTOS-F7.1.1.0
2025-11-28 14:42:26,765 [WARN] PackLoader:240 - Cannot read IP mode file for Cesanta.I-CUBE-Mongoose.7.19.0
2025-11-28 14:42:26,866 [WARN] PackLoader:240 - Cannot read IP mode file for STMicroelectronics.X-CUBE-MEMS1.11.0.0
2025-11-28 14:42:27,086 [WARN] PackLoader:240 - Cannot read IP mode file for STMicroelectronics.FP-SNS-MOTENV1.5.1.0
2025-11-28 14:42:27,095 [WARN] PackLoader:240 - Cannot read IP mode file for WES.I-CUBE-Cesium.1.4.0
2025-11-28 14:42:27,099 [WARN] PackLoader:240 - Cannot read IP mode file for STMicroelectronics.FP-SNS-FLIGHT1.5.0.2
2025-11-28 14:42:27,125 [WARN] PackLoader:240 - Cannot read IP mode file for Infineon.AIROC-Wi-Fi-Bluetooth-STM32.1.7.1
2025-11-28 14:42:27,153 [WARN] PackLoader:240 - Cannot read IP mode file for STMicroelectronics.X-CUBE-AZRTOS-H7.3.4.0
2025-11-28 14:42:27,163 [WARN] PackLoader:240 - Cannot read IP mode file for STMicroelectronics.X-CUBE-DISPLAY.3.0.0
2025-11-28 14:42:27,171 [WARN] PackLoader:240 - Cannot read IP mode file for STMicroelectronics.X-CUBE-BLE1.7.0.0
2025-11-28 14:42:27,178 [WARN] PackLoader:240 - Cannot read IP mode file for STMicroelectronics.X-CUBE-NFC10.1.0.0
2025-11-28 14:42:27,185 [WARN] PackLoader:240 - Cannot read IP mode file for STMicroelectronics.X-CUBE-ST60.1.1.0
2025-11-28 14:42:27,191 [WARN] PackLoader:240 - Cannot read IP mode file for emotas.I-CUBE-CANOPEN.1.3.0
2025-11-28 14:42:27,196 [WARN] PackLoader:240 - Cannot read IP mode file for STMicroelectronics.X-CUBE-GNSS1.7.1.0
2025-11-28 14:42:27,204 [WARN] PackLoader:240 - Cannot read IP mode file for STMicroelectronics.X-CUBE-BLEMGR.3.1.0
2025-11-28 14:42:27,212 [WARN] PackLoader:240 - Cannot read IP mode file for STMicroelectronics.FP-SNS-STBOX1.2.1.0
2025-11-28 14:42:27,217 [WARN] PackLoader:240 - Cannot read IP mode file for STMicroelectronics.FP-SNS-SMARTAG2.1.2.0
2025-11-28 14:42:27,221 [WARN] PackLoader:240 - Cannot read IP mode file for STMicroelectronics.FP-SNS-FLIGHT1.5.1.0
2025-11-28 14:42:27,229 [INFO] LogOutputStream:77 - [STDOUT_REDIRECT] 1 : Invalid condition id : UX_CORESTACK_Condition cause : null
2025-11-28 14:42:27,230 [INFO] LogOutputStream:77 - [STDOUT_REDIRECT] 1 : Invalid condition id : UX_CORESTACK_Condition cause : null
2025-11-28 14:42:27,231 [INFO] LogOutputStream:77 - [STDOUT_REDIRECT] 1 : Invalid condition id : UX_CORESTACK_Condition cause : null
2025-11-28 14:42:27,232 [INFO] LogOutputStream:77 - [STDOUT_REDIRECT] 1 : Invalid condition id : UX_CORESTACK_Condition cause : null
2025-11-28 14:42:27,234 [INFO] LogOutputStream:77 - [STDOUT_REDIRECT] 1 : Invalid condition id : UX_CORESTACK_Condition cause : null
2025-11-28 14:42:27,236 [WARN] PackLoader:240 - Cannot read IP mode file for STMicroelectronics.X-CUBE-AZRTOS-WL.2.0.0
2025-11-28 14:42:27,240 [WARN] PackLoader:240 - Cannot read IP mode file for STMicroelectronics.FP-SNS-MOTENV1.5.0.0
2025-11-28 14:42:27,257 [WARN] PackLoader:240 - Cannot read IP mode file for STMicroelectronics.X-CUBE-AZRTOS-H7RS.1.2.0
2025-11-28 14:42:27,263 [WARN] PackLoader:240 - Cannot read IP mode file for wolfSSL.I-CUBE-wolfMQTT.1.19.0
2025-11-28 14:42:27,267 [WARN] PackLoader:240 - Cannot read IP mode file for WES.I-CUBE-Cesium.1.3.0
2025-11-28 14:42:27,272 [WARN] PackLoader:240 - Cannot read IP mode file for STMicroelectronics.X-CUBE-BLE2.3.3.0
2025-11-28 14:42:27,293 [WARN] PackLoader:240 - Cannot read IP mode file for STMicroelectronics.X-CUBE-NFC9.1.0.0
2025-11-28 14:42:27,297 [WARN] PackLoader:240 - Cannot read IP mode file for wolfSSL.I-CUBE-wolfSSL.5.8.2
2025-11-28 14:42:27,301 [WARN] PackLoader:240 - Cannot read IP mode file for STMicroelectronics.X-CUBE-BLE1.7.1.0
2025-11-28 14:42:27,303 [WARN] PackLoader:240 - Cannot read IP mode file for wolfSSL.I-CUBE-wolfMQTT.1.19.2
2025-11-28 14:42:27,309 [WARN] PackLoader:240 - Cannot read IP mode file for STMicroelectronics.X-CUBE-TCPP.4.1.0
2025-11-28 14:42:27,316 [WARN] PackLoader:240 - Cannot read IP mode file for STMicroelectronics.X-CUBE-FREERTOS.1.4.0
2025-11-28 14:42:27,321 [WARN] PackLoader:240 - Cannot read IP mode file for STMicroelectronics.X-CUBE-EEPRMA1.5.2.0
2025-11-28 14:42:27,328 [WARN] PackLoader:240 - Cannot read IP mode file for STMicroelectronics.X-CUBE-ST67W61.1.1.0
2025-11-28 14:42:27,367 [WARN] PackLoader:240 - Cannot read IP mode file for STMicroelectronics.X-CUBE-MEMS1.12.0.0
2025-11-28 14:42:27,451 [WARN] PackLoader:240 - Cannot read IP mode file for STMicroelectronics.X-CUBE-AZRTOS-G0.1.1.0
2025-11-28 14:42:27,458 [WARN] PackLoader:240 - Cannot read IP mode file for STMicroelectronics.X-CUBE-SAFEA1.1.2.2
2025-11-28 14:42:27,464 [WARN] PackLoader:240 - Cannot read IP mode file for STMicroelectronics.X-CUBE-NFC4.3.0.0
2025-11-28 14:42:27,471 [WARN] PackLoader:240 - Cannot read IP mode file for EmbeddedOffice.I-CUBE-FS-RTOS.1.0.1
2025-11-28 14:42:27,476 [WARN] PackLoader:240 - Cannot read IP mode file for STMicroelectronics.X-CUBE-WB05N.2.0.0
2025-11-28 14:42:27,479 [WARN] PackLoader:240 - Cannot read IP mode file for wolfSSL.I-CUBE-wolfTPM.3.8.0
2025-11-28 14:42:27,483 [WARN] PackLoader:240 - Cannot read IP mode file for STMicroelectronics.X-CUBE-TCPP.4.2.0
2025-11-28 14:42:27,488 [WARN] PackLoader:240 - Cannot read IP mode file for RealThread.X-CUBE-RT-Thread_Nano.4.1.1
2025-11-28 14:42:27,492 [WARN] PackLoader:240 - Cannot read IP mode file for STMicroelectronics.FP-ATR-SIGFOX1.3.2.0
2025-11-28 14:42:27,495 [WARN] PackLoader:240 - Cannot read IP mode file for wolfSSL.I-CUBE-wolfSSL.5.7.2
2025-11-28 14:42:27,499 [WARN] PackLoader:240 - Cannot read IP mode file for STMicroelectronics.X-CUBE-EEPRMA1.5.1.0
2025-11-28 14:42:27,505 [WARN] PackLoader:240 - Cannot read IP mode file for ITTIA_DB.I-CUBE-ITTIADB.8.9.0
2025-11-28 14:42:27,511 [WARN] PackLoader:240 - Cannot read IP mode file for STMicroelectronics.X-CUBE-ST67W61.1.0.0
2025-11-28 14:42:27,517 [WARN] PackLoader:240 - Cannot read IP mode file for STMicroelectronics.X-CUBE-AI.10.2.0
2025-11-28 14:42:27,595 [WARN] PackLoader:240 - Cannot read IP mode file for SEGGER.I-CUBE-embOS.1.3.1
2025-11-28 14:42:27,624 [WARN] PackLoader:240 - Cannot read IP mode file for STMicroelectronics.X-CUBE-ALGOBUILD.1.4.0
2025-11-28 14:42:27,671 [WARN] PackLoader:240 - Cannot read IP mode file for STMicroelectronics.X-CUBE-MEMS1.11.3.0
2025-11-28 14:42:27,822 [WARN] PackLoader:240 - Cannot read IP mode file for STMicroelectronics.X-CUBE-PM33A1.1.0.0
2025-11-28 14:42:27,835 [WARN] PackLoader:240 - Cannot read IP mode file for STMicroelectronics.X-CUBE-AZRTOS-F4.1.1.0
2025-11-28 14:42:27,843 [WARN] PackLoader:240 - Cannot read IP mode file for STMicroelectronics.X-CUBE-ISPU.2.1.0
2025-11-28 14:42:27,854 [WARN] PackLoader:240 - Cannot read IP mode file for STMicroelectronics.X-CUBE-IPS.3.2.0
2025-11-28 14:42:27,862 [WARN] PackLoader:240 - Cannot read IP mode file for STMicroelectronics.X-CUBE-FREERTOS.1.2.0
2025-11-28 14:42:27,867 [WARN] PackLoader:240 - Cannot read IP mode file for STMicroelectronics.X-CUBE-NFC12.1.0.0
2025-11-28 14:42:27,881 [WARN] PackLoader:240 - Cannot read IP mode file for STMicroelectronics.X-CUBE-AZRTOS-L5.2.0.0
2025-11-28 14:42:27,888 [WARN] PackLoader:240 - Cannot read IP mode file for STMicroelectronics.X-CUBE-NFC6.3.1.0
2025-11-28 14:42:27,894 [WARN] PackLoader:240 - Cannot read IP mode file for STMicroelectronics.X-CUBE-DPower.1.2.0
2025-11-28 14:42:27,897 [WARN] PackLoader:240 - Cannot read IP mode file for STMicroelectronics.X-CUBE-AI.9.0.0
2025-11-28 14:42:27,902 [WARN] PackLoader:240 - Cannot read IP mode file for STMicroelectronics.X-CUBE-FREERTOS.1.3.1
2025-11-28 14:42:27,906 [WARN] PackLoader:240 - Cannot read IP mode file for STMicroelectronics.X-CUBE-NFC7.1.0.1
2025-11-28 14:42:27,911 [WARN] PackLoader:240 - Cannot read IP mode file for STMicroelectronics.X-CUBE-TOUCHGFX.4.26.0
2025-11-28 14:42:27,915 [WARN] PackLoader:240 - Cannot read IP mode file for STMicroelectronics.FP-SNS-STAIOTCFT.1.0.0
2025-11-28 14:42:27,919 [WARN] PackLoader:240 - Cannot read IP mode file for STMicroelectronics.X-CUBE-DPower.1.3.0
2025-11-28 14:42:27,932 [WARN] ConditionMgr:438 - getConditionDescription Invalid condition id : LAN8742 Phy interface Condition cause : null
2025-11-28 14:42:27,933 [WARN] PackLoader:240 - Cannot read IP mode file for STMicroelectronics.X-CUBE-AZRTOS-L4.2.0.0
2025-11-28 14:42:27,934 [WARN] ConditionMgr:1044 - genDependencies : Invalid condition id : LAN8742 Phy interface Condition cause : null
2025-11-28 14:42:27,934 [WARN] ConditionMgr:1044 - genDependencies : Invalid condition id : LAN8742 Phy interface Condition cause : null
2025-11-28 14:42:27,934 [WARN] ConditionMgr:1044 - genDependencies : Invalid condition id : LAN8742 Phy interface Condition cause : null
2025-11-28 14:42:27,940 [WARN] PackLoader:240 - Cannot read IP mode file for STMicroelectronics.X-CUBE-SFXS2LP1.4.0.0
2025-11-28 14:42:27,949 [ERROR] Engine:466 - STMicroelectronics.X-CUBE-AI.10.2.0: Software pack already exists
2025-11-28 14:42:27,963 [WARN] PackLoader:240 - Cannot read IP mode file for STMicroelectronics.X-CUBE-AZRTOS-H7.3.3.0
2025-11-28 14:42:27,974 [WARN] PackLoader:240 - Cannot read IP mode file for STMicroelectronics.X-CUBE-BLEMGR.4.1.0
2025-11-28 14:42:27,986 [WARN] ConditionMgr:438 - getConditionDescription Invalid condition id : UX DEVICE CLASS RTOS Condition cause : null
2025-11-28 14:42:27,986 [WARN] ConditionMgr:438 - getConditionDescription Invalid condition id : UX DEVICE CLASS RTOS Condition cause : null
2025-11-28 14:42:27,987 [WARN] PackLoader:240 - Cannot read IP mode file for STMicroelectronics.X-CUBE-AZRTOS-WB.2.0.0
2025-11-28 14:42:27,988 [WARN] ConditionMgr:1044 - genDependencies : Invalid condition id : UX DEVICE CLASS RTOS Condition cause : null
2025-11-28 14:42:27,988 [WARN] ConditionMgr:1044 - genDependencies : Invalid condition id : UX DEVICE CLASS RTOS Condition cause : null
2025-11-28 14:42:27,988 [WARN] ConditionMgr:1044 - genDependencies : Invalid condition id : UX DEVICE CLASS RTOS Condition cause : null
2025-11-28 14:42:27,988 [WARN] ConditionMgr:1044 - genDependencies : Invalid condition id : UX DEVICE CLASS RTOS Condition cause : null
2025-11-28 14:42:27,988 [WARN] ConditionMgr:1044 - genDependencies : Invalid condition id : UX DEVICE CLASS RTOS Condition cause : null
2025-11-28 14:42:27,994 [WARN] PackLoader:240 - Cannot read IP mode file for STMicroelectronics.X-CUBE-GNSS1.7.0.0
2025-11-28 14:42:27,999 [WARN] PackLoader:240 - Cannot read IP mode file for STMicroelectronics.X-CUBE-GNSS1.7.0.1
2025-11-28 14:42:28,004 [WARN] PackLoader:240 - Cannot read IP mode file for STMicroelectronics.FP-SNS-STBOX1.2.0.0
2025-11-28 14:42:28,009 [WARN] ConditionMgr:438 - getConditionDescription Invalid condition id : Cortex-A Device cause : null
2025-11-28 14:42:28,017 [WARN] ConditionMgr:1044 - genDependencies : Invalid condition id : Cortex-A Device cause : null
2025-11-28 14:42:28,017 [WARN] ConditionMgr:1044 - genDependencies : Invalid condition id : Cortex-A Device cause : null
2025-11-28 14:42:28,017 [WARN] ConditionMgr:1044 - genDependencies : Invalid condition id : Cortex-A Device cause : null
2025-11-28 14:42:28,024 [WARN] PackLoader:240 - Cannot read IP mode file for STMicroelectronics.X-CUBE-SUBG2.5.0.0
2025-11-28 14:42:28,040 [WARN] PackLoader:240 - Cannot read IP mode file for STMicroelectronics.X-CUBE-AZRTOS-H7RS.1.1.0
2025-11-28 14:42:28,043 [WARN] PackLoader:240 - Cannot read IP mode file for Cesanta.I-CUBE-Mongoose.7.13.0
2025-11-28 14:42:28,054 [WARN] PackLoader:240 - Cannot read IP mode file for STMicroelectronics.X-CUBE-AZRTOS-G4.2.0.0
2025-11-28 14:42:28,060 [WARN] PackLoader:240 - Cannot read IP mode file for wolfSSL.I-CUBE-wolfSSH.1.4.20
2025-11-28 14:42:28,063 [WARN] PackLoader:240 - Cannot read IP mode file for STMicroelectronics.X-CUBE-NFC7.2.0.0
2025-11-28 14:42:28,068 [WARN] PackLoader:240 - Cannot read IP mode file for STMicroelectronics.X-CUBE-ALS.1.0.2
2025-11-28 14:42:28,071 [WARN] PackLoader:240 - Cannot read IP mode file for STMicroelectronics.X-CUBE-TOUCHGFX.4.24.0
2025-11-28 14:42:28,077 [WARN] PackLoader:240 - Cannot read IP mode file for STMicroelectronics.X-CUBE-STSE01.1.0.0
2025-11-28 14:42:28,080 [WARN] PackLoader:240 - Cannot read IP mode file for wolfSSL.I-CUBE-wolfTPM.3.4.0
2025-11-28 14:42:28,084 [WARN] PackLoader:240 - Cannot read IP mode file for portGmbH.I-Cube-SoM-uGOAL.1.1.0
2025-11-28 14:42:28,097 [WARN] PackLoader:240 - Cannot read IP mode file for STMicroelectronics.X-CUBE-AZRTOS-H7RS.1.0.0
2025-11-28 14:42:28,102 [WARN] PackLoader:240 - Cannot read IP mode file for STMicroelectronics.FP-ATR-ASTRA1.2.0.0
2025-11-28 14:42:28,110 [WARN] PackLoader:240 - Cannot read IP mode file for STMicroelectronics.X-CUBE-TOF1.3.4.2
2025-11-28 14:42:28,123 [WARN] PackLoader:240 - Cannot read IP mode file for STMicroelectronics.X-CUBE-TOF1.3.4.3
2025-11-28 14:42:28,141 [WARN] PackLoader:240 - Cannot read IP mode file for Infineon.AIROC-Wi-Fi-Bluetooth-STM32.1.6.1
2025-11-28 14:42:28,146 [WARN] PackLoader:240 - Cannot read IP mode file for wolfSSL.I-CUBE-wolfSSH.1.4.17
2025-11-28 14:42:28,147 [INFO] ThirdParty:978 - Integrity check success = true
2025-11-28 14:42:28,147 [INFO] IntegrityCheckThread:100 - exiting critical section [integrity check]
2025-11-28 14:42:28,147 [INFO] IntegrityCheckThread:103 - End integrity checks thread
2025-11-28 16:57:15,516 [ERROR] LogOutputStream:75 - [STDERR_REDIRECT] 
