2025-12-12 08:06:39,054 [INFO] Activator:176 - 


2025-12-12 08:06:39,060 [INFO] Activator:177 - !SESSION log4j initialized
2025-12-12 08:06:45,283 [INFO] LogOutputStream:77 - [STDOUT_REDIRECT] 
2025-12-12 08:06:47,520 [INFO] ApplicationProperties:184 - Using Application install path: C:\ST\STM32CubeIDE_1.16.1\STM32CubeIDE\plugins\com.st.stm32cube.common.mx_6.15.0.202507011659
2025-12-12 08:06:47,544 [INFO] DbMcusXml:78 - Set database path to: C:\ST\STM32CubeIDE_1.16.1\STM32CubeIDE\plugins\com.st.stm32cube.common.mx_6.15.0.202507011659\\db\/mcu/
2025-12-12 08:06:47,544 [INFO] ApiDb:274 - Set plugin database path to: C:\ST\STM32CubeIDE_1.16.1\STM32CubeIDE\plugins\com.st.stm32cube.common.mx_6.15.0.202507011659\\db\/plugins/boardmanager/
2025-12-12 08:06:47,544 [WARN] ApiDb:259 - Overriding images path with different value:  => C:\ST\STM32CubeIDE_1.16.1\STM32CubeIDE\plugins\com.st.stm32cube.common.mx_6.15.0.202507011659\\db\/plugins/mcufinder/images/
2025-12-12 08:06:47,554 [INFO] ApiDb:250 - Set database path to: C:\Users\user\.stmcufinder\plugins\mcufinder//mcu/
2025-12-12 08:06:47,555 [INFO] DbMcusAds:125 - Set database path to: C:\Users\user\.stmcufinder\plugins\mcufinder//mcu/
2025-12-12 08:06:47,561 [INFO] CrossReferenceDbSqlite:203 - Set database path to: C:\Users\user\.stmcufinder\plugins\mcufinder//mcu/cs/
2025-12-12 08:06:47,695 [INFO] RulesReader:64 - Compatibility file has been processed (317 Rules)
2025-12-12 08:06:47,767 [INFO] DbMcusXml:78 - Set database path to: C:\ST\STM32CubeIDE_1.16.1\STM32CubeIDE\plugins\com.st.stm32cube.common.mx_6.15.0.202507011659\\db\/mcu/
2025-12-12 08:06:47,768 [INFO] ApiDb:274 - Set plugin database path to: C:\ST\STM32CubeIDE_1.16.1\STM32CubeIDE\plugins\com.st.stm32cube.common.mx_6.15.0.202507011659\\db\/plugins/boardmanager/
2025-12-12 08:06:47,768 [INFO] ApiDb:261 - Set plugin images path to: C:\ST\STM32CubeIDE_1.16.1\STM32CubeIDE\plugins\com.st.stm32cube.common.mx_6.15.0.202507011659\\db\/plugins/mcufinder/images/
2025-12-12 08:06:47,768 [WARN] DbFile:41 - Overriding database path with different value: C:\Users\user\.stmcufinder\plugins\mcufinder/ => C:\Users\user\.stmcufinder\plugins\mcufinder
2025-12-12 08:06:47,768 [INFO] ApiDb:250 - Set database path to: C:\Users\user\.stmcufinder\plugins\mcufinder//mcu/
2025-12-12 08:06:47,768 [WARN] DbFile:41 - Overriding database path with different value: C:\Users\user\.stmcufinder\plugins\mcufinder/ => C:\Users\user\.stmcufinder\plugins\mcufinder
2025-12-12 08:06:47,768 [INFO] DbMcusAds:125 - Set database path to: C:\Users\user\.stmcufinder\plugins\mcufinder//mcu/
2025-12-12 08:06:47,768 [WARN] DbFile:41 - Overriding database path with different value: C:\Users\user\.stmcufinder\plugins\mcufinder/ => C:\Users\user\.stmcufinder\plugins\mcufinder
2025-12-12 08:06:47,768 [WARN] DbFile:41 - Overriding database path with different value: C:\Users\user\.stmcufinder\plugins\mcufinder/ => C:\Users\user\.stmcufinder\plugins\mcufinder
2025-12-12 08:06:47,769 [INFO] CrossReferenceDbSqlite:203 - Set database path to: C:\Users\user\.stmcufinder\plugins\mcufinder//mcu/cs/
2025-12-12 08:06:47,832 [INFO] MainPanel:274 - HeapMemory: 268435456
2025-12-12 08:06:47,951 [INFO] DbMcusXml:78 - Set database path to: C:\ST\STM32CubeIDE_1.16.1\STM32CubeIDE\plugins\com.st.stm32cube.common.mx_6.15.0.202507011659\\db\/mcu/
2025-12-12 08:06:47,952 [INFO] ApiDb:274 - Set plugin database path to: C:\ST\STM32CubeIDE_1.16.1\STM32CubeIDE\plugins\com.st.stm32cube.common.mx_6.15.0.202507011659\\db\/plugins/boardmanager/
2025-12-12 08:06:47,952 [INFO] ApiDb:261 - Set plugin images path to: C:\ST\STM32CubeIDE_1.16.1\STM32CubeIDE\plugins\com.st.stm32cube.common.mx_6.15.0.202507011659\\db\/plugins/mcufinder/images/
2025-12-12 08:06:47,952 [WARN] DbFile:41 - Overriding database path with different value: C:\Users\user\.stmcufinder\plugins\mcufinder/ => C:\Users\user\.stmcufinder\plugins\mcufinder
2025-12-12 08:06:47,952 [INFO] ApiDb:250 - Set database path to: C:\Users\user\.stmcufinder\plugins\mcufinder//mcu/
2025-12-12 08:06:47,952 [WARN] DbFile:41 - Overriding database path with different value: C:\Users\user\.stmcufinder\plugins\mcufinder/ => C:\Users\user\.stmcufinder\plugins\mcufinder
2025-12-12 08:06:47,952 [INFO] DbMcusAds:125 - Set database path to: C:\Users\user\.stmcufinder\plugins\mcufinder//mcu/
2025-12-12 08:06:47,953 [WARN] DbFile:41 - Overriding database path with different value: C:\Users\user\.stmcufinder\plugins\mcufinder/ => C:\Users\user\.stmcufinder\plugins\mcufinder
2025-12-12 08:06:47,953 [WARN] DbFile:41 - Overriding database path with different value: C:\Users\user\.stmcufinder\plugins\mcufinder/ => C:\Users\user\.stmcufinder\plugins\mcufinder
2025-12-12 08:06:47,953 [INFO] CrossReferenceDbSqlite:203 - Set database path to: C:\Users\user\.stmcufinder\plugins\mcufinder//mcu/cs/
2025-12-12 08:06:47,971 [INFO] ApplicationProperties:184 - Using Application install path: C:\ST\STM32CubeIDE_1.16.1\STM32CubeIDE\plugins\com.st.stm32cube.common.mx_6.15.0.202507011659
2025-12-12 08:06:47,972 [INFO] PluginManage:196 - Search for loadable plugins [exclusion list=, ]
2025-12-12 08:06:47,973 [INFO] PluginManage:310 - Check plugin analytics
2025-12-12 08:06:48,195 [INFO] AnalyticsPlugin:253 - Accepted Software Licenses: STM32CubeMX.6.15.0
2025-12-12 08:06:48,195 [INFO] AnalyticsPlugin:255 - Accepted CMSIS Pack Licenses: 
2025-12-12 08:06:48,196 [INFO] AnalyticsPlugin:257 - Accepted Firmware Licenses: FW.L4.1.18.0
2025-12-12 08:06:48,199 [INFO] PluginManage:359 - Loaded plugin analytics (category:tool,tabindex:-1)
2025-12-12 08:06:48,199 [INFO] PluginManage:310 - Check plugin cadmodel
2025-12-12 08:06:48,206 [INFO] CADModel:105 - Init CAD model plugin
2025-12-12 08:06:48,206 [INFO] PluginManage:359 - Loaded plugin cadmodel (category:power,tabindex:5)
2025-12-12 08:06:48,206 [INFO] PluginManage:310 - Check plugin clock
2025-12-12 08:06:48,218 [INFO] PluginManage:359 - Loaded plugin clock (category:base,tabindex:2)
2025-12-12 08:06:48,218 [INFO] PluginManage:310 - Check plugin ddr
2025-12-12 08:06:48,221 [INFO] PluginManage:359 - Loaded plugin ddr (category:tool,tabindex:6)
2025-12-12 08:06:48,221 [INFO] PluginManage:310 - Check plugin filemanager
2025-12-12 08:06:48,369 [INFO] PluginManage:359 - Loaded plugin filemanager (category:base,tabindex:10)
2025-12-12 08:06:48,369 [INFO] PluginManage:310 - Check plugin ipmanager
2025-12-12 08:06:48,375 [INFO] PluginManage:359 - Loaded plugin ipmanager (category:base,tabindex:5)
2025-12-12 08:06:48,375 [INFO] PluginManage:310 - Check plugin lpbam
2025-12-12 08:06:48,381 [INFO] PluginManage:359 - Loaded plugin lpbam (category:base,tabindex:0)
2025-12-12 08:06:48,382 [INFO] PluginManage:310 - Check plugin memorymap
2025-12-12 08:06:48,395 [INFO] PluginManage:359 - Loaded plugin memorymap (category:base,tabindex:4)
2025-12-12 08:06:48,395 [INFO] PluginManage:310 - Check plugin pinoutandconfiguration
2025-12-12 08:06:48,404 [INFO] PluginManage:359 - Loaded plugin pinoutandconfiguration (category:base,tabindex:1)
2025-12-12 08:06:48,404 [INFO] PluginManage:310 - Check plugin pinoutconfig
2025-12-12 08:06:48,494 [WARN] SupportedApi:132 - Cannot load RTOS API schema: s4s-elt-must-match.1: The content of 'definitions' must match (annotation?, (simpleType | complexType)?, (unique | key | keyref)*)). A problem was found starting at: attribute.
2025-12-12 08:06:48,668 [INFO] PluginManage:359 - Loaded plugin pinoutconfig (category:base,tabindex:0)
2025-12-12 08:06:48,668 [INFO] PluginManage:310 - Check plugin power
2025-12-12 08:06:48,681 [INFO] PluginManage:359 - Loaded plugin power (category:power,tabindex:4)
2025-12-12 08:06:48,681 [INFO] PluginManage:310 - Check plugin projectmanager
2025-12-12 08:06:48,697 [INFO] PluginManage:359 - Loaded plugin projectmanager (category:projectmanager,tabindex:4)
2025-12-12 08:06:48,697 [INFO] PluginManage:310 - Check plugin rif
2025-12-12 08:06:48,712 [INFO] PluginManage:359 - Loaded plugin rif (category:base,tabindex:3)
2025-12-12 08:06:48,712 [INFO] PluginManage:310 - Check plugin thirdparty
2025-12-12 08:06:48,854 [INFO] PluginManage:359 - Loaded plugin thirdparty (category:base,tabindex:-1)
2025-12-12 08:06:48,854 [WARN] IntegrityCheckThread:84 - waiting for thirdparty lock release [integrity check]
2025-12-12 08:06:48,854 [INFO] PluginManage:310 - Check plugin tools
2025-12-12 08:06:48,854 [INFO] IntegrityCheckThread:86 - entering critical section [integrity check]
2025-12-12 08:06:48,855 [INFO] ThirdPartyUpdaterWithRetryManager:70 - Updater plugin not ready yet. [1/15]
2025-12-12 08:06:48,858 [INFO] PluginManage:359 - Loaded plugin tools (category:base,tabindex:7)
2025-12-12 08:06:48,858 [INFO] PluginManage:310 - Check plugin tutovideos
2025-12-12 08:06:49,054 [INFO] PluginManage:359 - Loaded plugin tutovideos (category:base,tabindex:-1)
2025-12-12 08:06:49,054 [INFO] PluginManage:310 - Check plugin updater
2025-12-12 08:06:49,075 [INFO] PluginManage:359 - Loaded plugin updater (category:base,tabindex:12)
2025-12-12 08:06:49,075 [INFO] PluginManage:310 - Check plugin userauth
2025-12-12 08:06:49,080 [INFO] UserAuth:118 - Init User Auth plugin
2025-12-12 08:06:49,081 [INFO] PluginManage:359 - Loaded plugin userauth (category:base,tabindex:14)
2025-12-12 08:06:49,081 [INFO] PluginManage:283 - PluginManage : Loaded plugins [18]
2025-12-12 08:06:49,299 [INFO] PinOutPanel:1589 - setPackage(No Configuration,No Configuration)
2025-12-12 08:06:49,377 [INFO] CADModel:165 - CPN selected for project level
2025-12-12 08:06:49,377 [INFO] CADModel:114 - Register for checkConnection events
2025-12-12 08:06:49,394 [INFO] IPUIPlugin:80 - create IPUIPlugin
2025-12-12 08:06:49,394 [INFO] PluginManager:220 - loadIPPluginJar : add adc
2025-12-12 08:06:49,397 [INFO] IPUIPlugin:80 - create IPUIPlugin
2025-12-12 08:06:49,397 [INFO] PluginManager:220 - loadIPPluginJar : add aes
2025-12-12 08:06:49,400 [INFO] IPUIPlugin:80 - create IPUIPlugin
2025-12-12 08:06:49,400 [INFO] PluginManager:220 - loadIPPluginJar : add can
2025-12-12 08:06:49,402 [INFO] IPUIPlugin:80 - create IPUIPlugin
2025-12-12 08:06:49,402 [INFO] PluginManager:220 - loadIPPluginJar : add comp
2025-12-12 08:06:49,404 [INFO] IPUIPlugin:80 - create IPUIPlugin
2025-12-12 08:06:49,404 [INFO] PluginManager:220 - loadIPPluginJar : add cryp
2025-12-12 08:06:49,407 [INFO] IPUIPlugin:80 - create IPUIPlugin
2025-12-12 08:06:49,407 [INFO] PluginManager:220 - loadIPPluginJar : add ddr_ctrl_phy
2025-12-12 08:06:49,411 [INFO] IPUIPlugin:80 - create IPUIPlugin
2025-12-12 08:06:49,411 [INFO] PluginManager:220 - loadIPPluginJar : add dfsdm
2025-12-12 08:06:49,416 [INFO] IPUIPlugin:80 - create IPUIPlugin
2025-12-12 08:06:49,416 [INFO] PluginManager:220 - loadIPPluginJar : add dma
2025-12-12 08:06:49,419 [INFO] IPUIPlugin:80 - create IPUIPlugin
2025-12-12 08:06:49,419 [INFO] PluginManager:220 - loadIPPluginJar : add dma3
2025-12-12 08:06:49,422 [INFO] IPUIPlugin:80 - create IPUIPlugin
2025-12-12 08:06:49,422 [INFO] PluginManager:220 - loadIPPluginJar : add extmemmanager
2025-12-12 08:06:49,424 [INFO] IPUIPlugin:80 - create IPUIPlugin
2025-12-12 08:06:49,424 [INFO] PluginManager:220 - loadIPPluginJar : add fatfs
2025-12-12 08:06:49,429 [INFO] IPUIPlugin:80 - create IPUIPlugin
2025-12-12 08:06:49,429 [INFO] PluginManager:220 - loadIPPluginJar : add fmc
2025-12-12 08:06:49,435 [INFO] IPUIPlugin:80 - create IPUIPlugin
2025-12-12 08:06:49,435 [INFO] PluginManager:220 - loadIPPluginJar : add freertos
2025-12-12 08:06:49,437 [INFO] IPUIPlugin:80 - create IPUIPlugin
2025-12-12 08:06:49,437 [INFO] PluginManager:220 - loadIPPluginJar : add genericplugin
2025-12-12 08:06:49,439 [INFO] IPUIPlugin:80 - create IPUIPlugin
2025-12-12 08:06:49,439 [INFO] PluginManager:220 - loadIPPluginJar : add gfxmmu
2025-12-12 08:06:49,444 [INFO] IPUIPlugin:80 - create IPUIPlugin
2025-12-12 08:06:49,444 [INFO] PluginManager:220 - loadIPPluginJar : add gic
2025-12-12 08:06:49,447 [INFO] IPUIPlugin:80 - create IPUIPlugin
2025-12-12 08:06:49,447 [INFO] PluginManager:220 - loadIPPluginJar : add gpio
2025-12-12 08:06:49,450 [INFO] IPUIPlugin:80 - create IPUIPlugin
2025-12-12 08:06:49,450 [INFO] PluginManager:220 - loadIPPluginJar : add gtzc
2025-12-12 08:06:49,452 [INFO] IPUIPlugin:80 - create IPUIPlugin
2025-12-12 08:06:49,453 [INFO] PluginManager:220 - loadIPPluginJar : add hash
2025-12-12 08:06:49,455 [INFO] IPUIPlugin:80 - create IPUIPlugin
2025-12-12 08:06:49,455 [INFO] PluginManager:220 - loadIPPluginJar : add i2c
2025-12-12 08:06:49,458 [INFO] IPUIPlugin:80 - create IPUIPlugin
2025-12-12 08:06:49,458 [INFO] PluginManager:220 - loadIPPluginJar : add i2s
2025-12-12 08:06:49,461 [INFO] IPUIPlugin:80 - create IPUIPlugin
2025-12-12 08:06:49,461 [INFO] PluginManager:220 - loadIPPluginJar : add i3c
2025-12-12 08:06:49,464 [INFO] IPUIPlugin:80 - create IPUIPlugin
2025-12-12 08:06:49,465 [INFO] PluginManager:220 - loadIPPluginJar : add ipddr
2025-12-12 08:06:49,471 [INFO] IPUIPlugin:80 - create IPUIPlugin
2025-12-12 08:06:49,472 [INFO] PluginManager:220 - loadIPPluginJar : add linkedlist
2025-12-12 08:06:49,475 [INFO] IPUIPlugin:80 - create IPUIPlugin
2025-12-12 08:06:49,475 [INFO] PluginManager:220 - loadIPPluginJar : add lorawan
2025-12-12 08:06:49,477 [INFO] IPUIPlugin:80 - create IPUIPlugin
2025-12-12 08:06:49,477 [INFO] PluginManager:220 - loadIPPluginJar : add ltdc
2025-12-12 08:06:49,482 [INFO] IPUIPlugin:80 - create IPUIPlugin
2025-12-12 08:06:49,482 [INFO] PluginManager:220 - loadIPPluginJar : add mdma
2025-12-12 08:06:49,486 [INFO] IPUIPlugin:80 - create IPUIPlugin
2025-12-12 08:06:49,486 [INFO] PluginManager:220 - loadIPPluginJar : add nvic
2025-12-12 08:06:49,489 [INFO] IPUIPlugin:80 - create IPUIPlugin
2025-12-12 08:06:49,489 [INFO] PluginManager:220 - loadIPPluginJar : add opamp
2025-12-12 08:06:49,492 [INFO] IPUIPlugin:80 - create IPUIPlugin
2025-12-12 08:06:49,492 [INFO] PluginManager:220 - loadIPPluginJar : add openamp
2025-12-12 08:06:49,496 [INFO] IPUIPlugin:80 - create IPUIPlugin
2025-12-12 08:06:49,496 [INFO] PluginManager:220 - loadIPPluginJar : add pdm2pcm
2025-12-12 08:06:49,502 [INFO] IPUIPlugin:80 - create IPUIPlugin
2025-12-12 08:06:49,504 [INFO] PluginManager:220 - loadIPPluginJar : add plateformsettings
2025-12-12 08:06:49,506 [INFO] IPUIPlugin:80 - create IPUIPlugin
2025-12-12 08:06:49,506 [INFO] PluginManager:220 - loadIPPluginJar : add quadspi
2025-12-12 08:06:49,509 [INFO] IPUIPlugin:80 - create IPUIPlugin
2025-12-12 08:06:49,510 [INFO] PluginManager:220 - loadIPPluginJar : add radio
2025-12-12 08:06:49,514 [INFO] IPUIPlugin:80 - create IPUIPlugin
2025-12-12 08:06:49,514 [INFO] PluginManager:220 - loadIPPluginJar : add resmgrutility
2025-12-12 08:06:49,517 [INFO] IPUIPlugin:80 - create IPUIPlugin
2025-12-12 08:06:49,518 [INFO] PluginManager:220 - loadIPPluginJar : add sai
2025-12-12 08:06:49,520 [INFO] IPUIPlugin:80 - create IPUIPlugin
2025-12-12 08:06:49,520 [INFO] PluginManager:220 - loadIPPluginJar : add spi
2025-12-12 08:06:49,525 [INFO] IPUIPlugin:80 - create IPUIPlugin
2025-12-12 08:06:49,526 [INFO] PluginManager:220 - loadIPPluginJar : add stm32_wpan
2025-12-12 08:06:49,528 [INFO] IPUIPlugin:80 - create IPUIPlugin
2025-12-12 08:06:49,528 [INFO] PluginManager:220 - loadIPPluginJar : add tim
2025-12-12 08:06:49,531 [INFO] IPUIPlugin:80 - create IPUIPlugin
2025-12-12 08:06:49,532 [INFO] PluginManager:220 - loadIPPluginJar : add touchsensing
2025-12-12 08:06:49,534 [INFO] IPUIPlugin:80 - create IPUIPlugin
2025-12-12 08:06:49,534 [INFO] PluginManager:220 - loadIPPluginJar : add tracer_emb
2025-12-12 08:06:49,536 [INFO] IPUIPlugin:80 - create IPUIPlugin
2025-12-12 08:06:49,537 [INFO] PluginManager:220 - loadIPPluginJar : add ts
2025-12-12 08:06:49,539 [INFO] IPUIPlugin:80 - create IPUIPlugin
2025-12-12 08:06:49,539 [INFO] PluginManager:220 - loadIPPluginJar : add tsc
2025-12-12 08:06:49,540 [INFO] IPUIPlugin:80 - create IPUIPlugin
2025-12-12 08:06:49,540 [INFO] PluginManager:220 - loadIPPluginJar : add ucpd
2025-12-12 08:06:49,544 [INFO] IPUIPlugin:80 - create IPUIPlugin
2025-12-12 08:06:49,544 [INFO] PluginManager:220 - loadIPPluginJar : add usart
2025-12-12 08:06:49,548 [INFO] IPUIPlugin:80 - create IPUIPlugin
2025-12-12 08:06:49,548 [INFO] PluginManager:220 - loadIPPluginJar : add usbx
2025-12-12 08:06:49,678 [FATAL] Updater:351 - Updater called before beeing initialized
2025-12-12 08:06:49,727 [INFO] RulesReader:64 - Compatibility file has been processed (317 Rules)
2025-12-12 08:06:49,738 [INFO] RulesReader:64 - Compatibility file has been processed (317 Rules)
2025-12-12 08:06:49,746 [INFO] CADModel:165 - CPN selected for project level
2025-12-12 08:06:49,746 [INFO] CADModel:114 - Register for checkConnection events
2025-12-12 08:06:49,746 [FATAL] Updater:351 - Updater called before beeing initialized
2025-12-12 08:06:49,746 [ERROR] CADModel:125 - Updater not yet initialized, retry later 
2025-12-12 08:06:49,896 [FATAL] Updater:351 - Updater called before beeing initialized
2025-12-12 08:06:49,898 [INFO] CADModel:165 - CPN selected for project level
2025-12-12 08:06:49,899 [INFO] CADModel:114 - Register for checkConnection events
2025-12-12 08:06:49,899 [FATAL] Updater:351 - Updater called before beeing initialized
2025-12-12 08:06:49,899 [ERROR] CADModel:125 - Updater not yet initialized, retry later 
2025-12-12 08:06:49,902 [FATAL] Updater:351 - Updater called before beeing initialized
2025-12-12 08:06:50,006 [FATAL] Updater:351 - Updater called before beeing initialized
2025-12-12 08:06:50,012 [INFO] DbMcusAds:53 - JSON generation date=Tue Nov 25 15:08:32 CET 2025 (1764079712835)
2025-12-12 08:06:50,013 [FATAL] Updater:351 - Updater called before beeing initialized
2025-12-12 08:06:50,053 [WARN] DetailPanel:346 - Failed to get advertising image, set to default
2025-12-12 08:06:50,133 [FATAL] Updater:351 - Updater called before beeing initialized
2025-12-12 08:06:50,134 [FATAL] Updater:351 - Updater called before beeing initialized
2025-12-12 08:06:50,134 [FATAL] Updater:351 - Updater called before beeing initialized
2025-12-12 08:06:50,134 [WARN] DetailPanel:346 - Failed to get advertising image, set to default
2025-12-12 08:06:50,135 [FATAL] Updater:351 - Updater called before beeing initialized
2025-12-12 08:06:50,226 [ERROR] Updater:1198 - MainUpdater not yet initialized. External WinMGr cannot be set.
2025-12-12 08:06:50,231 [INFO] Updater:1134 - Updater Version found : 6.15.0
2025-12-12 08:06:50,254 [INFO] ApplicationProperties:184 - Using Application install path: C:\ST\STM32CubeIDE_1.16.1\STM32CubeIDE\plugins\com.st.stm32cube.common.mx_6.15.0.202507011659
2025-12-12 08:06:51,832 [ERROR] LogOutputStream:75 - [STDERR_REDIRECT] Dec 12, 2025 8:06:51 AM java.util.prefs.WindowsPreferences <init>
2025-12-12 08:06:51,834 [ERROR] LogOutputStream:75 - [STDERR_REDIRECT] WARNING: Could not open/create prefs root node Software\JavaSoft\Prefs at root 0xffffffff80000002. Windows RegCreateKeyEx(...) returned error code 5.
2025-12-12 08:06:51,834 [ERROR] LogOutputStream:75 - [STDERR_REDIRECT] 
2025-12-12 08:06:51,855 [INFO] ThirdPartyUpdaterWithRetryManager:70 - Updater plugin not ready yet. [2/15]
2025-12-12 08:06:52,206 [INFO] MainUpdater:2872 - connection check result : 10
2025-12-12 08:06:52,206 [INFO] MainUpdater:289 - Updater Check For Update Now.
2025-12-12 08:06:52,206 [INFO] MicroXplorer:498 - Change Database Version : DB.6.0.150
2025-12-12 08:06:52,215 [INFO] McuFinderGlobals:63 - Set McuFinder mode to 2 (CubeIDE integrated)
2025-12-12 08:06:52,215 [INFO] UserAuth:171 - activating auth plugin
2025-12-12 08:06:52,218 [INFO] UserAuth:487 - Internet connection configuration mode: 1
2025-12-12 08:06:52,250 [INFO] JxBrowserEngine:152 - Initiate JxBrowser Engine with user profile folder
2025-12-12 08:06:52,430 [INFO] CheckServerUpdateThread:120 - End of CheckServer Thread
2025-12-12 08:06:54,834 [INFO] WebApp:169 - Instantiating new browser for Auth
2025-12-12 08:06:55,248 [WARN] PackLoader:240 - Cannot read IP mode file for STMicroelectronics.FP-SNS-MOTENVWB1.1.4.0
2025-12-12 08:06:55,257 [WARN] PackLoader:240 - Cannot read IP mode file for STMicroelectronics.FP-ATR-ASTRA1.2.0.2
2025-12-12 08:06:55,271 [WARN] PackLoader:240 - Cannot read IP mode file for STMicroelectronics.X-CUBE-SMBUS.2.1.0
2025-12-12 08:06:55,277 [WARN] PackLoader:240 - Cannot read IP mode file for STMicroelectronics.X-CUBE-ST60.1.0.0
2025-12-12 08:06:55,315 [WARN] PackLoader:240 - Cannot read IP mode file for STMicroelectronics.X-CUBE-AZRTOS-F7.1.1.0
2025-12-12 08:06:55,323 [WARN] PackLoader:240 - Cannot read IP mode file for Cesanta.I-CUBE-Mongoose.7.19.0
2025-12-12 08:06:55,382 [WARN] PackLoader:240 - Cannot read IP mode file for STMicroelectronics.X-CUBE-MEMS1.11.0.0
2025-12-12 08:06:55,662 [WARN] PackLoader:240 - Cannot read IP mode file for STMicroelectronics.FP-SNS-MOTENV1.5.1.0
2025-12-12 08:06:55,673 [WARN] PackLoader:240 - Cannot read IP mode file for WES.I-CUBE-Cesium.1.4.0
2025-12-12 08:06:55,677 [WARN] PackLoader:240 - Cannot read IP mode file for STMicroelectronics.FP-SNS-FLIGHT1.5.0.2
2025-12-12 08:06:55,695 [WARN] PackLoader:240 - Cannot read IP mode file for Infineon.AIROC-Wi-Fi-Bluetooth-STM32.1.7.1
2025-12-12 08:06:55,721 [WARN] PackLoader:240 - Cannot read IP mode file for STMicroelectronics.X-CUBE-AZRTOS-H7.3.4.0
2025-12-12 08:06:55,733 [WARN] PackLoader:240 - Cannot read IP mode file for STMicroelectronics.X-CUBE-DISPLAY.3.0.0
2025-12-12 08:06:55,741 [WARN] PackLoader:240 - Cannot read IP mode file for STMicroelectronics.X-CUBE-BLE1.7.0.0
2025-12-12 08:06:55,747 [WARN] PackLoader:240 - Cannot read IP mode file for STMicroelectronics.X-CUBE-NFC10.1.0.0
2025-12-12 08:06:55,752 [WARN] PackLoader:240 - Cannot read IP mode file for STMicroelectronics.X-CUBE-ST60.1.1.0
2025-12-12 08:06:55,758 [WARN] PackLoader:240 - Cannot read IP mode file for emotas.I-CUBE-CANOPEN.1.3.0
2025-12-12 08:06:55,763 [WARN] PackLoader:240 - Cannot read IP mode file for STMicroelectronics.X-CUBE-GNSS1.7.1.0
2025-12-12 08:06:55,778 [WARN] PackLoader:240 - Cannot read IP mode file for STMicroelectronics.X-CUBE-BLEMGR.3.1.0
2025-12-12 08:06:55,787 [WARN] PackLoader:240 - Cannot read IP mode file for STMicroelectronics.FP-SNS-STBOX1.2.1.0
2025-12-12 08:06:55,795 [WARN] PackLoader:240 - Cannot read IP mode file for STMicroelectronics.FP-SNS-SMARTAG2.1.2.0
2025-12-12 08:06:55,799 [WARN] PackLoader:240 - Cannot read IP mode file for STMicroelectronics.FP-SNS-FLIGHT1.5.1.0
2025-12-12 08:06:55,809 [INFO] LogOutputStream:77 - [STDOUT_REDIRECT] 1 : Invalid condition id : UX_CORESTACK_Condition cause : null
2025-12-12 08:06:55,810 [INFO] LogOutputStream:77 - [STDOUT_REDIRECT] 1 : Invalid condition id : UX_CORESTACK_Condition cause : null
2025-12-12 08:06:55,812 [INFO] LogOutputStream:77 - [STDOUT_REDIRECT] 1 : Invalid condition id : UX_CORESTACK_Condition cause : null
2025-12-12 08:06:55,814 [INFO] LogOutputStream:77 - [STDOUT_REDIRECT] 1 : Invalid condition id : UX_CORESTACK_Condition cause : null
2025-12-12 08:06:55,815 [INFO] LogOutputStream:77 - [STDOUT_REDIRECT] 1 : Invalid condition id : UX_CORESTACK_Condition cause : null
2025-12-12 08:06:55,819 [WARN] PackLoader:240 - Cannot read IP mode file for STMicroelectronics.X-CUBE-AZRTOS-WL.2.0.0
2025-12-12 08:06:55,824 [WARN] PackLoader:240 - Cannot read IP mode file for STMicroelectronics.FP-SNS-MOTENV1.5.0.0
2025-12-12 08:06:55,851 [WARN] PackLoader:240 - Cannot read IP mode file for STMicroelectronics.X-CUBE-AZRTOS-H7RS.1.2.0
2025-12-12 08:06:55,861 [WARN] PackLoader:240 - Cannot read IP mode file for wolfSSL.I-CUBE-wolfMQTT.1.19.0
2025-12-12 08:06:55,870 [WARN] PackLoader:240 - Cannot read IP mode file for WES.I-CUBE-Cesium.1.3.0
2025-12-12 08:06:55,877 [WARN] PackLoader:240 - Cannot read IP mode file for STMicroelectronics.X-CUBE-BLE2.3.3.0
2025-12-12 08:06:55,923 [WARN] PackLoader:240 - Cannot read IP mode file for STMicroelectronics.X-CUBE-NFC9.1.0.0
2025-12-12 08:06:55,931 [WARN] PackLoader:240 - Cannot read IP mode file for wolfSSL.I-CUBE-wolfSSL.5.8.2
2025-12-12 08:06:55,938 [WARN] PackLoader:240 - Cannot read IP mode file for STMicroelectronics.X-CUBE-BLE1.7.1.0
2025-12-12 08:06:55,942 [WARN] PackLoader:240 - Cannot read IP mode file for wolfSSL.I-CUBE-wolfMQTT.1.19.2
2025-12-12 08:06:55,950 [WARN] PackLoader:240 - Cannot read IP mode file for STMicroelectronics.X-CUBE-TCPP.4.1.0
2025-12-12 08:06:55,960 [WARN] PackLoader:240 - Cannot read IP mode file for STMicroelectronics.X-CUBE-FREERTOS.1.4.0
2025-12-12 08:06:55,970 [WARN] PackLoader:240 - Cannot read IP mode file for STMicroelectronics.X-CUBE-EEPRMA1.5.2.0
2025-12-12 08:06:55,981 [WARN] PackLoader:240 - Cannot read IP mode file for STMicroelectronics.X-CUBE-ST67W61.1.1.0
2025-12-12 08:06:56,034 [INFO] WebApp:463 - Apply proxy settings
2025-12-12 08:06:56,035 [INFO] WebApp:548 - Chromium requires no authentication
2025-12-12 08:06:56,040 [WARN] PackLoader:240 - Cannot read IP mode file for STMicroelectronics.X-CUBE-MEMS1.12.0.0
2025-12-12 08:06:56,052 [INFO] WebApp:491 - Direct internet connection detected
2025-12-12 08:06:56,109 [INFO] WebApp:900 - Register for checkConnection events
2025-12-12 08:06:56,110 [INFO] WebApp:463 - Apply proxy settings
2025-12-12 08:06:56,110 [INFO] WebApp:548 - Chromium requires no authentication
2025-12-12 08:06:56,110 [INFO] WebApp:491 - Direct internet connection detected
2025-12-12 08:06:56,135 [WARN] PackLoader:240 - Cannot read IP mode file for STMicroelectronics.X-CUBE-AZRTOS-G0.1.1.0
2025-12-12 08:06:56,144 [WARN] PackLoader:240 - Cannot read IP mode file for STMicroelectronics.X-CUBE-SAFEA1.1.2.2
2025-12-12 08:06:56,150 [WARN] PackLoader:240 - Cannot read IP mode file for STMicroelectronics.X-CUBE-NFC4.3.0.0
2025-12-12 08:06:56,158 [WARN] PackLoader:240 - Cannot read IP mode file for EmbeddedOffice.I-CUBE-FS-RTOS.1.0.1
2025-12-12 08:06:56,166 [WARN] PackLoader:240 - Cannot read IP mode file for STMicroelectronics.X-CUBE-WB05N.2.0.0
2025-12-12 08:06:56,170 [WARN] PackLoader:240 - Cannot read IP mode file for wolfSSL.I-CUBE-wolfTPM.3.8.0
2025-12-12 08:06:56,175 [WARN] PackLoader:240 - Cannot read IP mode file for STMicroelectronics.X-CUBE-TCPP.4.2.0
2025-12-12 08:06:56,179 [WARN] PackLoader:240 - Cannot read IP mode file for RealThread.X-CUBE-RT-Thread_Nano.4.1.1
2025-12-12 08:06:56,183 [WARN] PackLoader:240 - Cannot read IP mode file for STMicroelectronics.FP-ATR-SIGFOX1.3.2.0
2025-12-12 08:06:56,187 [WARN] PackLoader:240 - Cannot read IP mode file for wolfSSL.I-CUBE-wolfSSL.5.7.2
2025-12-12 08:06:56,194 [WARN] PackLoader:240 - Cannot read IP mode file for STMicroelectronics.X-CUBE-EEPRMA1.5.1.0
2025-12-12 08:06:56,201 [WARN] PackLoader:240 - Cannot read IP mode file for ITTIA_DB.I-CUBE-ITTIADB.8.9.0
2025-12-12 08:06:56,207 [WARN] PackLoader:240 - Cannot read IP mode file for STMicroelectronics.X-CUBE-ST67W61.1.0.0
2025-12-12 08:06:56,215 [WARN] PackLoader:240 - Cannot read IP mode file for STMicroelectronics.X-CUBE-AI.10.2.0
2025-12-12 08:06:56,335 [INFO] WebApp:191 - Connection restablished
2025-12-12 08:06:56,339 [WARN] PackLoader:240 - Cannot read IP mode file for SEGGER.I-CUBE-embOS.1.3.1
2025-12-12 08:06:56,406 [WARN] PackLoader:240 - Cannot read IP mode file for STMicroelectronics.X-CUBE-ALGOBUILD.1.4.0
2025-12-12 08:06:56,490 [WARN] PackLoader:240 - Cannot read IP mode file for STMicroelectronics.X-CUBE-MEMS1.11.3.0
2025-12-12 08:06:56,559 [INFO] WebApp:225 - Starting web application
2025-12-12 08:06:56,560 [INFO] WebApp:593 - Web application path used C:\ST\STM32CubeIDE_1.16.1\STM32CubeIDE\plugins\com.st.stm32cube.common.mx_6.15.0.202507011659\db\plugins\mcufinder\reactClient1\index.html
2025-12-12 08:06:56,755 [WARN] PackLoader:240 - Cannot read IP mode file for STMicroelectronics.X-CUBE-PM33A1.1.0.0
2025-12-12 08:06:56,776 [WARN] PackLoader:240 - Cannot read IP mode file for STMicroelectronics.X-CUBE-AZRTOS-F4.1.1.0
2025-12-12 08:06:56,783 [WARN] PackLoader:240 - Cannot read IP mode file for STMicroelectronics.X-CUBE-ISPU.2.1.0
2025-12-12 08:06:56,798 [WARN] PackLoader:240 - Cannot read IP mode file for STMicroelectronics.X-CUBE-IPS.3.2.0
2025-12-12 08:06:56,812 [WARN] PackLoader:240 - Cannot read IP mode file for STMicroelectronics.X-CUBE-FREERTOS.1.2.0
2025-12-12 08:06:56,819 [WARN] PackLoader:240 - Cannot read IP mode file for STMicroelectronics.X-CUBE-NFC12.1.0.0
2025-12-12 08:06:56,841 [WARN] PackLoader:240 - Cannot read IP mode file for STMicroelectronics.X-CUBE-AZRTOS-L5.2.0.0
2025-12-12 08:06:56,856 [WARN] PackLoader:240 - Cannot read IP mode file for STMicroelectronics.X-CUBE-NFC6.3.1.0
2025-12-12 08:06:56,866 [WARN] PackLoader:240 - Cannot read IP mode file for STMicroelectronics.X-CUBE-DPower.1.2.0
2025-12-12 08:06:56,871 [WARN] PackLoader:240 - Cannot read IP mode file for STMicroelectronics.X-CUBE-AI.9.0.0
2025-12-12 08:06:56,878 [WARN] PackLoader:240 - Cannot read IP mode file for STMicroelectronics.X-CUBE-FREERTOS.1.3.1
2025-12-12 08:06:56,885 [WARN] PackLoader:240 - Cannot read IP mode file for STMicroelectronics.X-CUBE-NFC7.1.0.1
2025-12-12 08:06:56,891 [WARN] PackLoader:240 - Cannot read IP mode file for STMicroelectronics.X-CUBE-TOUCHGFX.4.26.0
2025-12-12 08:06:56,898 [WARN] PackLoader:240 - Cannot read IP mode file for STMicroelectronics.FP-SNS-STAIOTCFT.1.0.0
2025-12-12 08:06:56,908 [WARN] PackLoader:240 - Cannot read IP mode file for STMicroelectronics.X-CUBE-DPower.1.3.0
2025-12-12 08:06:56,926 [WARN] ConditionMgr:438 - getConditionDescription Invalid condition id : LAN8742 Phy interface Condition cause : null
2025-12-12 08:06:56,927 [WARN] PackLoader:240 - Cannot read IP mode file for STMicroelectronics.X-CUBE-AZRTOS-L4.2.0.0
2025-12-12 08:06:56,928 [WARN] ConditionMgr:1044 - genDependencies : Invalid condition id : LAN8742 Phy interface Condition cause : null
2025-12-12 08:06:56,928 [WARN] ConditionMgr:1044 - genDependencies : Invalid condition id : LAN8742 Phy interface Condition cause : null
2025-12-12 08:06:56,929 [WARN] ConditionMgr:1044 - genDependencies : Invalid condition id : LAN8742 Phy interface Condition cause : null
2025-12-12 08:06:56,938 [WARN] PackLoader:240 - Cannot read IP mode file for STMicroelectronics.X-CUBE-SFXS2LP1.4.0.0
2025-12-12 08:06:56,945 [ERROR] Engine:466 - STMicroelectronics.X-CUBE-AI.10.2.0: Software pack already exists
2025-12-12 08:06:56,969 [WARN] PackLoader:240 - Cannot read IP mode file for STMicroelectronics.X-CUBE-AZRTOS-H7.3.3.0
2025-12-12 08:06:56,986 [WARN] PackLoader:240 - Cannot read IP mode file for STMicroelectronics.X-CUBE-BLEMGR.4.1.0
2025-12-12 08:06:57,019 [WARN] ConditionMgr:438 - getConditionDescription Invalid condition id : UX DEVICE CLASS RTOS Condition cause : null
2025-12-12 08:06:57,019 [WARN] ConditionMgr:438 - getConditionDescription Invalid condition id : UX DEVICE CLASS RTOS Condition cause : null
2025-12-12 08:06:57,022 [WARN] PackLoader:240 - Cannot read IP mode file for STMicroelectronics.X-CUBE-AZRTOS-WB.2.0.0
2025-12-12 08:06:57,022 [WARN] ConditionMgr:1044 - genDependencies : Invalid condition id : UX DEVICE CLASS RTOS Condition cause : null
2025-12-12 08:06:57,023 [WARN] ConditionMgr:1044 - genDependencies : Invalid condition id : UX DEVICE CLASS RTOS Condition cause : null
2025-12-12 08:06:57,023 [WARN] ConditionMgr:1044 - genDependencies : Invalid condition id : UX DEVICE CLASS RTOS Condition cause : null
2025-12-12 08:06:57,023 [WARN] ConditionMgr:1044 - genDependencies : Invalid condition id : UX DEVICE CLASS RTOS Condition cause : null
2025-12-12 08:06:57,023 [WARN] ConditionMgr:1044 - genDependencies : Invalid condition id : UX DEVICE CLASS RTOS Condition cause : null
2025-12-12 08:06:57,029 [WARN] PackLoader:240 - Cannot read IP mode file for STMicroelectronics.X-CUBE-GNSS1.7.0.0
2025-12-12 08:06:57,035 [WARN] PackLoader:240 - Cannot read IP mode file for STMicroelectronics.X-CUBE-GNSS1.7.0.1
2025-12-12 08:06:57,042 [WARN] PackLoader:240 - Cannot read IP mode file for STMicroelectronics.FP-SNS-STBOX1.2.0.0
2025-12-12 08:06:57,050 [WARN] ConditionMgr:438 - getConditionDescription Invalid condition id : Cortex-A Device cause : null
2025-12-12 08:06:57,062 [WARN] ConditionMgr:1044 - genDependencies : Invalid condition id : Cortex-A Device cause : null
2025-12-12 08:06:57,062 [WARN] ConditionMgr:1044 - genDependencies : Invalid condition id : Cortex-A Device cause : null
2025-12-12 08:06:57,062 [WARN] ConditionMgr:1044 - genDependencies : Invalid condition id : Cortex-A Device cause : null
2025-12-12 08:06:57,072 [WARN] PackLoader:240 - Cannot read IP mode file for STMicroelectronics.X-CUBE-SUBG2.5.0.0
2025-12-12 08:06:57,092 [WARN] PackLoader:240 - Cannot read IP mode file for STMicroelectronics.X-CUBE-AZRTOS-H7RS.1.1.0
2025-12-12 08:06:57,098 [WARN] PackLoader:240 - Cannot read IP mode file for Cesanta.I-CUBE-Mongoose.7.13.0
2025-12-12 08:06:57,111 [WARN] PackLoader:240 - Cannot read IP mode file for STMicroelectronics.X-CUBE-AZRTOS-G4.2.0.0
2025-12-12 08:06:57,115 [WARN] PackLoader:240 - Cannot read IP mode file for wolfSSL.I-CUBE-wolfSSH.1.4.20
2025-12-12 08:06:57,119 [WARN] PackLoader:240 - Cannot read IP mode file for STMicroelectronics.X-CUBE-NFC7.2.0.0
2025-12-12 08:06:57,123 [WARN] PackLoader:240 - Cannot read IP mode file for STMicroelectronics.X-CUBE-ALS.1.0.2
2025-12-12 08:06:57,126 [WARN] PackLoader:240 - Cannot read IP mode file for STMicroelectronics.X-CUBE-TOUCHGFX.4.24.0
2025-12-12 08:06:57,133 [WARN] PackLoader:240 - Cannot read IP mode file for STMicroelectronics.X-CUBE-STSE01.1.0.0
2025-12-12 08:06:57,138 [WARN] PackLoader:240 - Cannot read IP mode file for wolfSSL.I-CUBE-wolfTPM.3.4.0
2025-12-12 08:06:57,144 [WARN] PackLoader:240 - Cannot read IP mode file for portGmbH.I-Cube-SoM-uGOAL.1.1.0
2025-12-12 08:06:57,170 [WARN] PackLoader:240 - Cannot read IP mode file for STMicroelectronics.X-CUBE-AZRTOS-H7RS.1.0.0
2025-12-12 08:06:57,176 [WARN] PackLoader:240 - Cannot read IP mode file for STMicroelectronics.FP-ATR-ASTRA1.2.0.0
2025-12-12 08:06:57,187 [WARN] PackLoader:240 - Cannot read IP mode file for STMicroelectronics.X-CUBE-TOF1.3.4.2
2025-12-12 08:06:57,204 [WARN] PackLoader:240 - Cannot read IP mode file for STMicroelectronics.X-CUBE-TOF1.3.4.3
2025-12-12 08:06:57,233 [WARN] PackLoader:240 - Cannot read IP mode file for Infineon.AIROC-Wi-Fi-Bluetooth-STM32.1.6.1
2025-12-12 08:06:57,240 [WARN] PackLoader:240 - Cannot read IP mode file for wolfSSL.I-CUBE-wolfSSH.1.4.17
2025-12-12 08:06:57,240 [INFO] ThirdParty:978 - Integrity check success = true
2025-12-12 08:06:57,240 [INFO] IntegrityCheckThread:100 - exiting critical section [integrity check]
2025-12-12 08:06:57,240 [INFO] IntegrityCheckThread:103 - End integrity checks thread
2025-12-12 08:07:15,576 [ERROR] LogOutputStream:75 - [STDERR_REDIRECT] 
