2025-12-19 08:07:08,904 [INFO] Activator:176 - 


2025-12-19 08:07:08,913 [INFO] Activator:177 - !SESSION log4j initialized
2025-12-19 08:07:11,968 [INFO] LogOutputStream:77 - [STDOUT_REDIRECT] 
2025-12-19 08:07:15,599 [INFO] ApplicationProperties:184 - Using Application install path: C:\ST\STM32CubeIDE_1.16.1\STM32CubeIDE\plugins\com.st.stm32cube.common.mx_6.15.0.202507011659
2025-12-19 08:07:15,618 [INFO] DbMcusXml:78 - Set database path to: C:\ST\STM32CubeIDE_1.16.1\STM32CubeIDE\plugins\com.st.stm32cube.common.mx_6.15.0.202507011659\\db\/mcu/
2025-12-19 08:07:15,618 [INFO] ApiDb:274 - Set plugin database path to: C:\ST\STM32CubeIDE_1.16.1\STM32CubeIDE\plugins\com.st.stm32cube.common.mx_6.15.0.202507011659\\db\/plugins/boardmanager/
2025-12-19 08:07:15,619 [WARN] ApiDb:259 - Overriding images path with different value:  => C:\ST\STM32CubeIDE_1.16.1\STM32CubeIDE\plugins\com.st.stm32cube.common.mx_6.15.0.202507011659\\db\/plugins/mcufinder/images/
2025-12-19 08:07:15,624 [INFO] ApiDb:250 - Set database path to: C:\Users\user\.stmcufinder\plugins\mcufinder//mcu/
2025-12-19 08:07:15,625 [INFO] DbMcusAds:125 - Set database path to: C:\Users\user\.stmcufinder\plugins\mcufinder//mcu/
2025-12-19 08:07:15,628 [INFO] CrossReferenceDbSqlite:203 - Set database path to: C:\Users\user\.stmcufinder\plugins\mcufinder//mcu/cs/
2025-12-19 08:07:15,778 [INFO] RulesReader:64 - Compatibility file has been processed (317 Rules)
2025-12-19 08:07:15,856 [INFO] DbMcusXml:78 - Set database path to: C:\ST\STM32CubeIDE_1.16.1\STM32CubeIDE\plugins\com.st.stm32cube.common.mx_6.15.0.202507011659\\db\/mcu/
2025-12-19 08:07:15,856 [INFO] ApiDb:274 - Set plugin database path to: C:\ST\STM32CubeIDE_1.16.1\STM32CubeIDE\plugins\com.st.stm32cube.common.mx_6.15.0.202507011659\\db\/plugins/boardmanager/
2025-12-19 08:07:15,856 [INFO] ApiDb:261 - Set plugin images path to: C:\ST\STM32CubeIDE_1.16.1\STM32CubeIDE\plugins\com.st.stm32cube.common.mx_6.15.0.202507011659\\db\/plugins/mcufinder/images/
2025-12-19 08:07:15,857 [WARN] DbFile:41 - Overriding database path with different value: C:\Users\user\.stmcufinder\plugins\mcufinder/ => C:\Users\user\.stmcufinder\plugins\mcufinder
2025-12-19 08:07:15,857 [INFO] ApiDb:250 - Set database path to: C:\Users\user\.stmcufinder\plugins\mcufinder//mcu/
2025-12-19 08:07:15,857 [WARN] DbFile:41 - Overriding database path with different value: C:\Users\user\.stmcufinder\plugins\mcufinder/ => C:\Users\user\.stmcufinder\plugins\mcufinder
2025-12-19 08:07:15,857 [INFO] DbMcusAds:125 - Set database path to: C:\Users\user\.stmcufinder\plugins\mcufinder//mcu/
2025-12-19 08:07:15,857 [WARN] DbFile:41 - Overriding database path with different value: C:\Users\user\.stmcufinder\plugins\mcufinder/ => C:\Users\user\.stmcufinder\plugins\mcufinder
2025-12-19 08:07:15,857 [WARN] DbFile:41 - Overriding database path with different value: C:\Users\user\.stmcufinder\plugins\mcufinder/ => C:\Users\user\.stmcufinder\plugins\mcufinder
2025-12-19 08:07:15,857 [INFO] CrossReferenceDbSqlite:203 - Set database path to: C:\Users\user\.stmcufinder\plugins\mcufinder//mcu/cs/
2025-12-19 08:07:15,926 [INFO] MainPanel:274 - HeapMemory: 268435456
2025-12-19 08:07:16,019 [INFO] DbMcusXml:78 - Set database path to: C:\ST\STM32CubeIDE_1.16.1\STM32CubeIDE\plugins\com.st.stm32cube.common.mx_6.15.0.202507011659\\db\/mcu/
2025-12-19 08:07:16,019 [INFO] ApiDb:274 - Set plugin database path to: C:\ST\STM32CubeIDE_1.16.1\STM32CubeIDE\plugins\com.st.stm32cube.common.mx_6.15.0.202507011659\\db\/plugins/boardmanager/
2025-12-19 08:07:16,019 [INFO] ApiDb:261 - Set plugin images path to: C:\ST\STM32CubeIDE_1.16.1\STM32CubeIDE\plugins\com.st.stm32cube.common.mx_6.15.0.202507011659\\db\/plugins/mcufinder/images/
2025-12-19 08:07:16,020 [WARN] DbFile:41 - Overriding database path with different value: C:\Users\user\.stmcufinder\plugins\mcufinder/ => C:\Users\user\.stmcufinder\plugins\mcufinder
2025-12-19 08:07:16,020 [INFO] ApiDb:250 - Set database path to: C:\Users\user\.stmcufinder\plugins\mcufinder//mcu/
2025-12-19 08:07:16,020 [WARN] DbFile:41 - Overriding database path with different value: C:\Users\user\.stmcufinder\plugins\mcufinder/ => C:\Users\user\.stmcufinder\plugins\mcufinder
2025-12-19 08:07:16,020 [INFO] DbMcusAds:125 - Set database path to: C:\Users\user\.stmcufinder\plugins\mcufinder//mcu/
2025-12-19 08:07:16,020 [WARN] DbFile:41 - Overriding database path with different value: C:\Users\user\.stmcufinder\plugins\mcufinder/ => C:\Users\user\.stmcufinder\plugins\mcufinder
2025-12-19 08:07:16,020 [WARN] DbFile:41 - Overriding database path with different value: C:\Users\user\.stmcufinder\plugins\mcufinder/ => C:\Users\user\.stmcufinder\plugins\mcufinder
2025-12-19 08:07:16,020 [INFO] CrossReferenceDbSqlite:203 - Set database path to: C:\Users\user\.stmcufinder\plugins\mcufinder//mcu/cs/
2025-12-19 08:07:16,037 [INFO] ApplicationProperties:184 - Using Application install path: C:\ST\STM32CubeIDE_1.16.1\STM32CubeIDE\plugins\com.st.stm32cube.common.mx_6.15.0.202507011659
2025-12-19 08:07:16,038 [INFO] PluginManage:196 - Search for loadable plugins [exclusion list=, ]
2025-12-19 08:07:16,039 [INFO] PluginManage:310 - Check plugin analytics
2025-12-19 08:07:16,266 [INFO] AnalyticsPlugin:253 - Accepted Software Licenses: STM32CubeMX.6.15.0
2025-12-19 08:07:16,267 [INFO] AnalyticsPlugin:255 - Accepted CMSIS Pack Licenses: 
2025-12-19 08:07:16,267 [INFO] AnalyticsPlugin:257 - Accepted Firmware Licenses: FW.L4.1.18.0
2025-12-19 08:07:16,270 [INFO] PluginManage:359 - Loaded plugin analytics (category:tool,tabindex:-1)
2025-12-19 08:07:16,271 [INFO] PluginManage:310 - Check plugin cadmodel
2025-12-19 08:07:16,276 [INFO] CADModel:105 - Init CAD model plugin
2025-12-19 08:07:16,276 [INFO] PluginManage:359 - Loaded plugin cadmodel (category:power,tabindex:5)
2025-12-19 08:07:16,276 [INFO] PluginManage:310 - Check plugin clock
2025-12-19 08:07:16,288 [INFO] PluginManage:359 - Loaded plugin clock (category:base,tabindex:2)
2025-12-19 08:07:16,288 [INFO] PluginManage:310 - Check plugin ddr
2025-12-19 08:07:16,291 [INFO] PluginManage:359 - Loaded plugin ddr (category:tool,tabindex:6)
2025-12-19 08:07:16,291 [INFO] PluginManage:310 - Check plugin filemanager
2025-12-19 08:07:16,466 [INFO] PluginManage:359 - Loaded plugin filemanager (category:base,tabindex:10)
2025-12-19 08:07:16,466 [INFO] PluginManage:310 - Check plugin ipmanager
2025-12-19 08:07:16,473 [INFO] PluginManage:359 - Loaded plugin ipmanager (category:base,tabindex:5)
2025-12-19 08:07:16,473 [INFO] PluginManage:310 - Check plugin lpbam
2025-12-19 08:07:16,482 [INFO] PluginManage:359 - Loaded plugin lpbam (category:base,tabindex:0)
2025-12-19 08:07:16,482 [INFO] PluginManage:310 - Check plugin memorymap
2025-12-19 08:07:16,519 [INFO] PluginManage:359 - Loaded plugin memorymap (category:base,tabindex:4)
2025-12-19 08:07:16,519 [INFO] PluginManage:310 - Check plugin pinoutandconfiguration
2025-12-19 08:07:16,528 [INFO] PluginManage:359 - Loaded plugin pinoutandconfiguration (category:base,tabindex:1)
2025-12-19 08:07:16,528 [INFO] PluginManage:310 - Check plugin pinoutconfig
2025-12-19 08:07:16,668 [WARN] SupportedApi:132 - Cannot load RTOS API schema: s4s-elt-must-match.1: The content of 'definitions' must match (annotation?, (simpleType | complexType)?, (unique | key | keyref)*)). A problem was found starting at: attribute.
2025-12-19 08:07:16,819 [INFO] PluginManage:359 - Loaded plugin pinoutconfig (category:base,tabindex:0)
2025-12-19 08:07:16,819 [INFO] PluginManage:310 - Check plugin power
2025-12-19 08:07:16,830 [INFO] PluginManage:359 - Loaded plugin power (category:power,tabindex:4)
2025-12-19 08:07:16,830 [INFO] PluginManage:310 - Check plugin projectmanager
2025-12-19 08:07:16,851 [INFO] PluginManage:359 - Loaded plugin projectmanager (category:projectmanager,tabindex:4)
2025-12-19 08:07:16,851 [INFO] PluginManage:310 - Check plugin rif
2025-12-19 08:07:16,861 [INFO] PluginManage:359 - Loaded plugin rif (category:base,tabindex:3)
2025-12-19 08:07:16,861 [INFO] PluginManage:310 - Check plugin thirdparty
2025-12-19 08:07:16,997 [INFO] PluginManage:359 - Loaded plugin thirdparty (category:base,tabindex:-1)
2025-12-19 08:07:16,997 [WARN] IntegrityCheckThread:84 - waiting for thirdparty lock release [integrity check]
2025-12-19 08:07:16,998 [INFO] PluginManage:310 - Check plugin tools
2025-12-19 08:07:16,998 [INFO] IntegrityCheckThread:86 - entering critical section [integrity check]
2025-12-19 08:07:16,998 [INFO] ThirdPartyUpdaterWithRetryManager:70 - Updater plugin not ready yet. [1/15]
2025-12-19 08:07:17,001 [INFO] PluginManage:359 - Loaded plugin tools (category:base,tabindex:7)
2025-12-19 08:07:17,002 [INFO] PluginManage:310 - Check plugin tutovideos
2025-12-19 08:07:17,195 [INFO] PluginManage:359 - Loaded plugin tutovideos (category:base,tabindex:-1)
2025-12-19 08:07:17,195 [INFO] PluginManage:310 - Check plugin updater
2025-12-19 08:07:17,221 [INFO] PluginManage:359 - Loaded plugin updater (category:base,tabindex:12)
2025-12-19 08:07:17,222 [INFO] PluginManage:310 - Check plugin userauth
2025-12-19 08:07:17,225 [INFO] UserAuth:118 - Init User Auth plugin
2025-12-19 08:07:17,226 [INFO] PluginManage:359 - Loaded plugin userauth (category:base,tabindex:14)
2025-12-19 08:07:17,227 [INFO] PluginManage:283 - PluginManage : Loaded plugins [18]
2025-12-19 08:07:17,425 [INFO] PinOutPanel:1589 - setPackage(No Configuration,No Configuration)
2025-12-19 08:07:17,500 [INFO] CADModel:165 - CPN selected for project level
2025-12-19 08:07:17,500 [INFO] CADModel:114 - Register for checkConnection events
2025-12-19 08:07:17,518 [INFO] IPUIPlugin:80 - create IPUIPlugin
2025-12-19 08:07:17,519 [INFO] PluginManager:220 - loadIPPluginJar : add adc
2025-12-19 08:07:17,521 [INFO] IPUIPlugin:80 - create IPUIPlugin
2025-12-19 08:07:17,521 [INFO] PluginManager:220 - loadIPPluginJar : add aes
2025-12-19 08:07:17,524 [INFO] IPUIPlugin:80 - create IPUIPlugin
2025-12-19 08:07:17,525 [INFO] PluginManager:220 - loadIPPluginJar : add can
2025-12-19 08:07:17,527 [INFO] IPUIPlugin:80 - create IPUIPlugin
2025-12-19 08:07:17,527 [INFO] PluginManager:220 - loadIPPluginJar : add comp
2025-12-19 08:07:17,529 [INFO] IPUIPlugin:80 - create IPUIPlugin
2025-12-19 08:07:17,529 [INFO] PluginManager:220 - loadIPPluginJar : add cryp
2025-12-19 08:07:17,533 [INFO] IPUIPlugin:80 - create IPUIPlugin
2025-12-19 08:07:17,533 [INFO] PluginManager:220 - loadIPPluginJar : add ddr_ctrl_phy
2025-12-19 08:07:17,535 [INFO] IPUIPlugin:80 - create IPUIPlugin
2025-12-19 08:07:17,536 [INFO] PluginManager:220 - loadIPPluginJar : add dfsdm
2025-12-19 08:07:17,540 [INFO] IPUIPlugin:80 - create IPUIPlugin
2025-12-19 08:07:17,541 [INFO] PluginManager:220 - loadIPPluginJar : add dma
2025-12-19 08:07:17,543 [INFO] IPUIPlugin:80 - create IPUIPlugin
2025-12-19 08:07:17,543 [INFO] PluginManager:220 - loadIPPluginJar : add dma3
2025-12-19 08:07:17,546 [INFO] IPUIPlugin:80 - create IPUIPlugin
2025-12-19 08:07:17,546 [INFO] PluginManager:220 - loadIPPluginJar : add extmemmanager
2025-12-19 08:07:17,547 [INFO] IPUIPlugin:80 - create IPUIPlugin
2025-12-19 08:07:17,547 [INFO] PluginManager:220 - loadIPPluginJar : add fatfs
2025-12-19 08:07:17,551 [INFO] IPUIPlugin:80 - create IPUIPlugin
2025-12-19 08:07:17,552 [INFO] PluginManager:220 - loadIPPluginJar : add fmc
2025-12-19 08:07:17,556 [INFO] IPUIPlugin:80 - create IPUIPlugin
2025-12-19 08:07:17,556 [INFO] PluginManager:220 - loadIPPluginJar : add freertos
2025-12-19 08:07:17,557 [INFO] IPUIPlugin:80 - create IPUIPlugin
2025-12-19 08:07:17,558 [INFO] PluginManager:220 - loadIPPluginJar : add genericplugin
2025-12-19 08:07:17,559 [INFO] IPUIPlugin:80 - create IPUIPlugin
2025-12-19 08:07:17,559 [INFO] PluginManager:220 - loadIPPluginJar : add gfxmmu
2025-12-19 08:07:17,564 [INFO] IPUIPlugin:80 - create IPUIPlugin
2025-12-19 08:07:17,565 [INFO] PluginManager:220 - loadIPPluginJar : add gic
2025-12-19 08:07:17,568 [INFO] IPUIPlugin:80 - create IPUIPlugin
2025-12-19 08:07:17,568 [INFO] PluginManager:220 - loadIPPluginJar : add gpio
2025-12-19 08:07:17,570 [INFO] IPUIPlugin:80 - create IPUIPlugin
2025-12-19 08:07:17,570 [INFO] PluginManager:220 - loadIPPluginJar : add gtzc
2025-12-19 08:07:17,572 [INFO] IPUIPlugin:80 - create IPUIPlugin
2025-12-19 08:07:17,572 [INFO] PluginManager:220 - loadIPPluginJar : add hash
2025-12-19 08:07:17,574 [INFO] IPUIPlugin:80 - create IPUIPlugin
2025-12-19 08:07:17,574 [INFO] PluginManager:220 - loadIPPluginJar : add i2c
2025-12-19 08:07:17,576 [INFO] IPUIPlugin:80 - create IPUIPlugin
2025-12-19 08:07:17,576 [INFO] PluginManager:220 - loadIPPluginJar : add i2s
2025-12-19 08:07:17,580 [INFO] IPUIPlugin:80 - create IPUIPlugin
2025-12-19 08:07:17,580 [INFO] PluginManager:220 - loadIPPluginJar : add i3c
2025-12-19 08:07:17,583 [INFO] IPUIPlugin:80 - create IPUIPlugin
2025-12-19 08:07:17,583 [INFO] PluginManager:220 - loadIPPluginJar : add ipddr
2025-12-19 08:07:17,587 [INFO] IPUIPlugin:80 - create IPUIPlugin
2025-12-19 08:07:17,588 [INFO] PluginManager:220 - loadIPPluginJar : add linkedlist
2025-12-19 08:07:17,590 [INFO] IPUIPlugin:80 - create IPUIPlugin
2025-12-19 08:07:17,590 [INFO] PluginManager:220 - loadIPPluginJar : add lorawan
2025-12-19 08:07:17,592 [INFO] IPUIPlugin:80 - create IPUIPlugin
2025-12-19 08:07:17,592 [INFO] PluginManager:220 - loadIPPluginJar : add ltdc
2025-12-19 08:07:17,597 [INFO] IPUIPlugin:80 - create IPUIPlugin
2025-12-19 08:07:17,597 [INFO] PluginManager:220 - loadIPPluginJar : add mdma
2025-12-19 08:07:17,601 [INFO] IPUIPlugin:80 - create IPUIPlugin
2025-12-19 08:07:17,601 [INFO] PluginManager:220 - loadIPPluginJar : add nvic
2025-12-19 08:07:17,604 [INFO] IPUIPlugin:80 - create IPUIPlugin
2025-12-19 08:07:17,605 [INFO] PluginManager:220 - loadIPPluginJar : add opamp
2025-12-19 08:07:17,609 [INFO] IPUIPlugin:80 - create IPUIPlugin
2025-12-19 08:07:17,610 [INFO] PluginManager:220 - loadIPPluginJar : add openamp
2025-12-19 08:07:17,613 [INFO] IPUIPlugin:80 - create IPUIPlugin
2025-12-19 08:07:17,613 [INFO] PluginManager:220 - loadIPPluginJar : add pdm2pcm
2025-12-19 08:07:17,619 [INFO] IPUIPlugin:80 - create IPUIPlugin
2025-12-19 08:07:17,621 [INFO] PluginManager:220 - loadIPPluginJar : add plateformsettings
2025-12-19 08:07:17,622 [INFO] IPUIPlugin:80 - create IPUIPlugin
2025-12-19 08:07:17,622 [INFO] PluginManager:220 - loadIPPluginJar : add quadspi
2025-12-19 08:07:17,625 [INFO] IPUIPlugin:80 - create IPUIPlugin
2025-12-19 08:07:17,625 [INFO] PluginManager:220 - loadIPPluginJar : add radio
2025-12-19 08:07:17,628 [INFO] IPUIPlugin:80 - create IPUIPlugin
2025-12-19 08:07:17,628 [INFO] PluginManager:220 - loadIPPluginJar : add resmgrutility
2025-12-19 08:07:17,631 [INFO] IPUIPlugin:80 - create IPUIPlugin
2025-12-19 08:07:17,631 [INFO] PluginManager:220 - loadIPPluginJar : add sai
2025-12-19 08:07:17,633 [INFO] IPUIPlugin:80 - create IPUIPlugin
2025-12-19 08:07:17,633 [INFO] PluginManager:220 - loadIPPluginJar : add spi
2025-12-19 08:07:17,640 [INFO] IPUIPlugin:80 - create IPUIPlugin
2025-12-19 08:07:17,640 [INFO] PluginManager:220 - loadIPPluginJar : add stm32_wpan
2025-12-19 08:07:17,642 [INFO] IPUIPlugin:80 - create IPUIPlugin
2025-12-19 08:07:17,642 [INFO] PluginManager:220 - loadIPPluginJar : add tim
2025-12-19 08:07:17,645 [INFO] IPUIPlugin:80 - create IPUIPlugin
2025-12-19 08:07:17,645 [INFO] PluginManager:220 - loadIPPluginJar : add touchsensing
2025-12-19 08:07:17,648 [INFO] IPUIPlugin:80 - create IPUIPlugin
2025-12-19 08:07:17,648 [INFO] PluginManager:220 - loadIPPluginJar : add tracer_emb
2025-12-19 08:07:17,650 [INFO] IPUIPlugin:80 - create IPUIPlugin
2025-12-19 08:07:17,650 [INFO] PluginManager:220 - loadIPPluginJar : add ts
2025-12-19 08:07:17,652 [INFO] IPUIPlugin:80 - create IPUIPlugin
2025-12-19 08:07:17,652 [INFO] PluginManager:220 - loadIPPluginJar : add tsc
2025-12-19 08:07:17,655 [INFO] IPUIPlugin:80 - create IPUIPlugin
2025-12-19 08:07:17,655 [INFO] PluginManager:220 - loadIPPluginJar : add ucpd
2025-12-19 08:07:17,657 [INFO] IPUIPlugin:80 - create IPUIPlugin
2025-12-19 08:07:17,657 [INFO] PluginManager:220 - loadIPPluginJar : add usart
2025-12-19 08:07:17,660 [INFO] IPUIPlugin:80 - create IPUIPlugin
2025-12-19 08:07:17,660 [INFO] PluginManager:220 - loadIPPluginJar : add usbx
2025-12-19 08:07:17,786 [FATAL] Updater:351 - Updater called before beeing initialized
2025-12-19 08:07:17,810 [INFO] RulesReader:64 - Compatibility file has been processed (317 Rules)
2025-12-19 08:07:17,821 [INFO] RulesReader:64 - Compatibility file has been processed (317 Rules)
2025-12-19 08:07:17,832 [INFO] CADModel:165 - CPN selected for project level
2025-12-19 08:07:17,832 [INFO] CADModel:114 - Register for checkConnection events
2025-12-19 08:07:17,833 [FATAL] Updater:351 - Updater called before beeing initialized
2025-12-19 08:07:17,833 [ERROR] CADModel:125 - Updater not yet initialized, retry later 
2025-12-19 08:07:17,963 [FATAL] Updater:351 - Updater called before beeing initialized
2025-12-19 08:07:17,964 [INFO] CADModel:165 - CPN selected for project level
2025-12-19 08:07:17,964 [INFO] CADModel:114 - Register for checkConnection events
2025-12-19 08:07:17,964 [FATAL] Updater:351 - Updater called before beeing initialized
2025-12-19 08:07:17,964 [ERROR] CADModel:125 - Updater not yet initialized, retry later 
2025-12-19 08:07:17,967 [FATAL] Updater:351 - Updater called before beeing initialized
2025-12-19 08:07:18,065 [FATAL] Updater:351 - Updater called before beeing initialized
2025-12-19 08:07:18,069 [INFO] DbMcusAds:53 - JSON generation date=Tue Dec 16 00:11:46 CET 2025 (1765840306612)
2025-12-19 08:07:18,070 [FATAL] Updater:351 - Updater called before beeing initialized
2025-12-19 08:07:18,100 [WARN] DetailPanel:346 - Failed to get advertising image, set to default
2025-12-19 08:07:18,180 [FATAL] Updater:351 - Updater called before beeing initialized
2025-12-19 08:07:18,181 [FATAL] Updater:351 - Updater called before beeing initialized
2025-12-19 08:07:18,181 [FATAL] Updater:351 - Updater called before beeing initialized
2025-12-19 08:07:18,181 [WARN] DetailPanel:346 - Failed to get advertising image, set to default
2025-12-19 08:07:18,182 [FATAL] Updater:351 - Updater called before beeing initialized
2025-12-19 08:07:18,236 [ERROR] Updater:1198 - MainUpdater not yet initialized. External WinMGr cannot be set.
2025-12-19 08:07:18,238 [INFO] Updater:1134 - Updater Version found : 6.15.0
2025-12-19 08:07:18,251 [INFO] ApplicationProperties:184 - Using Application install path: C:\ST\STM32CubeIDE_1.16.1\STM32CubeIDE\plugins\com.st.stm32cube.common.mx_6.15.0.202507011659
2025-12-19 08:08:03,357 [INFO] Activator:176 - 


2025-12-19 08:08:03,357 [INFO] Activator:177 - !SESSION log4j initialized
2025-12-19 08:08:05,999 [INFO] LogOutputStream:77 - [STDOUT_REDIRECT] 
2025-12-19 08:08:08,545 [INFO] ApplicationProperties:184 - Using Application install path: C:\ST\STM32CubeIDE_1.16.1\STM32CubeIDE\plugins\com.st.stm32cube.common.mx_6.15.0.202507011659
2025-12-19 08:08:08,562 [INFO] DbMcusXml:78 - Set database path to: C:\ST\STM32CubeIDE_1.16.1\STM32CubeIDE\plugins\com.st.stm32cube.common.mx_6.15.0.202507011659\\db\/mcu/
2025-12-19 08:08:08,562 [INFO] ApiDb:274 - Set plugin database path to: C:\ST\STM32CubeIDE_1.16.1\STM32CubeIDE\plugins\com.st.stm32cube.common.mx_6.15.0.202507011659\\db\/plugins/boardmanager/
2025-12-19 08:08:08,562 [WARN] ApiDb:259 - Overriding images path with different value:  => C:\ST\STM32CubeIDE_1.16.1\STM32CubeIDE\plugins\com.st.stm32cube.common.mx_6.15.0.202507011659\\db\/plugins/mcufinder/images/
2025-12-19 08:08:08,567 [INFO] ApiDb:250 - Set database path to: C:\Users\user\.stmcufinder\plugins\mcufinder//mcu/
2025-12-19 08:08:08,568 [INFO] DbMcusAds:125 - Set database path to: C:\Users\user\.stmcufinder\plugins\mcufinder//mcu/
2025-12-19 08:08:08,570 [INFO] CrossReferenceDbSqlite:203 - Set database path to: C:\Users\user\.stmcufinder\plugins\mcufinder//mcu/cs/
2025-12-19 08:08:08,693 [INFO] RulesReader:64 - Compatibility file has been processed (317 Rules)
2025-12-19 08:08:08,771 [INFO] DbMcusXml:78 - Set database path to: C:\ST\STM32CubeIDE_1.16.1\STM32CubeIDE\plugins\com.st.stm32cube.common.mx_6.15.0.202507011659\\db\/mcu/
2025-12-19 08:08:08,771 [INFO] ApiDb:274 - Set plugin database path to: C:\ST\STM32CubeIDE_1.16.1\STM32CubeIDE\plugins\com.st.stm32cube.common.mx_6.15.0.202507011659\\db\/plugins/boardmanager/
2025-12-19 08:08:08,772 [INFO] ApiDb:261 - Set plugin images path to: C:\ST\STM32CubeIDE_1.16.1\STM32CubeIDE\plugins\com.st.stm32cube.common.mx_6.15.0.202507011659\\db\/plugins/mcufinder/images/
2025-12-19 08:08:08,772 [WARN] DbFile:41 - Overriding database path with different value: C:\Users\user\.stmcufinder\plugins\mcufinder/ => C:\Users\user\.stmcufinder\plugins\mcufinder
2025-12-19 08:08:08,772 [INFO] ApiDb:250 - Set database path to: C:\Users\user\.stmcufinder\plugins\mcufinder//mcu/
2025-12-19 08:08:08,772 [WARN] DbFile:41 - Overriding database path with different value: C:\Users\user\.stmcufinder\plugins\mcufinder/ => C:\Users\user\.stmcufinder\plugins\mcufinder
2025-12-19 08:08:08,772 [INFO] DbMcusAds:125 - Set database path to: C:\Users\user\.stmcufinder\plugins\mcufinder//mcu/
2025-12-19 08:08:08,772 [WARN] DbFile:41 - Overriding database path with different value: C:\Users\user\.stmcufinder\plugins\mcufinder/ => C:\Users\user\.stmcufinder\plugins\mcufinder
2025-12-19 08:08:08,772 [WARN] DbFile:41 - Overriding database path with different value: C:\Users\user\.stmcufinder\plugins\mcufinder/ => C:\Users\user\.stmcufinder\plugins\mcufinder
2025-12-19 08:08:08,773 [INFO] CrossReferenceDbSqlite:203 - Set database path to: C:\Users\user\.stmcufinder\plugins\mcufinder//mcu/cs/
2025-12-19 08:08:08,841 [INFO] MainPanel:274 - HeapMemory: 268435456
2025-12-19 08:08:08,913 [INFO] DbMcusXml:78 - Set database path to: C:\ST\STM32CubeIDE_1.16.1\STM32CubeIDE\plugins\com.st.stm32cube.common.mx_6.15.0.202507011659\\db\/mcu/
2025-12-19 08:08:08,915 [INFO] ApiDb:274 - Set plugin database path to: C:\ST\STM32CubeIDE_1.16.1\STM32CubeIDE\plugins\com.st.stm32cube.common.mx_6.15.0.202507011659\\db\/plugins/boardmanager/
2025-12-19 08:08:08,915 [INFO] ApiDb:261 - Set plugin images path to: C:\ST\STM32CubeIDE_1.16.1\STM32CubeIDE\plugins\com.st.stm32cube.common.mx_6.15.0.202507011659\\db\/plugins/mcufinder/images/
2025-12-19 08:08:08,915 [WARN] DbFile:41 - Overriding database path with different value: C:\Users\user\.stmcufinder\plugins\mcufinder/ => C:\Users\user\.stmcufinder\plugins\mcufinder
2025-12-19 08:08:08,915 [INFO] ApiDb:250 - Set database path to: C:\Users\user\.stmcufinder\plugins\mcufinder//mcu/
2025-12-19 08:08:08,915 [WARN] DbFile:41 - Overriding database path with different value: C:\Users\user\.stmcufinder\plugins\mcufinder/ => C:\Users\user\.stmcufinder\plugins\mcufinder
2025-12-19 08:08:08,915 [INFO] DbMcusAds:125 - Set database path to: C:\Users\user\.stmcufinder\plugins\mcufinder//mcu/
2025-12-19 08:08:08,915 [WARN] DbFile:41 - Overriding database path with different value: C:\Users\user\.stmcufinder\plugins\mcufinder/ => C:\Users\user\.stmcufinder\plugins\mcufinder
2025-12-19 08:08:08,915 [WARN] DbFile:41 - Overriding database path with different value: C:\Users\user\.stmcufinder\plugins\mcufinder/ => C:\Users\user\.stmcufinder\plugins\mcufinder
2025-12-19 08:08:08,915 [INFO] CrossReferenceDbSqlite:203 - Set database path to: C:\Users\user\.stmcufinder\plugins\mcufinder//mcu/cs/
2025-12-19 08:08:08,932 [INFO] ApplicationProperties:184 - Using Application install path: C:\ST\STM32CubeIDE_1.16.1\STM32CubeIDE\plugins\com.st.stm32cube.common.mx_6.15.0.202507011659
2025-12-19 08:08:08,934 [INFO] PluginManage:196 - Search for loadable plugins [exclusion list=, ]
2025-12-19 08:08:08,935 [INFO] PluginManage:310 - Check plugin analytics
2025-12-19 08:08:09,159 [INFO] AnalyticsPlugin:253 - Accepted Software Licenses: STM32CubeMX.6.15.0
2025-12-19 08:08:09,160 [INFO] AnalyticsPlugin:255 - Accepted CMSIS Pack Licenses: 
2025-12-19 08:08:09,160 [INFO] AnalyticsPlugin:257 - Accepted Firmware Licenses: FW.L4.1.18.0
2025-12-19 08:08:09,164 [INFO] PluginManage:359 - Loaded plugin analytics (category:tool,tabindex:-1)
2025-12-19 08:08:09,165 [INFO] PluginManage:310 - Check plugin cadmodel
2025-12-19 08:08:09,169 [INFO] CADModel:105 - Init CAD model plugin
2025-12-19 08:08:09,170 [INFO] PluginManage:359 - Loaded plugin cadmodel (category:power,tabindex:5)
2025-12-19 08:08:09,170 [INFO] PluginManage:310 - Check plugin clock
2025-12-19 08:08:09,181 [INFO] PluginManage:359 - Loaded plugin clock (category:base,tabindex:2)
2025-12-19 08:08:09,181 [INFO] PluginManage:310 - Check plugin ddr
2025-12-19 08:08:09,183 [INFO] PluginManage:359 - Loaded plugin ddr (category:tool,tabindex:6)
2025-12-19 08:08:09,183 [INFO] PluginManage:310 - Check plugin filemanager
2025-12-19 08:08:09,431 [INFO] PluginManage:359 - Loaded plugin filemanager (category:base,tabindex:10)
2025-12-19 08:08:09,431 [INFO] PluginManage:310 - Check plugin ipmanager
2025-12-19 08:08:09,437 [INFO] PluginManage:359 - Loaded plugin ipmanager (category:base,tabindex:5)
2025-12-19 08:08:09,438 [INFO] PluginManage:310 - Check plugin lpbam
2025-12-19 08:08:09,444 [INFO] PluginManage:359 - Loaded plugin lpbam (category:base,tabindex:0)
2025-12-19 08:08:09,445 [INFO] PluginManage:310 - Check plugin memorymap
2025-12-19 08:08:09,468 [INFO] PluginManage:359 - Loaded plugin memorymap (category:base,tabindex:4)
2025-12-19 08:08:09,468 [INFO] PluginManage:310 - Check plugin pinoutandconfiguration
2025-12-19 08:08:09,475 [INFO] PluginManage:359 - Loaded plugin pinoutandconfiguration (category:base,tabindex:1)
2025-12-19 08:08:09,475 [INFO] PluginManage:310 - Check plugin pinoutconfig
2025-12-19 08:08:09,587 [WARN] SupportedApi:132 - Cannot load RTOS API schema: s4s-elt-must-match.1: The content of 'definitions' must match (annotation?, (simpleType | complexType)?, (unique | key | keyref)*)). A problem was found starting at: attribute.
2025-12-19 08:08:09,726 [INFO] PluginManage:359 - Loaded plugin pinoutconfig (category:base,tabindex:0)
2025-12-19 08:08:09,726 [INFO] PluginManage:310 - Check plugin power
2025-12-19 08:08:09,734 [INFO] PluginManage:359 - Loaded plugin power (category:power,tabindex:4)
2025-12-19 08:08:09,734 [INFO] PluginManage:310 - Check plugin projectmanager
2025-12-19 08:08:09,750 [INFO] PluginManage:359 - Loaded plugin projectmanager (category:projectmanager,tabindex:4)
2025-12-19 08:08:09,750 [INFO] PluginManage:310 - Check plugin rif
2025-12-19 08:08:09,759 [INFO] PluginManage:359 - Loaded plugin rif (category:base,tabindex:3)
2025-12-19 08:08:09,759 [INFO] PluginManage:310 - Check plugin thirdparty
2025-12-19 08:08:09,887 [INFO] PluginManage:359 - Loaded plugin thirdparty (category:base,tabindex:-1)
2025-12-19 08:08:09,887 [INFO] PluginManage:310 - Check plugin tools
2025-12-19 08:08:09,887 [WARN] IntegrityCheckThread:84 - waiting for thirdparty lock release [integrity check]
2025-12-19 08:08:09,888 [INFO] IntegrityCheckThread:86 - entering critical section [integrity check]
2025-12-19 08:08:09,888 [INFO] ThirdPartyUpdaterWithRetryManager:70 - Updater plugin not ready yet. [1/15]
2025-12-19 08:08:09,891 [INFO] PluginManage:359 - Loaded plugin tools (category:base,tabindex:7)
2025-12-19 08:08:09,891 [INFO] PluginManage:310 - Check plugin tutovideos
2025-12-19 08:08:10,062 [INFO] PluginManage:359 - Loaded plugin tutovideos (category:base,tabindex:-1)
2025-12-19 08:08:10,063 [INFO] PluginManage:310 - Check plugin updater
2025-12-19 08:08:10,084 [INFO] PluginManage:359 - Loaded plugin updater (category:base,tabindex:12)
2025-12-19 08:08:10,084 [INFO] PluginManage:310 - Check plugin userauth
2025-12-19 08:08:10,090 [INFO] UserAuth:118 - Init User Auth plugin
2025-12-19 08:08:10,091 [INFO] PluginManage:359 - Loaded plugin userauth (category:base,tabindex:14)
2025-12-19 08:08:10,091 [INFO] PluginManage:283 - PluginManage : Loaded plugins [18]
2025-12-19 08:08:10,285 [INFO] PinOutPanel:1589 - setPackage(No Configuration,No Configuration)
2025-12-19 08:08:10,363 [INFO] CADModel:165 - CPN selected for project level
2025-12-19 08:08:10,364 [INFO] CADModel:114 - Register for checkConnection events
2025-12-19 08:08:10,384 [INFO] IPUIPlugin:80 - create IPUIPlugin
2025-12-19 08:08:10,385 [INFO] PluginManager:220 - loadIPPluginJar : add adc
2025-12-19 08:08:10,387 [INFO] IPUIPlugin:80 - create IPUIPlugin
2025-12-19 08:08:10,388 [INFO] PluginManager:220 - loadIPPluginJar : add aes
2025-12-19 08:08:10,390 [INFO] IPUIPlugin:80 - create IPUIPlugin
2025-12-19 08:08:10,391 [INFO] PluginManager:220 - loadIPPluginJar : add can
2025-12-19 08:08:10,392 [INFO] IPUIPlugin:80 - create IPUIPlugin
2025-12-19 08:08:10,393 [INFO] PluginManager:220 - loadIPPluginJar : add comp
2025-12-19 08:08:10,395 [INFO] IPUIPlugin:80 - create IPUIPlugin
2025-12-19 08:08:10,395 [INFO] PluginManager:220 - loadIPPluginJar : add cryp
2025-12-19 08:08:10,398 [INFO] IPUIPlugin:80 - create IPUIPlugin
2025-12-19 08:08:10,398 [INFO] PluginManager:220 - loadIPPluginJar : add ddr_ctrl_phy
2025-12-19 08:08:10,402 [INFO] IPUIPlugin:80 - create IPUIPlugin
2025-12-19 08:08:10,402 [INFO] PluginManager:220 - loadIPPluginJar : add dfsdm
2025-12-19 08:08:10,407 [INFO] IPUIPlugin:80 - create IPUIPlugin
2025-12-19 08:08:10,407 [INFO] PluginManager:220 - loadIPPluginJar : add dma
2025-12-19 08:08:10,411 [INFO] IPUIPlugin:80 - create IPUIPlugin
2025-12-19 08:08:10,411 [INFO] PluginManager:220 - loadIPPluginJar : add dma3
2025-12-19 08:08:10,414 [INFO] IPUIPlugin:80 - create IPUIPlugin
2025-12-19 08:08:10,415 [INFO] PluginManager:220 - loadIPPluginJar : add extmemmanager
2025-12-19 08:08:10,417 [INFO] IPUIPlugin:80 - create IPUIPlugin
2025-12-19 08:08:10,417 [INFO] PluginManager:220 - loadIPPluginJar : add fatfs
2025-12-19 08:08:10,421 [INFO] IPUIPlugin:80 - create IPUIPlugin
2025-12-19 08:08:10,421 [INFO] PluginManager:220 - loadIPPluginJar : add fmc
2025-12-19 08:08:10,427 [INFO] IPUIPlugin:80 - create IPUIPlugin
2025-12-19 08:08:10,427 [INFO] PluginManager:220 - loadIPPluginJar : add freertos
2025-12-19 08:08:10,429 [INFO] IPUIPlugin:80 - create IPUIPlugin
2025-12-19 08:08:10,429 [INFO] PluginManager:220 - loadIPPluginJar : add genericplugin
2025-12-19 08:08:10,431 [INFO] IPUIPlugin:80 - create IPUIPlugin
2025-12-19 08:08:10,431 [INFO] PluginManager:220 - loadIPPluginJar : add gfxmmu
2025-12-19 08:08:10,436 [INFO] IPUIPlugin:80 - create IPUIPlugin
2025-12-19 08:08:10,436 [INFO] PluginManager:220 - loadIPPluginJar : add gic
2025-12-19 08:08:10,440 [INFO] IPUIPlugin:80 - create IPUIPlugin
2025-12-19 08:08:10,440 [INFO] PluginManager:220 - loadIPPluginJar : add gpio
2025-12-19 08:08:10,443 [INFO] IPUIPlugin:80 - create IPUIPlugin
2025-12-19 08:08:10,443 [INFO] PluginManager:220 - loadIPPluginJar : add gtzc
2025-12-19 08:08:10,446 [INFO] IPUIPlugin:80 - create IPUIPlugin
2025-12-19 08:08:10,446 [INFO] PluginManager:220 - loadIPPluginJar : add hash
2025-12-19 08:08:10,450 [INFO] IPUIPlugin:80 - create IPUIPlugin
2025-12-19 08:08:10,450 [INFO] PluginManager:220 - loadIPPluginJar : add i2c
2025-12-19 08:08:10,453 [INFO] IPUIPlugin:80 - create IPUIPlugin
2025-12-19 08:08:10,453 [INFO] PluginManager:220 - loadIPPluginJar : add i2s
2025-12-19 08:08:10,456 [INFO] IPUIPlugin:80 - create IPUIPlugin
2025-12-19 08:08:10,456 [INFO] PluginManager:220 - loadIPPluginJar : add i3c
2025-12-19 08:08:10,459 [INFO] IPUIPlugin:80 - create IPUIPlugin
2025-12-19 08:08:10,459 [INFO] PluginManager:220 - loadIPPluginJar : add ipddr
2025-12-19 08:08:10,464 [INFO] IPUIPlugin:80 - create IPUIPlugin
2025-12-19 08:08:10,464 [INFO] PluginManager:220 - loadIPPluginJar : add linkedlist
2025-12-19 08:08:10,467 [INFO] IPUIPlugin:80 - create IPUIPlugin
2025-12-19 08:08:10,467 [INFO] PluginManager:220 - loadIPPluginJar : add lorawan
2025-12-19 08:08:10,468 [INFO] IPUIPlugin:80 - create IPUIPlugin
2025-12-19 08:08:10,468 [INFO] PluginManager:220 - loadIPPluginJar : add ltdc
2025-12-19 08:08:10,472 [INFO] IPUIPlugin:80 - create IPUIPlugin
2025-12-19 08:08:10,472 [INFO] PluginManager:220 - loadIPPluginJar : add mdma
2025-12-19 08:08:10,475 [INFO] IPUIPlugin:80 - create IPUIPlugin
2025-12-19 08:08:10,475 [INFO] PluginManager:220 - loadIPPluginJar : add nvic
2025-12-19 08:08:10,478 [INFO] IPUIPlugin:80 - create IPUIPlugin
2025-12-19 08:08:10,478 [INFO] PluginManager:220 - loadIPPluginJar : add opamp
2025-12-19 08:08:10,481 [INFO] IPUIPlugin:80 - create IPUIPlugin
2025-12-19 08:08:10,481 [INFO] PluginManager:220 - loadIPPluginJar : add openamp
2025-12-19 08:08:10,483 [INFO] IPUIPlugin:80 - create IPUIPlugin
2025-12-19 08:08:10,483 [INFO] PluginManager:220 - loadIPPluginJar : add pdm2pcm
2025-12-19 08:08:10,488 [INFO] IPUIPlugin:80 - create IPUIPlugin
2025-12-19 08:08:10,490 [INFO] PluginManager:220 - loadIPPluginJar : add plateformsettings
2025-12-19 08:08:10,492 [INFO] IPUIPlugin:80 - create IPUIPlugin
2025-12-19 08:08:10,492 [INFO] PluginManager:220 - loadIPPluginJar : add quadspi
2025-12-19 08:08:10,493 [INFO] IPUIPlugin:80 - create IPUIPlugin
2025-12-19 08:08:10,494 [INFO] PluginManager:220 - loadIPPluginJar : add radio
2025-12-19 08:08:10,498 [INFO] IPUIPlugin:80 - create IPUIPlugin
2025-12-19 08:08:10,498 [INFO] PluginManager:220 - loadIPPluginJar : add resmgrutility
2025-12-19 08:08:10,500 [INFO] IPUIPlugin:80 - create IPUIPlugin
2025-12-19 08:08:10,500 [INFO] PluginManager:220 - loadIPPluginJar : add sai
2025-12-19 08:08:10,502 [INFO] IPUIPlugin:80 - create IPUIPlugin
2025-12-19 08:08:10,502 [INFO] PluginManager:220 - loadIPPluginJar : add spi
2025-12-19 08:08:10,507 [INFO] IPUIPlugin:80 - create IPUIPlugin
2025-12-19 08:08:10,507 [INFO] PluginManager:220 - loadIPPluginJar : add stm32_wpan
2025-12-19 08:08:10,509 [INFO] IPUIPlugin:80 - create IPUIPlugin
2025-12-19 08:08:10,509 [INFO] PluginManager:220 - loadIPPluginJar : add tim
2025-12-19 08:08:10,513 [INFO] IPUIPlugin:80 - create IPUIPlugin
2025-12-19 08:08:10,514 [INFO] PluginManager:220 - loadIPPluginJar : add touchsensing
2025-12-19 08:08:10,516 [INFO] IPUIPlugin:80 - create IPUIPlugin
2025-12-19 08:08:10,516 [INFO] PluginManager:220 - loadIPPluginJar : add tracer_emb
2025-12-19 08:08:10,518 [INFO] IPUIPlugin:80 - create IPUIPlugin
2025-12-19 08:08:10,518 [INFO] PluginManager:220 - loadIPPluginJar : add ts
2025-12-19 08:08:10,519 [INFO] IPUIPlugin:80 - create IPUIPlugin
2025-12-19 08:08:10,519 [INFO] PluginManager:220 - loadIPPluginJar : add tsc
2025-12-19 08:08:10,521 [INFO] IPUIPlugin:80 - create IPUIPlugin
2025-12-19 08:08:10,521 [INFO] PluginManager:220 - loadIPPluginJar : add ucpd
2025-12-19 08:08:10,523 [INFO] IPUIPlugin:80 - create IPUIPlugin
2025-12-19 08:08:10,523 [INFO] PluginManager:220 - loadIPPluginJar : add usart
2025-12-19 08:08:10,526 [INFO] IPUIPlugin:80 - create IPUIPlugin
2025-12-19 08:08:10,526 [INFO] PluginManager:220 - loadIPPluginJar : add usbx
2025-12-19 08:08:10,655 [FATAL] Updater:351 - Updater called before beeing initialized
2025-12-19 08:08:10,681 [INFO] RulesReader:64 - Compatibility file has been processed (317 Rules)
2025-12-19 08:08:10,692 [INFO] RulesReader:64 - Compatibility file has been processed (317 Rules)
2025-12-19 08:08:10,702 [INFO] CADModel:165 - CPN selected for project level
2025-12-19 08:08:10,702 [INFO] CADModel:114 - Register for checkConnection events
2025-12-19 08:08:10,702 [FATAL] Updater:351 - Updater called before beeing initialized
2025-12-19 08:08:10,702 [ERROR] CADModel:125 - Updater not yet initialized, retry later 
2025-12-19 08:08:10,825 [FATAL] Updater:351 - Updater called before beeing initialized
2025-12-19 08:08:10,826 [INFO] CADModel:165 - CPN selected for project level
2025-12-19 08:08:10,826 [INFO] CADModel:114 - Register for checkConnection events
2025-12-19 08:08:10,826 [FATAL] Updater:351 - Updater called before beeing initialized
2025-12-19 08:08:10,826 [ERROR] CADModel:125 - Updater not yet initialized, retry later 
2025-12-19 08:08:10,829 [FATAL] Updater:351 - Updater called before beeing initialized
2025-12-19 08:08:10,933 [FATAL] Updater:351 - Updater called before beeing initialized
2025-12-19 08:08:10,937 [INFO] DbMcusAds:53 - JSON generation date=Tue Dec 16 00:11:46 CET 2025 (1765840306612)
2025-12-19 08:08:10,937 [FATAL] Updater:351 - Updater called before beeing initialized
2025-12-19 08:08:10,969 [WARN] DetailPanel:346 - Failed to get advertising image, set to default
2025-12-19 08:08:11,056 [FATAL] Updater:351 - Updater called before beeing initialized
2025-12-19 08:08:11,058 [FATAL] Updater:351 - Updater called before beeing initialized
2025-12-19 08:08:11,058 [FATAL] Updater:351 - Updater called before beeing initialized
2025-12-19 08:08:11,059 [WARN] DetailPanel:346 - Failed to get advertising image, set to default
2025-12-19 08:08:11,060 [FATAL] Updater:351 - Updater called before beeing initialized
2025-12-19 08:08:11,109 [ERROR] Updater:1198 - MainUpdater not yet initialized. External WinMGr cannot be set.
2025-12-19 08:08:11,111 [INFO] Updater:1134 - Updater Version found : 6.15.0
2025-12-19 08:08:11,128 [INFO] ApplicationProperties:184 - Using Application install path: C:\ST\STM32CubeIDE_1.16.1\STM32CubeIDE\plugins\com.st.stm32cube.common.mx_6.15.0.202507011659
2025-12-19 08:08:12,709 [ERROR] LogOutputStream:75 - [STDERR_REDIRECT] Dec 19, 2025 8:08:12 AM java.util.prefs.WindowsPreferences <init>
2025-12-19 08:08:12,712 [ERROR] LogOutputStream:75 - [STDERR_REDIRECT] WARNING: Could not open/create prefs root node Software\JavaSoft\Prefs at root 0xffffffff80000002. Windows RegCreateKeyEx(...) returned error code 5.
2025-12-19 08:08:12,713 [ERROR] LogOutputStream:75 - [STDERR_REDIRECT] 
2025-12-19 08:08:12,889 [INFO] ThirdPartyUpdaterWithRetryManager:70 - Updater plugin not ready yet. [2/15]
2025-12-19 08:08:13,042 [INFO] MainUpdater:2872 - connection check result : 10
2025-12-19 08:08:13,042 [INFO] MainUpdater:289 - Updater Check For Update Now.
2025-12-19 08:08:13,043 [INFO] MicroXplorer:498 - Change Database Version : DB.6.0.150
2025-12-19 08:08:13,049 [INFO] McuFinderGlobals:63 - Set McuFinder mode to 2 (CubeIDE integrated)
2025-12-19 08:08:13,049 [INFO] UserAuth:171 - activating auth plugin
2025-12-19 08:08:13,051 [INFO] UserAuth:487 - Internet connection configuration mode: 1
2025-12-19 08:08:13,076 [INFO] JxBrowserEngine:152 - Initiate JxBrowser Engine with user profile folder
2025-12-19 08:08:13,254 [INFO] CheckServerUpdateThread:120 - End of CheckServer Thread
2025-12-19 08:08:13,752 [INFO] WebApp:169 - Instantiating new browser for Auth
2025-12-19 08:08:14,421 [INFO] WebApp:463 - Apply proxy settings
2025-12-19 08:08:14,421 [INFO] WebApp:548 - Chromium requires no authentication
2025-12-19 08:08:14,429 [INFO] WebApp:491 - Direct internet connection detected
2025-12-19 08:08:14,451 [INFO] WebApp:900 - Register for checkConnection events
2025-12-19 08:08:14,451 [INFO] WebApp:463 - Apply proxy settings
2025-12-19 08:08:14,451 [INFO] WebApp:548 - Chromium requires no authentication
2025-12-19 08:08:14,451 [INFO] WebApp:491 - Direct internet connection detected
2025-12-19 08:08:14,606 [INFO] WebApp:225 - Starting web application
2025-12-19 08:08:14,607 [INFO] WebApp:593 - Web application path used C:\ST\STM32CubeIDE_1.16.1\STM32CubeIDE\plugins\com.st.stm32cube.common.mx_6.15.0.202507011659\db\plugins\mcufinder\reactClient1\index.html
2025-12-19 08:08:14,739 [INFO] WebApp:191 - Connection restablished
2025-12-19 08:08:16,122 [WARN] PackLoader:240 - Cannot read IP mode file for STMicroelectronics.FP-SNS-MOTENVWB1.1.4.0
2025-12-19 08:08:16,131 [WARN] PackLoader:240 - Cannot read IP mode file for STMicroelectronics.FP-ATR-ASTRA1.2.0.2
2025-12-19 08:08:16,140 [WARN] PackLoader:240 - Cannot read IP mode file for STMicroelectronics.X-CUBE-SMBUS.2.1.0
2025-12-19 08:08:16,146 [WARN] PackLoader:240 - Cannot read IP mode file for STMicroelectronics.X-CUBE-ST60.1.0.0
2025-12-19 08:08:16,173 [WARN] PackLoader:240 - Cannot read IP mode file for STMicroelectronics.X-CUBE-AZRTOS-F7.1.1.0
2025-12-19 08:08:16,191 [WARN] PackLoader:240 - Cannot read IP mode file for Cesanta.I-CUBE-Mongoose.7.19.0
2025-12-19 08:08:16,256 [WARN] PackLoader:240 - Cannot read IP mode file for STMicroelectronics.X-CUBE-MEMS1.11.0.0
2025-12-19 08:08:16,406 [WARN] PackLoader:240 - Cannot read IP mode file for STMicroelectronics.FP-SNS-MOTENV1.5.1.0
2025-12-19 08:08:16,415 [WARN] PackLoader:240 - Cannot read IP mode file for WES.I-CUBE-Cesium.1.4.0
2025-12-19 08:08:16,454 [WARN] PackLoader:240 - Cannot read IP mode file for STMicroelectronics.FP-SNS-FLIGHT1.5.0.2
2025-12-19 08:08:16,492 [WARN] PackLoader:240 - Cannot read IP mode file for Infineon.AIROC-Wi-Fi-Bluetooth-STM32.1.7.1
2025-12-19 08:08:16,524 [WARN] PackLoader:240 - Cannot read IP mode file for STMicroelectronics.X-CUBE-AZRTOS-H7.3.4.0
2025-12-19 08:08:16,537 [WARN] PackLoader:240 - Cannot read IP mode file for STMicroelectronics.X-CUBE-DISPLAY.3.0.0
2025-12-19 08:08:16,548 [WARN] PackLoader:240 - Cannot read IP mode file for STMicroelectronics.X-CUBE-BLE1.7.0.0
2025-12-19 08:08:16,556 [WARN] PackLoader:240 - Cannot read IP mode file for STMicroelectronics.X-CUBE-NFC10.1.0.0
2025-12-19 08:08:16,564 [WARN] PackLoader:240 - Cannot read IP mode file for STMicroelectronics.X-CUBE-ST60.1.1.0
2025-12-19 08:08:16,590 [WARN] PackLoader:240 - Cannot read IP mode file for emotas.I-CUBE-CANOPEN.1.3.0
2025-12-19 08:08:16,599 [WARN] PackLoader:240 - Cannot read IP mode file for STMicroelectronics.X-CUBE-GNSS1.7.1.0
2025-12-19 08:08:16,613 [WARN] PackLoader:240 - Cannot read IP mode file for STMicroelectronics.X-CUBE-BLEMGR.3.1.0
2025-12-19 08:08:16,626 [WARN] PackLoader:240 - Cannot read IP mode file for STMicroelectronics.FP-SNS-STBOX1.2.1.0
2025-12-19 08:08:16,632 [WARN] PackLoader:240 - Cannot read IP mode file for STMicroelectronics.FP-SNS-SMARTAG2.1.2.0
2025-12-19 08:08:16,637 [WARN] PackLoader:240 - Cannot read IP mode file for STMicroelectronics.FP-SNS-FLIGHT1.5.1.0
2025-12-19 08:08:16,647 [INFO] LogOutputStream:77 - [STDOUT_REDIRECT] 1 : Invalid condition id : UX_CORESTACK_Condition cause : null
2025-12-19 08:08:16,647 [INFO] LogOutputStream:77 - [STDOUT_REDIRECT] 1 : Invalid condition id : UX_CORESTACK_Condition cause : null
2025-12-19 08:08:16,648 [INFO] LogOutputStream:77 - [STDOUT_REDIRECT] 1 : Invalid condition id : UX_CORESTACK_Condition cause : null
2025-12-19 08:08:16,650 [INFO] LogOutputStream:77 - [STDOUT_REDIRECT] 1 : Invalid condition id : UX_CORESTACK_Condition cause : null
2025-12-19 08:08:16,651 [INFO] LogOutputStream:77 - [STDOUT_REDIRECT] 1 : Invalid condition id : UX_CORESTACK_Condition cause : null
2025-12-19 08:08:16,655 [WARN] PackLoader:240 - Cannot read IP mode file for STMicroelectronics.X-CUBE-AZRTOS-WL.2.0.0
2025-12-19 08:08:16,660 [WARN] PackLoader:240 - Cannot read IP mode file for STMicroelectronics.FP-SNS-MOTENV1.5.0.0
2025-12-19 08:08:16,684 [WARN] PackLoader:240 - Cannot read IP mode file for STMicroelectronics.X-CUBE-AZRTOS-H7RS.1.2.0
2025-12-19 08:08:16,691 [WARN] PackLoader:240 - Cannot read IP mode file for wolfSSL.I-CUBE-wolfMQTT.1.19.0
2025-12-19 08:08:16,696 [WARN] PackLoader:240 - Cannot read IP mode file for WES.I-CUBE-Cesium.1.3.0
2025-12-19 08:08:16,701 [WARN] PackLoader:240 - Cannot read IP mode file for STMicroelectronics.X-CUBE-BLE2.3.3.0
2025-12-19 08:08:16,720 [WARN] PackLoader:240 - Cannot read IP mode file for STMicroelectronics.X-CUBE-NFC9.1.0.0
2025-12-19 08:08:16,724 [WARN] PackLoader:240 - Cannot read IP mode file for wolfSSL.I-CUBE-wolfSSL.5.8.2
2025-12-19 08:08:16,728 [WARN] PackLoader:240 - Cannot read IP mode file for STMicroelectronics.X-CUBE-BLE1.7.1.0
2025-12-19 08:08:16,730 [WARN] PackLoader:240 - Cannot read IP mode file for wolfSSL.I-CUBE-wolfMQTT.1.19.2
2025-12-19 08:08:16,735 [WARN] PackLoader:240 - Cannot read IP mode file for STMicroelectronics.X-CUBE-TCPP.4.1.0
2025-12-19 08:08:16,739 [WARN] PackLoader:240 - Cannot read IP mode file for STMicroelectronics.X-CUBE-FREERTOS.1.4.0
2025-12-19 08:08:16,745 [WARN] PackLoader:240 - Cannot read IP mode file for STMicroelectronics.X-CUBE-EEPRMA1.5.2.0
2025-12-19 08:08:16,751 [WARN] PackLoader:240 - Cannot read IP mode file for STMicroelectronics.X-CUBE-ST67W61.1.1.0
2025-12-19 08:08:16,787 [WARN] PackLoader:240 - Cannot read IP mode file for STMicroelectronics.X-CUBE-MEMS1.12.0.0
2025-12-19 08:08:16,858 [WARN] PackLoader:240 - Cannot read IP mode file for STMicroelectronics.X-CUBE-AZRTOS-G0.1.1.0
2025-12-19 08:08:16,865 [WARN] PackLoader:240 - Cannot read IP mode file for STMicroelectronics.X-CUBE-SAFEA1.1.2.2
2025-12-19 08:08:16,871 [WARN] PackLoader:240 - Cannot read IP mode file for STMicroelectronics.X-CUBE-NFC4.3.0.0
2025-12-19 08:08:16,881 [WARN] PackLoader:240 - Cannot read IP mode file for EmbeddedOffice.I-CUBE-FS-RTOS.1.0.1
2025-12-19 08:08:16,886 [WARN] PackLoader:240 - Cannot read IP mode file for STMicroelectronics.X-CUBE-WB05N.2.0.0
2025-12-19 08:08:16,890 [WARN] PackLoader:240 - Cannot read IP mode file for wolfSSL.I-CUBE-wolfTPM.3.8.0
2025-12-19 08:08:16,894 [WARN] PackLoader:240 - Cannot read IP mode file for STMicroelectronics.X-CUBE-TCPP.4.2.0
2025-12-19 08:08:16,899 [WARN] PackLoader:240 - Cannot read IP mode file for RealThread.X-CUBE-RT-Thread_Nano.4.1.1
2025-12-19 08:08:16,903 [WARN] PackLoader:240 - Cannot read IP mode file for STMicroelectronics.FP-ATR-SIGFOX1.3.2.0
2025-12-19 08:08:16,906 [WARN] PackLoader:240 - Cannot read IP mode file for wolfSSL.I-CUBE-wolfSSL.5.7.2
2025-12-19 08:08:16,911 [WARN] PackLoader:240 - Cannot read IP mode file for STMicroelectronics.X-CUBE-EEPRMA1.5.1.0
2025-12-19 08:08:16,916 [WARN] PackLoader:240 - Cannot read IP mode file for ITTIA_DB.I-CUBE-ITTIADB.8.9.0
2025-12-19 08:08:16,920 [WARN] PackLoader:240 - Cannot read IP mode file for STMicroelectronics.X-CUBE-ST67W61.1.0.0
2025-12-19 08:08:16,925 [WARN] PackLoader:240 - Cannot read IP mode file for STMicroelectronics.X-CUBE-AI.10.2.0
2025-12-19 08:08:17,001 [WARN] PackLoader:240 - Cannot read IP mode file for SEGGER.I-CUBE-embOS.1.3.1
2025-12-19 08:08:17,041 [WARN] PackLoader:240 - Cannot read IP mode file for STMicroelectronics.X-CUBE-ALGOBUILD.1.4.0
2025-12-19 08:08:17,080 [WARN] PackLoader:240 - Cannot read IP mode file for STMicroelectronics.X-CUBE-MEMS1.11.3.0
2025-12-19 08:08:17,205 [WARN] PackLoader:240 - Cannot read IP mode file for STMicroelectronics.X-CUBE-PM33A1.1.0.0
2025-12-19 08:08:17,224 [WARN] PackLoader:240 - Cannot read IP mode file for STMicroelectronics.X-CUBE-AZRTOS-F4.1.1.0
2025-12-19 08:08:17,231 [WARN] PackLoader:240 - Cannot read IP mode file for STMicroelectronics.X-CUBE-ISPU.2.1.0
2025-12-19 08:08:17,247 [WARN] PackLoader:240 - Cannot read IP mode file for STMicroelectronics.X-CUBE-IPS.3.2.0
2025-12-19 08:08:17,258 [WARN] PackLoader:240 - Cannot read IP mode file for STMicroelectronics.X-CUBE-FREERTOS.1.2.0
2025-12-19 08:08:17,268 [WARN] PackLoader:240 - Cannot read IP mode file for STMicroelectronics.X-CUBE-NFC12.1.0.0
2025-12-19 08:08:17,294 [WARN] PackLoader:240 - Cannot read IP mode file for STMicroelectronics.X-CUBE-AZRTOS-L5.2.0.0
2025-12-19 08:08:17,306 [WARN] PackLoader:240 - Cannot read IP mode file for STMicroelectronics.X-CUBE-NFC6.3.1.0
2025-12-19 08:08:17,317 [WARN] PackLoader:240 - Cannot read IP mode file for STMicroelectronics.X-CUBE-DPower.1.2.0
2025-12-19 08:08:17,320 [WARN] PackLoader:240 - Cannot read IP mode file for STMicroelectronics.X-CUBE-AI.9.0.0
2025-12-19 08:08:17,325 [WARN] PackLoader:240 - Cannot read IP mode file for STMicroelectronics.X-CUBE-FREERTOS.1.3.1
2025-12-19 08:08:17,331 [WARN] PackLoader:240 - Cannot read IP mode file for STMicroelectronics.X-CUBE-NFC7.1.0.1
2025-12-19 08:08:17,336 [WARN] PackLoader:240 - Cannot read IP mode file for STMicroelectronics.X-CUBE-TOUCHGFX.4.26.0
2025-12-19 08:08:17,340 [WARN] PackLoader:240 - Cannot read IP mode file for STMicroelectronics.FP-SNS-STAIOTCFT.1.0.0
2025-12-19 08:08:17,346 [WARN] PackLoader:240 - Cannot read IP mode file for STMicroelectronics.X-CUBE-DPower.1.3.0
2025-12-19 08:08:17,366 [WARN] ConditionMgr:438 - getConditionDescription Invalid condition id : LAN8742 Phy interface Condition cause : null
2025-12-19 08:08:17,367 [WARN] PackLoader:240 - Cannot read IP mode file for STMicroelectronics.X-CUBE-AZRTOS-L4.2.0.0
2025-12-19 08:08:17,370 [WARN] ConditionMgr:1044 - genDependencies : Invalid condition id : LAN8742 Phy interface Condition cause : null
2025-12-19 08:08:17,370 [WARN] ConditionMgr:1044 - genDependencies : Invalid condition id : LAN8742 Phy interface Condition cause : null
2025-12-19 08:08:17,371 [WARN] ConditionMgr:1044 - genDependencies : Invalid condition id : LAN8742 Phy interface Condition cause : null
2025-12-19 08:08:17,382 [WARN] PackLoader:240 - Cannot read IP mode file for STMicroelectronics.X-CUBE-SFXS2LP1.4.0.0
2025-12-19 08:08:17,387 [ERROR] Engine:466 - STMicroelectronics.X-CUBE-AI.10.2.0: Software pack already exists
2025-12-19 08:08:17,422 [WARN] PackLoader:240 - Cannot read IP mode file for STMicroelectronics.X-CUBE-AZRTOS-H7.3.3.0
2025-12-19 08:08:17,439 [WARN] PackLoader:240 - Cannot read IP mode file for STMicroelectronics.X-CUBE-BLEMGR.4.1.0
2025-12-19 08:08:17,455 [WARN] ConditionMgr:438 - getConditionDescription Invalid condition id : UX DEVICE CLASS RTOS Condition cause : null
2025-12-19 08:08:17,455 [WARN] ConditionMgr:438 - getConditionDescription Invalid condition id : UX DEVICE CLASS RTOS Condition cause : null
2025-12-19 08:08:17,458 [WARN] PackLoader:240 - Cannot read IP mode file for STMicroelectronics.X-CUBE-AZRTOS-WB.2.0.0
2025-12-19 08:08:17,458 [WARN] ConditionMgr:1044 - genDependencies : Invalid condition id : UX DEVICE CLASS RTOS Condition cause : null
2025-12-19 08:08:17,458 [WARN] ConditionMgr:1044 - genDependencies : Invalid condition id : UX DEVICE CLASS RTOS Condition cause : null
2025-12-19 08:08:17,459 [WARN] ConditionMgr:1044 - genDependencies : Invalid condition id : UX DEVICE CLASS RTOS Condition cause : null
2025-12-19 08:08:17,459 [WARN] ConditionMgr:1044 - genDependencies : Invalid condition id : UX DEVICE CLASS RTOS Condition cause : null
2025-12-19 08:08:17,459 [WARN] ConditionMgr:1044 - genDependencies : Invalid condition id : UX DEVICE CLASS RTOS Condition cause : null
2025-12-19 08:08:17,466 [WARN] PackLoader:240 - Cannot read IP mode file for STMicroelectronics.X-CUBE-GNSS1.7.0.0
2025-12-19 08:08:17,471 [WARN] PackLoader:240 - Cannot read IP mode file for STMicroelectronics.X-CUBE-GNSS1.7.0.1
2025-12-19 08:08:17,475 [WARN] PackLoader:240 - Cannot read IP mode file for STMicroelectronics.FP-SNS-STBOX1.2.0.0
2025-12-19 08:08:17,482 [WARN] ConditionMgr:438 - getConditionDescription Invalid condition id : Cortex-A Device cause : null
2025-12-19 08:08:17,499 [WARN] ConditionMgr:1044 - genDependencies : Invalid condition id : Cortex-A Device cause : null
2025-12-19 08:08:17,499 [WARN] ConditionMgr:1044 - genDependencies : Invalid condition id : Cortex-A Device cause : null
2025-12-19 08:08:17,499 [WARN] ConditionMgr:1044 - genDependencies : Invalid condition id : Cortex-A Device cause : null
2025-12-19 08:08:17,509 [WARN] PackLoader:240 - Cannot read IP mode file for STMicroelectronics.X-CUBE-SUBG2.5.0.0
2025-12-19 08:08:17,528 [WARN] PackLoader:240 - Cannot read IP mode file for STMicroelectronics.X-CUBE-AZRTOS-H7RS.1.1.0
2025-12-19 08:08:17,535 [WARN] PackLoader:240 - Cannot read IP mode file for Cesanta.I-CUBE-Mongoose.7.13.0
2025-12-19 08:08:17,548 [WARN] PackLoader:240 - Cannot read IP mode file for STMicroelectronics.X-CUBE-AZRTOS-G4.2.0.0
2025-12-19 08:08:17,552 [WARN] PackLoader:240 - Cannot read IP mode file for wolfSSL.I-CUBE-wolfSSH.1.4.20
2025-12-19 08:08:17,556 [WARN] PackLoader:240 - Cannot read IP mode file for STMicroelectronics.X-CUBE-NFC7.2.0.0
2025-12-19 08:08:17,560 [WARN] PackLoader:240 - Cannot read IP mode file for STMicroelectronics.X-CUBE-ALS.1.0.2
2025-12-19 08:08:17,566 [WARN] PackLoader:240 - Cannot read IP mode file for STMicroelectronics.X-CUBE-TOUCHGFX.4.24.0
2025-12-19 08:08:17,572 [WARN] PackLoader:240 - Cannot read IP mode file for STMicroelectronics.X-CUBE-STSE01.1.0.0
2025-12-19 08:08:17,577 [WARN] PackLoader:240 - Cannot read IP mode file for wolfSSL.I-CUBE-wolfTPM.3.4.0
2025-12-19 08:08:17,584 [WARN] PackLoader:240 - Cannot read IP mode file for portGmbH.I-Cube-SoM-uGOAL.1.1.0
2025-12-19 08:08:17,602 [WARN] PackLoader:240 - Cannot read IP mode file for STMicroelectronics.X-CUBE-AZRTOS-H7RS.1.0.0
2025-12-19 08:08:17,607 [WARN] PackLoader:240 - Cannot read IP mode file for STMicroelectronics.FP-ATR-ASTRA1.2.0.0
2025-12-19 08:08:17,618 [WARN] PackLoader:240 - Cannot read IP mode file for STMicroelectronics.X-CUBE-TOF1.3.4.2
2025-12-19 08:08:17,635 [WARN] PackLoader:240 - Cannot read IP mode file for STMicroelectronics.X-CUBE-TOF1.3.4.3
2025-12-19 08:08:17,652 [WARN] PackLoader:240 - Cannot read IP mode file for Infineon.AIROC-Wi-Fi-Bluetooth-STM32.1.6.1
2025-12-19 08:08:17,656 [WARN] PackLoader:240 - Cannot read IP mode file for wolfSSL.I-CUBE-wolfSSH.1.4.17
2025-12-19 08:08:17,656 [INFO] ThirdParty:978 - Integrity check success = true
2025-12-19 08:08:17,656 [INFO] IntegrityCheckThread:100 - exiting critical section [integrity check]
2025-12-19 08:08:17,656 [INFO] IntegrityCheckThread:103 - End integrity checks thread
2025-12-19 11:56:28,586 [ERROR] LogOutputStream:75 - [STDERR_REDIRECT] 
